;  LST file generated by mikroListExporter - v.2.0 
; Date/Time: 4/18/2024 5:02:27 PM
;----------------------------------------------

;Address Opcode 	ASM
0x0000	0xF004EF75  	GOTO        2282
_interrupt:
0x0008	0xF016C000  	MOVFF       R0, 22
0x000C	0xF015C001  	MOVFF       R1, 21
0x0010	0x010E      	MOVLB       14
0x0012	0xABCA      	BTFSS       PIR0, 5, 1
0x0014	0xD01D      	BRA         L_interrupt0
0x0016	0x0EEC      	MOVLW       236
0x0018	0x6ED4      	MOVWF       TMR0H 
0x001A	0x0E78      	MOVLW       120
0x001C	0x6ED3      	MOVWF       TMR0L 
0x001E	0x9BCA      	BCF         PIR0, 5, 1
0x0020	0x0E01      	MOVLW       1
0x0022	0x241B      	ADDWF       _counter, 0 
0x0024	0x6E00      	MOVWF       R0 
0x0026	0x0E00      	MOVLW       0
0x0028	0x201C      	ADDWFC      _counter+1, 0 
0x002A	0x6E01      	MOVWF       R1 
0x002C	0xF01BC000  	MOVFF       R0, _counter
0x0030	0xF01CC001  	MOVFF       R1, _counter+1
0x0034	0x702E      	BTG         _timer0, BitPos(_timer0+0) 
0x0036	0x0E80      	MOVLW       128
0x0038	0x181C      	XORWF       _counter+1, 0 
0x003A	0x6E00      	MOVWF       R0 
0x003C	0x0E80      	MOVLW       128
0x003E	0x0A01      	XORLW       1
0x0040	0x5C00      	SUBWF       R0, 0 
0x0042	0xE102      	BNZ         L__interrupt50
0x0044	0x0EF4      	MOVLW       244
0x0046	0x5C1B      	SUBWF       _counter, 0 
L__interrupt50:
0x0048	0xE303      	BNC         L_interrupt1
0x004A	0x7883      	BTG         LATA, 4 
0x004C	0x6A1B      	CLRF        _counter 
0x004E	0x6A1C      	CLRF        _counter+1 
L_interrupt1:
L_interrupt0:
0x0050	0xA1CE      	BTFSS       PIR4, 0, 1
0x0052	0xD01C      	BRA         L_interrupt2
0x0054	0x0E3C      	MOVLW       60
0x0056	0x6ECE      	MOVWF       TMR1H 
0x0058	0x0EB0      	MOVLW       176
0x005A	0x6ECD      	MOVWF       TMR1L 
0x005C	0x91CE      	BCF         PIR4, 0, 1
0x005E	0x0E01      	MOVLW       1
0x0060	0x2417      	ADDWF       _counter1, 0 
0x0062	0x6E00      	MOVWF       R0 
0x0064	0x0E00      	MOVLW       0
0x0066	0x2018      	ADDWFC      _counter1+1, 0 
0x0068	0x6E01      	MOVWF       R1 
0x006A	0xF017C000  	MOVFF       R0, _counter1
0x006E	0xF018C001  	MOVFF       R1, _counter1+1
0x0072	0x781D      	BTG         _timer1, BitPos(_timer1+0) 
0x0074	0x0E80      	MOVLW       128
0x0076	0x1818      	XORWF       _counter1+1, 0 
0x0078	0x6E00      	MOVWF       R0 
0x007A	0x0E80      	MOVLW       128
0x007C	0x5C00      	SUBWF       R0, 0 
0x007E	0xE102      	BNZ         L__interrupt51
0x0080	0x0E32      	MOVLW       50
0x0082	0x5C17      	SUBWF       _counter1, 0 
L__interrupt51:
0x0084	0xE303      	BNC         L_interrupt3
0x0086	0x7A83      	BTG         LATA, 5 
0x0088	0x6A17      	CLRF        _counter1 
0x008A	0x6A18      	CLRF        _counter1+1 
L_interrupt3:
L_interrupt2:
0x008C	0xA5CE      	BTFSS       PIR4, 2, 1
0x008E	0xD01C      	BRA         L_interrupt4
0x0090	0x0E0B      	MOVLW       11
0x0092	0x6EC8      	MOVWF       TMR3H 
0x0094	0x0EDC      	MOVLW       220
0x0096	0x6EC7      	MOVWF       TMR3L 
0x0098	0x95CE      	BCF         PIR4, 2, 1
0x009A	0x0E01      	MOVLW       1
0x009C	0x2419      	ADDWF       _counter2, 0 
0x009E	0x6E00      	MOVWF       R0 
0x00A0	0x0E00      	MOVLW       0
0x00A2	0x201A      	ADDWFC      _counter2+1, 0 
0x00A4	0x6E01      	MOVWF       R1 
0x00A6	0xF019C000  	MOVFF       R0, _counter2
0x00AA	0xF01AC001  	MOVFF       R1, _counter2+1
0x00AE	0x0E80      	MOVLW       128
0x00B0	0x181A      	XORWF       _counter2+1, 0 
0x00B2	0x6E00      	MOVWF       R0 
0x00B4	0x0E80      	MOVLW       128
0x00B6	0x5C00      	SUBWF       R0, 0 
0x00B8	0xE102      	BNZ         L__interrupt52
0x00BA	0x0E0A      	MOVLW       10
0x00BC	0x5C19      	SUBWF       _counter2, 0 
L__interrupt52:
0x00BE	0xE304      	BNC         L_interrupt5
0x00C0	0x7087      	BTG         LATE, 0 
0x00C2	0x7C1D      	BTG         _timer3, BitPos(_timer3+0) 
0x00C4	0x6A19      	CLRF        _counter2 
0x00C6	0x6A1A      	CLRF        _counter2+1 
L_interrupt5:
L_interrupt4:
0x00C8	0xABCD      	BTFSS       PIR3, 5, 1
0x00CA	0xD001      	BRA         L_interrupt6
0x00CC	0x9BCD      	BCF         PIR3, 5, 1
L_interrupt6:
0x00CE	0x010F      	MOVLB       15
0x00D0	0xA11A      	BTFSS       IOCCF, 0, 1
0x00D2	0xD006      	BRA         L_interrupt9
0x00D4	0x010E      	MOVLB       14
0x00D6	0xA9C2      	BTFSS       IOCIE_bit, BitPos(IOCIE_bit+0), 1
0x00D8	0xD003      	BRA         L_interrupt9
L__interrupt47:
0x00DA	0x010F      	MOVLB       15
0x00DC	0x911A      	BCF         IOCCF, 0, 1
0x00DE	0x8A1D      	BSF         _interruptC0, BitPos(_interruptC0+0) 
L_interrupt9:
0x00E0	0x010F      	MOVLB       15
0x00E2	0xA31A      	BTFSS       IOCCF, 1, 1
0x00E4	0xD006      	BRA         L_interrupt12
0x00E6	0x010E      	MOVLB       14
0x00E8	0xA9C2      	BTFSS       IOCIE_bit, BitPos(IOCIE_bit+0), 1
0x00EA	0xD003      	BRA         L_interrupt12
L__interrupt46:
0x00EC	0x010F      	MOVLB       15
0x00EE	0x931A      	BCF         IOCCF, 1, 1
0x00F0	0x861D      	BSF         _interruptC1, BitPos(_interruptC1+0) 
L_interrupt12:
L_end_interrupt:
L__interrupt49:
0x00F2	0xF000C016  	MOVFF       22, R0
0x00F6	0xF001C015  	MOVFF       21, R1
0x00FA	0x0011      	RETFIE      1
; end of _interrupt
_Lock_IOLOCK:
0x00FC	0x0E55      	MOVLW       85
0x00FE	0x010E      	MOVLB       14
0x0100	0x6FA0      	MOVWF       PPSLOCK, 1
0x0102	0x0EAA      	MOVLW       170
0x0104	0x6FA0      	MOVWF       PPSLOCK, 1
0x0106	0x81A0      	BSF         PPSLOCKED_bit, BitPos(PPSLOCKED_bit+0), 1
L_end_Lock_IOLOCK:
0x0108	0x0012      	RETURN      0
; end of _Lock_IOLOCK
_Unlock_IOLOCK:
0x010A	0x0E55      	MOVLW       85
0x010C	0x010E      	MOVLB       14
0x010E	0x6FA0      	MOVWF       PPSLOCK, 1
0x0110	0x0EAA      	MOVLW       170
0x0112	0x6FA0      	MOVWF       PPSLOCK, 1
0x0114	0x91A0      	BCF         PPSLOCKED_bit, BitPos(PPSLOCKED_bit+0), 1
L_end_Unlock_IOLOCK:
0x0116	0x0012      	RETURN      0
; end of _Unlock_IOLOCK
_UART_Set_Active:
0x0118	0xF02AC033  	MOVFF       FARG_UART_Set_Active_read_ptr, _UART_Rd_Ptr
0x011C	0xF02BC034  	MOVFF       FARG_UART_Set_Active_read_ptr+1, _UART_Rd_Ptr+1
0x0120	0xF02CC035  	MOVFF       FARG_UART_Set_Active_read_ptr+2, _UART_Rd_Ptr+2
0x0124	0xF02DC036  	MOVFF       FARG_UART_Set_Active_read_ptr+3, _UART_Rd_Ptr+3
0x0128	0xF01EC037  	MOVFF       FARG_UART_Set_Active_write_ptr, _UART_Wr_Ptr
0x012C	0xF01FC038  	MOVFF       FARG_UART_Set_Active_write_ptr+1, _UART_Wr_Ptr+1
0x0130	0xF020C039  	MOVFF       FARG_UART_Set_Active_write_ptr+2, _UART_Wr_Ptr+2
0x0134	0xF021C03A  	MOVFF       FARG_UART_Set_Active_write_ptr+3, _UART_Wr_Ptr+3
0x0138	0xF026C03B  	MOVFF       FARG_UART_Set_Active_ready_ptr, _UART_Rdy_Ptr
0x013C	0xF027C03C  	MOVFF       FARG_UART_Set_Active_ready_ptr+1, _UART_Rdy_Ptr+1
0x0140	0xF028C03D  	MOVFF       FARG_UART_Set_Active_ready_ptr+2, _UART_Rdy_Ptr+2
0x0144	0xF029C03E  	MOVFF       FARG_UART_Set_Active_ready_ptr+3, _UART_Rdy_Ptr+3
0x0148	0xF022C03F  	MOVFF       FARG_UART_Set_Active_tx_idle_ptr, _UART_Tx_Idle_Ptr
0x014C	0xF023C040  	MOVFF       FARG_UART_Set_Active_tx_idle_ptr+1, _UART_Tx_Idle_Ptr+1
0x0150	0xF024C041  	MOVFF       FARG_UART_Set_Active_tx_idle_ptr+2, _UART_Tx_Idle_Ptr+2
0x0154	0xF025C042  	MOVFF       FARG_UART_Set_Active_tx_idle_ptr+3, _UART_Tx_Idle_Ptr+3
L_end_UART_Set_Active:
0x0158	0x0012      	RETURN      0
; end of _UART_Set_Active
__Lib_PPS_4XK40__PPS_Mapping:
0x015A	0x5033      	MOVF        FARG___Lib_PPS_4XK40__PPS_Mapping_rp_num, 0 
0x015C	0x081F      	SUBLW       31
0x015E	0xE202      	BC          L___Lib_PPS_4XK40__PPS_Mapping0
0x0160	0x6A00      	CLRF        R0 
0x0162	0xD2CD      	BRA         L_end__PPS_Mapping
L___Lib_PPS_4XK40__PPS_Mapping0:
0x0164	0x5034      	MOVF        FARG___Lib_PPS_4XK40__PPS_Mapping_input_output, 0 
0x0166	0x0A00      	XORLW       0
0x0168	0xA4D8      	BTFSS       STATUS, 2 
0x016A	0xD0C7      	BRA         L___Lib_PPS_4XK40__PPS_Mapping1
0x016C	0x5236      	MOVF        FARG___Lib_PPS_4XK40__PPS_Mapping_lock, 1 
0x016E	0xE001      	BZ          L___Lib_PPS_4XK40__PPS_Mapping2
0x0170	0xDFCC      	RCALL       _Unlock_IOLOCK
L___Lib_PPS_4XK40__PPS_Mapping2:
0x0172	0xD060      	BRA         L___Lib_PPS_4XK40__PPS_Mapping3
L___Lib_PPS_4XK40__PPS_Mapping5:
0x0174	0xFEE7C035  	MOVFF       FARG___Lib_PPS_4XK40__PPS_Mapping_funct_name, RA0PPS
0x0178	0xD0BD      	BRA         L___Lib_PPS_4XK40__PPS_Mapping4
L___Lib_PPS_4XK40__PPS_Mapping6:
0x017A	0xFEE8C035  	MOVFF       FARG___Lib_PPS_4XK40__PPS_Mapping_funct_name, RA1PPS
0x017E	0xD0BA      	BRA         L___Lib_PPS_4XK40__PPS_Mapping4
L___Lib_PPS_4XK40__PPS_Mapping7:
0x0180	0xFEE9C035  	MOVFF       FARG___Lib_PPS_4XK40__PPS_Mapping_funct_name, RA2PPS
0x0184	0xD0B7      	BRA         L___Lib_PPS_4XK40__PPS_Mapping4
L___Lib_PPS_4XK40__PPS_Mapping8:
0x0186	0xFEEAC035  	MOVFF       FARG___Lib_PPS_4XK40__PPS_Mapping_funct_name, RA3PPS
0x018A	0xD0B4      	BRA         L___Lib_PPS_4XK40__PPS_Mapping4
L___Lib_PPS_4XK40__PPS_Mapping9:
0x018C	0xFEEBC035  	MOVFF       FARG___Lib_PPS_4XK40__PPS_Mapping_funct_name, RA4PPS
0x0190	0xD0B1      	BRA         L___Lib_PPS_4XK40__PPS_Mapping4
L___Lib_PPS_4XK40__PPS_Mapping10:
0x0192	0xFEECC035  	MOVFF       FARG___Lib_PPS_4XK40__PPS_Mapping_funct_name, RA5PPS
0x0196	0xD0AE      	BRA         L___Lib_PPS_4XK40__PPS_Mapping4
L___Lib_PPS_4XK40__PPS_Mapping11:
0x0198	0xFEEDC035  	MOVFF       FARG___Lib_PPS_4XK40__PPS_Mapping_funct_name, RA6PPS
0x019C	0xD0AB      	BRA         L___Lib_PPS_4XK40__PPS_Mapping4
L___Lib_PPS_4XK40__PPS_Mapping12:
0x019E	0xFEEEC035  	MOVFF       FARG___Lib_PPS_4XK40__PPS_Mapping_funct_name, RA7PPS
0x01A2	0xD0A8      	BRA         L___Lib_PPS_4XK40__PPS_Mapping4
L___Lib_PPS_4XK40__PPS_Mapping13:
0x01A4	0xFEEFC035  	MOVFF       FARG___Lib_PPS_4XK40__PPS_Mapping_funct_name, RB0PPS
0x01A8	0xD0A5      	BRA         L___Lib_PPS_4XK40__PPS_Mapping4
L___Lib_PPS_4XK40__PPS_Mapping14:
0x01AA	0xFEF0C035  	MOVFF       FARG___Lib_PPS_4XK40__PPS_Mapping_funct_name, RB1PPS
0x01AE	0xD0A2      	BRA         L___Lib_PPS_4XK40__PPS_Mapping4
L___Lib_PPS_4XK40__PPS_Mapping15:
0x01B0	0xFEF1C035  	MOVFF       FARG___Lib_PPS_4XK40__PPS_Mapping_funct_name, RB2PPS
0x01B4	0xD09F      	BRA         L___Lib_PPS_4XK40__PPS_Mapping4
L___Lib_PPS_4XK40__PPS_Mapping16:
0x01B6	0xFEF2C035  	MOVFF       FARG___Lib_PPS_4XK40__PPS_Mapping_funct_name, RB3PPS
0x01BA	0xD09C      	BRA         L___Lib_PPS_4XK40__PPS_Mapping4
L___Lib_PPS_4XK40__PPS_Mapping17:
0x01BC	0xFEF3C035  	MOVFF       FARG___Lib_PPS_4XK40__PPS_Mapping_funct_name, RB4PPS
0x01C0	0xD099      	BRA         L___Lib_PPS_4XK40__PPS_Mapping4
L___Lib_PPS_4XK40__PPS_Mapping18:
0x01C2	0xFEF4C035  	MOVFF       FARG___Lib_PPS_4XK40__PPS_Mapping_funct_name, RB5PPS
0x01C6	0xD096      	BRA         L___Lib_PPS_4XK40__PPS_Mapping4
L___Lib_PPS_4XK40__PPS_Mapping19:
0x01C8	0xFEF5C035  	MOVFF       FARG___Lib_PPS_4XK40__PPS_Mapping_funct_name, RB6PPS
0x01CC	0xD093      	BRA         L___Lib_PPS_4XK40__PPS_Mapping4
L___Lib_PPS_4XK40__PPS_Mapping20:
0x01CE	0xFEF6C035  	MOVFF       FARG___Lib_PPS_4XK40__PPS_Mapping_funct_name, RB7PPS
0x01D2	0xD090      	BRA         L___Lib_PPS_4XK40__PPS_Mapping4
L___Lib_PPS_4XK40__PPS_Mapping21:
0x01D4	0xFEF7C035  	MOVFF       FARG___Lib_PPS_4XK40__PPS_Mapping_funct_name, RC0PPS
0x01D8	0xD08D      	BRA         L___Lib_PPS_4XK40__PPS_Mapping4
L___Lib_PPS_4XK40__PPS_Mapping22:
0x01DA	0xFEF8C035  	MOVFF       FARG___Lib_PPS_4XK40__PPS_Mapping_funct_name, RC1PPS
0x01DE	0xD08A      	BRA         L___Lib_PPS_4XK40__PPS_Mapping4
L___Lib_PPS_4XK40__PPS_Mapping23:
0x01E0	0xFEF9C035  	MOVFF       FARG___Lib_PPS_4XK40__PPS_Mapping_funct_name, RC2PPS
0x01E4	0xD087      	BRA         L___Lib_PPS_4XK40__PPS_Mapping4
L___Lib_PPS_4XK40__PPS_Mapping24:
0x01E6	0xFEFAC035  	MOVFF       FARG___Lib_PPS_4XK40__PPS_Mapping_funct_name, RC3PPS
0x01EA	0xD084      	BRA         L___Lib_PPS_4XK40__PPS_Mapping4
L___Lib_PPS_4XK40__PPS_Mapping25:
0x01EC	0xFEFBC035  	MOVFF       FARG___Lib_PPS_4XK40__PPS_Mapping_funct_name, RC4PPS
0x01F0	0xD081      	BRA         L___Lib_PPS_4XK40__PPS_Mapping4
L___Lib_PPS_4XK40__PPS_Mapping26:
0x01F2	0xFEFCC035  	MOVFF       FARG___Lib_PPS_4XK40__PPS_Mapping_funct_name, RC5PPS
0x01F6	0xD07E      	BRA         L___Lib_PPS_4XK40__PPS_Mapping4
L___Lib_PPS_4XK40__PPS_Mapping27:
0x01F8	0xFEFDC035  	MOVFF       FARG___Lib_PPS_4XK40__PPS_Mapping_funct_name, RC6PPS
0x01FC	0xD07B      	BRA         L___Lib_PPS_4XK40__PPS_Mapping4
L___Lib_PPS_4XK40__PPS_Mapping28:
0x01FE	0xFEFEC035  	MOVFF       FARG___Lib_PPS_4XK40__PPS_Mapping_funct_name, RC7PPS
0x0202	0xD078      	BRA         L___Lib_PPS_4XK40__PPS_Mapping4
L___Lib_PPS_4XK40__PPS_Mapping29:
0x0204	0xFEFFC035  	MOVFF       FARG___Lib_PPS_4XK40__PPS_Mapping_funct_name, RD0PPS
0x0208	0xD075      	BRA         L___Lib_PPS_4XK40__PPS_Mapping4
L___Lib_PPS_4XK40__PPS_Mapping30:
0x020A	0xFF00C035  	MOVFF       FARG___Lib_PPS_4XK40__PPS_Mapping_funct_name, RD1PPS
0x020E	0xD072      	BRA         L___Lib_PPS_4XK40__PPS_Mapping4
L___Lib_PPS_4XK40__PPS_Mapping31:
0x0210	0xFF01C035  	MOVFF       FARG___Lib_PPS_4XK40__PPS_Mapping_funct_name, RD2PPS
0x0214	0xD06F      	BRA         L___Lib_PPS_4XK40__PPS_Mapping4
L___Lib_PPS_4XK40__PPS_Mapping32:
0x0216	0xFF02C035  	MOVFF       FARG___Lib_PPS_4XK40__PPS_Mapping_funct_name, RD3PPS
0x021A	0xD06C      	BRA         L___Lib_PPS_4XK40__PPS_Mapping4
L___Lib_PPS_4XK40__PPS_Mapping33:
0x021C	0xFF03C035  	MOVFF       FARG___Lib_PPS_4XK40__PPS_Mapping_funct_name, RD4PPS
0x0220	0xD069      	BRA         L___Lib_PPS_4XK40__PPS_Mapping4
L___Lib_PPS_4XK40__PPS_Mapping34:
0x0222	0xFF04C035  	MOVFF       FARG___Lib_PPS_4XK40__PPS_Mapping_funct_name, RD5PPS
0x0226	0xD066      	BRA         L___Lib_PPS_4XK40__PPS_Mapping4
L___Lib_PPS_4XK40__PPS_Mapping35:
0x0228	0xFF05C035  	MOVFF       FARG___Lib_PPS_4XK40__PPS_Mapping_funct_name, RD6PPS
0x022C	0xD063      	BRA         L___Lib_PPS_4XK40__PPS_Mapping4
L___Lib_PPS_4XK40__PPS_Mapping36:
0x022E	0xFF06C035  	MOVFF       FARG___Lib_PPS_4XK40__PPS_Mapping_funct_name, RD7PPS
0x0232	0xD060      	BRA         L___Lib_PPS_4XK40__PPS_Mapping4
L___Lib_PPS_4XK40__PPS_Mapping3:
0x0234	0x5033      	MOVF        FARG___Lib_PPS_4XK40__PPS_Mapping_rp_num, 0 
0x0236	0x0A00      	XORLW       0
0x0238	0xE09D      	BZ          L___Lib_PPS_4XK40__PPS_Mapping5
0x023A	0x5033      	MOVF        FARG___Lib_PPS_4XK40__PPS_Mapping_rp_num, 0 
0x023C	0x0A01      	XORLW       1
0x023E	0xE09D      	BZ          L___Lib_PPS_4XK40__PPS_Mapping6
0x0240	0x5033      	MOVF        FARG___Lib_PPS_4XK40__PPS_Mapping_rp_num, 0 
0x0242	0x0A02      	XORLW       2
0x0244	0xE09D      	BZ          L___Lib_PPS_4XK40__PPS_Mapping7
0x0246	0x5033      	MOVF        FARG___Lib_PPS_4XK40__PPS_Mapping_rp_num, 0 
0x0248	0x0A03      	XORLW       3
0x024A	0xE09D      	BZ          L___Lib_PPS_4XK40__PPS_Mapping8
0x024C	0x5033      	MOVF        FARG___Lib_PPS_4XK40__PPS_Mapping_rp_num, 0 
0x024E	0x0A04      	XORLW       4
0x0250	0xE09D      	BZ          L___Lib_PPS_4XK40__PPS_Mapping9
0x0252	0x5033      	MOVF        FARG___Lib_PPS_4XK40__PPS_Mapping_rp_num, 0 
0x0254	0x0A05      	XORLW       5
0x0256	0xE09D      	BZ          L___Lib_PPS_4XK40__PPS_Mapping10
0x0258	0x5033      	MOVF        FARG___Lib_PPS_4XK40__PPS_Mapping_rp_num, 0 
0x025A	0x0A06      	XORLW       6
0x025C	0xE09D      	BZ          L___Lib_PPS_4XK40__PPS_Mapping11
0x025E	0x5033      	MOVF        FARG___Lib_PPS_4XK40__PPS_Mapping_rp_num, 0 
0x0260	0x0A07      	XORLW       7
0x0262	0xE09D      	BZ          L___Lib_PPS_4XK40__PPS_Mapping12
0x0264	0x5033      	MOVF        FARG___Lib_PPS_4XK40__PPS_Mapping_rp_num, 0 
0x0266	0x0A08      	XORLW       8
0x0268	0xE09D      	BZ          L___Lib_PPS_4XK40__PPS_Mapping13
0x026A	0x5033      	MOVF        FARG___Lib_PPS_4XK40__PPS_Mapping_rp_num, 0 
0x026C	0x0A09      	XORLW       9
0x026E	0xE09D      	BZ          L___Lib_PPS_4XK40__PPS_Mapping14
0x0270	0x5033      	MOVF        FARG___Lib_PPS_4XK40__PPS_Mapping_rp_num, 0 
0x0272	0x0A0A      	XORLW       10
0x0274	0xE09D      	BZ          L___Lib_PPS_4XK40__PPS_Mapping15
0x0276	0x5033      	MOVF        FARG___Lib_PPS_4XK40__PPS_Mapping_rp_num, 0 
0x0278	0x0A0B      	XORLW       11
0x027A	0xE09D      	BZ          L___Lib_PPS_4XK40__PPS_Mapping16
0x027C	0x5033      	MOVF        FARG___Lib_PPS_4XK40__PPS_Mapping_rp_num, 0 
0x027E	0x0A0C      	XORLW       12
0x0280	0xE09D      	BZ          L___Lib_PPS_4XK40__PPS_Mapping17
0x0282	0x5033      	MOVF        FARG___Lib_PPS_4XK40__PPS_Mapping_rp_num, 0 
0x0284	0x0A0D      	XORLW       13
0x0286	0xE09D      	BZ          L___Lib_PPS_4XK40__PPS_Mapping18
0x0288	0x5033      	MOVF        FARG___Lib_PPS_4XK40__PPS_Mapping_rp_num, 0 
0x028A	0x0A0E      	XORLW       14
0x028C	0xE09D      	BZ          L___Lib_PPS_4XK40__PPS_Mapping19
0x028E	0x5033      	MOVF        FARG___Lib_PPS_4XK40__PPS_Mapping_rp_num, 0 
0x0290	0x0A0F      	XORLW       15
0x0292	0xE09D      	BZ          L___Lib_PPS_4XK40__PPS_Mapping20
0x0294	0x5033      	MOVF        FARG___Lib_PPS_4XK40__PPS_Mapping_rp_num, 0 
0x0296	0x0A10      	XORLW       16
0x0298	0xE09D      	BZ          L___Lib_PPS_4XK40__PPS_Mapping21
0x029A	0x5033      	MOVF        FARG___Lib_PPS_4XK40__PPS_Mapping_rp_num, 0 
0x029C	0x0A11      	XORLW       17
0x029E	0xE09D      	BZ          L___Lib_PPS_4XK40__PPS_Mapping22
0x02A0	0x5033      	MOVF        FARG___Lib_PPS_4XK40__PPS_Mapping_rp_num, 0 
0x02A2	0x0A12      	XORLW       18
0x02A4	0xE09D      	BZ          L___Lib_PPS_4XK40__PPS_Mapping23
0x02A6	0x5033      	MOVF        FARG___Lib_PPS_4XK40__PPS_Mapping_rp_num, 0 
0x02A8	0x0A13      	XORLW       19
0x02AA	0xE09D      	BZ          L___Lib_PPS_4XK40__PPS_Mapping24
0x02AC	0x5033      	MOVF        FARG___Lib_PPS_4XK40__PPS_Mapping_rp_num, 0 
0x02AE	0x0A14      	XORLW       20
0x02B0	0xE09D      	BZ          L___Lib_PPS_4XK40__PPS_Mapping25
0x02B2	0x5033      	MOVF        FARG___Lib_PPS_4XK40__PPS_Mapping_rp_num, 0 
0x02B4	0x0A15      	XORLW       21
0x02B6	0xE09D      	BZ          L___Lib_PPS_4XK40__PPS_Mapping26
0x02B8	0x5033      	MOVF        FARG___Lib_PPS_4XK40__PPS_Mapping_rp_num, 0 
0x02BA	0x0A16      	XORLW       22
0x02BC	0xE09D      	BZ          L___Lib_PPS_4XK40__PPS_Mapping27
0x02BE	0x5033      	MOVF        FARG___Lib_PPS_4XK40__PPS_Mapping_rp_num, 0 
0x02C0	0x0A17      	XORLW       23
0x02C2	0xE09D      	BZ          L___Lib_PPS_4XK40__PPS_Mapping28
0x02C4	0x5033      	MOVF        FARG___Lib_PPS_4XK40__PPS_Mapping_rp_num, 0 
0x02C6	0x0A18      	XORLW       24
0x02C8	0xE09D      	BZ          L___Lib_PPS_4XK40__PPS_Mapping29
0x02CA	0x5033      	MOVF        FARG___Lib_PPS_4XK40__PPS_Mapping_rp_num, 0 
0x02CC	0x0A19      	XORLW       25
0x02CE	0xE09D      	BZ          L___Lib_PPS_4XK40__PPS_Mapping30
0x02D0	0x5033      	MOVF        FARG___Lib_PPS_4XK40__PPS_Mapping_rp_num, 0 
0x02D2	0x0A1A      	XORLW       26
0x02D4	0xE09D      	BZ          L___Lib_PPS_4XK40__PPS_Mapping31
0x02D6	0x5033      	MOVF        FARG___Lib_PPS_4XK40__PPS_Mapping_rp_num, 0 
0x02D8	0x0A1B      	XORLW       27
0x02DA	0xE09D      	BZ          L___Lib_PPS_4XK40__PPS_Mapping32
0x02DC	0x5033      	MOVF        FARG___Lib_PPS_4XK40__PPS_Mapping_rp_num, 0 
0x02DE	0x0A1C      	XORLW       28
0x02E0	0xE09D      	BZ          L___Lib_PPS_4XK40__PPS_Mapping33
0x02E2	0x5033      	MOVF        FARG___Lib_PPS_4XK40__PPS_Mapping_rp_num, 0 
0x02E4	0x0A1D      	XORLW       29
0x02E6	0xE09D      	BZ          L___Lib_PPS_4XK40__PPS_Mapping34
0x02E8	0x5033      	MOVF        FARG___Lib_PPS_4XK40__PPS_Mapping_rp_num, 0 
0x02EA	0x0A1E      	XORLW       30
0x02EC	0xE09D      	BZ          L___Lib_PPS_4XK40__PPS_Mapping35
0x02EE	0x5033      	MOVF        FARG___Lib_PPS_4XK40__PPS_Mapping_rp_num, 0 
0x02F0	0x0A1F      	XORLW       31
0x02F2	0xE09D      	BZ          L___Lib_PPS_4XK40__PPS_Mapping36
L___Lib_PPS_4XK40__PPS_Mapping4:
0x02F4	0x5236      	MOVF        FARG___Lib_PPS_4XK40__PPS_Mapping_lock, 1 
0x02F6	0xE001      	BZ          L___Lib_PPS_4XK40__PPS_Mapping37
0x02F8	0xDF01      	RCALL       _Lock_IOLOCK
L___Lib_PPS_4XK40__PPS_Mapping37:
L___Lib_PPS_4XK40__PPS_Mapping1:
0x02FA	0x5034      	MOVF        FARG___Lib_PPS_4XK40__PPS_Mapping_input_output, 0 
0x02FC	0x0A01      	XORLW       1
0x02FE	0xA4D8      	BTFSS       STATUS, 2 
0x0300	0xD0BB      	BRA         L___Lib_PPS_4XK40__PPS_Mapping38
0x0302	0x5236      	MOVF        FARG___Lib_PPS_4XK40__PPS_Mapping_lock, 1 
0x0304	0xE001      	BZ          L___Lib_PPS_4XK40__PPS_Mapping39
0x0306	0xDF01      	RCALL       _Unlock_IOLOCK
L___Lib_PPS_4XK40__PPS_Mapping39:
0x0308	0xD05A      	BRA         L___Lib_PPS_4XK40__PPS_Mapping40
L___Lib_PPS_4XK40__PPS_Mapping42:
0x030A	0xFEA1C033  	MOVFF       FARG___Lib_PPS_4XK40__PPS_Mapping_rp_num, INT0PPS
0x030E	0xD0B1      	BRA         L___Lib_PPS_4XK40__PPS_Mapping41
L___Lib_PPS_4XK40__PPS_Mapping43:
0x0310	0xFEA2C033  	MOVFF       FARG___Lib_PPS_4XK40__PPS_Mapping_rp_num, INT1PPS
0x0314	0xD0AE      	BRA         L___Lib_PPS_4XK40__PPS_Mapping41
L___Lib_PPS_4XK40__PPS_Mapping44:
0x0316	0xFEA3C033  	MOVFF       FARG___Lib_PPS_4XK40__PPS_Mapping_rp_num, INT2PPS
0x031A	0xD0AB      	BRA         L___Lib_PPS_4XK40__PPS_Mapping41
L___Lib_PPS_4XK40__PPS_Mapping45:
0x031C	0xFEA4C033  	MOVFF       FARG___Lib_PPS_4XK40__PPS_Mapping_rp_num, T0CKIPPS
0x0320	0xD0A8      	BRA         L___Lib_PPS_4XK40__PPS_Mapping41
L___Lib_PPS_4XK40__PPS_Mapping46:
0x0322	0xFEA5C033  	MOVFF       FARG___Lib_PPS_4XK40__PPS_Mapping_rp_num, T1CKIPPS
0x0326	0xD0A5      	BRA         L___Lib_PPS_4XK40__PPS_Mapping41
L___Lib_PPS_4XK40__PPS_Mapping47:
0x0328	0xFEA6C033  	MOVFF       FARG___Lib_PPS_4XK40__PPS_Mapping_rp_num, T1GPPS
0x032C	0xD0A2      	BRA         L___Lib_PPS_4XK40__PPS_Mapping41
L___Lib_PPS_4XK40__PPS_Mapping48:
0x032E	0xFEA7C033  	MOVFF       FARG___Lib_PPS_4XK40__PPS_Mapping_rp_num, T3CKIPPS
0x0332	0xD09F      	BRA         L___Lib_PPS_4XK40__PPS_Mapping41
L___Lib_PPS_4XK40__PPS_Mapping49:
0x0334	0xFEA8C033  	MOVFF       FARG___Lib_PPS_4XK40__PPS_Mapping_rp_num, T3GPPS
0x0338	0xD09C      	BRA         L___Lib_PPS_4XK40__PPS_Mapping41
L___Lib_PPS_4XK40__PPS_Mapping50:
0x033A	0xFEA9C033  	MOVFF       FARG___Lib_PPS_4XK40__PPS_Mapping_rp_num, T5CKIPPS
0x033E	0xD099      	BRA         L___Lib_PPS_4XK40__PPS_Mapping41
L___Lib_PPS_4XK40__PPS_Mapping51:
0x0340	0xFEAAC033  	MOVFF       FARG___Lib_PPS_4XK40__PPS_Mapping_rp_num, T5GPPS
0x0344	0xD096      	BRA         L___Lib_PPS_4XK40__PPS_Mapping41
L___Lib_PPS_4XK40__PPS_Mapping52:
0x0346	0xFEABC033  	MOVFF       FARG___Lib_PPS_4XK40__PPS_Mapping_rp_num, T2INPPS
0x034A	0xD093      	BRA         L___Lib_PPS_4XK40__PPS_Mapping41
L___Lib_PPS_4XK40__PPS_Mapping53:
0x034C	0xFEACC033  	MOVFF       FARG___Lib_PPS_4XK40__PPS_Mapping_rp_num, T4INPPS
0x0350	0xD090      	BRA         L___Lib_PPS_4XK40__PPS_Mapping41
L___Lib_PPS_4XK40__PPS_Mapping54:
0x0352	0xFEADC033  	MOVFF       FARG___Lib_PPS_4XK40__PPS_Mapping_rp_num, T6INPPS
0x0356	0xD08D      	BRA         L___Lib_PPS_4XK40__PPS_Mapping41
L___Lib_PPS_4XK40__PPS_Mapping55:
0x0358	0xFEAFC033  	MOVFF       FARG___Lib_PPS_4XK40__PPS_Mapping_rp_num, CCP1PPS
0x035C	0xD08A      	BRA         L___Lib_PPS_4XK40__PPS_Mapping41
L___Lib_PPS_4XK40__PPS_Mapping56:
0x035E	0xFEB0C033  	MOVFF       FARG___Lib_PPS_4XK40__PPS_Mapping_rp_num, CCP2PPS
0x0362	0xD087      	BRA         L___Lib_PPS_4XK40__PPS_Mapping41
L___Lib_PPS_4XK40__PPS_Mapping57:
0x0364	0xFEB1C033  	MOVFF       FARG___Lib_PPS_4XK40__PPS_Mapping_rp_num, CWG1PPS
0x0368	0xD084      	BRA         L___Lib_PPS_4XK40__PPS_Mapping41
L___Lib_PPS_4XK40__PPS_Mapping58:
0x036A	0xFEB2C033  	MOVFF       FARG___Lib_PPS_4XK40__PPS_Mapping_rp_num, MDCARLPPS
0x036E	0xD081      	BRA         L___Lib_PPS_4XK40__PPS_Mapping41
L___Lib_PPS_4XK40__PPS_Mapping59:
0x0370	0xFEB3C033  	MOVFF       FARG___Lib_PPS_4XK40__PPS_Mapping_rp_num, MDCARHPPS
0x0374	0xD07E      	BRA         L___Lib_PPS_4XK40__PPS_Mapping41
L___Lib_PPS_4XK40__PPS_Mapping60:
0x0376	0xFEB4C033  	MOVFF       FARG___Lib_PPS_4XK40__PPS_Mapping_rp_num, MDSRCPPS
0x037A	0xD07B      	BRA         L___Lib_PPS_4XK40__PPS_Mapping41
L___Lib_PPS_4XK40__PPS_Mapping61:
0x037C	0xFEAEC033  	MOVFF       FARG___Lib_PPS_4XK40__PPS_Mapping_rp_num, ADACTPPS
0x0380	0xD078      	BRA         L___Lib_PPS_4XK40__PPS_Mapping41
L___Lib_PPS_4XK40__PPS_Mapping62:
0x0382	0xFEB7C033  	MOVFF       FARG___Lib_PPS_4XK40__PPS_Mapping_rp_num, SSP1CLKPPS
0x0386	0xD075      	BRA         L___Lib_PPS_4XK40__PPS_Mapping41
L___Lib_PPS_4XK40__PPS_Mapping63:
0x0388	0xFEB8C033  	MOVFF       FARG___Lib_PPS_4XK40__PPS_Mapping_rp_num, SSP1DATPPS
0x038C	0xD072      	BRA         L___Lib_PPS_4XK40__PPS_Mapping41
L___Lib_PPS_4XK40__PPS_Mapping64:
0x038E	0xFEB9C033  	MOVFF       FARG___Lib_PPS_4XK40__PPS_Mapping_rp_num, SSP1SSPPS
0x0392	0xD06F      	BRA         L___Lib_PPS_4XK40__PPS_Mapping41
L___Lib_PPS_4XK40__PPS_Mapping65:
0x0394	0xFE8FC033  	MOVFF       FARG___Lib_PPS_4XK40__PPS_Mapping_rp_num, SSP2CLKPPS
0x0398	0xD06C      	BRA         L___Lib_PPS_4XK40__PPS_Mapping41
L___Lib_PPS_4XK40__PPS_Mapping66:
0x039A	0xFE90C033  	MOVFF       FARG___Lib_PPS_4XK40__PPS_Mapping_rp_num, SSP2DATPPS
0x039E	0xD069      	BRA         L___Lib_PPS_4XK40__PPS_Mapping41
L___Lib_PPS_4XK40__PPS_Mapping67:
0x03A0	0xFE91C033  	MOVFF       FARG___Lib_PPS_4XK40__PPS_Mapping_rp_num, SSP2SSPPS
0x03A4	0xD066      	BRA         L___Lib_PPS_4XK40__PPS_Mapping41
L___Lib_PPS_4XK40__PPS_Mapping68:
0x03A6	0xFEB5C033  	MOVFF       FARG___Lib_PPS_4XK40__PPS_Mapping_rp_num, RX1PPS
0x03AA	0xD063      	BRA         L___Lib_PPS_4XK40__PPS_Mapping41
L___Lib_PPS_4XK40__PPS_Mapping69:
0x03AC	0xFEB6C033  	MOVFF       FARG___Lib_PPS_4XK40__PPS_Mapping_rp_num, TX1PPS
0x03B0	0xD060      	BRA         L___Lib_PPS_4XK40__PPS_Mapping41
L___Lib_PPS_4XK40__PPS_Mapping70:
0x03B2	0xFE8DC033  	MOVFF       FARG___Lib_PPS_4XK40__PPS_Mapping_rp_num, RX2PPS
0x03B6	0xD05D      	BRA         L___Lib_PPS_4XK40__PPS_Mapping41
L___Lib_PPS_4XK40__PPS_Mapping71:
0x03B8	0xFE8EC033  	MOVFF       FARG___Lib_PPS_4XK40__PPS_Mapping_rp_num, TX2PPS
0x03BC	0xD05A      	BRA         L___Lib_PPS_4XK40__PPS_Mapping41
L___Lib_PPS_4XK40__PPS_Mapping40:
0x03BE	0x5035      	MOVF        FARG___Lib_PPS_4XK40__PPS_Mapping_funct_name, 0 
0x03C0	0x0A00      	XORLW       0
0x03C2	0xE0A3      	BZ          L___Lib_PPS_4XK40__PPS_Mapping42
0x03C4	0x5035      	MOVF        FARG___Lib_PPS_4XK40__PPS_Mapping_funct_name, 0 
0x03C6	0x0A01      	XORLW       1
0x03C8	0xE0A3      	BZ          L___Lib_PPS_4XK40__PPS_Mapping43
0x03CA	0x5035      	MOVF        FARG___Lib_PPS_4XK40__PPS_Mapping_funct_name, 0 
0x03CC	0x0A02      	XORLW       2
0x03CE	0xE0A3      	BZ          L___Lib_PPS_4XK40__PPS_Mapping44
0x03D0	0x5035      	MOVF        FARG___Lib_PPS_4XK40__PPS_Mapping_funct_name, 0 
0x03D2	0x0A03      	XORLW       3
0x03D4	0xE0A3      	BZ          L___Lib_PPS_4XK40__PPS_Mapping45
0x03D6	0x5035      	MOVF        FARG___Lib_PPS_4XK40__PPS_Mapping_funct_name, 0 
0x03D8	0x0A04      	XORLW       4
0x03DA	0xE0A3      	BZ          L___Lib_PPS_4XK40__PPS_Mapping46
0x03DC	0x5035      	MOVF        FARG___Lib_PPS_4XK40__PPS_Mapping_funct_name, 0 
0x03DE	0x0A05      	XORLW       5
0x03E0	0xE0A3      	BZ          L___Lib_PPS_4XK40__PPS_Mapping47
0x03E2	0x5035      	MOVF        FARG___Lib_PPS_4XK40__PPS_Mapping_funct_name, 0 
0x03E4	0x0A06      	XORLW       6
0x03E6	0xE0A3      	BZ          L___Lib_PPS_4XK40__PPS_Mapping48
0x03E8	0x5035      	MOVF        FARG___Lib_PPS_4XK40__PPS_Mapping_funct_name, 0 
0x03EA	0x0A07      	XORLW       7
0x03EC	0xE0A3      	BZ          L___Lib_PPS_4XK40__PPS_Mapping49
0x03EE	0x5035      	MOVF        FARG___Lib_PPS_4XK40__PPS_Mapping_funct_name, 0 
0x03F0	0x0A08      	XORLW       8
0x03F2	0xE0A3      	BZ          L___Lib_PPS_4XK40__PPS_Mapping50
0x03F4	0x5035      	MOVF        FARG___Lib_PPS_4XK40__PPS_Mapping_funct_name, 0 
0x03F6	0x0A09      	XORLW       9
0x03F8	0xE0A3      	BZ          L___Lib_PPS_4XK40__PPS_Mapping51
0x03FA	0x5035      	MOVF        FARG___Lib_PPS_4XK40__PPS_Mapping_funct_name, 0 
0x03FC	0x0A0A      	XORLW       10
0x03FE	0xE0A3      	BZ          L___Lib_PPS_4XK40__PPS_Mapping52
0x0400	0x5035      	MOVF        FARG___Lib_PPS_4XK40__PPS_Mapping_funct_name, 0 
0x0402	0x0A0B      	XORLW       11
0x0404	0xE0A3      	BZ          L___Lib_PPS_4XK40__PPS_Mapping53
0x0406	0x5035      	MOVF        FARG___Lib_PPS_4XK40__PPS_Mapping_funct_name, 0 
0x0408	0x0A0C      	XORLW       12
0x040A	0xE0A3      	BZ          L___Lib_PPS_4XK40__PPS_Mapping54
0x040C	0x5035      	MOVF        FARG___Lib_PPS_4XK40__PPS_Mapping_funct_name, 0 
0x040E	0x0A0D      	XORLW       13
0x0410	0xE0A3      	BZ          L___Lib_PPS_4XK40__PPS_Mapping55
0x0412	0x5035      	MOVF        FARG___Lib_PPS_4XK40__PPS_Mapping_funct_name, 0 
0x0414	0x0A0E      	XORLW       14
0x0416	0xE0A3      	BZ          L___Lib_PPS_4XK40__PPS_Mapping56
0x0418	0x5035      	MOVF        FARG___Lib_PPS_4XK40__PPS_Mapping_funct_name, 0 
0x041A	0x0A0F      	XORLW       15
0x041C	0xE0A3      	BZ          L___Lib_PPS_4XK40__PPS_Mapping57
0x041E	0x5035      	MOVF        FARG___Lib_PPS_4XK40__PPS_Mapping_funct_name, 0 
0x0420	0x0A10      	XORLW       16
0x0422	0xE0A3      	BZ          L___Lib_PPS_4XK40__PPS_Mapping58
0x0424	0x5035      	MOVF        FARG___Lib_PPS_4XK40__PPS_Mapping_funct_name, 0 
0x0426	0x0A11      	XORLW       17
0x0428	0xE0A3      	BZ          L___Lib_PPS_4XK40__PPS_Mapping59
0x042A	0x5035      	MOVF        FARG___Lib_PPS_4XK40__PPS_Mapping_funct_name, 0 
0x042C	0x0A12      	XORLW       18
0x042E	0xE0A3      	BZ          L___Lib_PPS_4XK40__PPS_Mapping60
0x0430	0x5035      	MOVF        FARG___Lib_PPS_4XK40__PPS_Mapping_funct_name, 0 
0x0432	0x0A13      	XORLW       19
0x0434	0xE0A3      	BZ          L___Lib_PPS_4XK40__PPS_Mapping61
0x0436	0x5035      	MOVF        FARG___Lib_PPS_4XK40__PPS_Mapping_funct_name, 0 
0x0438	0x0A14      	XORLW       20
0x043A	0xE0A3      	BZ          L___Lib_PPS_4XK40__PPS_Mapping62
0x043C	0x5035      	MOVF        FARG___Lib_PPS_4XK40__PPS_Mapping_funct_name, 0 
0x043E	0x0A15      	XORLW       21
0x0440	0xE0A3      	BZ          L___Lib_PPS_4XK40__PPS_Mapping63
0x0442	0x5035      	MOVF        FARG___Lib_PPS_4XK40__PPS_Mapping_funct_name, 0 
0x0444	0x0A16      	XORLW       22
0x0446	0xE0A3      	BZ          L___Lib_PPS_4XK40__PPS_Mapping64
0x0448	0x5035      	MOVF        FARG___Lib_PPS_4XK40__PPS_Mapping_funct_name, 0 
0x044A	0x0A17      	XORLW       23
0x044C	0xE0A3      	BZ          L___Lib_PPS_4XK40__PPS_Mapping65
0x044E	0x5035      	MOVF        FARG___Lib_PPS_4XK40__PPS_Mapping_funct_name, 0 
0x0450	0x0A18      	XORLW       24
0x0452	0xE0A3      	BZ          L___Lib_PPS_4XK40__PPS_Mapping66
0x0454	0x5035      	MOVF        FARG___Lib_PPS_4XK40__PPS_Mapping_funct_name, 0 
0x0456	0x0A19      	XORLW       25
0x0458	0xE0A3      	BZ          L___Lib_PPS_4XK40__PPS_Mapping67
0x045A	0x5035      	MOVF        FARG___Lib_PPS_4XK40__PPS_Mapping_funct_name, 0 
0x045C	0x0A1A      	XORLW       26
0x045E	0xE0A3      	BZ          L___Lib_PPS_4XK40__PPS_Mapping68
0x0460	0x5035      	MOVF        FARG___Lib_PPS_4XK40__PPS_Mapping_funct_name, 0 
0x0462	0x0A1B      	XORLW       27
0x0464	0xE0A3      	BZ          L___Lib_PPS_4XK40__PPS_Mapping69
0x0466	0x5035      	MOVF        FARG___Lib_PPS_4XK40__PPS_Mapping_funct_name, 0 
0x0468	0x0A1C      	XORLW       28
0x046A	0xE0A3      	BZ          L___Lib_PPS_4XK40__PPS_Mapping70
0x046C	0x5035      	MOVF        FARG___Lib_PPS_4XK40__PPS_Mapping_funct_name, 0 
0x046E	0x0A1D      	XORLW       29
0x0470	0xE0A3      	BZ          L___Lib_PPS_4XK40__PPS_Mapping71
L___Lib_PPS_4XK40__PPS_Mapping41:
0x0472	0x5236      	MOVF        FARG___Lib_PPS_4XK40__PPS_Mapping_lock, 1 
0x0474	0xE001      	BZ          L___Lib_PPS_4XK40__PPS_Mapping72
0x0476	0xDE42      	RCALL       _Lock_IOLOCK
L___Lib_PPS_4XK40__PPS_Mapping72:
L___Lib_PPS_4XK40__PPS_Mapping38:
0x0478	0xD0C0      	BRA         L___Lib_PPS_4XK40__PPS_Mapping73
L___Lib_PPS_4XK40__PPS_Mapping75:
0x047A	0xB034      	BTFSC       FARG___Lib_PPS_4XK40__PPS_Mapping_input_output, 0 
0x047C	0xD002      	BRA         L___Lib_PPS_4XK40__PPS_Mapping110
0x047E	0x9088      	BCF         TRISA0_bit, BitPos(TRISA0_bit+0) 
0x0480	0xD001      	BRA         L___Lib_PPS_4XK40__PPS_Mapping111
L___Lib_PPS_4XK40__PPS_Mapping110:
0x0482	0x8088      	BSF         TRISA0_bit, BitPos(TRISA0_bit+0) 
L___Lib_PPS_4XK40__PPS_Mapping111:
0x0484	0xD13A      	BRA         L___Lib_PPS_4XK40__PPS_Mapping74
L___Lib_PPS_4XK40__PPS_Mapping76:
0x0486	0xB034      	BTFSC       FARG___Lib_PPS_4XK40__PPS_Mapping_input_output, 0 
0x0488	0xD002      	BRA         L___Lib_PPS_4XK40__PPS_Mapping112
0x048A	0x9288      	BCF         TRISA1_bit, BitPos(TRISA1_bit+0) 
0x048C	0xD001      	BRA         L___Lib_PPS_4XK40__PPS_Mapping113
L___Lib_PPS_4XK40__PPS_Mapping112:
0x048E	0x8288      	BSF         TRISA1_bit, BitPos(TRISA1_bit+0) 
L___Lib_PPS_4XK40__PPS_Mapping113:
0x0490	0xD134      	BRA         L___Lib_PPS_4XK40__PPS_Mapping74
L___Lib_PPS_4XK40__PPS_Mapping77:
0x0492	0xB034      	BTFSC       FARG___Lib_PPS_4XK40__PPS_Mapping_input_output, 0 
0x0494	0xD002      	BRA         L___Lib_PPS_4XK40__PPS_Mapping114
0x0496	0x9488      	BCF         TRISA2_bit, BitPos(TRISA2_bit+0) 
0x0498	0xD001      	BRA         L___Lib_PPS_4XK40__PPS_Mapping115
L___Lib_PPS_4XK40__PPS_Mapping114:
0x049A	0x8488      	BSF         TRISA2_bit, BitPos(TRISA2_bit+0) 
L___Lib_PPS_4XK40__PPS_Mapping115:
0x049C	0xD12E      	BRA         L___Lib_PPS_4XK40__PPS_Mapping74
L___Lib_PPS_4XK40__PPS_Mapping78:
0x049E	0xB034      	BTFSC       FARG___Lib_PPS_4XK40__PPS_Mapping_input_output, 0 
0x04A0	0xD002      	BRA         L___Lib_PPS_4XK40__PPS_Mapping116
0x04A2	0x9688      	BCF         TRISA3_bit, BitPos(TRISA3_bit+0) 
0x04A4	0xD001      	BRA         L___Lib_PPS_4XK40__PPS_Mapping117
L___Lib_PPS_4XK40__PPS_Mapping116:
0x04A6	0x8688      	BSF         TRISA3_bit, BitPos(TRISA3_bit+0) 
L___Lib_PPS_4XK40__PPS_Mapping117:
0x04A8	0xD128      	BRA         L___Lib_PPS_4XK40__PPS_Mapping74
L___Lib_PPS_4XK40__PPS_Mapping79:
0x04AA	0xB034      	BTFSC       FARG___Lib_PPS_4XK40__PPS_Mapping_input_output, 0 
0x04AC	0xD002      	BRA         L___Lib_PPS_4XK40__PPS_Mapping118
0x04AE	0x9888      	BCF         TRISA4_bit, BitPos(TRISA4_bit+0) 
0x04B0	0xD001      	BRA         L___Lib_PPS_4XK40__PPS_Mapping119
L___Lib_PPS_4XK40__PPS_Mapping118:
0x04B2	0x8888      	BSF         TRISA4_bit, BitPos(TRISA4_bit+0) 
L___Lib_PPS_4XK40__PPS_Mapping119:
0x04B4	0xD122      	BRA         L___Lib_PPS_4XK40__PPS_Mapping74
L___Lib_PPS_4XK40__PPS_Mapping80:
0x04B6	0xB034      	BTFSC       FARG___Lib_PPS_4XK40__PPS_Mapping_input_output, 0 
0x04B8	0xD002      	BRA         L___Lib_PPS_4XK40__PPS_Mapping120
0x04BA	0x9A88      	BCF         TRISA5_bit, BitPos(TRISA5_bit+0) 
0x04BC	0xD001      	BRA         L___Lib_PPS_4XK40__PPS_Mapping121
L___Lib_PPS_4XK40__PPS_Mapping120:
0x04BE	0x8A88      	BSF         TRISA5_bit, BitPos(TRISA5_bit+0) 
L___Lib_PPS_4XK40__PPS_Mapping121:
0x04C0	0xD11C      	BRA         L___Lib_PPS_4XK40__PPS_Mapping74
L___Lib_PPS_4XK40__PPS_Mapping81:
0x04C2	0xB034      	BTFSC       FARG___Lib_PPS_4XK40__PPS_Mapping_input_output, 0 
0x04C4	0xD002      	BRA         L___Lib_PPS_4XK40__PPS_Mapping122
0x04C6	0x9C88      	BCF         TRISA6_bit, BitPos(TRISA6_bit+0) 
0x04C8	0xD001      	BRA         L___Lib_PPS_4XK40__PPS_Mapping123
L___Lib_PPS_4XK40__PPS_Mapping122:
0x04CA	0x8C88      	BSF         TRISA6_bit, BitPos(TRISA6_bit+0) 
L___Lib_PPS_4XK40__PPS_Mapping123:
0x04CC	0xD116      	BRA         L___Lib_PPS_4XK40__PPS_Mapping74
L___Lib_PPS_4XK40__PPS_Mapping82:
0x04CE	0xB034      	BTFSC       FARG___Lib_PPS_4XK40__PPS_Mapping_input_output, 0 
0x04D0	0xD002      	BRA         L___Lib_PPS_4XK40__PPS_Mapping124
0x04D2	0x9E88      	BCF         TRISA7_bit, BitPos(TRISA7_bit+0) 
0x04D4	0xD001      	BRA         L___Lib_PPS_4XK40__PPS_Mapping125
L___Lib_PPS_4XK40__PPS_Mapping124:
0x04D6	0x8E88      	BSF         TRISA7_bit, BitPos(TRISA7_bit+0) 
L___Lib_PPS_4XK40__PPS_Mapping125:
0x04D8	0xD110      	BRA         L___Lib_PPS_4XK40__PPS_Mapping74
L___Lib_PPS_4XK40__PPS_Mapping83:
0x04DA	0xB034      	BTFSC       FARG___Lib_PPS_4XK40__PPS_Mapping_input_output, 0 
0x04DC	0xD002      	BRA         L___Lib_PPS_4XK40__PPS_Mapping126
0x04DE	0x9089      	BCF         TRISB0_bit, BitPos(TRISB0_bit+0) 
0x04E0	0xD001      	BRA         L___Lib_PPS_4XK40__PPS_Mapping127
L___Lib_PPS_4XK40__PPS_Mapping126:
0x04E2	0x8089      	BSF         TRISB0_bit, BitPos(TRISB0_bit+0) 
L___Lib_PPS_4XK40__PPS_Mapping127:
0x04E4	0xD10A      	BRA         L___Lib_PPS_4XK40__PPS_Mapping74
L___Lib_PPS_4XK40__PPS_Mapping84:
0x04E6	0xB034      	BTFSC       FARG___Lib_PPS_4XK40__PPS_Mapping_input_output, 0 
0x04E8	0xD002      	BRA         L___Lib_PPS_4XK40__PPS_Mapping128
0x04EA	0x9289      	BCF         TRISB1_bit, BitPos(TRISB1_bit+0) 
0x04EC	0xD001      	BRA         L___Lib_PPS_4XK40__PPS_Mapping129
L___Lib_PPS_4XK40__PPS_Mapping128:
0x04EE	0x8289      	BSF         TRISB1_bit, BitPos(TRISB1_bit+0) 
L___Lib_PPS_4XK40__PPS_Mapping129:
0x04F0	0xD104      	BRA         L___Lib_PPS_4XK40__PPS_Mapping74
L___Lib_PPS_4XK40__PPS_Mapping85:
0x04F2	0xB034      	BTFSC       FARG___Lib_PPS_4XK40__PPS_Mapping_input_output, 0 
0x04F4	0xD002      	BRA         L___Lib_PPS_4XK40__PPS_Mapping130
0x04F6	0x9489      	BCF         TRISB2_bit, BitPos(TRISB2_bit+0) 
0x04F8	0xD001      	BRA         L___Lib_PPS_4XK40__PPS_Mapping131
L___Lib_PPS_4XK40__PPS_Mapping130:
0x04FA	0x8489      	BSF         TRISB2_bit, BitPos(TRISB2_bit+0) 
L___Lib_PPS_4XK40__PPS_Mapping131:
0x04FC	0xD0FE      	BRA         L___Lib_PPS_4XK40__PPS_Mapping74
L___Lib_PPS_4XK40__PPS_Mapping86:
0x04FE	0xB034      	BTFSC       FARG___Lib_PPS_4XK40__PPS_Mapping_input_output, 0 
0x0500	0xD002      	BRA         L___Lib_PPS_4XK40__PPS_Mapping132
0x0502	0x9689      	BCF         TRISB3_bit, BitPos(TRISB3_bit+0) 
0x0504	0xD001      	BRA         L___Lib_PPS_4XK40__PPS_Mapping133
L___Lib_PPS_4XK40__PPS_Mapping132:
0x0506	0x8689      	BSF         TRISB3_bit, BitPos(TRISB3_bit+0) 
L___Lib_PPS_4XK40__PPS_Mapping133:
0x0508	0xD0F8      	BRA         L___Lib_PPS_4XK40__PPS_Mapping74
L___Lib_PPS_4XK40__PPS_Mapping87:
0x050A	0xB034      	BTFSC       FARG___Lib_PPS_4XK40__PPS_Mapping_input_output, 0 
0x050C	0xD002      	BRA         L___Lib_PPS_4XK40__PPS_Mapping134
0x050E	0x9889      	BCF         TRISB4_bit, BitPos(TRISB4_bit+0) 
0x0510	0xD001      	BRA         L___Lib_PPS_4XK40__PPS_Mapping135
L___Lib_PPS_4XK40__PPS_Mapping134:
0x0512	0x8889      	BSF         TRISB4_bit, BitPos(TRISB4_bit+0) 
L___Lib_PPS_4XK40__PPS_Mapping135:
0x0514	0xD0F2      	BRA         L___Lib_PPS_4XK40__PPS_Mapping74
L___Lib_PPS_4XK40__PPS_Mapping88:
0x0516	0xB034      	BTFSC       FARG___Lib_PPS_4XK40__PPS_Mapping_input_output, 0 
0x0518	0xD002      	BRA         L___Lib_PPS_4XK40__PPS_Mapping136
0x051A	0x9A89      	BCF         TRISB5_bit, BitPos(TRISB5_bit+0) 
0x051C	0xD001      	BRA         L___Lib_PPS_4XK40__PPS_Mapping137
L___Lib_PPS_4XK40__PPS_Mapping136:
0x051E	0x8A89      	BSF         TRISB5_bit, BitPos(TRISB5_bit+0) 
L___Lib_PPS_4XK40__PPS_Mapping137:
0x0520	0xD0EC      	BRA         L___Lib_PPS_4XK40__PPS_Mapping74
L___Lib_PPS_4XK40__PPS_Mapping89:
0x0522	0xB034      	BTFSC       FARG___Lib_PPS_4XK40__PPS_Mapping_input_output, 0 
0x0524	0xD002      	BRA         L___Lib_PPS_4XK40__PPS_Mapping138
0x0526	0x9C89      	BCF         TRISB6_bit, BitPos(TRISB6_bit+0) 
0x0528	0xD001      	BRA         L___Lib_PPS_4XK40__PPS_Mapping139
L___Lib_PPS_4XK40__PPS_Mapping138:
0x052A	0x8C89      	BSF         TRISB6_bit, BitPos(TRISB6_bit+0) 
L___Lib_PPS_4XK40__PPS_Mapping139:
0x052C	0xD0E6      	BRA         L___Lib_PPS_4XK40__PPS_Mapping74
L___Lib_PPS_4XK40__PPS_Mapping90:
0x052E	0xB034      	BTFSC       FARG___Lib_PPS_4XK40__PPS_Mapping_input_output, 0 
0x0530	0xD002      	BRA         L___Lib_PPS_4XK40__PPS_Mapping140
0x0532	0x9E89      	BCF         TRISB7_bit, BitPos(TRISB7_bit+0) 
0x0534	0xD001      	BRA         L___Lib_PPS_4XK40__PPS_Mapping141
L___Lib_PPS_4XK40__PPS_Mapping140:
0x0536	0x8E89      	BSF         TRISB7_bit, BitPos(TRISB7_bit+0) 
L___Lib_PPS_4XK40__PPS_Mapping141:
0x0538	0xD0E0      	BRA         L___Lib_PPS_4XK40__PPS_Mapping74
L___Lib_PPS_4XK40__PPS_Mapping91:
0x053A	0xB034      	BTFSC       FARG___Lib_PPS_4XK40__PPS_Mapping_input_output, 0 
0x053C	0xD002      	BRA         L___Lib_PPS_4XK40__PPS_Mapping142
0x053E	0x908A      	BCF         TRISC0_bit, BitPos(TRISC0_bit+0) 
0x0540	0xD001      	BRA         L___Lib_PPS_4XK40__PPS_Mapping143
L___Lib_PPS_4XK40__PPS_Mapping142:
0x0542	0x808A      	BSF         TRISC0_bit, BitPos(TRISC0_bit+0) 
L___Lib_PPS_4XK40__PPS_Mapping143:
0x0544	0xD0DA      	BRA         L___Lib_PPS_4XK40__PPS_Mapping74
L___Lib_PPS_4XK40__PPS_Mapping92:
0x0546	0xB034      	BTFSC       FARG___Lib_PPS_4XK40__PPS_Mapping_input_output, 0 
0x0548	0xD002      	BRA         L___Lib_PPS_4XK40__PPS_Mapping144
0x054A	0x928A      	BCF         TRISC1_bit, BitPos(TRISC1_bit+0) 
0x054C	0xD001      	BRA         L___Lib_PPS_4XK40__PPS_Mapping145
L___Lib_PPS_4XK40__PPS_Mapping144:
0x054E	0x828A      	BSF         TRISC1_bit, BitPos(TRISC1_bit+0) 
L___Lib_PPS_4XK40__PPS_Mapping145:
0x0550	0xD0D4      	BRA         L___Lib_PPS_4XK40__PPS_Mapping74
L___Lib_PPS_4XK40__PPS_Mapping93:
0x0552	0xB034      	BTFSC       FARG___Lib_PPS_4XK40__PPS_Mapping_input_output, 0 
0x0554	0xD002      	BRA         L___Lib_PPS_4XK40__PPS_Mapping146
0x0556	0x948A      	BCF         TRISC2_bit, BitPos(TRISC2_bit+0) 
0x0558	0xD001      	BRA         L___Lib_PPS_4XK40__PPS_Mapping147
L___Lib_PPS_4XK40__PPS_Mapping146:
0x055A	0x848A      	BSF         TRISC2_bit, BitPos(TRISC2_bit+0) 
L___Lib_PPS_4XK40__PPS_Mapping147:
0x055C	0xD0CE      	BRA         L___Lib_PPS_4XK40__PPS_Mapping74
L___Lib_PPS_4XK40__PPS_Mapping94:
0x055E	0xB034      	BTFSC       FARG___Lib_PPS_4XK40__PPS_Mapping_input_output, 0 
0x0560	0xD002      	BRA         L___Lib_PPS_4XK40__PPS_Mapping148
0x0562	0x968A      	BCF         TRISC3_bit, BitPos(TRISC3_bit+0) 
0x0564	0xD001      	BRA         L___Lib_PPS_4XK40__PPS_Mapping149
L___Lib_PPS_4XK40__PPS_Mapping148:
0x0566	0x868A      	BSF         TRISC3_bit, BitPos(TRISC3_bit+0) 
L___Lib_PPS_4XK40__PPS_Mapping149:
0x0568	0xD0C8      	BRA         L___Lib_PPS_4XK40__PPS_Mapping74
L___Lib_PPS_4XK40__PPS_Mapping95:
0x056A	0xB034      	BTFSC       FARG___Lib_PPS_4XK40__PPS_Mapping_input_output, 0 
0x056C	0xD002      	BRA         L___Lib_PPS_4XK40__PPS_Mapping150
0x056E	0x988A      	BCF         TRISC4_bit, BitPos(TRISC4_bit+0) 
0x0570	0xD001      	BRA         L___Lib_PPS_4XK40__PPS_Mapping151
L___Lib_PPS_4XK40__PPS_Mapping150:
0x0572	0x888A      	BSF         TRISC4_bit, BitPos(TRISC4_bit+0) 
L___Lib_PPS_4XK40__PPS_Mapping151:
0x0574	0xD0C2      	BRA         L___Lib_PPS_4XK40__PPS_Mapping74
L___Lib_PPS_4XK40__PPS_Mapping96:
0x0576	0xB034      	BTFSC       FARG___Lib_PPS_4XK40__PPS_Mapping_input_output, 0 
0x0578	0xD002      	BRA         L___Lib_PPS_4XK40__PPS_Mapping152
0x057A	0x9A8A      	BCF         TRISC5_bit, BitPos(TRISC5_bit+0) 
0x057C	0xD001      	BRA         L___Lib_PPS_4XK40__PPS_Mapping153
L___Lib_PPS_4XK40__PPS_Mapping152:
0x057E	0x8A8A      	BSF         TRISC5_bit, BitPos(TRISC5_bit+0) 
L___Lib_PPS_4XK40__PPS_Mapping153:
0x0580	0xD0BC      	BRA         L___Lib_PPS_4XK40__PPS_Mapping74
L___Lib_PPS_4XK40__PPS_Mapping97:
0x0582	0xB034      	BTFSC       FARG___Lib_PPS_4XK40__PPS_Mapping_input_output, 0 
0x0584	0xD002      	BRA         L___Lib_PPS_4XK40__PPS_Mapping154
0x0586	0x9C8A      	BCF         TRISC6_bit, BitPos(TRISC6_bit+0) 
0x0588	0xD001      	BRA         L___Lib_PPS_4XK40__PPS_Mapping155
L___Lib_PPS_4XK40__PPS_Mapping154:
0x058A	0x8C8A      	BSF         TRISC6_bit, BitPos(TRISC6_bit+0) 
L___Lib_PPS_4XK40__PPS_Mapping155:
0x058C	0xD0B6      	BRA         L___Lib_PPS_4XK40__PPS_Mapping74
L___Lib_PPS_4XK40__PPS_Mapping98:
0x058E	0xB034      	BTFSC       FARG___Lib_PPS_4XK40__PPS_Mapping_input_output, 0 
0x0590	0xD002      	BRA         L___Lib_PPS_4XK40__PPS_Mapping156
0x0592	0x9E8A      	BCF         TRISC7_bit, BitPos(TRISC7_bit+0) 
0x0594	0xD001      	BRA         L___Lib_PPS_4XK40__PPS_Mapping157
L___Lib_PPS_4XK40__PPS_Mapping156:
0x0596	0x8E8A      	BSF         TRISC7_bit, BitPos(TRISC7_bit+0) 
L___Lib_PPS_4XK40__PPS_Mapping157:
0x0598	0xD0B0      	BRA         L___Lib_PPS_4XK40__PPS_Mapping74
L___Lib_PPS_4XK40__PPS_Mapping99:
0x059A	0xB034      	BTFSC       FARG___Lib_PPS_4XK40__PPS_Mapping_input_output, 0 
0x059C	0xD002      	BRA         L___Lib_PPS_4XK40__PPS_Mapping158
0x059E	0x908B      	BCF         TRISD0_bit, BitPos(TRISD0_bit+0) 
0x05A0	0xD001      	BRA         L___Lib_PPS_4XK40__PPS_Mapping159
L___Lib_PPS_4XK40__PPS_Mapping158:
0x05A2	0x808B      	BSF         TRISD0_bit, BitPos(TRISD0_bit+0) 
L___Lib_PPS_4XK40__PPS_Mapping159:
0x05A4	0xD0AA      	BRA         L___Lib_PPS_4XK40__PPS_Mapping74
L___Lib_PPS_4XK40__PPS_Mapping100:
0x05A6	0xB034      	BTFSC       FARG___Lib_PPS_4XK40__PPS_Mapping_input_output, 0 
0x05A8	0xD002      	BRA         L___Lib_PPS_4XK40__PPS_Mapping160
0x05AA	0x928B      	BCF         TRISD1_bit, BitPos(TRISD1_bit+0) 
0x05AC	0xD001      	BRA         L___Lib_PPS_4XK40__PPS_Mapping161
L___Lib_PPS_4XK40__PPS_Mapping160:
0x05AE	0x828B      	BSF         TRISD1_bit, BitPos(TRISD1_bit+0) 
L___Lib_PPS_4XK40__PPS_Mapping161:
0x05B0	0xD0A4      	BRA         L___Lib_PPS_4XK40__PPS_Mapping74
L___Lib_PPS_4XK40__PPS_Mapping101:
0x05B2	0xB034      	BTFSC       FARG___Lib_PPS_4XK40__PPS_Mapping_input_output, 0 
0x05B4	0xD002      	BRA         L___Lib_PPS_4XK40__PPS_Mapping162
0x05B6	0x948B      	BCF         TRISD2_bit, BitPos(TRISD2_bit+0) 
0x05B8	0xD001      	BRA         L___Lib_PPS_4XK40__PPS_Mapping163
L___Lib_PPS_4XK40__PPS_Mapping162:
0x05BA	0x848B      	BSF         TRISD2_bit, BitPos(TRISD2_bit+0) 
L___Lib_PPS_4XK40__PPS_Mapping163:
0x05BC	0xD09E      	BRA         L___Lib_PPS_4XK40__PPS_Mapping74
L___Lib_PPS_4XK40__PPS_Mapping102:
0x05BE	0xB034      	BTFSC       FARG___Lib_PPS_4XK40__PPS_Mapping_input_output, 0 
0x05C0	0xD002      	BRA         L___Lib_PPS_4XK40__PPS_Mapping164
0x05C2	0x968B      	BCF         TRISD3_bit, BitPos(TRISD3_bit+0) 
0x05C4	0xD001      	BRA         L___Lib_PPS_4XK40__PPS_Mapping165
L___Lib_PPS_4XK40__PPS_Mapping164:
0x05C6	0x868B      	BSF         TRISD3_bit, BitPos(TRISD3_bit+0) 
L___Lib_PPS_4XK40__PPS_Mapping165:
0x05C8	0xD098      	BRA         L___Lib_PPS_4XK40__PPS_Mapping74
L___Lib_PPS_4XK40__PPS_Mapping103:
0x05CA	0xB034      	BTFSC       FARG___Lib_PPS_4XK40__PPS_Mapping_input_output, 0 
0x05CC	0xD002      	BRA         L___Lib_PPS_4XK40__PPS_Mapping166
0x05CE	0x988B      	BCF         TRISD4_bit, BitPos(TRISD4_bit+0) 
0x05D0	0xD001      	BRA         L___Lib_PPS_4XK40__PPS_Mapping167
L___Lib_PPS_4XK40__PPS_Mapping166:
0x05D2	0x888B      	BSF         TRISD4_bit, BitPos(TRISD4_bit+0) 
L___Lib_PPS_4XK40__PPS_Mapping167:
0x05D4	0xD092      	BRA         L___Lib_PPS_4XK40__PPS_Mapping74
L___Lib_PPS_4XK40__PPS_Mapping104:
0x05D6	0xB034      	BTFSC       FARG___Lib_PPS_4XK40__PPS_Mapping_input_output, 0 
0x05D8	0xD002      	BRA         L___Lib_PPS_4XK40__PPS_Mapping168
0x05DA	0x9A8B      	BCF         TRISD5_bit, BitPos(TRISD5_bit+0) 
0x05DC	0xD001      	BRA         L___Lib_PPS_4XK40__PPS_Mapping169
L___Lib_PPS_4XK40__PPS_Mapping168:
0x05DE	0x8A8B      	BSF         TRISD5_bit, BitPos(TRISD5_bit+0) 
L___Lib_PPS_4XK40__PPS_Mapping169:
0x05E0	0xD08C      	BRA         L___Lib_PPS_4XK40__PPS_Mapping74
L___Lib_PPS_4XK40__PPS_Mapping105:
0x05E2	0xB034      	BTFSC       FARG___Lib_PPS_4XK40__PPS_Mapping_input_output, 0 
0x05E4	0xD002      	BRA         L___Lib_PPS_4XK40__PPS_Mapping170
0x05E6	0x9C8B      	BCF         TRISD6_bit, BitPos(TRISD6_bit+0) 
0x05E8	0xD001      	BRA         L___Lib_PPS_4XK40__PPS_Mapping171
L___Lib_PPS_4XK40__PPS_Mapping170:
0x05EA	0x8C8B      	BSF         TRISD6_bit, BitPos(TRISD6_bit+0) 
L___Lib_PPS_4XK40__PPS_Mapping171:
0x05EC	0xD086      	BRA         L___Lib_PPS_4XK40__PPS_Mapping74
L___Lib_PPS_4XK40__PPS_Mapping106:
0x05EE	0xB034      	BTFSC       FARG___Lib_PPS_4XK40__PPS_Mapping_input_output, 0 
0x05F0	0xD002      	BRA         L___Lib_PPS_4XK40__PPS_Mapping172
0x05F2	0x9E8B      	BCF         TRISD7_bit, BitPos(TRISD7_bit+0) 
0x05F4	0xD001      	BRA         L___Lib_PPS_4XK40__PPS_Mapping173
L___Lib_PPS_4XK40__PPS_Mapping172:
0x05F6	0x8E8B      	BSF         TRISD7_bit, BitPos(TRISD7_bit+0) 
L___Lib_PPS_4XK40__PPS_Mapping173:
0x05F8	0xD080      	BRA         L___Lib_PPS_4XK40__PPS_Mapping74
L___Lib_PPS_4XK40__PPS_Mapping73:
0x05FA	0x5033      	MOVF        FARG___Lib_PPS_4XK40__PPS_Mapping_rp_num, 0 
0x05FC	0x0A00      	XORLW       0
0x05FE	0xB4D8      	BTFSC       STATUS, 2 
0x0600	0xD73C      	BRA         L___Lib_PPS_4XK40__PPS_Mapping75
0x0602	0x5033      	MOVF        FARG___Lib_PPS_4XK40__PPS_Mapping_rp_num, 0 
0x0604	0x0A01      	XORLW       1
0x0606	0xB4D8      	BTFSC       STATUS, 2 
0x0608	0xD73E      	BRA         L___Lib_PPS_4XK40__PPS_Mapping76
0x060A	0x5033      	MOVF        FARG___Lib_PPS_4XK40__PPS_Mapping_rp_num, 0 
0x060C	0x0A02      	XORLW       2
0x060E	0xB4D8      	BTFSC       STATUS, 2 
0x0610	0xD740      	BRA         L___Lib_PPS_4XK40__PPS_Mapping77
0x0612	0x5033      	MOVF        FARG___Lib_PPS_4XK40__PPS_Mapping_rp_num, 0 
0x0614	0x0A03      	XORLW       3
0x0616	0xB4D8      	BTFSC       STATUS, 2 
0x0618	0xD742      	BRA         L___Lib_PPS_4XK40__PPS_Mapping78
0x061A	0x5033      	MOVF        FARG___Lib_PPS_4XK40__PPS_Mapping_rp_num, 0 
0x061C	0x0A04      	XORLW       4
0x061E	0xB4D8      	BTFSC       STATUS, 2 
0x0620	0xD744      	BRA         L___Lib_PPS_4XK40__PPS_Mapping79
0x0622	0x5033      	MOVF        FARG___Lib_PPS_4XK40__PPS_Mapping_rp_num, 0 
0x0624	0x0A05      	XORLW       5
0x0626	0xB4D8      	BTFSC       STATUS, 2 
0x0628	0xD746      	BRA         L___Lib_PPS_4XK40__PPS_Mapping80
0x062A	0x5033      	MOVF        FARG___Lib_PPS_4XK40__PPS_Mapping_rp_num, 0 
0x062C	0x0A06      	XORLW       6
0x062E	0xB4D8      	BTFSC       STATUS, 2 
0x0630	0xD748      	BRA         L___Lib_PPS_4XK40__PPS_Mapping81
0x0632	0x5033      	MOVF        FARG___Lib_PPS_4XK40__PPS_Mapping_rp_num, 0 
0x0634	0x0A07      	XORLW       7
0x0636	0xB4D8      	BTFSC       STATUS, 2 
0x0638	0xD74A      	BRA         L___Lib_PPS_4XK40__PPS_Mapping82
0x063A	0x5033      	MOVF        FARG___Lib_PPS_4XK40__PPS_Mapping_rp_num, 0 
0x063C	0x0A08      	XORLW       8
0x063E	0xB4D8      	BTFSC       STATUS, 2 
0x0640	0xD74C      	BRA         L___Lib_PPS_4XK40__PPS_Mapping83
0x0642	0x5033      	MOVF        FARG___Lib_PPS_4XK40__PPS_Mapping_rp_num, 0 
0x0644	0x0A09      	XORLW       9
0x0646	0xB4D8      	BTFSC       STATUS, 2 
0x0648	0xD74E      	BRA         L___Lib_PPS_4XK40__PPS_Mapping84
0x064A	0x5033      	MOVF        FARG___Lib_PPS_4XK40__PPS_Mapping_rp_num, 0 
0x064C	0x0A0A      	XORLW       10
0x064E	0xB4D8      	BTFSC       STATUS, 2 
0x0650	0xD750      	BRA         L___Lib_PPS_4XK40__PPS_Mapping85
0x0652	0x5033      	MOVF        FARG___Lib_PPS_4XK40__PPS_Mapping_rp_num, 0 
0x0654	0x0A0B      	XORLW       11
0x0656	0xB4D8      	BTFSC       STATUS, 2 
0x0658	0xD752      	BRA         L___Lib_PPS_4XK40__PPS_Mapping86
0x065A	0x5033      	MOVF        FARG___Lib_PPS_4XK40__PPS_Mapping_rp_num, 0 
0x065C	0x0A0C      	XORLW       12
0x065E	0xB4D8      	BTFSC       STATUS, 2 
0x0660	0xD754      	BRA         L___Lib_PPS_4XK40__PPS_Mapping87
0x0662	0x5033      	MOVF        FARG___Lib_PPS_4XK40__PPS_Mapping_rp_num, 0 
0x0664	0x0A0D      	XORLW       13
0x0666	0xB4D8      	BTFSC       STATUS, 2 
0x0668	0xD756      	BRA         L___Lib_PPS_4XK40__PPS_Mapping88
0x066A	0x5033      	MOVF        FARG___Lib_PPS_4XK40__PPS_Mapping_rp_num, 0 
0x066C	0x0A0E      	XORLW       14
0x066E	0xB4D8      	BTFSC       STATUS, 2 
0x0670	0xD758      	BRA         L___Lib_PPS_4XK40__PPS_Mapping89
0x0672	0x5033      	MOVF        FARG___Lib_PPS_4XK40__PPS_Mapping_rp_num, 0 
0x0674	0x0A0F      	XORLW       15
0x0676	0xB4D8      	BTFSC       STATUS, 2 
0x0678	0xD75A      	BRA         L___Lib_PPS_4XK40__PPS_Mapping90
0x067A	0x5033      	MOVF        FARG___Lib_PPS_4XK40__PPS_Mapping_rp_num, 0 
0x067C	0x0A10      	XORLW       16
0x067E	0xB4D8      	BTFSC       STATUS, 2 
0x0680	0xD75C      	BRA         L___Lib_PPS_4XK40__PPS_Mapping91
0x0682	0x5033      	MOVF        FARG___Lib_PPS_4XK40__PPS_Mapping_rp_num, 0 
0x0684	0x0A11      	XORLW       17
0x0686	0xB4D8      	BTFSC       STATUS, 2 
0x0688	0xD75E      	BRA         L___Lib_PPS_4XK40__PPS_Mapping92
0x068A	0x5033      	MOVF        FARG___Lib_PPS_4XK40__PPS_Mapping_rp_num, 0 
0x068C	0x0A12      	XORLW       18
0x068E	0xB4D8      	BTFSC       STATUS, 2 
0x0690	0xD760      	BRA         L___Lib_PPS_4XK40__PPS_Mapping93
0x0692	0x5033      	MOVF        FARG___Lib_PPS_4XK40__PPS_Mapping_rp_num, 0 
0x0694	0x0A13      	XORLW       19
0x0696	0xB4D8      	BTFSC       STATUS, 2 
0x0698	0xD762      	BRA         L___Lib_PPS_4XK40__PPS_Mapping94
0x069A	0x5033      	MOVF        FARG___Lib_PPS_4XK40__PPS_Mapping_rp_num, 0 
0x069C	0x0A14      	XORLW       20
0x069E	0xB4D8      	BTFSC       STATUS, 2 
0x06A0	0xD764      	BRA         L___Lib_PPS_4XK40__PPS_Mapping95
0x06A2	0x5033      	MOVF        FARG___Lib_PPS_4XK40__PPS_Mapping_rp_num, 0 
0x06A4	0x0A15      	XORLW       21
0x06A6	0xB4D8      	BTFSC       STATUS, 2 
0x06A8	0xD766      	BRA         L___Lib_PPS_4XK40__PPS_Mapping96
0x06AA	0x5033      	MOVF        FARG___Lib_PPS_4XK40__PPS_Mapping_rp_num, 0 
0x06AC	0x0A16      	XORLW       22
0x06AE	0xB4D8      	BTFSC       STATUS, 2 
0x06B0	0xD768      	BRA         L___Lib_PPS_4XK40__PPS_Mapping97
0x06B2	0x5033      	MOVF        FARG___Lib_PPS_4XK40__PPS_Mapping_rp_num, 0 
0x06B4	0x0A17      	XORLW       23
0x06B6	0xB4D8      	BTFSC       STATUS, 2 
0x06B8	0xD76A      	BRA         L___Lib_PPS_4XK40__PPS_Mapping98
0x06BA	0x5033      	MOVF        FARG___Lib_PPS_4XK40__PPS_Mapping_rp_num, 0 
0x06BC	0x0A18      	XORLW       24
0x06BE	0xB4D8      	BTFSC       STATUS, 2 
0x06C0	0xD76C      	BRA         L___Lib_PPS_4XK40__PPS_Mapping99
0x06C2	0x5033      	MOVF        FARG___Lib_PPS_4XK40__PPS_Mapping_rp_num, 0 
0x06C4	0x0A19      	XORLW       25
0x06C6	0xB4D8      	BTFSC       STATUS, 2 
0x06C8	0xD76E      	BRA         L___Lib_PPS_4XK40__PPS_Mapping100
0x06CA	0x5033      	MOVF        FARG___Lib_PPS_4XK40__PPS_Mapping_rp_num, 0 
0x06CC	0x0A1A      	XORLW       26
0x06CE	0xB4D8      	BTFSC       STATUS, 2 
0x06D0	0xD770      	BRA         L___Lib_PPS_4XK40__PPS_Mapping101
0x06D2	0x5033      	MOVF        FARG___Lib_PPS_4XK40__PPS_Mapping_rp_num, 0 
0x06D4	0x0A1B      	XORLW       27
0x06D6	0xB4D8      	BTFSC       STATUS, 2 
0x06D8	0xD772      	BRA         L___Lib_PPS_4XK40__PPS_Mapping102
0x06DA	0x5033      	MOVF        FARG___Lib_PPS_4XK40__PPS_Mapping_rp_num, 0 
0x06DC	0x0A1C      	XORLW       28
0x06DE	0xB4D8      	BTFSC       STATUS, 2 
0x06E0	0xD774      	BRA         L___Lib_PPS_4XK40__PPS_Mapping103
0x06E2	0x5033      	MOVF        FARG___Lib_PPS_4XK40__PPS_Mapping_rp_num, 0 
0x06E4	0x0A1D      	XORLW       29
0x06E6	0xB4D8      	BTFSC       STATUS, 2 
0x06E8	0xD776      	BRA         L___Lib_PPS_4XK40__PPS_Mapping104
0x06EA	0x5033      	MOVF        FARG___Lib_PPS_4XK40__PPS_Mapping_rp_num, 0 
0x06EC	0x0A1E      	XORLW       30
0x06EE	0xB4D8      	BTFSC       STATUS, 2 
0x06F0	0xD778      	BRA         L___Lib_PPS_4XK40__PPS_Mapping105
0x06F2	0x5033      	MOVF        FARG___Lib_PPS_4XK40__PPS_Mapping_rp_num, 0 
0x06F4	0x0A1F      	XORLW       31
0x06F6	0xB4D8      	BTFSC       STATUS, 2 
0x06F8	0xD77A      	BRA         L___Lib_PPS_4XK40__PPS_Mapping106
L___Lib_PPS_4XK40__PPS_Mapping74:
0x06FA	0x0EFF      	MOVLW       255
0x06FC	0x6E00      	MOVWF       R0 
L_end__PPS_Mapping:
0x06FE	0x0012      	RETURN      0
; end of __Lib_PPS_4XK40__PPS_Mapping
__Lib_UART_Remappable_12_UART1_Init_Static:
0x0700	0x8A9E      	BSF         TXSTA1, 5 
0x0702	0x0E90      	MOVLW       144
0x0704	0x6E9D      	MOVWF       RCSTA1 
L___Lib_UART_Remappable_12_UART1_Init_Static0:
0x0706	0x010E      	MOVLB       14
0x0708	0xABCD      	BTFSS       PIR3, 5, 1
0x070A	0xD003      	BRA         L___Lib_UART_Remappable_12_UART1_Init_Static1
0x070C	0xF000CF99  	MOVFF       RCREG1, R0
0x0710	0xD7FA      	BRA         L___Lib_UART_Remappable_12_UART1_Init_Static0
L___Lib_UART_Remappable_12_UART1_Init_Static1:
L_end_UART1_Init_Static:
0x0712	0x0012      	RETURN      0
; end of __Lib_UART_Remappable_12_UART1_Init_Static
__Lib_UART_Remappable_12_UART1_Write_Static:
L___Lib_UART_Remappable_12_UART1_Write_Static3:
0x0714	0xB29E      	BTFSC       TXSTA1, 1 
0x0716	0xD002      	BRA         L___Lib_UART_Remappable_12_UART1_Write_Static4
0x0718	0x0000      	NOP
0x071A	0xD7FC      	BRA         L___Lib_UART_Remappable_12_UART1_Write_Static3
L___Lib_UART_Remappable_12_UART1_Write_Static4:
0x071C	0xFF9AC030  	MOVFF       FARG___Lib_UART_Remappable_12_UART1_Write_Static_data_, TXREG1
L_end_UART1_Write_Static:
0x0720	0x0012      	RETURN      0
; end of __Lib_UART_Remappable_12_UART1_Write_Static
_UART1_Remappable_Init:
0x0722	0x0EFF      	MOVLW       _UART1_Remappable_Read
0x0724	0x6E33      	MOVWF       FARG_UART_Set_Active_read_ptr 
0x0726	0x0EFF      	MOVLW       hi_addr(_UART1_Remappable_Read)
0x0728	0x6E34      	MOVWF       FARG_UART_Set_Active_read_ptr+1 
0x072A	0x0E00      	MOVLW       0
0x072C	0x6E35      	MOVWF       FARG_UART_Set_Active_read_ptr+2 
0x072E	0x0E00      	MOVLW       0
0x0730	0x6E36      	MOVWF       FARG_UART_Set_Active_read_ptr+3 
0x0732	0x0EE2      	MOVLW       _UART1_Remappable_Write
0x0734	0x6E37      	MOVWF       FARG_UART_Set_Active_write_ptr 
0x0736	0x0E08      	MOVLW       hi_addr(_UART1_Remappable_Write)
0x0738	0x6E38      	MOVWF       FARG_UART_Set_Active_write_ptr+1 
0x073A	0x0E2F      	MOVLW       FARG_UART1_Remappable_Write_data_
0x073C	0x6E39      	MOVWF       FARG_UART_Set_Active_write_ptr+2 
0x073E	0x0E00      	MOVLW       hi_addr(FARG_UART1_Remappable_Write_data_)
0x0740	0x6E3A      	MOVWF       FARG_UART_Set_Active_write_ptr+3 
0x0742	0x0EFF      	MOVLW       _UART1_Remappable_Data_Ready
0x0744	0x6E3B      	MOVWF       FARG_UART_Set_Active_ready_ptr 
0x0746	0x0EFF      	MOVLW       hi_addr(_UART1_Remappable_Data_Ready)
0x0748	0x6E3C      	MOVWF       FARG_UART_Set_Active_ready_ptr+1 
0x074A	0x0E00      	MOVLW       0
0x074C	0x6E3D      	MOVWF       FARG_UART_Set_Active_ready_ptr+2 
0x074E	0x0E00      	MOVLW       0
0x0750	0x6E3E      	MOVWF       FARG_UART_Set_Active_ready_ptr+3 
0x0752	0x0EFF      	MOVLW       _UART1_Remappable_Tx_Idle
0x0754	0x6E3F      	MOVWF       FARG_UART_Set_Active_tx_idle_ptr 
0x0756	0x0EFF      	MOVLW       hi_addr(_UART1_Remappable_Tx_Idle)
0x0758	0x6E40      	MOVWF       FARG_UART_Set_Active_tx_idle_ptr+1 
0x075A	0x0E00      	MOVLW       0
0x075C	0x6E41      	MOVWF       FARG_UART_Set_Active_tx_idle_ptr+2 
0x075E	0x0E00      	MOVLW       0
0x0760	0x6E42      	MOVWF       FARG_UART_Set_Active_tx_idle_ptr+3 
0x0762	0xDCDA      	RCALL       _UART_Set_Active
0x0764	0xDFCD      	RCALL       __Lib_UART_Remappable_12_UART1_Init_Static
L_end_UART1_Remappable_Init:
0x0766	0x0012      	RETURN      0
; end of _UART1_Remappable_Init
_PPS_Mapping_NoLock:
0x0768	0xF033C030  	MOVFF       FARG_PPS_Mapping_NoLock_rp_num, FARG___Lib_PPS_4XK40__PPS_Mapping_rp_num
0x076C	0xF034C031  	MOVFF       FARG_PPS_Mapping_NoLock_input_output, FARG___Lib_PPS_4XK40__PPS_Mapping_input_output
0x0770	0xF035C032  	MOVFF       FARG_PPS_Mapping_NoLock_funct_name, FARG___Lib_PPS_4XK40__PPS_Mapping_funct_name
0x0774	0x6A36      	CLRF        FARG___Lib_PPS_4XK40__PPS_Mapping_lock 
0x0776	0xDCF1      	RCALL       __Lib_PPS_4XK40__PPS_Mapping
L_end_PPS_Mapping_NoLock:
0x0778	0x0012      	RETURN      0
; end of _PPS_Mapping_NoLock
_InitInterrupt:
0x077A	0x0E33      	MOVLW       51
0x077C	0x010E      	MOVLB       14
0x077E	0x6FC2      	MOVWF       PIE0, 1
0x0780	0x6BCA      	CLRF        PIR0, 1
0x0782	0x0E20      	MOVLW       32
0x0784	0x6FC5      	MOVWF       PIE3, 1
0x0786	0x0E05      	MOVLW       5
0x0788	0x6FC6      	MOVWF       PIE4, 1
0x078A	0x6BCE      	CLRF        PIR4, 1
0x078C	0x0E90      	MOVLW       144
0x078E	0x6ED5      	MOVWF       T0CON0 
0x0790	0x0E40      	MOVLW       64
0x0792	0x6ED6      	MOVWF       T0CON1 
0x0794	0x0EEC      	MOVLW       236
0x0796	0x6ED4      	MOVWF       TMR0H 
0x0798	0x0E78      	MOVLW       120
0x079A	0x6ED3      	MOVWF       TMR0L 
0x079C	0x0E03      	MOVLW       3
0x079E	0x6ECF      	MOVWF       T1CON 
0x07A0	0x6AD0      	CLRF        T1GCON 
0x07A2	0x0E01      	MOVLW       1
0x07A4	0x6ED2      	MOVWF       TMR1CLK 
0x07A6	0x0E3C      	MOVLW       60
0x07A8	0x6ECE      	MOVWF       TMR1H 
0x07AA	0x0EB0      	MOVLW       176
0x07AC	0x6ECD      	MOVWF       TMR1L 
0x07AE	0x0E33      	MOVLW       51
0x07B0	0x6EC9      	MOVWF       T3CON 
0x07B2	0x6ACA      	CLRF        T3GCON 
0x07B4	0x0E01      	MOVLW       1
0x07B6	0x6ECC      	MOVWF       TMR3CLK 
0x07B8	0x0E0B      	MOVLW       11
0x07BA	0x6EC8      	MOVWF       TMR3H 
0x07BC	0x0EDC      	MOVLW       220
0x07BE	0x6EC7      	MOVWF       TMR3L 
0x07C0	0x0E03      	MOVLW       3
0x07C2	0x010F      	MOVLB       15
0x07C4	0x6F1B      	MOVWF       IOCCN, 1
0x07C6	0x0E03      	MOVLW       3
0x07C8	0x6F1C      	MOVWF       IOCCP, 1
0x07CA	0x6B1A      	CLRF        IOCCF, 1
0x07CC	0x010E      	MOVLB       14
0x07CE	0x9BCA      	BCF         PIR0, 5, 1
0x07D0	0x0EC3      	MOVLW       195
0x07D2	0x6EF2      	MOVWF       INTCON 
L_end_InitInterrupt:
0x07D4	0x0012      	RETURN      0
; end of _InitInterrupt
___CC2DW:
0x07D6	0x8E81      	BSF         NVMCON1, 7, 0
_CC2DL_Loop1:
0x07D8	0x0009      	TBLRD*+
0x07DA	0xFFE6CFF5  	MOVFF       TABLAT, POSTINC1
0x07DE	0x0600      	DECF        R0, 1, 0
0x07E0	0xE1FB      	BNZ         _CC2DL_Loop1
0x07E2	0x0601      	DECF        R1, 1, 0
0x07E4	0xE1F9      	BNZ         _CC2DL_Loop1
L_end___CC2DW:
0x07E6	0x0012      	RETURN      0
; end of ___CC2DW
_InitMCU:
0x07E8	0x0E70      	MOVLW       112
0x07EA	0x010E      	MOVLB       14
0x07EC	0x6FD8      	MOVWF       OSCCON1, 1
0x07EE	0x0E80      	MOVLW       128
0x07F0	0x6FDC      	MOVWF       OSCEN, 1
0x07F2	0x6A60      	CLRF        ADCON0 
0x07F4	0x010F      	MOVLB       15
0x07F6	0x6B21      	CLRF        ANSELC, 1
0x07F8	0x6B2E      	CLRF        ANSELE, 1
0x07FA	0x6B11      	CLRF        ANSELA, 1
0x07FC	0x6B19      	CLRF        ANSELB, 1
0x07FE	0x0E03      	MOVLW       3
0x0800	0x6E8A      	MOVWF       TRISC 
0x0802	0x6A8C      	CLRF        TRISE 
0x0804	0x0E80      	MOVLW       128
0x0806	0x6E88      	MOVWF       TRISA 
0x0808	0x8689      	BSF         TRISB, 3 
0x080A	0x9889      	BCF         TRISB, 4 
0x080C	0x6A8F      	CLRF        PORTC 
0x080E	0x6A91      	CLRF        PORTE 
0x0810	0x0E10      	MOVLW       16
0x0812	0x6E8D      	MOVWF       PORTA 
0x0814	0x6A85      	CLRF        LATC 
0x0816	0x6A87      	CLRF        LATE 
0x0818	0x0E10      	MOVLW       16
0x081A	0x6E83      	MOVWF       LATA 
0x081C	0x6A84      	CLRF        LATB 
0x081E	0x0E03      	MOVLW       3
0x0820	0x6F20      	MOVWF       WPUC, 1
0x0822	0x0E03      	MOVLW       3
0x0824	0x6F1D      	MOVWF       INLVLC, 1
0x0826	0x6B39      	CLRF        CM1CON0, 1
0x0828	0x6B35      	CLRF        CM2CON0, 1
0x082A	0xDC6F      	RCALL       _Unlock_IOLOCK
0x082C	0x0E24      	MOVLW       36
0x082E	0x6E30      	MOVWF       FARG_PPS_Mapping_NoLock_rp_num 
0x0830	0x0E01      	MOVLW       1
0x0832	0x6E31      	MOVWF       FARG_PPS_Mapping_NoLock_input_output 
0x0834	0x0E1A      	MOVLW       26
0x0836	0x6E32      	MOVWF       FARG_PPS_Mapping_NoLock_funct_name 
0x0838	0xDF97      	RCALL       _PPS_Mapping_NoLock
0x083A	0x0E25      	MOVLW       37
0x083C	0x6E30      	MOVWF       FARG_PPS_Mapping_NoLock_rp_num 
0x083E	0x6A31      	CLRF        FARG_PPS_Mapping_NoLock_input_output 
0x0840	0x0E1B      	MOVLW       27
0x0842	0x6E32      	MOVWF       FARG_PPS_Mapping_NoLock_funct_name 
0x0844	0xDF91      	RCALL       _PPS_Mapping_NoLock
0x0846	0xDC5A      	RCALL       _Lock_IOLOCK
0x0848	0x869F      	BSF         BAUDCON, 3, 0
0x084A	0x0E08      	MOVLW       8
0x084C	0x6E9B      	MOVWF       SPBRG 
0x084E	0x0E02      	MOVLW       2
0x0850	0x6E9C      	MOVWF       SPBRG+1 
0x0852	0x849E      	BSF         TXSTA, 2, 0
0x0854	0xDF66      	RCALL       _UART1_Remappable_Init
0x0856	0x0E03      	MOVLW       3
0x0858	0x6E0B      	MOVWF       R11, 0
0x085A	0x0E8A      	MOVLW       138
0x085C	0x6E0C      	MOVWF       R12, 0
0x085E	0x0E55      	MOVLW       85
0x0860	0x6E0D      	MOVWF       R13, 0
L_InitMCU41:
0x0862	0x2E0D      	DECFSZ      R13, 1, 0
0x0864	0xD7FE      	BRA         L_InitMCU41
0x0866	0x2E0C      	DECFSZ      R12, 1, 0
0x0868	0xD7FC      	BRA         L_InitMCU41
0x086A	0x2E0B      	DECFSZ      R11, 1, 0
0x086C	0xD7FA      	BRA         L_InitMCU41
0x086E	0x0000      	NOP
0x0870	0x0000      	NOP
L_end_InitMCU:
0x0872	0x0012      	RETURN      0
; end of _InitMCU
_Events:
0x0874	0xD015      	BRA         L_Events21
L_Events23:
0x0876	0x9A1D      	BCF         _interruptC0, BitPos(_interruptC0+0) 
0x0878	0xD018      	BRA         L_Events22
L_Events24:
0x087A	0xD009      	BRA         L_Events25
L_Events27:
0x087C	0x8E1D      	BSF         _sn_PosEdge_1, BitPos(_sn_PosEdge_1+0) 
0x087E	0x921D      	BCF         _sn_NegEdge_1, BitPos(_sn_NegEdge_1+0) 
0x0880	0xD00B      	BRA         L_Events26
L_Events28:
0x0882	0x9E1D      	BCF         _sn_PosEdge_1, BitPos(_sn_PosEdge_1+0) 
0x0884	0x821D      	BSF         _sn_NegEdge_1, BitPos(_sn_NegEdge_1+0) 
0x0886	0xD008      	BRA         L_Events26
L_Events29:
0x0888	0x9E1D      	BCF         _sn_PosEdge_1, BitPos(_sn_PosEdge_1+0) 
0x088A	0x821D      	BSF         _sn_NegEdge_1, BitPos(_sn_NegEdge_1+0) 
0x088C	0xD005      	BRA         L_Events26
L_Events25:
0x088E	0xA08F      	BTFSS       PORTC, 0 
0x0890	0xD7F5      	BRA         L_Events27
0x0892	0xB08F      	BTFSC       PORTC, 0 
0x0894	0xD7F6      	BRA         L_Events28
0x0896	0xD7F8      	BRA         L_Events29
L_Events26:
0x0898	0x9A1D      	BCF         _interruptC0, BitPos(_interruptC0+0) 
0x089A	0xD007      	BRA         L_Events22
L_Events30:
0x089C	0x9A1D      	BCF         _interruptC0, BitPos(_interruptC0+0) 
0x089E	0xD005      	BRA         L_Events22
L_Events21:
0x08A0	0xAA1D      	BTFSS       _interruptC0, BitPos(_interruptC0+0) 
0x08A2	0xD7E9      	BRA         L_Events23
0x08A4	0xBA1D      	BTFSC       _interruptC0, BitPos(_interruptC0+0) 
0x08A6	0xD7E9      	BRA         L_Events24
0x08A8	0xD7F9      	BRA         L_Events30
L_Events22:
0x08AA	0xD015      	BRA         L_Events31
L_Events33:
0x08AC	0x961D      	BCF         _interruptC1, BitPos(_interruptC1+0) 
0x08AE	0xD018      	BRA         L_Events32
L_Events34:
0x08B0	0xD009      	BRA         L_Events35
L_Events37:
0x08B2	0x801D      	BSF         _sn_PosEdge_2, BitPos(_sn_PosEdge_2+0) 
0x08B4	0x941D      	BCF         _sn_NegEdge_2, BitPos(_sn_NegEdge_2+0) 
0x08B6	0xD00B      	BRA         L_Events36
L_Events38:
0x08B8	0x901D      	BCF         _sn_PosEdge_2, BitPos(_sn_PosEdge_2+0) 
0x08BA	0x841D      	BSF         _sn_NegEdge_2, BitPos(_sn_NegEdge_2+0) 
0x08BC	0xD008      	BRA         L_Events36
L_Events39:
0x08BE	0x901D      	BCF         _sn_PosEdge_2, BitPos(_sn_PosEdge_2+0) 
0x08C0	0x841D      	BSF         _sn_NegEdge_2, BitPos(_sn_NegEdge_2+0) 
0x08C2	0xD005      	BRA         L_Events36
L_Events35:
0x08C4	0xA28F      	BTFSS       PORTC, 1 
0x08C6	0xD7F5      	BRA         L_Events37
0x08C8	0xB28F      	BTFSC       PORTC, 1 
0x08CA	0xD7F6      	BRA         L_Events38
0x08CC	0xD7F8      	BRA         L_Events39
L_Events36:
0x08CE	0x961D      	BCF         _interruptC1, BitPos(_interruptC1+0) 
0x08D0	0xD007      	BRA         L_Events32
L_Events40:
0x08D2	0x961D      	BCF         _interruptC1, BitPos(_interruptC1+0) 
0x08D4	0xD005      	BRA         L_Events32
L_Events31:
0x08D6	0xA61D      	BTFSS       _interruptC1, BitPos(_interruptC1+0) 
0x08D8	0xD7E9      	BRA         L_Events33
0x08DA	0xB61D      	BTFSC       _interruptC1, BitPos(_interruptC1+0) 
0x08DC	0xD7E9      	BRA         L_Events34
0x08DE	0xD7F9      	BRA         L_Events40
L_Events32:
L_end_Events:
0x08E0	0x0012      	RETURN      0
; end of _Events
_UART1_Remappable_Write:
0x08E2	0xF030C02F  	MOVFF       FARG_UART1_Remappable_Write_data_, FARG___Lib_UART_Remappable_12_UART1_Write_Static_data_
0x08E6	0xDF16      	RCALL       __Lib_UART_Remappable_12_UART1_Write_Static
L_end_UART1_Remappable_Write:
0x08E8	0x0012      	RETURN      0
; end of _UART1_Remappable_Write
_main:
0x08EA	0x6A17      	CLRF        _counter1 
0x08EC	0x6A18      	CLRF        24 
0x08EE	0x6A19      	CLRF        _counter2 
0x08F0	0x6A1A      	CLRF        26 
0x08F2	0x6A1B      	CLRF        _counter 
0x08F4	0x6A1C      	CLRF        28 
0x08F6	0xDF41      	RCALL       _InitInterrupt
0x08F8	0xDF77      	RCALL       _InitMCU
L_main13:
0x08FA	0x7487      	BTG         LATE, 2 
0x08FC	0x0E65      	MOVLW       101
0x08FE	0x6E2F      	MOVWF       FARG_UART1_Remappable_Write_data_ 
0x0900	0xDFF0      	RCALL       _UART1_Remappable_Write
0x0902	0x0E06      	MOVLW       6
0x0904	0x6E0B      	MOVWF       R11, 0
0x0906	0x0E13      	MOVLW       19
0x0908	0x6E0C      	MOVWF       R12, 0
0x090A	0x0EAD      	MOVLW       173
0x090C	0x6E0D      	MOVWF       R13, 0
L_main15:
0x090E	0x2E0D      	DECFSZ      R13, 1, 0
0x0910	0xD7FE      	BRA         L_main15
0x0912	0x2E0C      	DECFSZ      R12, 1, 0
0x0914	0xD7FC      	BRA         L_main15
0x0916	0x2E0B      	DECFSZ      R11, 1, 0
0x0918	0xD7FA      	BRA         L_main15
0x091A	0x0000      	NOP
0x091C	0x0000      	NOP
0x091E	0xDFAA      	RCALL       _Events
0x0920	0xD006      	BRA         L_main16
L_main18:
0x0922	0x9287      	BCF         LATE, 1 
0x0924	0xD009      	BRA         L_main17
L_main19:
0x0926	0x8287      	BSF         LATE, 1 
0x0928	0xD007      	BRA         L_main17
L_main20:
0x092A	0x9287      	BCF         LATE, 1 
0x092C	0xD005      	BRA         L_main17
L_main16:
0x092E	0xAE1D      	BTFSS       _sn_PosEdge_1, BitPos(_sn_PosEdge_1+0) 
0x0930	0xD7F8      	BRA         L_main18
0x0932	0xBE1D      	BTFSC       _sn_PosEdge_1, BitPos(_sn_PosEdge_1+0) 
0x0934	0xD7F8      	BRA         L_main19
0x0936	0xD7F9      	BRA         L_main20
L_main17:
0x0938	0xD7E0      	BRA         L_main13
L_end_main:
0x093A	0xD7FF      	BRA         $+0
; end of _main
Symbol List:
//** Routines locations **
//ADDRESS    SIZE    PROCEDURE
//----------------------------------------------
0x0008     [244]    _interrupt
0x00FC      [14]    _Lock_IOLOCK
0x010A      [14]    _Unlock_IOLOCK
0x0118      [66]    _UART_Set_Active
0x015A    [1446]    __Lib_PPS_4XK40__PPS_Mapping
0x0700      [20]    __Lib_UART_Remappable_12_UART1_Init_Static
0x0714      [14]    __Lib_UART_Remappable_12_UART1_Write_Static
0x0722      [70]    _UART1_Remappable_Init
0x0768      [18]    _PPS_Mapping_NoLock
0x077A      [92]    _InitInterrupt
0x07D6      [18]    ___CC2DW
0x07E8     [140]    _InitMCU
0x0874     [110]    _Events
0x08E2       [8]    _UART1_Remappable_Write
0x08EA      [82]    _main
//** Variables locations ** 
//ADDRESS    SIZE    VARIABLE
//----------------------------------------------
0x0000       [1]    __Lib_UART_Remappable_12_UART1_Init_Static_tmp_L0
0x0000       [1]    R0
0x0000       [1]    __Lib_UART_Remappable_12_UART2_Init_Static_tmp_L0
0x0001       [1]    __Lib_UART_Remappable_12_UART2_Read_Static___tmp_UART_Read_L0
0x0001       [1]    R1
0x0001       [1]    __Lib_UART_Remappable_12_UART1_Read_Static___tmp_UART_Read_L0
0x0002       [1]    R2
0x0003       [1]    R3
0x0004       [1]    R4
0x0005       [1]    R5
0x0006       [1]    R6
0x0007       [1]    R7
0x0008       [1]    R8
0x0009       [1]    R9
0x000A       [1]    R10
0x000B       [1]    R11
0x000C       [1]    R12
0x000D       [1]    R13
0x000E       [1]    R14
0x000F       [1]    R15
0x0010       [1]    R16
0x0011       [1]    R17
0x0012       [1]    R18
0x0013       [1]    R19
0x0014       [1]    R20
0x0017       [2]    _counter1
0x0019       [2]    _counter2
0x001B       [2]    _counter
0x001D       [0]    _sn_NegEdge_2
0x001D       [0]    _timer3
0x001D       [0]    _timer1
0x001D       [0]    _sn_PosEdge_1
0x001D       [0]    _interruptC1
0x001D       [0]    _sn_NegEdge_1
0x001D       [0]    _sn_PosEdge_2
0x001D       [0]    _interruptC0
0x001E       [4]    _UART_Wr_Ptr
0x0022       [4]    _UART_Tx_Idle_Ptr
0x0026       [4]    _UART_Rdy_Ptr
0x002A       [4]    _UART_Rd_Ptr
0x002E       [0]    _timer0
0x002F       [1]    FARG_UART1_Remappable_Write_data_
0x0030       [1]    FARG_PPS_Mapping_NoLock_rp_num
0x0030       [1]    FARG___Lib_UART_Remappable_12_UART1_Write_Static_data_
0x0031       [1]    FARG_PPS_Mapping_NoLock_input_output
0x0032       [1]    FARG_PPS_Mapping_NoLock_funct_name
0x0033       [4]    FARG_UART_Set_Active_read_ptr
0x0033       [1]    FARG___Lib_PPS_4XK40__PPS_Mapping_rp_num
0x0034       [1]    FARG___Lib_PPS_4XK40__PPS_Mapping_input_output
0x0035       [1]    FARG___Lib_PPS_4XK40__PPS_Mapping_funct_name
0x0036       [1]    FARG___Lib_PPS_4XK40__PPS_Mapping_lock
0x0037       [4]    FARG_UART_Set_Active_write_ptr
0x003B       [4]    FARG_UART_Set_Active_ready_ptr
0x003F       [4]    FARG_UART_Set_Active_tx_idle_ptr
0x0E8D       [1]    RX2PPS
0x0E8E       [1]    TX2PPS
0x0E8F       [1]    SSP2CLKPPS
0x0E90       [1]    SSP2DATPPS
0x0E91       [1]    SSP2SSPPS
0x0EA0       [1]    PPSLOCK
0x0EA0       [0]    PPSLOCKED_bit
0x0EA1       [1]    INT0PPS
0x0EA2       [1]    INT1PPS
0x0EA3       [1]    INT2PPS
0x0EA4       [1]    T0CKIPPS
0x0EA5       [1]    T1CKIPPS
0x0EA6       [1]    T1GPPS
0x0EA7       [1]    T3CKIPPS
0x0EA8       [1]    T3GPPS
0x0EA9       [1]    T5CKIPPS
0x0EAA       [1]    T5GPPS
0x0EAB       [1]    T2INPPS
0x0EAC       [1]    T4INPPS
0x0EAD       [1]    T6INPPS
0x0EAE       [1]    ADACTPPS
0x0EAF       [1]    CCP1PPS
0x0EB0       [1]    CCP2PPS
0x0EB1       [1]    CWG1PPS
0x0EB2       [1]    MDCARLPPS
0x0EB3       [1]    MDCARHPPS
0x0EB4       [1]    MDSRCPPS
0x0EB5       [1]    RX1PPS
0x0EB6       [1]    TX1PPS
0x0EB7       [1]    SSP1CLKPPS
0x0EB8       [1]    SSP1DATPPS
0x0EB9       [1]    SSP1SSPPS
0x0EC2       [0]    IOCIE_bit
0x0EC2       [1]    PIE0
0x0EC5       [1]    PIE3
0x0EC6       [1]    PIE4
0x0ECA       [1]    PIR0
0x0ECD       [1]    PIR3
0x0ECE       [1]    PIR4
0x0ED8       [1]    OSCCON1
0x0EDC       [1]    OSCEN
0x0EE7       [1]    RA0PPS
0x0EE8       [1]    RA1PPS
0x0EE9       [1]    RA2PPS
0x0EEA       [1]    RA3PPS
0x0EEB       [1]    RA4PPS
0x0EEC       [1]    RA5PPS
0x0EED       [1]    RA6PPS
0x0EEE       [1]    RA7PPS
0x0EEF       [1]    RB0PPS
0x0EF0       [1]    RB1PPS
0x0EF1       [1]    RB2PPS
0x0EF2       [1]    RB3PPS
0x0EF3       [1]    RB4PPS
0x0EF4       [1]    RB5PPS
0x0EF5       [1]    RB6PPS
0x0EF6       [1]    RB7PPS
0x0EF7       [1]    RC0PPS
0x0EF8       [1]    RC1PPS
0x0EF9       [1]    RC2PPS
0x0EFA       [1]    RC3PPS
0x0EFB       [1]    RC4PPS
0x0EFC       [1]    RC5PPS
0x0EFD       [1]    RC6PPS
0x0EFE       [1]    RC7PPS
0x0EFF       [1]    RD0PPS
0x0F00       [1]    RD1PPS
0x0F01       [1]    RD2PPS
0x0F02       [1]    RD3PPS
0x0F03       [1]    RD4PPS
0x0F04       [1]    RD5PPS
0x0F05       [1]    RD6PPS
0x0F06       [1]    RD7PPS
0x0F11       [1]    ANSELA
0x0F19       [1]    ANSELB
0x0F1A       [1]    IOCCF
0x0F1B       [1]    IOCCN
0x0F1C       [1]    IOCCP
0x0F1D       [1]    INLVLC
0x0F20       [1]    WPUC
0x0F21       [1]    ANSELC
0x0F2E       [1]    ANSELE
0x0F35       [1]    CM2CON0
0x0F39       [1]    CM1CON0
0x0F60       [1]    ADCON0
0x0F81       [1]    NVMCON1
0x0F83       [1]    LATA
0x0F84       [1]    LATB
0x0F85       [1]    LATC
0x0F87       [1]    LATE
0x0F88       [0]    TRISA5_bit
0x0F88       [0]    TRISA0_bit
0x0F88       [1]    TRISA
0x0F88       [0]    TRISA7_bit
0x0F88       [0]    TRISA4_bit
0x0F88       [0]    TRISA2_bit
0x0F88       [0]    TRISA3_bit
0x0F88       [0]    TRISA6_bit
0x0F88       [0]    TRISA1_bit
0x0F89       [0]    TRISB0_bit
0x0F89       [0]    TRISB2_bit
0x0F89       [0]    TRISB5_bit
0x0F89       [0]    TRISB1_bit
0x0F89       [1]    TRISB
0x0F89       [0]    TRISB6_bit
0x0F89       [0]    TRISB4_bit
0x0F89       [0]    TRISB3_bit
0x0F89       [0]    TRISB7_bit
0x0F8A       [1]    TRISC
0x0F8A       [0]    TRISC6_bit
0x0F8A       [0]    TRISC1_bit
0x0F8A       [0]    TRISC7_bit
0x0F8A       [0]    TRISC5_bit
0x0F8A       [0]    TRISC2_bit
0x0F8A       [0]    TRISC4_bit
0x0F8A       [0]    TRISC0_bit
0x0F8A       [0]    TRISC3_bit
0x0F8B       [0]    TRISD2_bit
0x0F8B       [0]    TRISD3_bit
0x0F8B       [0]    TRISD4_bit
0x0F8B       [0]    TRISD5_bit
0x0F8B       [0]    TRISD7_bit
0x0F8B       [0]    TRISD6_bit
0x0F8B       [0]    TRISD1_bit
0x0F8B       [0]    TRISD0_bit
0x0F8C       [1]    TRISE
0x0F8D       [1]    PORTA
0x0F8F       [1]    PORTC
0x0F91       [1]    PORTE
0x0F99       [1]    RCREG1
0x0F9A       [1]    TXREG1
0x0F9B       [2]    SPBRG
0x0F9C       [1]    SPBRGH
0x0F9D       [1]    RCSTA1
0x0F9E       [1]    TXSTA
0x0F9E       [1]    TXSTA1
0x0F9F       [1]    BAUDCON
0x0FC7       [1]    TMR3L
0x0FC8       [1]    TMR3H
0x0FC9       [1]    T3CON
0x0FCA       [1]    T3GCON
0x0FCC       [1]    TMR3CLK
0x0FCD       [1]    TMR1L
0x0FCE       [1]    TMR1H
0x0FCF       [1]    T1CON
0x0FD0       [1]    T1GCON
0x0FD2       [1]    TMR1CLK
0x0FD3       [1]    TMR0L
0x0FD4       [1]    TMR0H
0x0FD5       [1]    T0CON0
0x0FD6       [1]    T0CON1
0x0FD8       [1]    STATUS
0x0FD9       [1]    FSR2L
0x0FDA       [1]    FSR2H
0x0FDE       [1]    POSTINC2
0x0FE0       [1]    BSR
0x0FE1       [1]    FSR1L
0x0FE2       [1]    FSR1H
0x0FE4       [1]    PREINC1
0x0FE6       [1]    POSTINC1
0x0FE7       [1]    INDF1
0x0FE8       [1]    WREG
0x0FE9       [1]    FSR0L
0x0FEA       [1]    FSR0H
0x0FEE       [1]    POSTINC0
0x0FF2       [1]    INTCON
0x0FF3       [1]    PRODL
0x0FF4       [1]    PRODH
0x0FF5       [1]    TABLAT
0x0FF6       [1]    TBLPTRL
0x0FF7       [1]    TBLPTRH
0x0FF8       [1]    TBLPTRU
