;  LST file generated by mikroListExporter - v.2.0 
; Date/Time: 3/26/2024 5:28:20 PM
;----------------------------------------------

;Address Opcode 	ASM
0x0000	0xF001EF22  	GOTO        580
_interrupt:
0x0008	0x010F      	MOVLB       15
0x000A	0xA11A      	BTFSS       IOCCF, 0, 1
0x000C	0xD006      	BRA         L_interrupt2
0x000E	0x010E      	MOVLB       14
0x0010	0xA9C2      	BTFSS       IOCIE_bit, BitPos(IOCIE_bit+0), 1
0x0012	0xD003      	BRA         L_interrupt2
L__interrupt93:
0x0014	0x010F      	MOVLB       15
0x0016	0x911A      	BCF         IOCCF, 0, 1
0x0018	0x8816      	BSF         _interruptC0, BitPos(_interruptC0+0) 
L_interrupt2:
0x001A	0x010F      	MOVLB       15
0x001C	0xA31A      	BTFSS       IOCCF, 1, 1
0x001E	0xD006      	BRA         L_interrupt5
0x0020	0x010E      	MOVLB       14
0x0022	0xA9C2      	BTFSS       IOCIE_bit, BitPos(IOCIE_bit+0), 1
0x0024	0xD003      	BRA         L_interrupt5
L__interrupt92:
0x0026	0x010F      	MOVLB       15
0x0028	0x931A      	BCF         IOCCF, 1, 1
0x002A	0x8E16      	BSF         _interruptC1, BitPos(_interruptC1+0) 
L_interrupt5:
L_end_interrupt:
L__interrupt111:
0x002C	0x0011      	RETFIE      1
; end of _interrupt
_InitMCU:
0x002E	0x0E0F      	MOVLW       15
0x0030	0x010F      	MOVLB       15
0x0032	0x6F59      	MOVWF       ADCON1, 1
0x0034	0x6B21      	CLRF        ANSELC, 1
0x0036	0x6B2E      	CLRF        ANSELE, 1
0x0038	0x6B11      	CLRF        ANSELA, 1
0x003A	0x0E03      	MOVLW       3
0x003C	0x6E8A      	MOVWF       TRISC 
0x003E	0x6A8C      	CLRF        TRISE 
0x0040	0x0E80      	MOVLW       128
0x0042	0x6E88      	MOVWF       TRISA 
0x0044	0x6A8F      	CLRF        PORTC 
0x0046	0x6A91      	CLRF        PORTE 
0x0048	0x0E10      	MOVLW       16
0x004A	0x6E8D      	MOVWF       PORTA 
0x004C	0x6A85      	CLRF        LATC 
0x004E	0x6A87      	CLRF        LATE 
0x0050	0x0E10      	MOVLW       16
0x0052	0x6E83      	MOVWF       LATA 
0x0054	0x0E03      	MOVLW       3
0x0056	0x6F20      	MOVWF       WPUC, 1
0x0058	0x0E03      	MOVLW       3
0x005A	0x6F1D      	MOVWF       INLVLC, 1
0x005C	0x6B39      	CLRF        CM1CON0, 1
0x005E	0x6B35      	CLRF        CM2CON0, 1
L_end_InitMCU:
0x0060	0x0012      	RETURN      0
; end of _InitMCU
_Events:
0x0062	0xA816      	BTFSS       _interruptC0, BitPos(_interruptC0+0) 
0x0064	0xD009      	BRA         L_Events84
0x0066	0xA08F      	BTFSS       PORTC, 0 
0x0068	0xD003      	BRA         L_Events85
0x006A	0x9616      	BCF         _sn_PosEdge_1, BitPos(_sn_PosEdge_1+0) 
0x006C	0x8A16      	BSF         _sn_NegEdge_1, BitPos(_sn_NegEdge_1+0) 
0x006E	0xD002      	BRA         L_Events86
L_Events85:
0x0070	0x8616      	BSF         _sn_PosEdge_1, BitPos(_sn_PosEdge_1+0) 
0x0072	0x9A16      	BCF         _sn_NegEdge_1, BitPos(_sn_NegEdge_1+0) 
L_Events86:
0x0074	0x9816      	BCF         _interruptC0, BitPos(_interruptC0+0) 
0x0076	0xD00D      	BRA         L_Events87
L_Events84:
0x0078	0xAE16      	BTFSS       _interruptC1, BitPos(_interruptC1+0) 
0x007A	0xD009      	BRA         L_Events88
0x007C	0xA28F      	BTFSS       PORTC, 1 
0x007E	0xD003      	BRA         L_Events89
0x0080	0x9C16      	BCF         _sn_PosEdge_2, BitPos(_sn_PosEdge_2+0) 
0x0082	0x8016      	BSF         _sn_NegEdge_2, BitPos(_sn_NegEdge_2+0) 
0x0084	0xD002      	BRA         L_Events90
L_Events89:
0x0086	0x8C16      	BSF         _sn_PosEdge_2, BitPos(_sn_PosEdge_2+0) 
0x0088	0x9016      	BCF         _sn_NegEdge_2, BitPos(_sn_NegEdge_2+0) 
L_Events90:
0x008A	0x9E16      	BCF         _interruptC1, BitPos(_interruptC1+0) 
0x008C	0xD002      	BRA         L_Events91
L_Events88:
0x008E	0x9816      	BCF         _interruptC0, BitPos(_interruptC0+0) 
0x0090	0x9E16      	BCF         _interruptC1, BitPos(_interruptC1+0) 
L_Events91:
L_Events87:
L_end_Events:
0x0092	0x0012      	RETURN      0
; end of _Events
_FSM:
0x0094	0xD09D      	BRA         L_FSM13
L_FSM15:
0x0096	0x9A83      	BCF         LATA, 5 
0x0098	0x9087      	BCF         LATE, 0 
0x009A	0x9287      	BCF         LATE, 1 
0x009C	0x9216      	BCF         _sn_GoTo, BitPos(_sn_GoTo+0) 
0x009E	0xA616      	BTFSS       _sn_PosEdge_1, BitPos(_sn_PosEdge_1+0) 
0x00A0	0xD005      	BRA         L_FSM18
0x00A2	0xA416      	BTFSS       _clock0, BitPos(_clock0+0) 
0x00A4	0xD003      	BRA         L_FSM18
L__FSM109:
0x00A6	0x0E06      	MOVLW       6
0x00A8	0x6E17      	MOVWF       _next_state 
0x00AA	0xD000      	BRA         L_FSM19
L_FSM18:
L_FSM19:
0x00AC	0xD0AA      	BRA         L_FSM14
L_FSM20:
0x00AE	0x8A83      	BSF         LATA, 5 
0x00B0	0x8087      	BSF         LATE, 0 
0x00B2	0x9287      	BCF         LATE, 1 
0x00B4	0x8018      	BSF         _GT1, BitPos(_GT1+0) 
0x00B6	0x9218      	BCF         _GT2, BitPos(_GT2+0) 
0x00B8	0x9418      	BCF         _GT3, BitPos(_GT3+0) 
0x00BA	0xAA16      	BTFSS       _sn_NegEdge_1, BitPos(_sn_NegEdge_1+0) 
0x00BC	0xD004      	BRA         L_FSM23
0x00BE	0xA416      	BTFSS       _clock0, BitPos(_clock0+0) 
0x00C0	0xD002      	BRA         L_FSM23
L__FSM108:
0x00C2	0x6A17      	CLRF        _next_state 
0x00C4	0xD007      	BRA         L_FSM24
L_FSM23:
0x00C6	0xAC16      	BTFSS       _sn_PosEdge_2, BitPos(_sn_PosEdge_2+0) 
0x00C8	0xD005      	BRA         L_FSM27
0x00CA	0xA416      	BTFSS       _clock0, BitPos(_clock0+0) 
0x00CC	0xD003      	BRA         L_FSM27
L__FSM107:
0x00CE	0x0E04      	MOVLW       4
0x00D0	0x6E17      	MOVWF       _next_state 
0x00D2	0xD000      	BRA         L_FSM28
L_FSM27:
L_FSM28:
L_FSM24:
0x00D4	0xD096      	BRA         L_FSM14
L_FSM29:
0x00D6	0x9A83      	BCF         LATA, 5 
0x00D8	0x8087      	BSF         LATE, 0 
0x00DA	0x8287      	BSF         LATE, 1 
0x00DC	0x9018      	BCF         _GT1, BitPos(_GT1+0) 
0x00DE	0x8218      	BSF         _GT2, BitPos(_GT2+0) 
0x00E0	0x9418      	BCF         _GT3, BitPos(_GT3+0) 
0x00E2	0xAA16      	BTFSS       _sn_NegEdge_1, BitPos(_sn_NegEdge_1+0) 
0x00E4	0xD004      	BRA         L_FSM32
0x00E6	0xA416      	BTFSS       _clock0, BitPos(_clock0+0) 
0x00E8	0xD002      	BRA         L_FSM32
L__FSM106:
0x00EA	0x6A17      	CLRF        _next_state 
0x00EC	0xD007      	BRA         L_FSM33
L_FSM32:
0x00EE	0xAC16      	BTFSS       _sn_PosEdge_2, BitPos(_sn_PosEdge_2+0) 
0x00F0	0xD005      	BRA         L_FSM36
0x00F2	0xA416      	BTFSS       _clock0, BitPos(_clock0+0) 
0x00F4	0xD003      	BRA         L_FSM36
L__FSM105:
0x00F6	0x0E04      	MOVLW       4
0x00F8	0x6E17      	MOVWF       _next_state 
0x00FA	0xD000      	BRA         L_FSM37
L_FSM36:
L_FSM37:
L_FSM33:
0x00FC	0xD082      	BRA         L_FSM14
L_FSM38:
0x00FE	0x8A83      	BSF         LATA, 5 
0x0100	0x9087      	BCF         LATE, 0 
0x0102	0x8287      	BSF         LATE, 1 
0x0104	0x9018      	BCF         _GT1, BitPos(_GT1+0) 
0x0106	0x9218      	BCF         _GT2, BitPos(_GT2+0) 
0x0108	0x8418      	BSF         _GT3, BitPos(_GT3+0) 
0x010A	0xAA16      	BTFSS       _sn_NegEdge_1, BitPos(_sn_NegEdge_1+0) 
0x010C	0xD004      	BRA         L_FSM41
0x010E	0xA416      	BTFSS       _clock0, BitPos(_clock0+0) 
0x0110	0xD002      	BRA         L_FSM41
L__FSM104:
0x0112	0x6A17      	CLRF        _next_state 
0x0114	0xD007      	BRA         L_FSM42
L_FSM41:
0x0116	0xAC16      	BTFSS       _sn_PosEdge_2, BitPos(_sn_PosEdge_2+0) 
0x0118	0xD005      	BRA         L_FSM45
0x011A	0xA416      	BTFSS       _clock0, BitPos(_clock0+0) 
0x011C	0xD003      	BRA         L_FSM45
L__FSM103:
0x011E	0x0E04      	MOVLW       4
0x0120	0x6E17      	MOVWF       _next_state 
0x0122	0xD000      	BRA         L_FSM46
L_FSM45:
L_FSM46:
L_FSM42:
0x0124	0xD06E      	BRA         L_FSM14
L_FSM47:
0x0126	0x8A83      	BSF         LATA, 5 
0x0128	0x8087      	BSF         LATE, 0 
0x012A	0x8287      	BSF         LATE, 1 
0x012C	0xAA16      	BTFSS       _sn_NegEdge_1, BitPos(_sn_NegEdge_1+0) 
0x012E	0xD004      	BRA         L_FSM50
0x0130	0xA416      	BTFSS       _clock0, BitPos(_clock0+0) 
0x0132	0xD002      	BRA         L_FSM50
L__FSM102:
0x0134	0x6A17      	CLRF        _next_state 
0x0136	0xD008      	BRA         L_FSM51
L_FSM50:
0x0138	0xA016      	BTFSS       _sn_NegEdge_2, BitPos(_sn_NegEdge_2+0) 
0x013A	0xD006      	BRA         L_FSM54
0x013C	0xA416      	BTFSS       _clock0, BitPos(_clock0+0) 
0x013E	0xD004      	BRA         L_FSM54
L__FSM101:
0x0140	0x0E05      	MOVLW       5
0x0142	0x6E17      	MOVWF       _next_state 
0x0144	0x8216      	BSF         _sn_GoTo, BitPos(_sn_GoTo+0) 
0x0146	0xD000      	BRA         L_FSM55
L_FSM54:
L_FSM55:
L_FSM51:
0x0148	0xD05C      	BRA         L_FSM14
L_FSM56:
0x014A	0xA216      	BTFSS       _sn_GoTo, BitPos(_sn_GoTo+0) 
0x014C	0xD007      	BRA         L_FSM59
0x014E	0xA018      	BTFSS       _GT1, BitPos(_GT1+0) 
0x0150	0xD005      	BRA         L_FSM59
0x0152	0xA416      	BTFSS       _clock0, BitPos(_clock0+0) 
0x0154	0xD003      	BRA         L_FSM59
L__FSM100:
0x0156	0x0E02      	MOVLW       2
0x0158	0x6E17      	MOVWF       _next_state 
0x015A	0xD012      	BRA         L_FSM60
L_FSM59:
0x015C	0xA216      	BTFSS       _sn_GoTo, BitPos(_sn_GoTo+0) 
0x015E	0xD007      	BRA         L_FSM63
0x0160	0xA218      	BTFSS       _GT2, BitPos(_GT2+0) 
0x0162	0xD005      	BRA         L_FSM63
0x0164	0xA416      	BTFSS       _clock0, BitPos(_clock0+0) 
0x0166	0xD003      	BRA         L_FSM63
L__FSM99:
0x0168	0x0E03      	MOVLW       3
0x016A	0x6E17      	MOVWF       _next_state 
0x016C	0xD009      	BRA         L_FSM64
L_FSM63:
0x016E	0xA216      	BTFSS       _sn_GoTo, BitPos(_sn_GoTo+0) 
0x0170	0xD007      	BRA         L_FSM67
0x0172	0xA418      	BTFSS       _GT3, BitPos(_GT3+0) 
0x0174	0xD005      	BRA         L_FSM67
0x0176	0xA416      	BTFSS       _clock0, BitPos(_clock0+0) 
0x0178	0xD003      	BRA         L_FSM67
L__FSM98:
0x017A	0x0E01      	MOVLW       1
0x017C	0x6E17      	MOVWF       _next_state 
0x017E	0xD000      	BRA         L_FSM68
L_FSM67:
L_FSM68:
L_FSM64:
L_FSM60:
0x0180	0xD040      	BRA         L_FSM14
L_FSM69:
0x0182	0xA616      	BTFSS       _sn_PosEdge_1, BitPos(_sn_PosEdge_1+0) 
0x0184	0xD01B      	BRA         L_FSM70
0x0186	0xA018      	BTFSS       _GT1, BitPos(_GT1+0) 
0x0188	0xD007      	BRA         L_FSM73
0x018A	0xA416      	BTFSS       _clock0, BitPos(_clock0+0) 
0x018C	0xD005      	BRA         L_FSM73
L__FSM97:
0x018E	0x0E02      	MOVLW       2
0x0190	0x6E17      	MOVWF       _next_state 
0x0192	0x9218      	BCF         _GT2, BitPos(_GT2+0) 
0x0194	0x9418      	BCF         _GT3, BitPos(_GT3+0) 
0x0196	0xD012      	BRA         L_FSM74
L_FSM73:
0x0198	0xA218      	BTFSS       _GT2, BitPos(_GT2+0) 
0x019A	0xD007      	BRA         L_FSM77
0x019C	0xA416      	BTFSS       _clock0, BitPos(_clock0+0) 
0x019E	0xD005      	BRA         L_FSM77
L__FSM96:
0x01A0	0x0E03      	MOVLW       3
0x01A2	0x6E17      	MOVWF       _next_state 
0x01A4	0x9018      	BCF         _GT1, BitPos(_GT1+0) 
0x01A6	0x9418      	BCF         _GT3, BitPos(_GT3+0) 
0x01A8	0xD009      	BRA         L_FSM78
L_FSM77:
0x01AA	0xA418      	BTFSS       _GT3, BitPos(_GT3+0) 
0x01AC	0xD007      	BRA         L_FSM81
0x01AE	0xA416      	BTFSS       _clock0, BitPos(_clock0+0) 
0x01B0	0xD005      	BRA         L_FSM81
L__FSM95:
0x01B2	0x0E01      	MOVLW       1
0x01B4	0x6E17      	MOVWF       _next_state 
0x01B6	0x9018      	BCF         _GT1, BitPos(_GT1+0) 
0x01B8	0x9218      	BCF         _GT2, BitPos(_GT2+0) 
0x01BA	0xD000      	BRA         L_FSM82
L_FSM81:
L_FSM82:
L_FSM78:
L_FSM74:
L_FSM70:
0x01BC	0xD022      	BRA         L_FSM14
L_FSM83:
0x01BE	0x9018      	BCF         _GT1, BitPos(_GT1+0) 
0x01C0	0x9218      	BCF         _GT2, BitPos(_GT2+0) 
0x01C2	0x8418      	BSF         _GT3, BitPos(_GT3+0) 
0x01C4	0x9A83      	BCF         LATA, 5 
0x01C6	0x9087      	BCF         LATE, 0 
0x01C8	0x9287      	BCF         LATE, 1 
0x01CA	0x6A15      	CLRF        _current_state 
0x01CC	0x6A17      	CLRF        _next_state 
0x01CE	0xD019      	BRA         L_FSM14
L_FSM13:
0x01D0	0x5015      	MOVF        _current_state, 0 
0x01D2	0x0A00      	XORLW       0
0x01D4	0xB4D8      	BTFSC       STATUS, 2 
0x01D6	0xD75F      	BRA         L_FSM15
0x01D8	0x5015      	MOVF        _current_state, 0 
0x01DA	0x0A01      	XORLW       1
0x01DC	0xB4D8      	BTFSC       STATUS, 2 
0x01DE	0xD767      	BRA         L_FSM20
0x01E0	0x5015      	MOVF        _current_state, 0 
0x01E2	0x0A02      	XORLW       2
0x01E4	0xB4D8      	BTFSC       STATUS, 2 
0x01E6	0xD777      	BRA         L_FSM29
0x01E8	0x5015      	MOVF        _current_state, 0 
0x01EA	0x0A03      	XORLW       3
0x01EC	0xE088      	BZ          L_FSM38
0x01EE	0x5015      	MOVF        _current_state, 0 
0x01F0	0x0A04      	XORLW       4
0x01F2	0xE099      	BZ          L_FSM47
0x01F4	0x5015      	MOVF        _current_state, 0 
0x01F6	0x0A05      	XORLW       5
0x01F8	0xE0A8      	BZ          L_FSM56
0x01FA	0x5015      	MOVF        _current_state, 0 
0x01FC	0x0A06      	XORLW       6
0x01FE	0xE0C1      	BZ          L_FSM69
0x0200	0xD7DE      	BRA         L_FSM83
L_FSM14:
L_end_FSM:
0x0202	0x0012      	RETURN      0
; end of _FSM
___CC2DW:
0x0204	0x8E81      	BSF         NVMCON1, 7, 0
_CC2DL_Loop1:
0x0206	0x0009      	TBLRD*+
0x0208	0xFFE6CFF5  	MOVFF       TABLAT, POSTINC1
0x020C	0x0600      	DECF        R0, 1, 0
0x020E	0xE1FB      	BNZ         _CC2DL_Loop1
0x0210	0x0601      	DECF        R1, 1, 0
0x0212	0xE1F9      	BNZ         _CC2DL_Loop1
L_end___CC2DW:
0x0214	0x0012      	RETURN      0
; end of ___CC2DW
_InitInterrupt:
0x0216	0x0E30      	MOVLW       48
0x0218	0x010E      	MOVLB       14
0x021A	0x6FC2      	MOVWF       PIE0, 1
0x021C	0x6BCA      	CLRF        PIR0, 1
0x021E	0x0E90      	MOVLW       144
0x0220	0x6ED5      	MOVWF       T0CON0 
0x0222	0x0E40      	MOVLW       64
0x0224	0x6ED6      	MOVWF       T0CON1 
0x0226	0x0E3C      	MOVLW       60
0x0228	0x6ED4      	MOVWF       TMR0H 
0x022A	0x0EB0      	MOVLW       176
0x022C	0x6ED3      	MOVWF       TMR0L 
0x022E	0x0E03      	MOVLW       3
0x0230	0x010F      	MOVLB       15
0x0232	0x6F1B      	MOVWF       IOCCN, 1
0x0234	0x0E03      	MOVLW       3
0x0236	0x6F1C      	MOVWF       IOCCP, 1
0x0238	0x6B1A      	CLRF        IOCCF, 1
0x023A	0x010E      	MOVLB       14
0x023C	0x9BCA      	BCF         PIR0, 5, 1
0x023E	0x0EC0      	MOVLW       192
0x0240	0x6EF2      	MOVWF       INTCON 
L_end_InitInterrupt:
0x0242	0x0012      	RETURN      0
; end of _InitInterrupt
_main:
0x0244	0xDFE8      	RCALL       _InitInterrupt
0x0246	0xDEF3      	RCALL       _InitMCU
L_main6:
0x0248	0xDF0C      	RCALL       _Events
0x024A	0xB816      	BTFSC       _interruptC0, BitPos(_interruptC0+0) 
0x024C	0xD7FD      	BRA         L_main6
0x024E	0xBE16      	BTFSC       _interruptC1, BitPos(_interruptC1+0) 
0x0250	0xD7FB      	BRA         L_main6
L__main94:
L_main11:
0x0252	0xF015C017  	MOVFF       _next_state, _current_state
0x0256	0xDF1E      	RCALL       _FSM
0x0258	0xD7FC      	BRA         L_main11
L_end_main:
0x025A	0xD7FF      	BRA         $+0
; end of _main
Symbol List:
//** Routines locations **
//ADDRESS    SIZE    PROCEDURE
//----------------------------------------------
0x0008      [38]    _interrupt
0x002E      [52]    _InitMCU
0x0062      [50]    _Events
0x0094     [368]    _FSM
0x0204      [18]    ___CC2DW
0x0216      [46]    _InitInterrupt
0x0244      [24]    _main
//** Variables locations ** 
//ADDRESS    SIZE    VARIABLE
//----------------------------------------------
0x0000       [1]    R0
0x0001       [1]    R1
0x0002       [1]    R2
0x0003       [1]    R3
0x0004       [1]    R4
0x0005       [1]    R5
0x0006       [1]    R6
0x0007       [1]    R7
0x0008       [1]    R8
0x0009       [1]    R9
0x000A       [1]    R10
0x000B       [1]    R11
0x000C       [1]    R12
0x000D       [1]    R13
0x000E       [1]    R14
0x000F       [1]    R15
0x0010       [1]    R16
0x0011       [1]    R17
0x0012       [1]    R18
0x0013       [1]    R19
0x0014       [1]    R20
0x0015       [1]    _current_state
0x0016       [0]    _sn_GoTo
0x0016       [0]    _sn_PosEdge_2
0x0016       [0]    _sn_NegEdge_1
0x0016       [0]    _sn_NegEdge_2
0x0016       [0]    _sn_PosEdge_1
0x0016       [0]    _clock0
0x0016       [0]    _interruptC0
0x0016       [0]    _interruptC1
0x0017       [1]    _next_state
0x0018       [0]    _GT2
0x0018       [0]    _GT1
0x0018       [0]    _GT3
0x0EC2       [1]    PIE0
0x0EC2       [0]    IOCIE_bit
0x0ECA       [1]    PIR0
0x0F11       [1]    ANSELA
0x0F1A       [1]    IOCCF
0x0F1B       [1]    IOCCN
0x0F1C       [1]    IOCCP
0x0F1D       [1]    INLVLC
0x0F20       [1]    WPUC
0x0F21       [1]    ANSELC
0x0F2E       [1]    ANSELE
0x0F35       [1]    CM2CON0
0x0F39       [1]    CM1CON0
0x0F59       [1]    ADCON1
0x0F81       [1]    NVMCON1
0x0F83       [1]    LATA
0x0F85       [1]    LATC
0x0F87       [1]    LATE
0x0F88       [1]    TRISA
0x0F8A       [1]    TRISC
0x0F8C       [1]    TRISE
0x0F8D       [1]    PORTA
0x0F8F       [1]    PORTC
0x0F91       [1]    PORTE
0x0FD3       [1]    TMR0L
0x0FD4       [1]    TMR0H
0x0FD5       [1]    T0CON0
0x0FD6       [1]    T0CON1
0x0FD8       [1]    STATUS
0x0FD9       [1]    FSR2L
0x0FDA       [1]    FSR2H
0x0FDE       [1]    POSTINC2
0x0FE0       [1]    BSR
0x0FE1       [1]    FSR1L
0x0FE2       [1]    FSR1H
0x0FE4       [1]    PREINC1
0x0FE6       [1]    POSTINC1
0x0FE7       [1]    INDF1
0x0FE8       [1]    WREG
0x0FE9       [1]    FSR0L
0x0FEA       [1]    FSR0H
0x0FEE       [1]    POSTINC0
0x0FF2       [1]    INTCON
0x0FF3       [1]    PRODL
0x0FF4       [1]    PRODH
0x0FF5       [1]    TABLAT
0x0FF6       [1]    TBLPTRL
0x0FF7       [1]    TBLPTRH
0x0FF8       [1]    TBLPTRU
