;  LST file generated by mikroListExporter - v.2.0 
; Date/Time: 3/21/2024 3:08:14 PM
;----------------------------------------------

;Address Opcode 	ASM
0x0000	0xF002EF43  	GOTO        1158
_interrupt:
0x0008	0xF016C000  	MOVFF       R0, 22
0x000C	0xF015C001  	MOVFF       R1, 21
0x0010	0x010E      	MOVLB       14
0x0012	0xABCA      	BTFSS       PIR0, 5, 1
0x0014	0xD01C      	BRA         L_interrupt0
0x0016	0x0EB1      	MOVLW       177
0x0018	0x6ED4      	MOVWF       TMR0H 
0x001A	0x0EE0      	MOVLW       224
0x001C	0x6ED3      	MOVWF       TMR0L 
0x001E	0x9BCA      	BCF         PIR0, 5, 1
0x0020	0x0E01      	MOVLW       1
0x0022	0x2417      	ADDWF       _counter, 0 
0x0024	0x6E00      	MOVWF       R0 
0x0026	0x0E00      	MOVLW       0
0x0028	0x2018      	ADDWFC      _counter+1, 0 
0x002A	0x6E01      	MOVWF       R1 
0x002C	0xF017C000  	MOVFF       R0, _counter
0x0030	0xF018C001  	MOVFF       R1, _counter+1
0x0034	0x0E80      	MOVLW       128
0x0036	0x1818      	XORWF       _counter+1, 0 
0x0038	0x6E00      	MOVWF       R0 
0x003A	0x0E80      	MOVLW       128
0x003C	0x5C00      	SUBWF       R0, 0 
0x003E	0xE102      	BNZ         L__interrupt193
0x0040	0x0E32      	MOVLW       50
0x0042	0x5C17      	SUBWF       _counter, 0 
L__interrupt193:
0x0044	0xE304      	BNC         L_interrupt1
0x0046	0x801A      	BSF         _clock0, BitPos(_clock0+0) 
0x0048	0x9883      	BCF         LATA, 4 
0x004A	0x6A17      	CLRF        _counter 
0x004C	0x6A18      	CLRF        _counter+1 
L_interrupt1:
L_interrupt0:
0x004E	0x010F      	MOVLB       15
0x0050	0xA11A      	BTFSS       IOCCF, 0, 1
0x0052	0xD006      	BRA         L_interrupt4
0x0054	0x010E      	MOVLB       14
0x0056	0xA9C2      	BTFSS       IOCIE_bit, BitPos(IOCIE_bit+0), 1
0x0058	0xD003      	BRA         L_interrupt4
L__interrupt159:
0x005A	0x010F      	MOVLB       15
0x005C	0x911A      	BCF         IOCCF, 0, 1
0x005E	0x801B      	BSF         _interruptC0, BitPos(_interruptC0+0) 
L_interrupt4:
0x0060	0x010F      	MOVLB       15
0x0062	0xA31A      	BTFSS       IOCCF, 1, 1
0x0064	0xD006      	BRA         L_interrupt7
0x0066	0x010E      	MOVLB       14
0x0068	0xA9C2      	BTFSS       IOCIE_bit, BitPos(IOCIE_bit+0), 1
0x006A	0xD003      	BRA         L_interrupt7
L__interrupt158:
0x006C	0x010F      	MOVLB       15
0x006E	0x931A      	BCF         IOCCF, 1, 1
0x0070	0x821B      	BSF         _interruptC1, BitPos(_interruptC1+0) 
L_interrupt7:
L_end_interrupt:
L__interrupt192:
0x0072	0xF000C016  	MOVFF       22, R0
0x0076	0xF001C015  	MOVFF       21, R1
0x007A	0x0011      	RETFIE      1
; end of _interrupt
_InitMCU:
0x007C	0x0E0F      	MOVLW       15
0x007E	0x010F      	MOVLB       15
0x0080	0x6F59      	MOVWF       ADCON1, 1
0x0082	0x6B21      	CLRF        ANSELC, 1
0x0084	0x6B2E      	CLRF        ANSELE, 1
0x0086	0x6B11      	CLRF        ANSELA, 1
0x0088	0x0E03      	MOVLW       3
0x008A	0x6E8A      	MOVWF       TRISC 
0x008C	0x6A8C      	CLRF        TRISE 
0x008E	0x0E80      	MOVLW       128
0x0090	0x6E88      	MOVWF       TRISA 
0x0092	0x6A8F      	CLRF        PORTC 
0x0094	0x6A91      	CLRF        PORTE 
0x0096	0x0E10      	MOVLW       16
0x0098	0x6E8D      	MOVWF       PORTA 
0x009A	0x6A85      	CLRF        LATC 
0x009C	0x6A87      	CLRF        LATE 
0x009E	0x0E10      	MOVLW       16
0x00A0	0x6E83      	MOVWF       LATA 
0x00A2	0x0E03      	MOVLW       3
0x00A4	0x6F20      	MOVWF       WPUC, 1
0x00A6	0x0E03      	MOVLW       3
0x00A8	0x6F1D      	MOVWF       INLVLC, 1
0x00AA	0x6B39      	CLRF        CM1CON0, 1
0x00AC	0x6B35      	CLRF        CM2CON0, 1
L_end_InitMCU:
0x00AE	0x0012      	RETURN      0
; end of _InitMCU
_Events:
0x00B0	0xA01B      	BTFSS       _interruptC0, BitPos(_interruptC0+0) 
0x00B2	0xD009      	BRA         L_Events150
0x00B4	0xA08F      	BTFSS       PORTC, 0 
0x00B6	0xD003      	BRA         L_Events151
0x00B8	0x9E1A      	BCF         _sn_PosEdge_1, BitPos(_sn_PosEdge_1+0) 
0x00BA	0x8C1A      	BSF         _sn_NegEdge_1, BitPos(_sn_NegEdge_1+0) 
0x00BC	0xD002      	BRA         L_Events152
L_Events151:
0x00BE	0x8E1A      	BSF         _sn_PosEdge_1, BitPos(_sn_PosEdge_1+0) 
0x00C0	0x9C1A      	BCF         _sn_NegEdge_1, BitPos(_sn_NegEdge_1+0) 
L_Events152:
0x00C2	0x901B      	BCF         _interruptC0, BitPos(_interruptC0+0) 
0x00C4	0xD00D      	BRA         L_Events153
L_Events150:
0x00C6	0xA21B      	BTFSS       _interruptC1, BitPos(_interruptC1+0) 
0x00C8	0xD009      	BRA         L_Events154
0x00CA	0xA28F      	BTFSS       PORTC, 1 
0x00CC	0xD003      	BRA         L_Events155
0x00CE	0x961B      	BCF         _sn_PosEdge_2, BitPos(_sn_PosEdge_2+0) 
0x00D0	0x841B      	BSF         _sn_NegEdge_2, BitPos(_sn_NegEdge_2+0) 
0x00D2	0xD002      	BRA         L_Events156
L_Events155:
0x00D4	0x861B      	BSF         _sn_PosEdge_2, BitPos(_sn_PosEdge_2+0) 
0x00D6	0x941B      	BCF         _sn_NegEdge_2, BitPos(_sn_NegEdge_2+0) 
L_Events156:
0x00D8	0x921B      	BCF         _interruptC1, BitPos(_interruptC1+0) 
0x00DA	0xD002      	BRA         L_Events157
L_Events154:
0x00DC	0x901B      	BCF         _interruptC0, BitPos(_interruptC0+0) 
0x00DE	0x921B      	BCF         _interruptC1, BitPos(_interruptC1+0) 
L_Events157:
L_Events153:
L_end_Events:
0x00E0	0x0012      	RETURN      0
; end of _Events
_FSM:
0x00E2	0xD183      	BRA         L_FSM15
L_FSM17:
0x00E4	0x9A83      	BCF         LATA, 5 
0x00E6	0x9087      	BCF         LATE, 0 
0x00E8	0x9287      	BCF         LATE, 1 
0x00EA	0x9487      	BCF         LATE, 2 
0x00EC	0x921A      	BCF         _sn_GoTo, BitPos(_sn_GoTo+0) 
0x00EE	0xAE1A      	BTFSS       _sn_PosEdge_1, BitPos(_sn_PosEdge_1+0) 
0x00F0	0xD005      	BRA         L_FSM20
0x00F2	0xA01A      	BTFSS       _clock0, BitPos(_clock0+0) 
0x00F4	0xD003      	BRA         L_FSM20
L__FSM190:
0x00F6	0x0E0A      	MOVLW       10
0x00F8	0x6E19      	MOVWF       _next_state 
0x00FA	0xD001      	BRA         L_FSM21
L_FSM20:
0x00FC	0x6A19      	CLRF        _next_state 
L_FSM21:
0x00FE	0xD1A2      	BRA         L_FSM16
L_FSM22:
0x0100	0x8A83      	BSF         LATA, 5 
0x0102	0x8087      	BSF         LATE, 0 
0x0104	0x9287      	BCF         LATE, 1 
0x0106	0x9487      	BCF         LATE, 2 
0x0108	0x841A      	BSF         _GT1, BitPos(_GT1+0) 
0x010A	0x9A1A      	BCF         _GT2, BitPos(_GT2+0) 
0x010C	0x981A      	BCF         _GT3, BitPos(_GT3+0) 
0x010E	0x961A      	BCF         _GT4, BitPos(_GT4+0) 
0x0110	0x9C1B      	BCF         _GT5, BitPos(_GT5+0) 
0x0112	0x981B      	BCF         _GT6, BitPos(_GT6+0) 
0x0114	0x9A1B      	BCF         _GT7, BitPos(_GT7+0) 
0x0116	0xAC1A      	BTFSS       _sn_NegEdge_1, BitPos(_sn_NegEdge_1+0) 
0x0118	0xD004      	BRA         L_FSM25
0x011A	0xA01A      	BTFSS       _clock0, BitPos(_clock0+0) 
0x011C	0xD002      	BRA         L_FSM25
L__FSM189:
0x011E	0x6A19      	CLRF        _next_state 
0x0120	0xD009      	BRA         L_FSM26
L_FSM25:
0x0122	0xA61B      	BTFSS       _sn_PosEdge_2, BitPos(_sn_PosEdge_2+0) 
0x0124	0xD005      	BRA         L_FSM29
0x0126	0xA01A      	BTFSS       _clock0, BitPos(_clock0+0) 
0x0128	0xD003      	BRA         L_FSM29
L__FSM188:
0x012A	0x0E08      	MOVLW       8
0x012C	0x6E19      	MOVWF       _next_state 
0x012E	0xD002      	BRA         L_FSM30
L_FSM29:
0x0130	0x0E01      	MOVLW       1
0x0132	0x6E19      	MOVWF       _next_state 
L_FSM30:
L_FSM26:
0x0134	0xD187      	BRA         L_FSM16
L_FSM31:
0x0136	0x9A83      	BCF         LATA, 5 
0x0138	0x8087      	BSF         LATE, 0 
0x013A	0x8287      	BSF         LATE, 1 
0x013C	0x9487      	BCF         LATE, 2 
0x013E	0x941A      	BCF         _GT1, BitPos(_GT1+0) 
0x0140	0x8A1A      	BSF         _GT2, BitPos(_GT2+0) 
0x0142	0x981A      	BCF         _GT3, BitPos(_GT3+0) 
0x0144	0x961A      	BCF         _GT4, BitPos(_GT4+0) 
0x0146	0x9C1B      	BCF         _GT5, BitPos(_GT5+0) 
0x0148	0x981B      	BCF         _GT6, BitPos(_GT6+0) 
0x014A	0x9A1B      	BCF         _GT7, BitPos(_GT7+0) 
0x014C	0xAC1A      	BTFSS       _sn_NegEdge_1, BitPos(_sn_NegEdge_1+0) 
0x014E	0xD004      	BRA         L_FSM34
0x0150	0xA01A      	BTFSS       _clock0, BitPos(_clock0+0) 
0x0152	0xD002      	BRA         L_FSM34
L__FSM187:
0x0154	0x6A19      	CLRF        _next_state 
0x0156	0xD009      	BRA         L_FSM35
L_FSM34:
0x0158	0xA61B      	BTFSS       _sn_PosEdge_2, BitPos(_sn_PosEdge_2+0) 
0x015A	0xD005      	BRA         L_FSM38
0x015C	0xA01A      	BTFSS       _clock0, BitPos(_clock0+0) 
0x015E	0xD003      	BRA         L_FSM38
L__FSM186:
0x0160	0x0E08      	MOVLW       8
0x0162	0x6E19      	MOVWF       _next_state 
0x0164	0xD002      	BRA         L_FSM39
L_FSM38:
0x0166	0x0E02      	MOVLW       2
0x0168	0x6E19      	MOVWF       _next_state 
L_FSM39:
L_FSM35:
0x016A	0xD16C      	BRA         L_FSM16
L_FSM40:
0x016C	0x9A83      	BCF         LATA, 5 
0x016E	0x9087      	BCF         LATE, 0 
0x0170	0x8287      	BSF         LATE, 1 
0x0172	0x8487      	BSF         LATE, 2 
0x0174	0x941A      	BCF         _GT1, BitPos(_GT1+0) 
0x0176	0x9A1A      	BCF         _GT2, BitPos(_GT2+0) 
0x0178	0x881A      	BSF         _GT3, BitPos(_GT3+0) 
0x017A	0x961A      	BCF         _GT4, BitPos(_GT4+0) 
0x017C	0x9C1B      	BCF         _GT5, BitPos(_GT5+0) 
0x017E	0x981B      	BCF         _GT6, BitPos(_GT6+0) 
0x0180	0x9A1B      	BCF         _GT7, BitPos(_GT7+0) 
0x0182	0xAC1A      	BTFSS       _sn_NegEdge_1, BitPos(_sn_NegEdge_1+0) 
0x0184	0xD004      	BRA         L_FSM43
0x0186	0xA01A      	BTFSS       _clock0, BitPos(_clock0+0) 
0x0188	0xD002      	BRA         L_FSM43
L__FSM185:
0x018A	0x6A19      	CLRF        _next_state 
0x018C	0xD009      	BRA         L_FSM44
L_FSM43:
0x018E	0xA61B      	BTFSS       _sn_PosEdge_2, BitPos(_sn_PosEdge_2+0) 
0x0190	0xD005      	BRA         L_FSM47
0x0192	0xA01A      	BTFSS       _clock0, BitPos(_clock0+0) 
0x0194	0xD003      	BRA         L_FSM47
L__FSM184:
0x0196	0x0E08      	MOVLW       8
0x0198	0x6E19      	MOVWF       _next_state 
0x019A	0xD002      	BRA         L_FSM48
L_FSM47:
0x019C	0x0E03      	MOVLW       3
0x019E	0x6E19      	MOVWF       _next_state 
L_FSM48:
L_FSM44:
0x01A0	0xD151      	BRA         L_FSM16
L_FSM49:
0x01A2	0x8A83      	BSF         LATA, 5 
0x01A4	0x9087      	BCF         LATE, 0 
0x01A6	0x9287      	BCF         LATE, 1 
0x01A8	0x8487      	BSF         LATE, 2 
0x01AA	0x941A      	BCF         _GT1, BitPos(_GT1+0) 
0x01AC	0x9A1A      	BCF         _GT2, BitPos(_GT2+0) 
0x01AE	0x981A      	BCF         _GT3, BitPos(_GT3+0) 
0x01B0	0x861A      	BSF         _GT4, BitPos(_GT4+0) 
0x01B2	0x9C1B      	BCF         _GT5, BitPos(_GT5+0) 
0x01B4	0x981B      	BCF         _GT6, BitPos(_GT6+0) 
0x01B6	0x9A1B      	BCF         _GT7, BitPos(_GT7+0) 
0x01B8	0xAC1A      	BTFSS       _sn_NegEdge_1, BitPos(_sn_NegEdge_1+0) 
0x01BA	0xD004      	BRA         L_FSM52
0x01BC	0xA01A      	BTFSS       _clock0, BitPos(_clock0+0) 
0x01BE	0xD002      	BRA         L_FSM52
L__FSM183:
0x01C0	0x6A19      	CLRF        _next_state 
0x01C2	0xD009      	BRA         L_FSM53
L_FSM52:
0x01C4	0xA61B      	BTFSS       _sn_PosEdge_2, BitPos(_sn_PosEdge_2+0) 
0x01C6	0xD005      	BRA         L_FSM56
0x01C8	0xA01A      	BTFSS       _clock0, BitPos(_clock0+0) 
0x01CA	0xD003      	BRA         L_FSM56
L__FSM182:
0x01CC	0x0E08      	MOVLW       8
0x01CE	0x6E19      	MOVWF       _next_state 
0x01D0	0xD002      	BRA         L_FSM57
L_FSM56:
0x01D2	0x0E04      	MOVLW       4
0x01D4	0x6E19      	MOVWF       _next_state 
L_FSM57:
L_FSM53:
0x01D6	0xD136      	BRA         L_FSM16
L_FSM58:
0x01D8	0x9A83      	BCF         LATA, 5 
0x01DA	0x8087      	BSF         LATE, 0 
0x01DC	0x8287      	BSF         LATE, 1 
0x01DE	0x9487      	BCF         LATE, 2 
0x01E0	0x941A      	BCF         _GT1, BitPos(_GT1+0) 
0x01E2	0x9A1A      	BCF         _GT2, BitPos(_GT2+0) 
0x01E4	0x981A      	BCF         _GT3, BitPos(_GT3+0) 
0x01E6	0x961A      	BCF         _GT4, BitPos(_GT4+0) 
0x01E8	0x8C1B      	BSF         _GT5, BitPos(_GT5+0) 
0x01EA	0x981B      	BCF         _GT6, BitPos(_GT6+0) 
0x01EC	0x9A1B      	BCF         _GT7, BitPos(_GT7+0) 
0x01EE	0xAC1A      	BTFSS       _sn_NegEdge_1, BitPos(_sn_NegEdge_1+0) 
0x01F0	0xD004      	BRA         L_FSM61
0x01F2	0xA01A      	BTFSS       _clock0, BitPos(_clock0+0) 
0x01F4	0xD002      	BRA         L_FSM61
L__FSM181:
0x01F6	0x6A19      	CLRF        _next_state 
0x01F8	0xD009      	BRA         L_FSM62
L_FSM61:
0x01FA	0xA61B      	BTFSS       _sn_PosEdge_2, BitPos(_sn_PosEdge_2+0) 
0x01FC	0xD005      	BRA         L_FSM65
0x01FE	0xA01A      	BTFSS       _clock0, BitPos(_clock0+0) 
0x0200	0xD003      	BRA         L_FSM65
L__FSM180:
0x0202	0x0E08      	MOVLW       8
0x0204	0x6E19      	MOVWF       _next_state 
0x0206	0xD002      	BRA         L_FSM66
L_FSM65:
0x0208	0x0E05      	MOVLW       5
0x020A	0x6E19      	MOVWF       _next_state 
L_FSM66:
L_FSM62:
0x020C	0xD11B      	BRA         L_FSM16
L_FSM67:
0x020E	0x8A83      	BSF         LATA, 5 
0x0210	0x9087      	BCF         LATE, 0 
0x0212	0x8287      	BSF         LATE, 1 
0x0214	0x9487      	BCF         LATE, 2 
0x0216	0x941A      	BCF         _GT1, BitPos(_GT1+0) 
0x0218	0x9A1A      	BCF         _GT2, BitPos(_GT2+0) 
0x021A	0x981A      	BCF         _GT3, BitPos(_GT3+0) 
0x021C	0x961A      	BCF         _GT4, BitPos(_GT4+0) 
0x021E	0x9C1B      	BCF         _GT5, BitPos(_GT5+0) 
0x0220	0x881B      	BSF         _GT6, BitPos(_GT6+0) 
0x0222	0x9A1B      	BCF         _GT7, BitPos(_GT7+0) 
0x0224	0xAC1A      	BTFSS       _sn_NegEdge_1, BitPos(_sn_NegEdge_1+0) 
0x0226	0xD004      	BRA         L_FSM70
0x0228	0xA01A      	BTFSS       _clock0, BitPos(_clock0+0) 
0x022A	0xD002      	BRA         L_FSM70
L__FSM179:
0x022C	0x6A19      	CLRF        _next_state 
0x022E	0xD009      	BRA         L_FSM71
L_FSM70:
0x0230	0xA61B      	BTFSS       _sn_PosEdge_2, BitPos(_sn_PosEdge_2+0) 
0x0232	0xD005      	BRA         L_FSM74
0x0234	0xA01A      	BTFSS       _clock0, BitPos(_clock0+0) 
0x0236	0xD003      	BRA         L_FSM74
L__FSM178:
0x0238	0x0E08      	MOVLW       8
0x023A	0x6E19      	MOVWF       _next_state 
0x023C	0xD002      	BRA         L_FSM75
L_FSM74:
0x023E	0x0E06      	MOVLW       6
0x0240	0x6E19      	MOVWF       _next_state 
L_FSM75:
L_FSM71:
0x0242	0xD100      	BRA         L_FSM16
L_FSM76:
0x0244	0x9A83      	BCF         LATA, 5 
0x0246	0x8087      	BSF         LATE, 0 
0x0248	0x9287      	BCF         LATE, 1 
0x024A	0x8487      	BSF         LATE, 2 
0x024C	0x941A      	BCF         _GT1, BitPos(_GT1+0) 
0x024E	0x9A1A      	BCF         _GT2, BitPos(_GT2+0) 
0x0250	0x981A      	BCF         _GT3, BitPos(_GT3+0) 
0x0252	0x961A      	BCF         _GT4, BitPos(_GT4+0) 
0x0254	0x9C1B      	BCF         _GT5, BitPos(_GT5+0) 
0x0256	0x981B      	BCF         _GT6, BitPos(_GT6+0) 
0x0258	0x9A1B      	BCF         _GT7, BitPos(_GT7+0) 
0x025A	0xAC1A      	BTFSS       _sn_NegEdge_1, BitPos(_sn_NegEdge_1+0) 
0x025C	0xD004      	BRA         L_FSM79
0x025E	0xA01A      	BTFSS       _clock0, BitPos(_clock0+0) 
0x0260	0xD002      	BRA         L_FSM79
L__FSM177:
0x0262	0x6A19      	CLRF        _next_state 
0x0264	0xD009      	BRA         L_FSM80
L_FSM79:
0x0266	0xA61B      	BTFSS       _sn_PosEdge_2, BitPos(_sn_PosEdge_2+0) 
0x0268	0xD005      	BRA         L_FSM83
0x026A	0xA01A      	BTFSS       _clock0, BitPos(_clock0+0) 
0x026C	0xD003      	BRA         L_FSM83
L__FSM176:
0x026E	0x0E08      	MOVLW       8
0x0270	0x6E19      	MOVWF       _next_state 
0x0272	0xD002      	BRA         L_FSM84
L_FSM83:
0x0274	0x0E07      	MOVLW       7
0x0276	0x6E19      	MOVWF       _next_state 
L_FSM84:
L_FSM80:
0x0278	0xD0E5      	BRA         L_FSM16
L_FSM85:
0x027A	0x8A83      	BSF         LATA, 5 
0x027C	0x8087      	BSF         LATE, 0 
0x027E	0x8287      	BSF         LATE, 1 
0x0280	0x8487      	BSF         LATE, 2 
0x0282	0xAC1A      	BTFSS       _sn_NegEdge_1, BitPos(_sn_NegEdge_1+0) 
0x0284	0xD004      	BRA         L_FSM88
0x0286	0xA01A      	BTFSS       _clock0, BitPos(_clock0+0) 
0x0288	0xD002      	BRA         L_FSM88
L__FSM175:
0x028A	0x6A19      	CLRF        _next_state 
0x028C	0xD00A      	BRA         L_FSM89
L_FSM88:
0x028E	0xA41B      	BTFSS       _sn_NegEdge_2, BitPos(_sn_NegEdge_2+0) 
0x0290	0xD006      	BRA         L_FSM92
0x0292	0xA01A      	BTFSS       _clock0, BitPos(_clock0+0) 
0x0294	0xD004      	BRA         L_FSM92
L__FSM174:
0x0296	0x0E05      	MOVLW       5
0x0298	0x6E19      	MOVWF       _next_state 
0x029A	0x821A      	BSF         _sn_GoTo, BitPos(_sn_GoTo+0) 
0x029C	0xD002      	BRA         L_FSM93
L_FSM92:
0x029E	0x0E08      	MOVLW       8
0x02A0	0x6E19      	MOVWF       _next_state 
L_FSM93:
L_FSM89:
0x02A2	0xD0D0      	BRA         L_FSM16
L_FSM94:
0x02A4	0xA21A      	BTFSS       _sn_GoTo, BitPos(_sn_GoTo+0) 
0x02A6	0xD007      	BRA         L_FSM97
0x02A8	0xA41A      	BTFSS       _GT1, BitPos(_GT1+0) 
0x02AA	0xD005      	BRA         L_FSM97
0x02AC	0xA01A      	BTFSS       _clock0, BitPos(_clock0+0) 
0x02AE	0xD003      	BRA         L_FSM97
L__FSM173:
0x02B0	0x0E02      	MOVLW       2
0x02B2	0x6E19      	MOVWF       _next_state 
0x02B4	0xD038      	BRA         L_FSM98
L_FSM97:
0x02B6	0xA21A      	BTFSS       _sn_GoTo, BitPos(_sn_GoTo+0) 
0x02B8	0xD007      	BRA         L_FSM101
0x02BA	0xAA1A      	BTFSS       _GT2, BitPos(_GT2+0) 
0x02BC	0xD005      	BRA         L_FSM101
0x02BE	0xA01A      	BTFSS       _clock0, BitPos(_clock0+0) 
0x02C0	0xD003      	BRA         L_FSM101
L__FSM172:
0x02C2	0x0E03      	MOVLW       3
0x02C4	0x6E19      	MOVWF       _next_state 
0x02C6	0xD02F      	BRA         L_FSM102
L_FSM101:
0x02C8	0xA21A      	BTFSS       _sn_GoTo, BitPos(_sn_GoTo+0) 
0x02CA	0xD007      	BRA         L_FSM105
0x02CC	0xA81A      	BTFSS       _GT3, BitPos(_GT3+0) 
0x02CE	0xD005      	BRA         L_FSM105
0x02D0	0xA01A      	BTFSS       _clock0, BitPos(_clock0+0) 
0x02D2	0xD003      	BRA         L_FSM105
L__FSM171:
0x02D4	0x0E04      	MOVLW       4
0x02D6	0x6E19      	MOVWF       _next_state 
0x02D8	0xD026      	BRA         L_FSM106
L_FSM105:
0x02DA	0xA21A      	BTFSS       _sn_GoTo, BitPos(_sn_GoTo+0) 
0x02DC	0xD007      	BRA         L_FSM109
0x02DE	0xA61A      	BTFSS       _GT4, BitPos(_GT4+0) 
0x02E0	0xD005      	BRA         L_FSM109
0x02E2	0xA01A      	BTFSS       _clock0, BitPos(_clock0+0) 
0x02E4	0xD003      	BRA         L_FSM109
L__FSM170:
0x02E6	0x0E05      	MOVLW       5
0x02E8	0x6E19      	MOVWF       _next_state 
0x02EA	0xD01D      	BRA         L_FSM110
L_FSM109:
0x02EC	0xA21A      	BTFSS       _sn_GoTo, BitPos(_sn_GoTo+0) 
0x02EE	0xD007      	BRA         L_FSM113
0x02F0	0xAC1B      	BTFSS       _GT5, BitPos(_GT5+0) 
0x02F2	0xD005      	BRA         L_FSM113
0x02F4	0xA01A      	BTFSS       _clock0, BitPos(_clock0+0) 
0x02F6	0xD003      	BRA         L_FSM113
L__FSM169:
0x02F8	0x0E06      	MOVLW       6
0x02FA	0x6E19      	MOVWF       _next_state 
0x02FC	0xD014      	BRA         L_FSM114
L_FSM113:
0x02FE	0xA21A      	BTFSS       _sn_GoTo, BitPos(_sn_GoTo+0) 
0x0300	0xD007      	BRA         L_FSM117
0x0302	0xA81B      	BTFSS       _GT6, BitPos(_GT6+0) 
0x0304	0xD005      	BRA         L_FSM117
0x0306	0xA01A      	BTFSS       _clock0, BitPos(_clock0+0) 
0x0308	0xD003      	BRA         L_FSM117
L__FSM168:
0x030A	0x0E07      	MOVLW       7
0x030C	0x6E19      	MOVWF       _next_state 
0x030E	0xD00B      	BRA         L_FSM118
L_FSM117:
0x0310	0xA21A      	BTFSS       _sn_GoTo, BitPos(_sn_GoTo+0) 
0x0312	0xD007      	BRA         L_FSM121
0x0314	0xAA1B      	BTFSS       _GT7, BitPos(_GT7+0) 
0x0316	0xD005      	BRA         L_FSM121
0x0318	0xA01A      	BTFSS       _clock0, BitPos(_clock0+0) 
0x031A	0xD003      	BRA         L_FSM121
L__FSM167:
0x031C	0x0E01      	MOVLW       1
0x031E	0x6E19      	MOVWF       _next_state 
0x0320	0xD002      	BRA         L_FSM122
L_FSM121:
0x0322	0x0E08      	MOVLW       8
0x0324	0x6E19      	MOVWF       _next_state 
L_FSM122:
L_FSM118:
L_FSM114:
L_FSM110:
L_FSM106:
L_FSM102:
L_FSM98:
0x0326	0xD08E      	BRA         L_FSM16
L_FSM123:
0x0328	0xAE1A      	BTFSS       _sn_PosEdge_1, BitPos(_sn_PosEdge_1+0) 
0x032A	0xD050      	BRA         L_FSM124
0x032C	0xA41A      	BTFSS       _GT1, BitPos(_GT1+0) 
0x032E	0xD00B      	BRA         L_FSM127
0x0330	0xA01A      	BTFSS       _clock0, BitPos(_clock0+0) 
0x0332	0xD009      	BRA         L_FSM127
L__FSM166:
0x0334	0x0E02      	MOVLW       2
0x0336	0x6E19      	MOVWF       _next_state 
0x0338	0x9A1A      	BCF         _GT2, BitPos(_GT2+0) 
0x033A	0x981A      	BCF         _GT3, BitPos(_GT3+0) 
0x033C	0x961A      	BCF         _GT4, BitPos(_GT4+0) 
0x033E	0x9C1B      	BCF         _GT5, BitPos(_GT5+0) 
0x0340	0x981B      	BCF         _GT6, BitPos(_GT6+0) 
0x0342	0x9A1B      	BCF         _GT7, BitPos(_GT7+0) 
0x0344	0xD043      	BRA         L_FSM128
L_FSM127:
0x0346	0xAA1A      	BTFSS       _GT2, BitPos(_GT2+0) 
0x0348	0xD00B      	BRA         L_FSM131
0x034A	0xA01A      	BTFSS       _clock0, BitPos(_clock0+0) 
0x034C	0xD009      	BRA         L_FSM131
L__FSM165:
0x034E	0x0E03      	MOVLW       3
0x0350	0x6E19      	MOVWF       _next_state 
0x0352	0x941A      	BCF         _GT1, BitPos(_GT1+0) 
0x0354	0x981A      	BCF         _GT3, BitPos(_GT3+0) 
0x0356	0x961A      	BCF         _GT4, BitPos(_GT4+0) 
0x0358	0x9C1B      	BCF         _GT5, BitPos(_GT5+0) 
0x035A	0x981B      	BCF         _GT6, BitPos(_GT6+0) 
0x035C	0x9A1B      	BCF         _GT7, BitPos(_GT7+0) 
0x035E	0xD036      	BRA         L_FSM132
L_FSM131:
0x0360	0xA81A      	BTFSS       _GT3, BitPos(_GT3+0) 
0x0362	0xD00B      	BRA         L_FSM135
0x0364	0xA01A      	BTFSS       _clock0, BitPos(_clock0+0) 
0x0366	0xD009      	BRA         L_FSM135
L__FSM164:
0x0368	0x0E04      	MOVLW       4
0x036A	0x6E19      	MOVWF       _next_state 
0x036C	0x941A      	BCF         _GT1, BitPos(_GT1+0) 
0x036E	0x9A1A      	BCF         _GT2, BitPos(_GT2+0) 
0x0370	0x961A      	BCF         _GT4, BitPos(_GT4+0) 
0x0372	0x9C1B      	BCF         _GT5, BitPos(_GT5+0) 
0x0374	0x981B      	BCF         _GT6, BitPos(_GT6+0) 
0x0376	0x9A1B      	BCF         _GT7, BitPos(_GT7+0) 
0x0378	0xD029      	BRA         L_FSM136
L_FSM135:
0x037A	0xA61A      	BTFSS       _GT4, BitPos(_GT4+0) 
0x037C	0xD00B      	BRA         L_FSM139
0x037E	0xA01A      	BTFSS       _clock0, BitPos(_clock0+0) 
0x0380	0xD009      	BRA         L_FSM139
L__FSM163:
0x0382	0x0E05      	MOVLW       5
0x0384	0x6E19      	MOVWF       _next_state 
0x0386	0x941A      	BCF         _GT1, BitPos(_GT1+0) 
0x0388	0x9A1A      	BCF         _GT2, BitPos(_GT2+0) 
0x038A	0x981A      	BCF         _GT3, BitPos(_GT3+0) 
0x038C	0x9C1B      	BCF         _GT5, BitPos(_GT5+0) 
0x038E	0x981B      	BCF         _GT6, BitPos(_GT6+0) 
0x0390	0x9A1B      	BCF         _GT7, BitPos(_GT7+0) 
0x0392	0xD01C      	BRA         L_FSM140
L_FSM139:
0x0394	0xAC1B      	BTFSS       _GT5, BitPos(_GT5+0) 
0x0396	0xD00B      	BRA         L_FSM143
0x0398	0xA01A      	BTFSS       _clock0, BitPos(_clock0+0) 
0x039A	0xD009      	BRA         L_FSM143
L__FSM162:
0x039C	0x0E06      	MOVLW       6
0x039E	0x6E19      	MOVWF       _next_state 
0x03A0	0x941A      	BCF         _GT1, BitPos(_GT1+0) 
0x03A2	0x9A1A      	BCF         _GT2, BitPos(_GT2+0) 
0x03A4	0x981A      	BCF         _GT3, BitPos(_GT3+0) 
0x03A6	0x961A      	BCF         _GT4, BitPos(_GT4+0) 
0x03A8	0x981B      	BCF         _GT6, BitPos(_GT6+0) 
0x03AA	0x9A1B      	BCF         _GT7, BitPos(_GT7+0) 
0x03AC	0xD00F      	BRA         L_FSM144
L_FSM143:
0x03AE	0xA81B      	BTFSS       _GT6, BitPos(_GT6+0) 
0x03B0	0xD00B      	BRA         L_FSM147
0x03B2	0xA01A      	BTFSS       _clock0, BitPos(_clock0+0) 
0x03B4	0xD009      	BRA         L_FSM147
L__FSM161:
0x03B6	0x0E07      	MOVLW       7
0x03B8	0x6E19      	MOVWF       _next_state 
0x03BA	0x941A      	BCF         _GT1, BitPos(_GT1+0) 
0x03BC	0x9A1A      	BCF         _GT2, BitPos(_GT2+0) 
0x03BE	0x981A      	BCF         _GT3, BitPos(_GT3+0) 
0x03C0	0x961A      	BCF         _GT4, BitPos(_GT4+0) 
0x03C2	0x9C1B      	BCF         _GT5, BitPos(_GT5+0) 
0x03C4	0x981B      	BCF         _GT6, BitPos(_GT6+0) 
0x03C6	0xD002      	BRA         L_FSM148
L_FSM147:
0x03C8	0x0E0A      	MOVLW       10
0x03CA	0x6E19      	MOVWF       _next_state 
L_FSM148:
L_FSM144:
L_FSM140:
L_FSM136:
L_FSM132:
L_FSM128:
L_FSM124:
0x03CC	0xD03B      	BRA         L_FSM16
L_FSM149:
0x03CE	0x841A      	BSF         _GT1, BitPos(_GT1+0) 
0x03D0	0x9A1A      	BCF         _GT2, BitPos(_GT2+0) 
0x03D2	0x981A      	BCF         _GT3, BitPos(_GT3+0) 
0x03D4	0x961A      	BCF         _GT4, BitPos(_GT4+0) 
0x03D6	0x9C1B      	BCF         _GT5, BitPos(_GT5+0) 
0x03D8	0x981B      	BCF         _GT6, BitPos(_GT6+0) 
0x03DA	0x9A1B      	BCF         _GT7, BitPos(_GT7+0) 
0x03DC	0x9A83      	BCF         LATA, 5 
0x03DE	0x9087      	BCF         LATE, 0 
0x03E0	0x9287      	BCF         LATE, 1 
0x03E2	0x9487      	BCF         LATE, 2 
0x03E4	0x6A1C      	CLRF        _current_state 
0x03E6	0x6A19      	CLRF        _next_state 
0x03E8	0xD02D      	BRA         L_FSM16
L_FSM15:
0x03EA	0x501C      	MOVF        _current_state, 0 
0x03EC	0x0A00      	XORLW       0
0x03EE	0xB4D8      	BTFSC       STATUS, 2 
0x03F0	0xD679      	BRA         L_FSM17
0x03F2	0x501C      	MOVF        _current_state, 0 
0x03F4	0x0A01      	XORLW       1
0x03F6	0xB4D8      	BTFSC       STATUS, 2 
0x03F8	0xD683      	BRA         L_FSM22
0x03FA	0x501C      	MOVF        _current_state, 0 
0x03FC	0x0A02      	XORLW       2
0x03FE	0xB4D8      	BTFSC       STATUS, 2 
0x0400	0xD69A      	BRA         L_FSM31
0x0402	0x501C      	MOVF        _current_state, 0 
0x0404	0x0A03      	XORLW       3
0x0406	0xB4D8      	BTFSC       STATUS, 2 
0x0408	0xD6B1      	BRA         L_FSM40
0x040A	0x501C      	MOVF        _current_state, 0 
0x040C	0x0A04      	XORLW       4
0x040E	0xB4D8      	BTFSC       STATUS, 2 
0x0410	0xD6C8      	BRA         L_FSM49
0x0412	0x501C      	MOVF        _current_state, 0 
0x0414	0x0A05      	XORLW       5
0x0416	0xB4D8      	BTFSC       STATUS, 2 
0x0418	0xD6DF      	BRA         L_FSM58
0x041A	0x501C      	MOVF        _current_state, 0 
0x041C	0x0A06      	XORLW       6
0x041E	0xB4D8      	BTFSC       STATUS, 2 
0x0420	0xD6F6      	BRA         L_FSM67
0x0422	0x501C      	MOVF        _current_state, 0 
0x0424	0x0A07      	XORLW       7
0x0426	0xB4D8      	BTFSC       STATUS, 2 
0x0428	0xD70D      	BRA         L_FSM76
0x042A	0x501C      	MOVF        _current_state, 0 
0x042C	0x0A08      	XORLW       8
0x042E	0xB4D8      	BTFSC       STATUS, 2 
0x0430	0xD724      	BRA         L_FSM85
0x0432	0x501C      	MOVF        _current_state, 0 
0x0434	0x0A09      	XORLW       9
0x0436	0xB4D8      	BTFSC       STATUS, 2 
0x0438	0xD735      	BRA         L_FSM94
0x043A	0x501C      	MOVF        _current_state, 0 
0x043C	0x0A0A      	XORLW       10
0x043E	0xB4D8      	BTFSC       STATUS, 2 
0x0440	0xD773      	BRA         L_FSM123
0x0442	0xD7C5      	BRA         L_FSM149
L_FSM16:
L_end_FSM:
0x0444	0x0012      	RETURN      0
; end of _FSM
___CC2DW:
0x0446	0x8E81      	BSF         NVMCON1, 7, 0
_CC2DL_Loop1:
0x0448	0x0009      	TBLRD*+
0x044A	0xFFE6CFF5  	MOVFF       TABLAT, POSTINC1
0x044E	0x0600      	DECF        R0, 1, 0
0x0450	0xE1FB      	BNZ         _CC2DL_Loop1
0x0452	0x0601      	DECF        R1, 1, 0
0x0454	0xE1F9      	BNZ         _CC2DL_Loop1
L_end___CC2DW:
0x0456	0x0012      	RETURN      0
; end of ___CC2DW
_InitInterrupt:
0x0458	0x0E30      	MOVLW       48
0x045A	0x010E      	MOVLB       14
0x045C	0x6FC2      	MOVWF       PIE0, 1
0x045E	0x6BCA      	CLRF        PIR0, 1
0x0460	0x0E90      	MOVLW       144
0x0462	0x6ED5      	MOVWF       T0CON0 
0x0464	0x0E40      	MOVLW       64
0x0466	0x6ED6      	MOVWF       T0CON1 
0x0468	0x0EB1      	MOVLW       177
0x046A	0x6ED4      	MOVWF       TMR0H 
0x046C	0x0EE0      	MOVLW       224
0x046E	0x6ED3      	MOVWF       TMR0L 
0x0470	0x0E03      	MOVLW       3
0x0472	0x010F      	MOVLB       15
0x0474	0x6F1B      	MOVWF       IOCCN, 1
0x0476	0x0E03      	MOVLW       3
0x0478	0x6F1C      	MOVWF       IOCCP, 1
0x047A	0x6B1A      	CLRF        IOCCF, 1
0x047C	0x010E      	MOVLB       14
0x047E	0x9BCA      	BCF         PIR0, 5, 1
0x0480	0x0EC0      	MOVLW       192
0x0482	0x6EF2      	MOVWF       INTCON 
L_end_InitInterrupt:
0x0484	0x0012      	RETURN      0
; end of _InitInterrupt
_main:
0x0486	0x6A17      	CLRF        _counter 
0x0488	0x6A18      	CLRF        24 
0x048A	0xDFE6      	RCALL       _InitInterrupt
0x048C	0xDDF7      	RCALL       _InitMCU
L_main8:
0x048E	0xDE10      	RCALL       _Events
0x0490	0xB01B      	BTFSC       _interruptC0, BitPos(_interruptC0+0) 
0x0492	0xD7FD      	BRA         L_main8
0x0494	0xB21B      	BTFSC       _interruptC1, BitPos(_interruptC1+0) 
0x0496	0xD7FB      	BRA         L_main8
L__main160:
L_main13:
0x0498	0xF01CC019  	MOVFF       _next_state, _current_state
0x049C	0xDE22      	RCALL       _FSM
0x049E	0xD7FC      	BRA         L_main13
L_end_main:
0x04A0	0xD7FF      	BRA         $+0
; end of _main
Symbol List:
//** Routines locations **
//ADDRESS    SIZE    PROCEDURE
//----------------------------------------------
0x0008     [116]    _interrupt
0x007C      [52]    _InitMCU
0x00B0      [50]    _Events
0x00E2     [868]    _FSM
0x0446      [18]    ___CC2DW
0x0458      [46]    _InitInterrupt
0x0486      [28]    _main
//** Variables locations ** 
//ADDRESS    SIZE    VARIABLE
//----------------------------------------------
0x0000       [1]    R0
0x0001       [1]    R1
0x0002       [1]    R2
0x0003       [1]    R3
0x0004       [1]    R4
0x0005       [1]    R5
0x0006       [1]    R6
0x0007       [1]    R7
0x0008       [1]    R8
0x0009       [1]    R9
0x000A       [1]    R10
0x000B       [1]    R11
0x000C       [1]    R12
0x000D       [1]    R13
0x000E       [1]    R14
0x000F       [1]    R15
0x0010       [1]    R16
0x0011       [1]    R17
0x0012       [1]    R18
0x0013       [1]    R19
0x0014       [1]    R20
0x0017       [2]    _counter
0x0019       [1]    _next_state
0x001A       [0]    _sn_GoTo
0x001A       [0]    _sn_NegEdge_1
0x001A       [0]    _clock0
0x001A       [0]    _sn_PosEdge_1
0x001A       [0]    _GT1
0x001A       [0]    _GT4
0x001A       [0]    _GT3
0x001A       [0]    _GT2
0x001B       [0]    _sn_PosEdge_2
0x001B       [0]    _sn_NegEdge_2
0x001B       [0]    _interruptC1
0x001B       [0]    _interruptC0
0x001B       [0]    _GT5
0x001B       [0]    _GT7
0x001B       [0]    _GT6
0x001C       [1]    _current_state
0x0EC2       [0]    IOCIE_bit
0x0EC2       [1]    PIE0
0x0ECA       [1]    PIR0
0x0F11       [1]    ANSELA
0x0F1A       [1]    IOCCF
0x0F1B       [1]    IOCCN
0x0F1C       [1]    IOCCP
0x0F1D       [1]    INLVLC
0x0F20       [1]    WPUC
0x0F21       [1]    ANSELC
0x0F2E       [1]    ANSELE
0x0F35       [1]    CM2CON0
0x0F39       [1]    CM1CON0
0x0F59       [1]    ADCON1
0x0F81       [1]    NVMCON1
0x0F83       [1]    LATA
0x0F85       [1]    LATC
0x0F87       [1]    LATE
0x0F88       [1]    TRISA
0x0F8A       [1]    TRISC
0x0F8C       [1]    TRISE
0x0F8D       [1]    PORTA
0x0F8F       [1]    PORTC
0x0F91       [1]    PORTE
0x0FD3       [1]    TMR0L
0x0FD4       [1]    TMR0H
0x0FD5       [1]    T0CON0
0x0FD6       [1]    T0CON1
0x0FD8       [1]    STATUS
0x0FD9       [1]    FSR2L
0x0FDA       [1]    FSR2H
0x0FDE       [1]    POSTINC2
0x0FE0       [1]    BSR
0x0FE1       [1]    FSR1L
0x0FE2       [1]    FSR1H
0x0FE4       [1]    PREINC1
0x0FE6       [1]    POSTINC1
0x0FE7       [1]    INDF1
0x0FE8       [1]    WREG
0x0FE9       [1]    FSR0L
0x0FEA       [1]    FSR0H
0x0FEE       [1]    POSTINC0
0x0FF2       [1]    INTCON
0x0FF3       [1]    PRODL
0x0FF4       [1]    PRODH
0x0FF5       [1]    TABLAT
0x0FF6       [1]    TBLPTRL
0x0FF7       [1]    TBLPTRH
0x0FF8       [1]    TBLPTRU
