;  LST file generated by mikroListExporter - v.2.0 
; Date/Time: 3/25/2024 12:16:55 PM
;----------------------------------------------

;Address Opcode 	ASM
0x0000	0xF004EF3F  	GOTO        2174
_interrupt:
0x0008	0xF016C000  	MOVFF       R0, 22
0x000C	0xF015C001  	MOVFF       R1, 21
0x0010	0x010E      	MOVLB       14
0x0012	0xABCA      	BTFSS       PIR0, 5, 1
0x0014	0xD01C      	BRA         L_interrupt0
0x0016	0x0EB1      	MOVLW       177
0x0018	0x6ED4      	MOVWF       TMR0H 
0x001A	0x0EE0      	MOVLW       224
0x001C	0x6ED3      	MOVWF       TMR0L 
0x001E	0x9BCA      	BCF         PIR0, 5, 1
0x0020	0x0E01      	MOVLW       1
0x0022	0x2419      	ADDWF       _counter, 0 
0x0024	0x6E00      	MOVWF       R0 
0x0026	0x0E00      	MOVLW       0
0x0028	0x201A      	ADDWFC      _counter+1, 0 
0x002A	0x6E01      	MOVWF       R1 
0x002C	0xF019C000  	MOVFF       R0, _counter
0x0030	0xF01AC001  	MOVFF       R1, _counter+1
0x0034	0x0E80      	MOVLW       128
0x0036	0x181A      	XORWF       _counter+1, 0 
0x0038	0x6E00      	MOVWF       R0 
0x003A	0x0E80      	MOVLW       128
0x003C	0x5C00      	SUBWF       R0, 0 
0x003E	0xE102      	BNZ         L__interrupt311
0x0040	0x0E64      	MOVLW       100
0x0042	0x5C19      	SUBWF       _counter, 0 
L__interrupt311:
0x0044	0xE304      	BNC         L_interrupt1
0x0046	0x801C      	BSF         _clock0, BitPos(_clock0+0) 
0x0048	0x9883      	BCF         LATA, 4 
0x004A	0x6A19      	CLRF        _counter 
0x004C	0x6A1A      	CLRF        _counter+1 
L_interrupt1:
L_interrupt0:
0x004E	0x010F      	MOVLB       15
0x0050	0xA11A      	BTFSS       IOCCF, 0, 1
0x0052	0xD006      	BRA         L_interrupt4
0x0054	0x010E      	MOVLB       14
0x0056	0xA9C2      	BTFSS       IOCIE_bit, BitPos(IOCIE_bit+0), 1
0x0058	0xD003      	BRA         L_interrupt4
L__interrupt264:
0x005A	0x010F      	MOVLB       15
0x005C	0x911A      	BCF         IOCCF, 0, 1
0x005E	0x801D      	BSF         _interruptC0, BitPos(_interruptC0+0) 
L_interrupt4:
0x0060	0x010F      	MOVLB       15
0x0062	0xA31A      	BTFSS       IOCCF, 1, 1
0x0064	0xD006      	BRA         L_interrupt7
0x0066	0x010E      	MOVLB       14
0x0068	0xA9C2      	BTFSS       IOCIE_bit, BitPos(IOCIE_bit+0), 1
0x006A	0xD003      	BRA         L_interrupt7
L__interrupt263:
0x006C	0x010F      	MOVLB       15
0x006E	0x931A      	BCF         IOCCF, 1, 1
0x0070	0x821D      	BSF         _interruptC1, BitPos(_interruptC1+0) 
L_interrupt7:
L_end_interrupt:
L__interrupt310:
0x0072	0xF000C016  	MOVFF       22, R0
0x0076	0xF001C015  	MOVFF       21, R1
0x007A	0x0011      	RETFIE      1
; end of _interrupt
_InitMCU:
0x007C	0x0E0F      	MOVLW       15
0x007E	0x010F      	MOVLB       15
0x0080	0x6F59      	MOVWF       ADCON1, 1
0x0082	0x6B21      	CLRF        ANSELC, 1
0x0084	0x6B2E      	CLRF        ANSELE, 1
0x0086	0x6B11      	CLRF        ANSELA, 1
0x0088	0x0E03      	MOVLW       3
0x008A	0x6E8A      	MOVWF       TRISC 
0x008C	0x6A8C      	CLRF        TRISE 
0x008E	0x0E80      	MOVLW       128
0x0090	0x6E88      	MOVWF       TRISA 
0x0092	0x6A8F      	CLRF        PORTC 
0x0094	0x6A91      	CLRF        PORTE 
0x0096	0x0E10      	MOVLW       16
0x0098	0x6E8D      	MOVWF       PORTA 
0x009A	0x6A85      	CLRF        LATC 
0x009C	0x6A87      	CLRF        LATE 
0x009E	0x0E10      	MOVLW       16
0x00A0	0x6E83      	MOVWF       LATA 
0x00A2	0x0E03      	MOVLW       3
0x00A4	0x6F20      	MOVWF       WPUC, 1
0x00A6	0x0E03      	MOVLW       3
0x00A8	0x6F1D      	MOVWF       INLVLC, 1
0x00AA	0x6B39      	CLRF        CM1CON0, 1
0x00AC	0x6B35      	CLRF        CM2CON0, 1
L_end_InitMCU:
0x00AE	0x0012      	RETURN      0
; end of _InitMCU
_Events:
0x00B0	0xA01D      	BTFSS       _interruptC0, BitPos(_interruptC0+0) 
0x00B2	0xD009      	BRA         L_Events255
0x00B4	0xA08F      	BTFSS       PORTC, 0 
0x00B6	0xD003      	BRA         L_Events256
0x00B8	0x9E1C      	BCF         _sn_PosEdge_1, BitPos(_sn_PosEdge_1+0) 
0x00BA	0x8C1C      	BSF         _sn_NegEdge_1, BitPos(_sn_NegEdge_1+0) 
0x00BC	0xD002      	BRA         L_Events257
L_Events256:
0x00BE	0x8E1C      	BSF         _sn_PosEdge_1, BitPos(_sn_PosEdge_1+0) 
0x00C0	0x9C1C      	BCF         _sn_NegEdge_1, BitPos(_sn_NegEdge_1+0) 
L_Events257:
0x00C2	0x901D      	BCF         _interruptC0, BitPos(_interruptC0+0) 
0x00C4	0xD00D      	BRA         L_Events258
L_Events255:
0x00C6	0xA21D      	BTFSS       _interruptC1, BitPos(_interruptC1+0) 
0x00C8	0xD009      	BRA         L_Events259
0x00CA	0xA28F      	BTFSS       PORTC, 1 
0x00CC	0xD003      	BRA         L_Events260
0x00CE	0x961D      	BCF         _sn_PosEdge_2, BitPos(_sn_PosEdge_2+0) 
0x00D0	0x841D      	BSF         _sn_NegEdge_2, BitPos(_sn_NegEdge_2+0) 
0x00D2	0xD002      	BRA         L_Events261
L_Events260:
0x00D4	0x861D      	BSF         _sn_PosEdge_2, BitPos(_sn_PosEdge_2+0) 
0x00D6	0x941D      	BCF         _sn_NegEdge_2, BitPos(_sn_NegEdge_2+0) 
L_Events261:
0x00D8	0x921D      	BCF         _interruptC1, BitPos(_interruptC1+0) 
0x00DA	0xD002      	BRA         L_Events262
L_Events259:
0x00DC	0x901D      	BCF         _interruptC0, BitPos(_interruptC0+0) 
0x00DE	0x921D      	BCF         _interruptC1, BitPos(_interruptC1+0) 
L_Events262:
L_Events258:
L_end_Events:
0x00E0	0x0012      	RETURN      0
; end of _Events
_FSM:
0x00E2	0xD373      	BRA         L_FSM15
L_FSM17:
0x00E4	0x9A83      	BCF         LATA, 5 
0x00E6	0x9087      	BCF         LATE, 0 
0x00E8	0x9287      	BCF         LATE, 1 
0x00EA	0x9487      	BCF         LATE, 2 
0x00EC	0x9084      	BCF         LATB, 0 
0x00EE	0x9A1C      	BCF         _sn_GoTo, BitPos(_sn_GoTo+0) 
0x00F0	0xAE1C      	BTFSS       _sn_PosEdge_1, BitPos(_sn_PosEdge_1+0) 
0x00F2	0xD005      	BRA         L_FSM20
0x00F4	0xA01C      	BTFSS       _clock0, BitPos(_clock0+0) 
0x00F6	0xD003      	BRA         L_FSM20
L__FSM308:
0x00F8	0x0E0D      	MOVLW       13
0x00FA	0x6E1B      	MOVWF       _next_state 
0x00FC	0xD001      	BRA         L_FSM21
L_FSM20:
0x00FE	0x6A1B      	CLRF        _next_state 
L_FSM21:
0x0100	0xD39D      	BRA         L_FSM16
L_FSM22:
0x0102	0xD012      	BRA         L_FSM23
L_FSM25:
0x0104	0x8A83      	BSF         LATA, 5 
0x0106	0x8087      	BSF         LATE, 0 
0x0108	0x9287      	BCF         LATE, 1 
0x010A	0x9487      	BCF         LATE, 2 
0x010C	0x9084      	BCF         LATB, 0 
0x010E	0xD019      	BRA         L_FSM24
L_FSM26:
0x0110	0x8A83      	BSF         LATA, 5 
0x0112	0x8087      	BSF         LATE, 0 
0x0114	0x8287      	BSF         LATE, 1 
0x0116	0x9487      	BCF         LATE, 2 
0x0118	0x9084      	BCF         LATB, 0 
0x011A	0xD013      	BRA         L_FSM24
L_FSM27:
0x011C	0x8A83      	BSF         LATA, 5 
0x011E	0x8087      	BSF         LATE, 0 
0x0120	0x9287      	BCF         LATE, 1 
0x0122	0x9487      	BCF         LATE, 2 
0x0124	0x9084      	BCF         LATB, 0 
0x0126	0xD00D      	BRA         L_FSM24
L_FSM23:
0x0128	0x0E00      	MOVLW       0
0x012A	0x1818      	XORWF       _num+1, 0 
0x012C	0xE102      	BNZ         L__FSM314
0x012E	0x0E02      	MOVLW       2
0x0130	0x1817      	XORWF       _num, 0 
L__FSM314:
0x0132	0xE0E8      	BZ          L_FSM25
0x0134	0x0E00      	MOVLW       0
0x0136	0x1818      	XORWF       _num+1, 0 
0x0138	0xE102      	BNZ         L__FSM315
0x013A	0x0E03      	MOVLW       3
0x013C	0x1817      	XORWF       _num, 0 
L__FSM315:
0x013E	0xE0E8      	BZ          L_FSM26
0x0140	0xD7ED      	BRA         L_FSM27
L_FSM24:
0x0142	0x821C      	BSF         _GT1, BitPos(_GT1+0) 
0x0144	0x981C      	BCF         _GT2, BitPos(_GT2+0) 
0x0146	0x961C      	BCF         _GT3, BitPos(_GT3+0) 
0x0148	0x941C      	BCF         _GT4, BitPos(_GT4+0) 
0x014A	0x981D      	BCF         _GT5, BitPos(_GT5+0) 
0x014C	0x901F      	BCF         _GT6, BitPos(_GT6+0) 
0x014E	0x921F      	BCF         _GT7, BitPos(_GT7+0) 
0x0150	0x9E1D      	BCF         _GT8, BitPos(_GT8+0) 
0x0152	0x9C1D      	BCF         _GT9, BitPos(_GT9+0) 
0x0154	0x9A1D      	BCF         _GT10, BitPos(_GT10+0) 
0x0156	0xAC1C      	BTFSS       _sn_NegEdge_1, BitPos(_sn_NegEdge_1+0) 
0x0158	0xD004      	BRA         L_FSM30
0x015A	0xA01C      	BTFSS       _clock0, BitPos(_clock0+0) 
0x015C	0xD002      	BRA         L_FSM30
L__FSM307:
0x015E	0x6A1B      	CLRF        _next_state 
0x0160	0xD009      	BRA         L_FSM31
L_FSM30:
0x0162	0xA61D      	BTFSS       _sn_PosEdge_2, BitPos(_sn_PosEdge_2+0) 
0x0164	0xD005      	BRA         L_FSM34
0x0166	0xA01C      	BTFSS       _clock0, BitPos(_clock0+0) 
0x0168	0xD003      	BRA         L_FSM34
L__FSM306:
0x016A	0x0E0B      	MOVLW       11
0x016C	0x6E1B      	MOVWF       _next_state 
0x016E	0xD002      	BRA         L_FSM35
L_FSM34:
0x0170	0x0E01      	MOVLW       1
0x0172	0x6E1B      	MOVWF       _next_state 
L_FSM35:
L_FSM31:
0x0174	0xD363      	BRA         L_FSM16
L_FSM36:
0x0176	0xD012      	BRA         L_FSM37
L_FSM39:
0x0178	0x9A83      	BCF         LATA, 5 
0x017A	0x8087      	BSF         LATE, 0 
0x017C	0x8287      	BSF         LATE, 1 
0x017E	0x9487      	BCF         LATE, 2 
0x0180	0x9084      	BCF         LATB, 0 
0x0182	0xD019      	BRA         L_FSM38
L_FSM40:
0x0184	0x9A83      	BCF         LATA, 5 
0x0186	0x8087      	BSF         LATE, 0 
0x0188	0x8287      	BSF         LATE, 1 
0x018A	0x8487      	BSF         LATE, 2 
0x018C	0x9084      	BCF         LATB, 0 
0x018E	0xD013      	BRA         L_FSM38
L_FSM41:
0x0190	0x9A83      	BCF         LATA, 5 
0x0192	0x8087      	BSF         LATE, 0 
0x0194	0x8287      	BSF         LATE, 1 
0x0196	0x9487      	BCF         LATE, 2 
0x0198	0x9084      	BCF         LATB, 0 
0x019A	0xD00D      	BRA         L_FSM38
L_FSM37:
0x019C	0x0E00      	MOVLW       0
0x019E	0x1818      	XORWF       _num+1, 0 
0x01A0	0xE102      	BNZ         L__FSM316
0x01A2	0x0E02      	MOVLW       2
0x01A4	0x1817      	XORWF       _num, 0 
L__FSM316:
0x01A6	0xE0E8      	BZ          L_FSM39
0x01A8	0x0E00      	MOVLW       0
0x01AA	0x1818      	XORWF       _num+1, 0 
0x01AC	0xE102      	BNZ         L__FSM317
0x01AE	0x0E03      	MOVLW       3
0x01B0	0x1817      	XORWF       _num, 0 
L__FSM317:
0x01B2	0xE0E8      	BZ          L_FSM40
0x01B4	0xD7ED      	BRA         L_FSM41
L_FSM38:
0x01B6	0x921C      	BCF         _GT1, BitPos(_GT1+0) 
0x01B8	0x881C      	BSF         _GT2, BitPos(_GT2+0) 
0x01BA	0x961C      	BCF         _GT3, BitPos(_GT3+0) 
0x01BC	0x941C      	BCF         _GT4, BitPos(_GT4+0) 
0x01BE	0x981D      	BCF         _GT5, BitPos(_GT5+0) 
0x01C0	0x901F      	BCF         _GT6, BitPos(_GT6+0) 
0x01C2	0x921F      	BCF         _GT7, BitPos(_GT7+0) 
0x01C4	0x9E1D      	BCF         _GT8, BitPos(_GT8+0) 
0x01C6	0x9C1D      	BCF         _GT9, BitPos(_GT9+0) 
0x01C8	0x9A1D      	BCF         _GT10, BitPos(_GT10+0) 
0x01CA	0xAC1C      	BTFSS       _sn_NegEdge_1, BitPos(_sn_NegEdge_1+0) 
0x01CC	0xD004      	BRA         L_FSM44
0x01CE	0xA01C      	BTFSS       _clock0, BitPos(_clock0+0) 
0x01D0	0xD002      	BRA         L_FSM44
L__FSM305:
0x01D2	0x6A1B      	CLRF        _next_state 
0x01D4	0xD009      	BRA         L_FSM45
L_FSM44:
0x01D6	0xA61D      	BTFSS       _sn_PosEdge_2, BitPos(_sn_PosEdge_2+0) 
0x01D8	0xD005      	BRA         L_FSM48
0x01DA	0xA01C      	BTFSS       _clock0, BitPos(_clock0+0) 
0x01DC	0xD003      	BRA         L_FSM48
L__FSM304:
0x01DE	0x0E0B      	MOVLW       11
0x01E0	0x6E1B      	MOVWF       _next_state 
0x01E2	0xD002      	BRA         L_FSM49
L_FSM48:
0x01E4	0x0E02      	MOVLW       2
0x01E6	0x6E1B      	MOVWF       _next_state 
L_FSM49:
L_FSM45:
0x01E8	0xD329      	BRA         L_FSM16
L_FSM50:
0x01EA	0xD012      	BRA         L_FSM51
L_FSM53:
0x01EC	0x9A83      	BCF         LATA, 5 
0x01EE	0x9087      	BCF         LATE, 0 
0x01F0	0x8287      	BSF         LATE, 1 
0x01F2	0x8487      	BSF         LATE, 2 
0x01F4	0x9084      	BCF         LATB, 0 
0x01F6	0xD019      	BRA         L_FSM52
L_FSM54:
0x01F8	0x9A83      	BCF         LATA, 5 
0x01FA	0x9087      	BCF         LATE, 0 
0x01FC	0x8287      	BSF         LATE, 1 
0x01FE	0x8487      	BSF         LATE, 2 
0x0200	0x8084      	BSF         LATB, 0 
0x0202	0xD013      	BRA         L_FSM52
L_FSM55:
0x0204	0x9A83      	BCF         LATA, 5 
0x0206	0x9087      	BCF         LATE, 0 
0x0208	0x8287      	BSF         LATE, 1 
0x020A	0x8487      	BSF         LATE, 2 
0x020C	0x9084      	BCF         LATB, 0 
0x020E	0xD00D      	BRA         L_FSM52
L_FSM51:
0x0210	0x0E00      	MOVLW       0
0x0212	0x1818      	XORWF       _num+1, 0 
0x0214	0xE102      	BNZ         L__FSM318
0x0216	0x0E02      	MOVLW       2
0x0218	0x1817      	XORWF       _num, 0 
L__FSM318:
0x021A	0xE0E8      	BZ          L_FSM53
0x021C	0x0E00      	MOVLW       0
0x021E	0x1818      	XORWF       _num+1, 0 
0x0220	0xE102      	BNZ         L__FSM319
0x0222	0x0E03      	MOVLW       3
0x0224	0x1817      	XORWF       _num, 0 
L__FSM319:
0x0226	0xE0E8      	BZ          L_FSM54
0x0228	0xD7ED      	BRA         L_FSM55
L_FSM52:
0x022A	0x921C      	BCF         _GT1, BitPos(_GT1+0) 
0x022C	0x981C      	BCF         _GT2, BitPos(_GT2+0) 
0x022E	0x861C      	BSF         _GT3, BitPos(_GT3+0) 
0x0230	0x941C      	BCF         _GT4, BitPos(_GT4+0) 
0x0232	0x981D      	BCF         _GT5, BitPos(_GT5+0) 
0x0234	0x901F      	BCF         _GT6, BitPos(_GT6+0) 
0x0236	0x921F      	BCF         _GT7, BitPos(_GT7+0) 
0x0238	0x9E1D      	BCF         _GT8, BitPos(_GT8+0) 
0x023A	0x9C1D      	BCF         _GT9, BitPos(_GT9+0) 
0x023C	0x9A1D      	BCF         _GT10, BitPos(_GT10+0) 
0x023E	0xAC1C      	BTFSS       _sn_NegEdge_1, BitPos(_sn_NegEdge_1+0) 
0x0240	0xD004      	BRA         L_FSM58
0x0242	0xA01C      	BTFSS       _clock0, BitPos(_clock0+0) 
0x0244	0xD002      	BRA         L_FSM58
L__FSM303:
0x0246	0x6A1B      	CLRF        _next_state 
0x0248	0xD009      	BRA         L_FSM59
L_FSM58:
0x024A	0xA61D      	BTFSS       _sn_PosEdge_2, BitPos(_sn_PosEdge_2+0) 
0x024C	0xD005      	BRA         L_FSM62
0x024E	0xA01C      	BTFSS       _clock0, BitPos(_clock0+0) 
0x0250	0xD003      	BRA         L_FSM62
L__FSM302:
0x0252	0x0E0B      	MOVLW       11
0x0254	0x6E1B      	MOVWF       _next_state 
0x0256	0xD002      	BRA         L_FSM63
L_FSM62:
0x0258	0x0E03      	MOVLW       3
0x025A	0x6E1B      	MOVWF       _next_state 
L_FSM63:
L_FSM59:
0x025C	0xD2EF      	BRA         L_FSM16
L_FSM64:
0x025E	0xD012      	BRA         L_FSM65
L_FSM67:
0x0260	0x9A83      	BCF         LATA, 5 
0x0262	0x9087      	BCF         LATE, 0 
0x0264	0x9287      	BCF         LATE, 1 
0x0266	0x8487      	BSF         LATE, 2 
0x0268	0x8084      	BSF         LATB, 0 
0x026A	0xD019      	BRA         L_FSM66
L_FSM68:
0x026C	0x8A83      	BSF         LATA, 5 
0x026E	0x9087      	BCF         LATE, 0 
0x0270	0x8287      	BSF         LATE, 1 
0x0272	0x9487      	BCF         LATE, 2 
0x0274	0x8084      	BSF         LATB, 0 
0x0276	0xD013      	BRA         L_FSM66
L_FSM69:
0x0278	0x9A83      	BCF         LATA, 5 
0x027A	0x9087      	BCF         LATE, 0 
0x027C	0x9287      	BCF         LATE, 1 
0x027E	0x8487      	BSF         LATE, 2 
0x0280	0x8084      	BSF         LATB, 0 
0x0282	0xD00D      	BRA         L_FSM66
L_FSM65:
0x0284	0x0E00      	MOVLW       0
0x0286	0x1818      	XORWF       _num+1, 0 
0x0288	0xE102      	BNZ         L__FSM320
0x028A	0x0E02      	MOVLW       2
0x028C	0x1817      	XORWF       _num, 0 
L__FSM320:
0x028E	0xE0E8      	BZ          L_FSM67
0x0290	0x0E00      	MOVLW       0
0x0292	0x1818      	XORWF       _num+1, 0 
0x0294	0xE102      	BNZ         L__FSM321
0x0296	0x0E03      	MOVLW       3
0x0298	0x1817      	XORWF       _num, 0 
L__FSM321:
0x029A	0xE0E8      	BZ          L_FSM68
0x029C	0xD7ED      	BRA         L_FSM69
L_FSM66:
0x029E	0x921C      	BCF         _GT1, BitPos(_GT1+0) 
0x02A0	0x981C      	BCF         _GT2, BitPos(_GT2+0) 
0x02A2	0x961C      	BCF         _GT3, BitPos(_GT3+0) 
0x02A4	0x841C      	BSF         _GT4, BitPos(_GT4+0) 
0x02A6	0x981D      	BCF         _GT5, BitPos(_GT5+0) 
0x02A8	0x901F      	BCF         _GT6, BitPos(_GT6+0) 
0x02AA	0x921F      	BCF         _GT7, BitPos(_GT7+0) 
0x02AC	0x9E1D      	BCF         _GT8, BitPos(_GT8+0) 
0x02AE	0x9C1D      	BCF         _GT9, BitPos(_GT9+0) 
0x02B0	0x9A1D      	BCF         _GT10, BitPos(_GT10+0) 
0x02B2	0xAC1C      	BTFSS       _sn_NegEdge_1, BitPos(_sn_NegEdge_1+0) 
0x02B4	0xD004      	BRA         L_FSM72
0x02B6	0xA01C      	BTFSS       _clock0, BitPos(_clock0+0) 
0x02B8	0xD002      	BRA         L_FSM72
L__FSM301:
0x02BA	0x6A1B      	CLRF        _next_state 
0x02BC	0xD009      	BRA         L_FSM73
L_FSM72:
0x02BE	0xA61D      	BTFSS       _sn_PosEdge_2, BitPos(_sn_PosEdge_2+0) 
0x02C0	0xD005      	BRA         L_FSM76
0x02C2	0xA01C      	BTFSS       _clock0, BitPos(_clock0+0) 
0x02C4	0xD003      	BRA         L_FSM76
L__FSM300:
0x02C6	0x0E0B      	MOVLW       11
0x02C8	0x6E1B      	MOVWF       _next_state 
0x02CA	0xD002      	BRA         L_FSM77
L_FSM76:
0x02CC	0x0E04      	MOVLW       4
0x02CE	0x6E1B      	MOVWF       _next_state 
L_FSM77:
L_FSM73:
0x02D0	0xD2B5      	BRA         L_FSM16
L_FSM78:
0x02D2	0xD012      	BRA         L_FSM79
L_FSM81:
0x02D4	0x8A83      	BSF         LATA, 5 
0x02D6	0x9087      	BCF         LATE, 0 
0x02D8	0x8287      	BSF         LATE, 1 
0x02DA	0x9487      	BCF         LATE, 2 
0x02DC	0x9084      	BCF         LATB, 0 
0x02DE	0xD019      	BRA         L_FSM80
L_FSM82:
0x02E0	0x8A83      	BSF         LATA, 5 
0x02E2	0x9087      	BCF         LATE, 0 
0x02E4	0x8287      	BSF         LATE, 1 
0x02E6	0x8487      	BSF         LATE, 2 
0x02E8	0x9084      	BCF         LATB, 0 
0x02EA	0xD013      	BRA         L_FSM80
L_FSM83:
0x02EC	0x8A83      	BSF         LATA, 5 
0x02EE	0x9087      	BCF         LATE, 0 
0x02F0	0x8287      	BSF         LATE, 1 
0x02F2	0x9487      	BCF         LATE, 2 
0x02F4	0x9084      	BCF         LATB, 0 
0x02F6	0xD00D      	BRA         L_FSM80
L_FSM79:
0x02F8	0x0E00      	MOVLW       0
0x02FA	0x1818      	XORWF       _num+1, 0 
0x02FC	0xE102      	BNZ         L__FSM322
0x02FE	0x0E02      	MOVLW       2
0x0300	0x1817      	XORWF       _num, 0 
L__FSM322:
0x0302	0xE0E8      	BZ          L_FSM81
0x0304	0x0E00      	MOVLW       0
0x0306	0x1818      	XORWF       _num+1, 0 
0x0308	0xE102      	BNZ         L__FSM323
0x030A	0x0E03      	MOVLW       3
0x030C	0x1817      	XORWF       _num, 0 
L__FSM323:
0x030E	0xE0E8      	BZ          L_FSM82
0x0310	0xD7ED      	BRA         L_FSM83
L_FSM80:
0x0312	0x921C      	BCF         _GT1, BitPos(_GT1+0) 
0x0314	0x981C      	BCF         _GT2, BitPos(_GT2+0) 
0x0316	0x961C      	BCF         _GT3, BitPos(_GT3+0) 
0x0318	0x941C      	BCF         _GT4, BitPos(_GT4+0) 
0x031A	0x881D      	BSF         _GT5, BitPos(_GT5+0) 
0x031C	0x901F      	BCF         _GT6, BitPos(_GT6+0) 
0x031E	0x921F      	BCF         _GT7, BitPos(_GT7+0) 
0x0320	0x9E1D      	BCF         _GT8, BitPos(_GT8+0) 
0x0322	0x9C1D      	BCF         _GT9, BitPos(_GT9+0) 
0x0324	0x9A1D      	BCF         _GT10, BitPos(_GT10+0) 
0x0326	0xAC1C      	BTFSS       _sn_NegEdge_1, BitPos(_sn_NegEdge_1+0) 
0x0328	0xD004      	BRA         L_FSM86
0x032A	0xA01C      	BTFSS       _clock0, BitPos(_clock0+0) 
0x032C	0xD002      	BRA         L_FSM86
L__FSM299:
0x032E	0x6A1B      	CLRF        _next_state 
0x0330	0xD009      	BRA         L_FSM87
L_FSM86:
0x0332	0xA61D      	BTFSS       _sn_PosEdge_2, BitPos(_sn_PosEdge_2+0) 
0x0334	0xD005      	BRA         L_FSM90
0x0336	0xA01C      	BTFSS       _clock0, BitPos(_clock0+0) 
0x0338	0xD003      	BRA         L_FSM90
L__FSM298:
0x033A	0x0E0B      	MOVLW       11
0x033C	0x6E1B      	MOVWF       _next_state 
0x033E	0xD002      	BRA         L_FSM91
L_FSM90:
0x0340	0x0E05      	MOVLW       5
0x0342	0x6E1B      	MOVWF       _next_state 
L_FSM91:
L_FSM87:
0x0344	0xD27B      	BRA         L_FSM16
L_FSM92:
0x0346	0xD012      	BRA         L_FSM93
L_FSM95:
0x0348	0x9A83      	BCF         LATA, 5 
0x034A	0x8087      	BSF         LATE, 0 
0x034C	0x9287      	BCF         LATE, 1 
0x034E	0x8487      	BSF         LATE, 2 
0x0350	0x9084      	BCF         LATB, 0 
0x0352	0xD019      	BRA         L_FSM94
L_FSM96:
0x0354	0x8A83      	BSF         LATA, 5 
0x0356	0x9087      	BCF         LATE, 0 
0x0358	0x9287      	BCF         LATE, 1 
0x035A	0x8487      	BSF         LATE, 2 
0x035C	0x8084      	BSF         LATB, 0 
0x035E	0xD013      	BRA         L_FSM94
L_FSM97:
0x0360	0x9A83      	BCF         LATA, 5 
0x0362	0x8087      	BSF         LATE, 0 
0x0364	0x9287      	BCF         LATE, 1 
0x0366	0x8487      	BSF         LATE, 2 
0x0368	0x9084      	BCF         LATB, 0 
0x036A	0xD00D      	BRA         L_FSM94
L_FSM93:
0x036C	0x0E00      	MOVLW       0
0x036E	0x1818      	XORWF       _num+1, 0 
0x0370	0xE102      	BNZ         L__FSM324
0x0372	0x0E02      	MOVLW       2
0x0374	0x1817      	XORWF       _num, 0 
L__FSM324:
0x0376	0xE0E8      	BZ          L_FSM95
0x0378	0x0E00      	MOVLW       0
0x037A	0x1818      	XORWF       _num+1, 0 
0x037C	0xE102      	BNZ         L__FSM325
0x037E	0x0E03      	MOVLW       3
0x0380	0x1817      	XORWF       _num, 0 
L__FSM325:
0x0382	0xE0E8      	BZ          L_FSM96
0x0384	0xD7ED      	BRA         L_FSM97
L_FSM94:
0x0386	0x921C      	BCF         _GT1, BitPos(_GT1+0) 
0x0388	0x981C      	BCF         _GT2, BitPos(_GT2+0) 
0x038A	0x961C      	BCF         _GT3, BitPos(_GT3+0) 
0x038C	0x941C      	BCF         _GT4, BitPos(_GT4+0) 
0x038E	0x981D      	BCF         _GT5, BitPos(_GT5+0) 
0x0390	0x801F      	BSF         _GT6, BitPos(_GT6+0) 
0x0392	0x921F      	BCF         _GT7, BitPos(_GT7+0) 
0x0394	0x9E1D      	BCF         _GT8, BitPos(_GT8+0) 
0x0396	0x9C1D      	BCF         _GT9, BitPos(_GT9+0) 
0x0398	0x9A1D      	BCF         _GT10, BitPos(_GT10+0) 
0x039A	0xAC1C      	BTFSS       _sn_NegEdge_1, BitPos(_sn_NegEdge_1+0) 
0x039C	0xD004      	BRA         L_FSM100
0x039E	0xA01C      	BTFSS       _clock0, BitPos(_clock0+0) 
0x03A0	0xD002      	BRA         L_FSM100
L__FSM297:
0x03A2	0x6A1B      	CLRF        _next_state 
0x03A4	0xD009      	BRA         L_FSM101
L_FSM100:
0x03A6	0xA61D      	BTFSS       _sn_PosEdge_2, BitPos(_sn_PosEdge_2+0) 
0x03A8	0xD005      	BRA         L_FSM104
0x03AA	0xA01C      	BTFSS       _clock0, BitPos(_clock0+0) 
0x03AC	0xD003      	BRA         L_FSM104
L__FSM296:
0x03AE	0x0E0B      	MOVLW       11
0x03B0	0x6E1B      	MOVWF       _next_state 
0x03B2	0xD002      	BRA         L_FSM105
L_FSM104:
0x03B4	0x0E06      	MOVLW       6
0x03B6	0x6E1B      	MOVWF       _next_state 
L_FSM105:
L_FSM101:
0x03B8	0xD241      	BRA         L_FSM16
L_FSM106:
0x03BA	0xD012      	BRA         L_FSM107
L_FSM109:
0x03BC	0x9A83      	BCF         LATA, 5 
0x03BE	0x9087      	BCF         LATE, 0 
0x03C0	0x8287      	BSF         LATE, 1 
0x03C2	0x9487      	BCF         LATE, 2 
0x03C4	0x8084      	BSF         LATB, 0 
0x03C6	0xD019      	BRA         L_FSM108
L_FSM110:
0x03C8	0x9A83      	BCF         LATA, 5 
0x03CA	0x8087      	BSF         LATE, 0 
0x03CC	0x9287      	BCF         LATE, 1 
0x03CE	0x8487      	BSF         LATE, 2 
0x03D0	0x8084      	BSF         LATB, 0 
0x03D2	0xD013      	BRA         L_FSM108
L_FSM111:
0x03D4	0x9A83      	BCF         LATA, 5 
0x03D6	0x9087      	BCF         LATE, 0 
0x03D8	0x8287      	BSF         LATE, 1 
0x03DA	0x9487      	BCF         LATE, 2 
0x03DC	0x8084      	BSF         LATB, 0 
0x03DE	0xD00D      	BRA         L_FSM108
L_FSM107:
0x03E0	0x0E00      	MOVLW       0
0x03E2	0x1818      	XORWF       _num+1, 0 
0x03E4	0xE102      	BNZ         L__FSM326
0x03E6	0x0E02      	MOVLW       2
0x03E8	0x1817      	XORWF       _num, 0 
L__FSM326:
0x03EA	0xE0E8      	BZ          L_FSM109
0x03EC	0x0E00      	MOVLW       0
0x03EE	0x1818      	XORWF       _num+1, 0 
0x03F0	0xE102      	BNZ         L__FSM327
0x03F2	0x0E03      	MOVLW       3
0x03F4	0x1817      	XORWF       _num, 0 
L__FSM327:
0x03F6	0xE0E8      	BZ          L_FSM110
0x03F8	0xD7ED      	BRA         L_FSM111
L_FSM108:
0x03FA	0x921C      	BCF         _GT1, BitPos(_GT1+0) 
0x03FC	0x981C      	BCF         _GT2, BitPos(_GT2+0) 
0x03FE	0x961C      	BCF         _GT3, BitPos(_GT3+0) 
0x0400	0x941C      	BCF         _GT4, BitPos(_GT4+0) 
0x0402	0x981D      	BCF         _GT5, BitPos(_GT5+0) 
0x0404	0x901F      	BCF         _GT6, BitPos(_GT6+0) 
0x0406	0x821F      	BSF         _GT7, BitPos(_GT7+0) 
0x0408	0x9E1D      	BCF         _GT8, BitPos(_GT8+0) 
0x040A	0x9C1D      	BCF         _GT9, BitPos(_GT9+0) 
0x040C	0x9A1D      	BCF         _GT10, BitPos(_GT10+0) 
0x040E	0xAC1C      	BTFSS       _sn_NegEdge_1, BitPos(_sn_NegEdge_1+0) 
0x0410	0xD004      	BRA         L_FSM114
0x0412	0xA01C      	BTFSS       _clock0, BitPos(_clock0+0) 
0x0414	0xD002      	BRA         L_FSM114
L__FSM295:
0x0416	0x6A1B      	CLRF        _next_state 
0x0418	0xD009      	BRA         L_FSM115
L_FSM114:
0x041A	0xA61D      	BTFSS       _sn_PosEdge_2, BitPos(_sn_PosEdge_2+0) 
0x041C	0xD005      	BRA         L_FSM118
0x041E	0xA01C      	BTFSS       _clock0, BitPos(_clock0+0) 
0x0420	0xD003      	BRA         L_FSM118
L__FSM294:
0x0422	0x0E0B      	MOVLW       11
0x0424	0x6E1B      	MOVWF       _next_state 
0x0426	0xD002      	BRA         L_FSM119
L_FSM118:
0x0428	0x0E07      	MOVLW       7
0x042A	0x6E1B      	MOVWF       _next_state 
L_FSM119:
L_FSM115:
0x042C	0xD207      	BRA         L_FSM16
L_FSM120:
0x042E	0xD012      	BRA         L_FSM121
L_FSM123:
0x0430	0x8A83      	BSF         LATA, 5 
0x0432	0x9087      	BCF         LATE, 0 
0x0434	0x9287      	BCF         LATE, 1 
0x0436	0x9487      	BCF         LATE, 2 
0x0438	0x8084      	BSF         LATB, 0 
0x043A	0xD019      	BRA         L_FSM122
L_FSM124:
0x043C	0x8A83      	BSF         LATA, 5 
0x043E	0x8087      	BSF         LATE, 0 
0x0440	0x9287      	BCF         LATE, 1 
0x0442	0x9487      	BCF         LATE, 2 
0x0444	0x8084      	BSF         LATB, 0 
0x0446	0xD013      	BRA         L_FSM122
L_FSM125:
0x0448	0x8A83      	BSF         LATA, 5 
0x044A	0x9087      	BCF         LATE, 0 
0x044C	0x9287      	BCF         LATE, 1 
0x044E	0x9487      	BCF         LATE, 2 
0x0450	0x8084      	BSF         LATB, 0 
0x0452	0xD00D      	BRA         L_FSM122
L_FSM121:
0x0454	0x0E00      	MOVLW       0
0x0456	0x1818      	XORWF       _num+1, 0 
0x0458	0xE102      	BNZ         L__FSM328
0x045A	0x0E02      	MOVLW       2
0x045C	0x1817      	XORWF       _num, 0 
L__FSM328:
0x045E	0xE0E8      	BZ          L_FSM123
0x0460	0x0E00      	MOVLW       0
0x0462	0x1818      	XORWF       _num+1, 0 
0x0464	0xE102      	BNZ         L__FSM329
0x0466	0x0E03      	MOVLW       3
0x0468	0x1817      	XORWF       _num, 0 
L__FSM329:
0x046A	0xE0E8      	BZ          L_FSM124
0x046C	0xD7ED      	BRA         L_FSM125
L_FSM122:
0x046E	0x921C      	BCF         _GT1, BitPos(_GT1+0) 
0x0470	0x981C      	BCF         _GT2, BitPos(_GT2+0) 
0x0472	0x961C      	BCF         _GT3, BitPos(_GT3+0) 
0x0474	0x941C      	BCF         _GT4, BitPos(_GT4+0) 
0x0476	0x981D      	BCF         _GT5, BitPos(_GT5+0) 
0x0478	0x901F      	BCF         _GT6, BitPos(_GT6+0) 
0x047A	0x921F      	BCF         _GT7, BitPos(_GT7+0) 
0x047C	0x8E1D      	BSF         _GT8, BitPos(_GT8+0) 
0x047E	0x9C1D      	BCF         _GT9, BitPos(_GT9+0) 
0x0480	0x9A1D      	BCF         _GT10, BitPos(_GT10+0) 
0x0482	0xAC1C      	BTFSS       _sn_NegEdge_1, BitPos(_sn_NegEdge_1+0) 
0x0484	0xD004      	BRA         L_FSM128
0x0486	0xA01C      	BTFSS       _clock0, BitPos(_clock0+0) 
0x0488	0xD002      	BRA         L_FSM128
L__FSM293:
0x048A	0x6A1B      	CLRF        _next_state 
0x048C	0xD009      	BRA         L_FSM129
L_FSM128:
0x048E	0xA61D      	BTFSS       _sn_PosEdge_2, BitPos(_sn_PosEdge_2+0) 
0x0490	0xD005      	BRA         L_FSM132
0x0492	0xA01C      	BTFSS       _clock0, BitPos(_clock0+0) 
0x0494	0xD003      	BRA         L_FSM132
L__FSM292:
0x0496	0x0E0B      	MOVLW       11
0x0498	0x6E1B      	MOVWF       _next_state 
0x049A	0xD002      	BRA         L_FSM133
L_FSM132:
0x049C	0x0E08      	MOVLW       8
0x049E	0x6E1B      	MOVWF       _next_state 
L_FSM133:
L_FSM129:
0x04A0	0xD1CD      	BRA         L_FSM16
L_FSM134:
0x04A2	0xD012      	BRA         L_FSM135
L_FSM137:
0x04A4	0x8A83      	BSF         LATA, 5 
0x04A6	0x9087      	BCF         LATE, 0 
0x04A8	0x9287      	BCF         LATE, 1 
0x04AA	0x8487      	BSF         LATE, 2 
0x04AC	0x9084      	BCF         LATB, 0 
0x04AE	0xD019      	BRA         L_FSM136
L_FSM138:
0x04B0	0x9A83      	BCF         LATA, 5 
0x04B2	0x8087      	BSF         LATE, 0 
0x04B4	0x8287      	BSF         LATE, 1 
0x04B6	0x9487      	BCF         LATE, 2 
0x04B8	0x8084      	BSF         LATB, 0 
0x04BA	0xD013      	BRA         L_FSM136
L_FSM139:
0x04BC	0x8A83      	BSF         LATA, 5 
0x04BE	0x9087      	BCF         LATE, 0 
0x04C0	0x9287      	BCF         LATE, 1 
0x04C2	0x8487      	BSF         LATE, 2 
0x04C4	0x9084      	BCF         LATB, 0 
0x04C6	0xD00D      	BRA         L_FSM136
L_FSM135:
0x04C8	0x0E00      	MOVLW       0
0x04CA	0x1818      	XORWF       _num+1, 0 
0x04CC	0xE102      	BNZ         L__FSM330
0x04CE	0x0E02      	MOVLW       2
0x04D0	0x1817      	XORWF       _num, 0 
L__FSM330:
0x04D2	0xE0E8      	BZ          L_FSM137
0x04D4	0x0E00      	MOVLW       0
0x04D6	0x1818      	XORWF       _num+1, 0 
0x04D8	0xE102      	BNZ         L__FSM331
0x04DA	0x0E03      	MOVLW       3
0x04DC	0x1817      	XORWF       _num, 0 
L__FSM331:
0x04DE	0xE0E8      	BZ          L_FSM138
0x04E0	0xD7ED      	BRA         L_FSM139
L_FSM136:
0x04E2	0x921C      	BCF         _GT1, BitPos(_GT1+0) 
0x04E4	0x981C      	BCF         _GT2, BitPos(_GT2+0) 
0x04E6	0x961C      	BCF         _GT3, BitPos(_GT3+0) 
0x04E8	0x941C      	BCF         _GT4, BitPos(_GT4+0) 
0x04EA	0x981D      	BCF         _GT5, BitPos(_GT5+0) 
0x04EC	0x901F      	BCF         _GT6, BitPos(_GT6+0) 
0x04EE	0x921F      	BCF         _GT7, BitPos(_GT7+0) 
0x04F0	0x9E1D      	BCF         _GT8, BitPos(_GT8+0) 
0x04F2	0x8C1D      	BSF         _GT9, BitPos(_GT9+0) 
0x04F4	0x9A1D      	BCF         _GT10, BitPos(_GT10+0) 
0x04F6	0xAC1C      	BTFSS       _sn_NegEdge_1, BitPos(_sn_NegEdge_1+0) 
0x04F8	0xD004      	BRA         L_FSM142
0x04FA	0xA01C      	BTFSS       _clock0, BitPos(_clock0+0) 
0x04FC	0xD002      	BRA         L_FSM142
L__FSM291:
0x04FE	0x6A1B      	CLRF        _next_state 
0x0500	0xD009      	BRA         L_FSM143
L_FSM142:
0x0502	0xA61D      	BTFSS       _sn_PosEdge_2, BitPos(_sn_PosEdge_2+0) 
0x0504	0xD005      	BRA         L_FSM146
0x0506	0xA01C      	BTFSS       _clock0, BitPos(_clock0+0) 
0x0508	0xD003      	BRA         L_FSM146
L__FSM290:
0x050A	0x0E0B      	MOVLW       11
0x050C	0x6E1B      	MOVWF       _next_state 
0x050E	0xD002      	BRA         L_FSM147
L_FSM146:
0x0510	0x0E09      	MOVLW       9
0x0512	0x6E1B      	MOVWF       _next_state 
L_FSM147:
L_FSM143:
0x0514	0xD193      	BRA         L_FSM16
L_FSM148:
0x0516	0xD012      	BRA         L_FSM149
L_FSM151:
0x0518	0x9A83      	BCF         LATA, 5 
0x051A	0x8087      	BSF         LATE, 0 
0x051C	0x9287      	BCF         LATE, 1 
0x051E	0x9487      	BCF         LATE, 2 
0x0520	0x8084      	BSF         LATB, 0 
0x0522	0xD019      	BRA         L_FSM150
L_FSM152:
0x0524	0x8A83      	BSF         LATA, 5 
0x0526	0x8087      	BSF         LATE, 0 
0x0528	0x9287      	BCF         LATE, 1 
0x052A	0x8487      	BSF         LATE, 2 
0x052C	0x9084      	BCF         LATB, 0 
0x052E	0xD013      	BRA         L_FSM150
L_FSM153:
0x0530	0x9A83      	BCF         LATA, 5 
0x0532	0x8087      	BSF         LATE, 0 
0x0534	0x9287      	BCF         LATE, 1 
0x0536	0x9487      	BCF         LATE, 2 
0x0538	0x8084      	BSF         LATB, 0 
0x053A	0xD00D      	BRA         L_FSM150
L_FSM149:
0x053C	0x0E00      	MOVLW       0
0x053E	0x1818      	XORWF       _num+1, 0 
0x0540	0xE102      	BNZ         L__FSM332
0x0542	0x0E02      	MOVLW       2
0x0544	0x1817      	XORWF       _num, 0 
L__FSM332:
0x0546	0xE0E8      	BZ          L_FSM151
0x0548	0x0E00      	MOVLW       0
0x054A	0x1818      	XORWF       _num+1, 0 
0x054C	0xE102      	BNZ         L__FSM333
0x054E	0x0E03      	MOVLW       3
0x0550	0x1817      	XORWF       _num, 0 
L__FSM333:
0x0552	0xE0E8      	BZ          L_FSM152
0x0554	0xD7ED      	BRA         L_FSM153
L_FSM150:
0x0556	0x921C      	BCF         _GT1, BitPos(_GT1+0) 
0x0558	0x981C      	BCF         _GT2, BitPos(_GT2+0) 
0x055A	0x961C      	BCF         _GT3, BitPos(_GT3+0) 
0x055C	0x941C      	BCF         _GT4, BitPos(_GT4+0) 
0x055E	0x981D      	BCF         _GT5, BitPos(_GT5+0) 
0x0560	0x901F      	BCF         _GT6, BitPos(_GT6+0) 
0x0562	0x921F      	BCF         _GT7, BitPos(_GT7+0) 
0x0564	0x9E1D      	BCF         _GT8, BitPos(_GT8+0) 
0x0566	0x9C1D      	BCF         _GT9, BitPos(_GT9+0) 
0x0568	0x8A1D      	BSF         _GT10, BitPos(_GT10+0) 
0x056A	0xAC1C      	BTFSS       _sn_NegEdge_1, BitPos(_sn_NegEdge_1+0) 
0x056C	0xD004      	BRA         L_FSM156
0x056E	0xA01C      	BTFSS       _clock0, BitPos(_clock0+0) 
0x0570	0xD002      	BRA         L_FSM156
L__FSM289:
0x0572	0x6A1B      	CLRF        _next_state 
0x0574	0xD009      	BRA         L_FSM157
L_FSM156:
0x0576	0xA61D      	BTFSS       _sn_PosEdge_2, BitPos(_sn_PosEdge_2+0) 
0x0578	0xD005      	BRA         L_FSM160
0x057A	0xA01C      	BTFSS       _clock0, BitPos(_clock0+0) 
0x057C	0xD003      	BRA         L_FSM160
L__FSM288:
0x057E	0x0E0B      	MOVLW       11
0x0580	0x6E1B      	MOVWF       _next_state 
0x0582	0xD002      	BRA         L_FSM161
L_FSM160:
0x0584	0x0E0A      	MOVLW       10
0x0586	0x6E1B      	MOVWF       _next_state 
L_FSM161:
L_FSM157:
0x0588	0xD159      	BRA         L_FSM16
L_FSM162:
0x058A	0x8A83      	BSF         LATA, 5 
0x058C	0x8087      	BSF         LATE, 0 
0x058E	0x8287      	BSF         LATE, 1 
0x0590	0x8487      	BSF         LATE, 2 
0x0592	0x9084      	BCF         LATB, 0 
0x0594	0xAC1C      	BTFSS       _sn_NegEdge_1, BitPos(_sn_NegEdge_1+0) 
0x0596	0xD004      	BRA         L_FSM165
0x0598	0xA01C      	BTFSS       _clock0, BitPos(_clock0+0) 
0x059A	0xD002      	BRA         L_FSM165
L__FSM287:
0x059C	0x6A1B      	CLRF        _next_state 
0x059E	0xD00A      	BRA         L_FSM166
L_FSM165:
0x05A0	0xA41D      	BTFSS       _sn_NegEdge_2, BitPos(_sn_NegEdge_2+0) 
0x05A2	0xD006      	BRA         L_FSM169
0x05A4	0xA01C      	BTFSS       _clock0, BitPos(_clock0+0) 
0x05A6	0xD004      	BRA         L_FSM169
L__FSM286:
0x05A8	0x0E0C      	MOVLW       12
0x05AA	0x6E1B      	MOVWF       _next_state 
0x05AC	0x8A1C      	BSF         _sn_GoTo, BitPos(_sn_GoTo+0) 
0x05AE	0xD002      	BRA         L_FSM170
L_FSM169:
0x05B0	0x0E0B      	MOVLW       11
0x05B2	0x6E1B      	MOVWF       _next_state 
L_FSM170:
L_FSM166:
0x05B4	0xD143      	BRA         L_FSM16
L_FSM171:
0x05B6	0xAA1C      	BTFSS       _sn_GoTo, BitPos(_sn_GoTo+0) 
0x05B8	0xD007      	BRA         L_FSM174
0x05BA	0xA21C      	BTFSS       _GT1, BitPos(_GT1+0) 
0x05BC	0xD005      	BRA         L_FSM174
0x05BE	0xA01C      	BTFSS       _clock0, BitPos(_clock0+0) 
0x05C0	0xD003      	BRA         L_FSM174
L__FSM285:
0x05C2	0x0E02      	MOVLW       2
0x05C4	0x6E1B      	MOVWF       _next_state 
0x05C6	0xD053      	BRA         L_FSM175
L_FSM174:
0x05C8	0xAA1C      	BTFSS       _sn_GoTo, BitPos(_sn_GoTo+0) 
0x05CA	0xD007      	BRA         L_FSM178
0x05CC	0xA81C      	BTFSS       _GT2, BitPos(_GT2+0) 
0x05CE	0xD005      	BRA         L_FSM178
0x05D0	0xA01C      	BTFSS       _clock0, BitPos(_clock0+0) 
0x05D2	0xD003      	BRA         L_FSM178
L__FSM284:
0x05D4	0x0E03      	MOVLW       3
0x05D6	0x6E1B      	MOVWF       _next_state 
0x05D8	0xD04A      	BRA         L_FSM179
L_FSM178:
0x05DA	0xAA1C      	BTFSS       _sn_GoTo, BitPos(_sn_GoTo+0) 
0x05DC	0xD007      	BRA         L_FSM182
0x05DE	0xA61C      	BTFSS       _GT3, BitPos(_GT3+0) 
0x05E0	0xD005      	BRA         L_FSM182
0x05E2	0xA01C      	BTFSS       _clock0, BitPos(_clock0+0) 
0x05E4	0xD003      	BRA         L_FSM182
L__FSM283:
0x05E6	0x0E04      	MOVLW       4
0x05E8	0x6E1B      	MOVWF       _next_state 
0x05EA	0xD041      	BRA         L_FSM183
L_FSM182:
0x05EC	0xAA1C      	BTFSS       _sn_GoTo, BitPos(_sn_GoTo+0) 
0x05EE	0xD007      	BRA         L_FSM186
0x05F0	0xA41C      	BTFSS       _GT4, BitPos(_GT4+0) 
0x05F2	0xD005      	BRA         L_FSM186
0x05F4	0xA01C      	BTFSS       _clock0, BitPos(_clock0+0) 
0x05F6	0xD003      	BRA         L_FSM186
L__FSM282:
0x05F8	0x0E05      	MOVLW       5
0x05FA	0x6E1B      	MOVWF       _next_state 
0x05FC	0xD038      	BRA         L_FSM187
L_FSM186:
0x05FE	0xAA1C      	BTFSS       _sn_GoTo, BitPos(_sn_GoTo+0) 
0x0600	0xD007      	BRA         L_FSM190
0x0602	0xA81D      	BTFSS       _GT5, BitPos(_GT5+0) 
0x0604	0xD005      	BRA         L_FSM190
0x0606	0xA01C      	BTFSS       _clock0, BitPos(_clock0+0) 
0x0608	0xD003      	BRA         L_FSM190
L__FSM281:
0x060A	0x0E06      	MOVLW       6
0x060C	0x6E1B      	MOVWF       _next_state 
0x060E	0xD02F      	BRA         L_FSM191
L_FSM190:
0x0610	0xAA1C      	BTFSS       _sn_GoTo, BitPos(_sn_GoTo+0) 
0x0612	0xD007      	BRA         L_FSM194
0x0614	0xA01F      	BTFSS       _GT6, BitPos(_GT6+0) 
0x0616	0xD005      	BRA         L_FSM194
0x0618	0xA01C      	BTFSS       _clock0, BitPos(_clock0+0) 
0x061A	0xD003      	BRA         L_FSM194
L__FSM280:
0x061C	0x0E07      	MOVLW       7
0x061E	0x6E1B      	MOVWF       _next_state 
0x0620	0xD026      	BRA         L_FSM195
L_FSM194:
0x0622	0xAA1C      	BTFSS       _sn_GoTo, BitPos(_sn_GoTo+0) 
0x0624	0xD007      	BRA         L_FSM198
0x0626	0xA21F      	BTFSS       _GT7, BitPos(_GT7+0) 
0x0628	0xD005      	BRA         L_FSM198
0x062A	0xA01C      	BTFSS       _clock0, BitPos(_clock0+0) 
0x062C	0xD003      	BRA         L_FSM198
L__FSM279:
0x062E	0x0E08      	MOVLW       8
0x0630	0x6E1B      	MOVWF       _next_state 
0x0632	0xD01D      	BRA         L_FSM199
L_FSM198:
0x0634	0xAA1C      	BTFSS       _sn_GoTo, BitPos(_sn_GoTo+0) 
0x0636	0xD007      	BRA         L_FSM202
0x0638	0xAE1D      	BTFSS       _GT8, BitPos(_GT8+0) 
0x063A	0xD005      	BRA         L_FSM202
0x063C	0xA01C      	BTFSS       _clock0, BitPos(_clock0+0) 
0x063E	0xD003      	BRA         L_FSM202
L__FSM278:
0x0640	0x0E09      	MOVLW       9
0x0642	0x6E1B      	MOVWF       _next_state 
0x0644	0xD014      	BRA         L_FSM203
L_FSM202:
0x0646	0xAA1C      	BTFSS       _sn_GoTo, BitPos(_sn_GoTo+0) 
0x0648	0xD007      	BRA         L_FSM206
0x064A	0xAC1D      	BTFSS       _GT9, BitPos(_GT9+0) 
0x064C	0xD005      	BRA         L_FSM206
0x064E	0xA01C      	BTFSS       _clock0, BitPos(_clock0+0) 
0x0650	0xD003      	BRA         L_FSM206
L__FSM277:
0x0652	0x0E0A      	MOVLW       10
0x0654	0x6E1B      	MOVWF       _next_state 
0x0656	0xD00B      	BRA         L_FSM207
L_FSM206:
0x0658	0xAA1C      	BTFSS       _sn_GoTo, BitPos(_sn_GoTo+0) 
0x065A	0xD007      	BRA         L_FSM210
0x065C	0xAA1D      	BTFSS       _GT10, BitPos(_GT10+0) 
0x065E	0xD005      	BRA         L_FSM210
0x0660	0xA01C      	BTFSS       _clock0, BitPos(_clock0+0) 
0x0662	0xD003      	BRA         L_FSM210
L__FSM276:
0x0664	0x0E01      	MOVLW       1
0x0666	0x6E1B      	MOVWF       _next_state 
0x0668	0xD002      	BRA         L_FSM211
L_FSM210:
0x066A	0x0E0B      	MOVLW       11
0x066C	0x6E1B      	MOVWF       _next_state 
L_FSM211:
L_FSM207:
L_FSM203:
L_FSM199:
L_FSM195:
L_FSM191:
L_FSM187:
L_FSM183:
L_FSM179:
L_FSM175:
0x066E	0xD0E6      	BRA         L_FSM16
L_FSM212:
0x0670	0xAE1C      	BTFSS       _sn_PosEdge_1, BitPos(_sn_PosEdge_1+0) 
0x0672	0xD099      	BRA         L_FSM213
0x0674	0xA21C      	BTFSS       _GT1, BitPos(_GT1+0) 
0x0676	0xD00E      	BRA         L_FSM216
0x0678	0xA01C      	BTFSS       _clock0, BitPos(_clock0+0) 
0x067A	0xD00C      	BRA         L_FSM216
L__FSM275:
0x067C	0x0E02      	MOVLW       2
0x067E	0x6E1B      	MOVWF       _next_state 
0x0680	0x981C      	BCF         _GT2, BitPos(_GT2+0) 
0x0682	0x961C      	BCF         _GT3, BitPos(_GT3+0) 
0x0684	0x941C      	BCF         _GT4, BitPos(_GT4+0) 
0x0686	0x981D      	BCF         _GT5, BitPos(_GT5+0) 
0x0688	0x901F      	BCF         _GT6, BitPos(_GT6+0) 
0x068A	0x921F      	BCF         _GT7, BitPos(_GT7+0) 
0x068C	0x9E1D      	BCF         _GT8, BitPos(_GT8+0) 
0x068E	0x9C1D      	BCF         _GT9, BitPos(_GT9+0) 
0x0690	0x9A1D      	BCF         _GT10, BitPos(_GT10+0) 
0x0692	0xD089      	BRA         L_FSM217
L_FSM216:
0x0694	0xA81C      	BTFSS       _GT2, BitPos(_GT2+0) 
0x0696	0xD00E      	BRA         L_FSM220
0x0698	0xA01C      	BTFSS       _clock0, BitPos(_clock0+0) 
0x069A	0xD00C      	BRA         L_FSM220
L__FSM274:
0x069C	0x0E03      	MOVLW       3
0x069E	0x6E1B      	MOVWF       _next_state 
0x06A0	0x921C      	BCF         _GT1, BitPos(_GT1+0) 
0x06A2	0x961C      	BCF         _GT3, BitPos(_GT3+0) 
0x06A4	0x941C      	BCF         _GT4, BitPos(_GT4+0) 
0x06A6	0x981D      	BCF         _GT5, BitPos(_GT5+0) 
0x06A8	0x901F      	BCF         _GT6, BitPos(_GT6+0) 
0x06AA	0x921F      	BCF         _GT7, BitPos(_GT7+0) 
0x06AC	0x9E1D      	BCF         _GT8, BitPos(_GT8+0) 
0x06AE	0x9C1D      	BCF         _GT9, BitPos(_GT9+0) 
0x06B0	0x9A1D      	BCF         _GT10, BitPos(_GT10+0) 
0x06B2	0xD079      	BRA         L_FSM221
L_FSM220:
0x06B4	0xA61C      	BTFSS       _GT3, BitPos(_GT3+0) 
0x06B6	0xD00E      	BRA         L_FSM224
0x06B8	0xA01C      	BTFSS       _clock0, BitPos(_clock0+0) 
0x06BA	0xD00C      	BRA         L_FSM224
L__FSM273:
0x06BC	0x0E04      	MOVLW       4
0x06BE	0x6E1B      	MOVWF       _next_state 
0x06C0	0x921C      	BCF         _GT1, BitPos(_GT1+0) 
0x06C2	0x981C      	BCF         _GT2, BitPos(_GT2+0) 
0x06C4	0x941C      	BCF         _GT4, BitPos(_GT4+0) 
0x06C6	0x981D      	BCF         _GT5, BitPos(_GT5+0) 
0x06C8	0x901F      	BCF         _GT6, BitPos(_GT6+0) 
0x06CA	0x921F      	BCF         _GT7, BitPos(_GT7+0) 
0x06CC	0x9E1D      	BCF         _GT8, BitPos(_GT8+0) 
0x06CE	0x9C1D      	BCF         _GT9, BitPos(_GT9+0) 
0x06D0	0x9A1D      	BCF         _GT10, BitPos(_GT10+0) 
0x06D2	0xD069      	BRA         L_FSM225
L_FSM224:
0x06D4	0xA41C      	BTFSS       _GT4, BitPos(_GT4+0) 
0x06D6	0xD00E      	BRA         L_FSM228
0x06D8	0xA01C      	BTFSS       _clock0, BitPos(_clock0+0) 
0x06DA	0xD00C      	BRA         L_FSM228
L__FSM272:
0x06DC	0x0E05      	MOVLW       5
0x06DE	0x6E1B      	MOVWF       _next_state 
0x06E0	0x921C      	BCF         _GT1, BitPos(_GT1+0) 
0x06E2	0x981C      	BCF         _GT2, BitPos(_GT2+0) 
0x06E4	0x961C      	BCF         _GT3, BitPos(_GT3+0) 
0x06E6	0x981D      	BCF         _GT5, BitPos(_GT5+0) 
0x06E8	0x901F      	BCF         _GT6, BitPos(_GT6+0) 
0x06EA	0x921F      	BCF         _GT7, BitPos(_GT7+0) 
0x06EC	0x9E1D      	BCF         _GT8, BitPos(_GT8+0) 
0x06EE	0x9C1D      	BCF         _GT9, BitPos(_GT9+0) 
0x06F0	0x9A1D      	BCF         _GT10, BitPos(_GT10+0) 
0x06F2	0xD059      	BRA         L_FSM229
L_FSM228:
0x06F4	0xA81D      	BTFSS       _GT5, BitPos(_GT5+0) 
0x06F6	0xD00E      	BRA         L_FSM232
0x06F8	0xA01C      	BTFSS       _clock0, BitPos(_clock0+0) 
0x06FA	0xD00C      	BRA         L_FSM232
L__FSM271:
0x06FC	0x0E06      	MOVLW       6
0x06FE	0x6E1B      	MOVWF       _next_state 
0x0700	0x921C      	BCF         _GT1, BitPos(_GT1+0) 
0x0702	0x981C      	BCF         _GT2, BitPos(_GT2+0) 
0x0704	0x961C      	BCF         _GT3, BitPos(_GT3+0) 
0x0706	0x941C      	BCF         _GT4, BitPos(_GT4+0) 
0x0708	0x901F      	BCF         _GT6, BitPos(_GT6+0) 
0x070A	0x921F      	BCF         _GT7, BitPos(_GT7+0) 
0x070C	0x9E1D      	BCF         _GT8, BitPos(_GT8+0) 
0x070E	0x9C1D      	BCF         _GT9, BitPos(_GT9+0) 
0x0710	0x9A1D      	BCF         _GT10, BitPos(_GT10+0) 
0x0712	0xD049      	BRA         L_FSM233
L_FSM232:
0x0714	0xA01F      	BTFSS       _GT6, BitPos(_GT6+0) 
0x0716	0xD00B      	BRA         L_FSM236
0x0718	0xA01C      	BTFSS       _clock0, BitPos(_clock0+0) 
0x071A	0xD009      	BRA         L_FSM236
L__FSM270:
0x071C	0x0E07      	MOVLW       7
0x071E	0x6E1B      	MOVWF       _next_state 
0x0720	0x921C      	BCF         _GT1, BitPos(_GT1+0) 
0x0722	0x981C      	BCF         _GT2, BitPos(_GT2+0) 
0x0724	0x961C      	BCF         _GT3, BitPos(_GT3+0) 
0x0726	0x941C      	BCF         _GT4, BitPos(_GT4+0) 
0x0728	0x981D      	BCF         _GT5, BitPos(_GT5+0) 
0x072A	0x921F      	BCF         _GT7, BitPos(_GT7+0) 
0x072C	0xD03C      	BRA         L_FSM237
L_FSM236:
0x072E	0xA21F      	BTFSS       _GT7, BitPos(_GT7+0) 
0x0730	0xD00B      	BRA         L_FSM240
0x0732	0xA01C      	BTFSS       _clock0, BitPos(_clock0+0) 
0x0734	0xD009      	BRA         L_FSM240
L__FSM269:
0x0736	0x0E08      	MOVLW       8
0x0738	0x6E1B      	MOVWF       _next_state 
0x073A	0x921C      	BCF         _GT1, BitPos(_GT1+0) 
0x073C	0x981C      	BCF         _GT2, BitPos(_GT2+0) 
0x073E	0x961C      	BCF         _GT3, BitPos(_GT3+0) 
0x0740	0x941C      	BCF         _GT4, BitPos(_GT4+0) 
0x0742	0x981D      	BCF         _GT5, BitPos(_GT5+0) 
0x0744	0x901F      	BCF         _GT6, BitPos(_GT6+0) 
0x0746	0xD02F      	BRA         L_FSM241
L_FSM240:
0x0748	0xAE1D      	BTFSS       _GT8, BitPos(_GT8+0) 
0x074A	0xD00C      	BRA         L_FSM244
0x074C	0xA01C      	BTFSS       _clock0, BitPos(_clock0+0) 
0x074E	0xD00A      	BRA         L_FSM244
L__FSM268:
0x0750	0x0E09      	MOVLW       9
0x0752	0x6E1B      	MOVWF       _next_state 
0x0754	0x921C      	BCF         _GT1, BitPos(_GT1+0) 
0x0756	0x981C      	BCF         _GT2, BitPos(_GT2+0) 
0x0758	0x961C      	BCF         _GT3, BitPos(_GT3+0) 
0x075A	0x941C      	BCF         _GT4, BitPos(_GT4+0) 
0x075C	0x981D      	BCF         _GT5, BitPos(_GT5+0) 
0x075E	0x901F      	BCF         _GT6, BitPos(_GT6+0) 
0x0760	0x921F      	BCF         _GT7, BitPos(_GT7+0) 
0x0762	0xD021      	BRA         L_FSM245
L_FSM244:
0x0764	0xAC1D      	BTFSS       _GT9, BitPos(_GT9+0) 
0x0766	0xD00D      	BRA         L_FSM248
0x0768	0xA01C      	BTFSS       _clock0, BitPos(_clock0+0) 
0x076A	0xD00B      	BRA         L_FSM248
L__FSM267:
0x076C	0x0E0A      	MOVLW       10
0x076E	0x6E1B      	MOVWF       _next_state 
0x0770	0x921C      	BCF         _GT1, BitPos(_GT1+0) 
0x0772	0x981C      	BCF         _GT2, BitPos(_GT2+0) 
0x0774	0x961C      	BCF         _GT3, BitPos(_GT3+0) 
0x0776	0x941C      	BCF         _GT4, BitPos(_GT4+0) 
0x0778	0x981D      	BCF         _GT5, BitPos(_GT5+0) 
0x077A	0x901F      	BCF         _GT6, BitPos(_GT6+0) 
0x077C	0x921F      	BCF         _GT7, BitPos(_GT7+0) 
0x077E	0x9E1D      	BCF         _GT8, BitPos(_GT8+0) 
0x0780	0xD012      	BRA         L_FSM249
L_FSM248:
0x0782	0xAA1D      	BTFSS       _GT10, BitPos(_GT10+0) 
0x0784	0xD00E      	BRA         L_FSM252
0x0786	0xA01C      	BTFSS       _clock0, BitPos(_clock0+0) 
0x0788	0xD00C      	BRA         L_FSM252
L__FSM266:
0x078A	0x0E01      	MOVLW       1
0x078C	0x6E1B      	MOVWF       _next_state 
0x078E	0x921C      	BCF         _GT1, BitPos(_GT1+0) 
0x0790	0x981C      	BCF         _GT2, BitPos(_GT2+0) 
0x0792	0x961C      	BCF         _GT3, BitPos(_GT3+0) 
0x0794	0x941C      	BCF         _GT4, BitPos(_GT4+0) 
0x0796	0x981D      	BCF         _GT5, BitPos(_GT5+0) 
0x0798	0x901F      	BCF         _GT6, BitPos(_GT6+0) 
0x079A	0x921F      	BCF         _GT7, BitPos(_GT7+0) 
0x079C	0x9E1D      	BCF         _GT8, BitPos(_GT8+0) 
0x079E	0x9C1D      	BCF         _GT9, BitPos(_GT9+0) 
0x07A0	0xD002      	BRA         L_FSM253
L_FSM252:
0x07A2	0x0E0A      	MOVLW       10
0x07A4	0x6E1B      	MOVWF       _next_state 
L_FSM253:
L_FSM249:
L_FSM245:
L_FSM241:
L_FSM237:
L_FSM233:
L_FSM229:
L_FSM225:
L_FSM221:
L_FSM217:
L_FSM213:
0x07A6	0xD04A      	BRA         L_FSM16
L_FSM254:
0x07A8	0x821C      	BSF         _GT1, BitPos(_GT1+0) 
0x07AA	0x981C      	BCF         _GT2, BitPos(_GT2+0) 
0x07AC	0x961C      	BCF         _GT3, BitPos(_GT3+0) 
0x07AE	0x941C      	BCF         _GT4, BitPos(_GT4+0) 
0x07B0	0x981D      	BCF         _GT5, BitPos(_GT5+0) 
0x07B2	0x901F      	BCF         _GT6, BitPos(_GT6+0) 
0x07B4	0x921F      	BCF         _GT7, BitPos(_GT7+0) 
0x07B6	0x9E1D      	BCF         _GT8, BitPos(_GT8+0) 
0x07B8	0x9C1D      	BCF         _GT9, BitPos(_GT9+0) 
0x07BA	0x9A1D      	BCF         _GT10, BitPos(_GT10+0) 
0x07BC	0x9A83      	BCF         LATA, 5 
0x07BE	0x9087      	BCF         LATE, 0 
0x07C0	0x9287      	BCF         LATE, 1 
0x07C2	0x9487      	BCF         LATE, 2 
0x07C4	0x6A1E      	CLRF        _current_state 
0x07C6	0x6A1B      	CLRF        _next_state 
0x07C8	0xD039      	BRA         L_FSM16
L_FSM15:
0x07CA	0x501E      	MOVF        _current_state, 0 
0x07CC	0x0A00      	XORLW       0
0x07CE	0xB4D8      	BTFSC       STATUS, 2 
0x07D0	0xD489      	BRA         L_FSM17
0x07D2	0x501E      	MOVF        _current_state, 0 
0x07D4	0x0A01      	XORLW       1
0x07D6	0xB4D8      	BTFSC       STATUS, 2 
0x07D8	0xD494      	BRA         L_FSM22
0x07DA	0x501E      	MOVF        _current_state, 0 
0x07DC	0x0A02      	XORLW       2
0x07DE	0xB4D8      	BTFSC       STATUS, 2 
0x07E0	0xD4CA      	BRA         L_FSM36
0x07E2	0x501E      	MOVF        _current_state, 0 
0x07E4	0x0A03      	XORLW       3
0x07E6	0xB4D8      	BTFSC       STATUS, 2 
0x07E8	0xD500      	BRA         L_FSM50
0x07EA	0x501E      	MOVF        _current_state, 0 
0x07EC	0x0A04      	XORLW       4
0x07EE	0xB4D8      	BTFSC       STATUS, 2 
0x07F0	0xD536      	BRA         L_FSM64
0x07F2	0x501E      	MOVF        _current_state, 0 
0x07F4	0x0A05      	XORLW       5
0x07F6	0xB4D8      	BTFSC       STATUS, 2 
0x07F8	0xD56C      	BRA         L_FSM78
0x07FA	0x501E      	MOVF        _current_state, 0 
0x07FC	0x0A06      	XORLW       6
0x07FE	0xB4D8      	BTFSC       STATUS, 2 
0x0800	0xD5A2      	BRA         L_FSM92
0x0802	0x501E      	MOVF        _current_state, 0 
0x0804	0x0A07      	XORLW       7
0x0806	0xB4D8      	BTFSC       STATUS, 2 
0x0808	0xD5D8      	BRA         L_FSM106
0x080A	0x501E      	MOVF        _current_state, 0 
0x080C	0x0A08      	XORLW       8
0x080E	0xB4D8      	BTFSC       STATUS, 2 
0x0810	0xD60E      	BRA         L_FSM120
0x0812	0x501E      	MOVF        _current_state, 0 
0x0814	0x0A09      	XORLW       9
0x0816	0xB4D8      	BTFSC       STATUS, 2 
0x0818	0xD644      	BRA         L_FSM134
0x081A	0x501E      	MOVF        _current_state, 0 
0x081C	0x0A0A      	XORLW       10
0x081E	0xB4D8      	BTFSC       STATUS, 2 
0x0820	0xD67A      	BRA         L_FSM148
0x0822	0x501E      	MOVF        _current_state, 0 
0x0824	0x0A0B      	XORLW       11
0x0826	0xB4D8      	BTFSC       STATUS, 2 
0x0828	0xD6B0      	BRA         L_FSM162
0x082A	0x501E      	MOVF        _current_state, 0 
0x082C	0x0A0C      	XORLW       12
0x082E	0xB4D8      	BTFSC       STATUS, 2 
0x0830	0xD6C2      	BRA         L_FSM171
0x0832	0x501E      	MOVF        _current_state, 0 
0x0834	0x0A0D      	XORLW       13
0x0836	0xB4D8      	BTFSC       STATUS, 2 
0x0838	0xD71B      	BRA         L_FSM212
0x083A	0xD7B6      	BRA         L_FSM254
L_FSM16:
L_end_FSM:
0x083C	0x0012      	RETURN      0
; end of _FSM
___CC2DW:
0x083E	0x8E81      	BSF         NVMCON1, 7, 0
_CC2DL_Loop1:
0x0840	0x0009      	TBLRD*+
0x0842	0xFFE6CFF5  	MOVFF       TABLAT, POSTINC1
0x0846	0x0600      	DECF        R0, 1, 0
0x0848	0xE1FB      	BNZ         _CC2DL_Loop1
0x084A	0x0601      	DECF        R1, 1, 0
0x084C	0xE1F9      	BNZ         _CC2DL_Loop1
L_end___CC2DW:
0x084E	0x0012      	RETURN      0
; end of ___CC2DW
_InitInterrupt:
0x0850	0x0E30      	MOVLW       48
0x0852	0x010E      	MOVLB       14
0x0854	0x6FC2      	MOVWF       PIE0, 1
0x0856	0x6BCA      	CLRF        PIR0, 1
0x0858	0x0E90      	MOVLW       144
0x085A	0x6ED5      	MOVWF       T0CON0 
0x085C	0x0E40      	MOVLW       64
0x085E	0x6ED6      	MOVWF       T0CON1 
0x0860	0x0EB1      	MOVLW       177
0x0862	0x6ED4      	MOVWF       TMR0H 
0x0864	0x0EE0      	MOVLW       224
0x0866	0x6ED3      	MOVWF       TMR0L 
0x0868	0x0E03      	MOVLW       3
0x086A	0x010F      	MOVLB       15
0x086C	0x6F1B      	MOVWF       IOCCN, 1
0x086E	0x0E03      	MOVLW       3
0x0870	0x6F1C      	MOVWF       IOCCP, 1
0x0872	0x6B1A      	CLRF        IOCCF, 1
0x0874	0x010E      	MOVLB       14
0x0876	0x9BCA      	BCF         PIR0, 5, 1
0x0878	0x0EC0      	MOVLW       192
0x087A	0x6EF2      	MOVWF       INTCON 
L_end_InitInterrupt:
0x087C	0x0012      	RETURN      0
; end of _InitInterrupt
_main:
0x087E	0x0E02      	MOVLW       2
0x0880	0x6E17      	MOVWF       _num 
0x0882	0x6A18      	CLRF        24 
0x0884	0x6A19      	CLRF        _counter 
0x0886	0x6A1A      	CLRF        26 
0x0888	0xDFE3      	RCALL       _InitInterrupt
0x088A	0xF000EC3E  	CALL        _InitMCU, 0
L_main8:
0x088E	0xDC10      	RCALL       _Events
0x0890	0xB01D      	BTFSC       _interruptC0, BitPos(_interruptC0+0) 
0x0892	0xD7FD      	BRA         L_main8
0x0894	0xB21D      	BTFSC       _interruptC1, BitPos(_interruptC1+0) 
0x0896	0xD7FB      	BRA         L_main8
L__main265:
L_main13:
0x0898	0xF01EC01B  	MOVFF       _next_state, _current_state
0x089C	0xDC22      	RCALL       _FSM
0x089E	0xD7FC      	BRA         L_main13
L_end_main:
0x08A0	0xD7FF      	BRA         $+0
; end of _main
Symbol List:
//** Routines locations **
//ADDRESS    SIZE    PROCEDURE
//----------------------------------------------
0x0008     [116]    _interrupt
0x007C      [52]    _InitMCU
0x00B0      [50]    _Events
0x00E2    [1884]    _FSM
0x083E      [18]    ___CC2DW
0x0850      [46]    _InitInterrupt
0x087E      [36]    _main
//** Variables locations ** 
//ADDRESS    SIZE    VARIABLE
//----------------------------------------------
0x0000       [1]    R0
0x0001       [1]    R1
0x0002       [1]    R2
0x0003       [1]    R3
0x0004       [1]    R4
0x0005       [1]    R5
0x0006       [1]    R6
0x0007       [1]    R7
0x0008       [1]    R8
0x0009       [1]    R9
0x000A       [1]    R10
0x000B       [1]    R11
0x000C       [1]    R12
0x000D       [1]    R13
0x000E       [1]    R14
0x000F       [1]    R15
0x0010       [1]    R16
0x0011       [1]    R17
0x0012       [1]    R18
0x0013       [1]    R19
0x0014       [1]    R20
0x0017       [2]    _num
0x0019       [2]    _counter
0x001B       [1]    _next_state
0x001C       [0]    _GT4
0x001C       [0]    _GT3
0x001C       [0]    _clock0
0x001C       [0]    _sn_GoTo
0x001C       [0]    _sn_NegEdge_1
0x001C       [0]    _sn_PosEdge_1
0x001C       [0]    _GT2
0x001C       [0]    _GT1
0x001D       [0]    _sn_PosEdge_2
0x001D       [0]    _sn_NegEdge_2
0x001D       [0]    _interruptC0
0x001D       [0]    _interruptC1
0x001D       [0]    _GT9
0x001D       [0]    _GT10
0x001D       [0]    _GT5
0x001D       [0]    _GT8
0x001E       [1]    _current_state
0x001F       [0]    _GT7
0x001F       [0]    _GT6
0x0EC2       [0]    IOCIE_bit
0x0EC2       [1]    PIE0
0x0ECA       [1]    PIR0
0x0F11       [1]    ANSELA
0x0F1A       [1]    IOCCF
0x0F1B       [1]    IOCCN
0x0F1C       [1]    IOCCP
0x0F1D       [1]    INLVLC
0x0F20       [1]    WPUC
0x0F21       [1]    ANSELC
0x0F2E       [1]    ANSELE
0x0F35       [1]    CM2CON0
0x0F39       [1]    CM1CON0
0x0F59       [1]    ADCON1
0x0F81       [1]    NVMCON1
0x0F83       [1]    LATA
0x0F84       [1]    LATB
0x0F85       [1]    LATC
0x0F87       [1]    LATE
0x0F88       [1]    TRISA
0x0F8A       [1]    TRISC
0x0F8C       [1]    TRISE
0x0F8D       [1]    PORTA
0x0F8F       [1]    PORTC
0x0F91       [1]    PORTE
0x0FD3       [1]    TMR0L
0x0FD4       [1]    TMR0H
0x0FD5       [1]    T0CON0
0x0FD6       [1]    T0CON1
0x0FD8       [1]    STATUS
0x0FD9       [1]    FSR2L
0x0FDA       [1]    FSR2H
0x0FDE       [1]    POSTINC2
0x0FE0       [1]    BSR
0x0FE1       [1]    FSR1L
0x0FE2       [1]    FSR1H
0x0FE4       [1]    PREINC1
0x0FE6       [1]    POSTINC1
0x0FE7       [1]    INDF1
0x0FE8       [1]    WREG
0x0FE9       [1]    FSR0L
0x0FEA       [1]    FSR0H
0x0FEE       [1]    POSTINC0
0x0FF2       [1]    INTCON
0x0FF3       [1]    PRODL
0x0FF4       [1]    PRODH
0x0FF5       [1]    TABLAT
0x0FF6       [1]    TBLPTRL
0x0FF7       [1]    TBLPTRH
0x0FF8       [1]    TBLPTRU
