;  LST file generated by mikroListExporter - v.2.0 
; Date/Time: 13/02/2024 11:14:04 a. m.
;----------------------------------------------

;Address Opcode 	ASM
0x0000	0xF001EF05  	GOTO        522
_interrupt:
;FIRMWARE_SYA_ver_0_8_3.c,64 :: 		void interrupt(){
0x0008	0xF015C000  	MOVFF       R0, 21
;FIRMWARE_SYA_ver_0_8_3.c,65 :: 		temp = PORTC;
0x000C	0xF017CF8F  	MOVFF       PORTC, _temp
0x0010	0x0E00      	MOVLW       0
0x0012	0x6E18      	MOVWF       _temp+1 
;FIRMWARE_SYA_ver_0_8_3.c,66 :: 		temp = temp << 6;
0x0014	0x0E06      	MOVLW       6
0x0016	0x6E00      	MOVWF       R0 
0x0018	0x5000      	MOVF        R0, 0 
L__interrupt67:
0x001A	0xE005      	BZ          L__interrupt68
0x001C	0x3617      	RLCF        _temp, 1 
0x001E	0x9017      	BCF         _temp, 0 
0x0020	0x3618      	RLCF        _temp+1, 1 
0x0022	0x0FFF      	ADDLW       255
0x0024	0xD7FA      	BRA         L__interrupt67
L__interrupt68:
;FIRMWARE_SYA_ver_0_8_3.c,77 :: 		if((IOCCF.B0 == 1) && (IOCIE_bit == 1)){
0x0026	0x010F      	MOVLB       15
0x0028	0xA11A      	BTFSS       IOCCF, 0, 1
0x002A	0xD006      	BRA         L_interrupt2
0x002C	0x010E      	MOVLB       14
0x002E	0xA9C2      	BTFSS       IOCIE_bit, BitPos(IOCIE_bit+0), 1
0x0030	0xD003      	BRA         L_interrupt2
L__interrupt61:
;FIRMWARE_SYA_ver_0_8_3.c,78 :: 		IOCCF.B0 = 0; // Limpiamos la bandera de IOC
0x0032	0x010F      	MOVLB       15
0x0034	0x911A      	BCF         IOCCF, 0, 1
;FIRMWARE_SYA_ver_0_8_3.c,79 :: 		interruptC0 = 1; // Ponemos en 1 la bandera de interrupcion en C0
0x0036	0x8419      	BSF         _interruptC0, BitPos(_interruptC0+0) 
;FIRMWARE_SYA_ver_0_8_3.c,80 :: 		}
L_interrupt2:
0x0038	0x010F      	MOVLB       15
;FIRMWARE_SYA_ver_0_8_3.c,82 :: 		if((IOCCF.B1 == 1) && (IOCIE_bit == 1)){
0x003A	0xA31A      	BTFSS       IOCCF, 1, 1
0x003C	0xD006      	BRA         L_interrupt5
0x003E	0x010E      	MOVLB       14
0x0040	0xA9C2      	BTFSS       IOCIE_bit, BitPos(IOCIE_bit+0), 1
0x0042	0xD003      	BRA         L_interrupt5
L__interrupt60:
;FIRMWARE_SYA_ver_0_8_3.c,83 :: 		IOCCF.B1 = 0; // Limpiamos la bandera de IOC
0x0044	0x010F      	MOVLB       15
0x0046	0x931A      	BCF         IOCCF, 1, 1
;FIRMWARE_SYA_ver_0_8_3.c,84 :: 		interruptC1 = 1; // Ponemos en 1 la bandera de interrupcion en C0
0x0048	0x861A      	BSF         _interruptC1, BitPos(_interruptC1+0) 
;FIRMWARE_SYA_ver_0_8_3.c,85 :: 		}
L_interrupt5:
;FIRMWARE_SYA_ver_0_8_3.c,87 :: 		}
L_end_interrupt:
L__interrupt66:
0x004A	0xF000C015  	MOVFF       21, R0
0x004E	0x0011      	RETFIE      1
; end of _interrupt
_InitInterrupt:
;FIRMWARE_SYA_ver_0_8_3.c,313 :: 		void InitInterrupt(){
;FIRMWARE_SYA_ver_0_8_3.c,315 :: 		PIE0 = 0x30;    // Enable bit de IOC (Interrupt on Change)
0x0050	0x0E30      	MOVLW       48
0x0052	0x010E      	MOVLB       14
0x0054	0x6FC2      	MOVWF       PIE0, 1
;FIRMWARE_SYA_ver_0_8_3.c,316 :: 		PIR0 = 0x00;    // Limpiamos la bandera de IOC
0x0056	0x6BCA      	CLRF        PIR0, 1
;FIRMWARE_SYA_ver_0_8_3.c,321 :: 		IOCCN = 0x03;   // Activamos las banderas de IOC en Transicion negativa para C0 y C1
0x0058	0x0E03      	MOVLW       3
0x005A	0x010F      	MOVLB       15
0x005C	0x6F1B      	MOVWF       IOCCN, 1
;FIRMWARE_SYA_ver_0_8_3.c,322 :: 		IOCCP = 0x03;   // Activamos las banderas de IOC en Transicion positiva para C0 y C1
0x005E	0x0E03      	MOVLW       3
0x0060	0x6F1C      	MOVWF       IOCCP, 1
;FIRMWARE_SYA_ver_0_8_3.c,323 :: 		IOCCF = 0x00;   // Limpiamos la bandera de IOC
0x0062	0x6B1A      	CLRF        IOCCF, 1
;FIRMWARE_SYA_ver_0_8_3.c,325 :: 		INTCON = 0xC0;  // Activamos bits de interrupt globales (GIE) y por perifericos (PIE)
0x0064	0x0EC0      	MOVLW       192
0x0066	0x6EF2      	MOVWF       INTCON 
;FIRMWARE_SYA_ver_0_8_3.c,327 :: 		}
L_end_InitInterrupt:
0x0068	0x0012      	RETURN      0
; end of _InitInterrupt
_Events:
;FIRMWARE_SYA_ver_0_8_3.c,270 :: 		void Events(){
;FIRMWARE_SYA_ver_0_8_3.c,272 :: 		if(interruptC0){
0x006A	0xA419      	BTFSS       _interruptC0, BitPos(_interruptC0+0) 
0x006C	0xD009      	BRA         L_Events52
;FIRMWARE_SYA_ver_0_8_3.c,274 :: 		if(SWITCH1 == 1){
0x006E	0xA08F      	BTFSS       PORTC, 0 
0x0070	0xD003      	BRA         L_Events53
;FIRMWARE_SYA_ver_0_8_3.c,276 :: 		sn_PosEdge_1 = 0;
0x0072	0x921A      	BCF         _sn_PosEdge_1, BitPos(_sn_PosEdge_1+0) 
;FIRMWARE_SYA_ver_0_8_3.c,277 :: 		sn_NegEdge_1 = 1;
0x0074	0x841A      	BSF         _sn_NegEdge_1, BitPos(_sn_NegEdge_1+0) 
;FIRMWARE_SYA_ver_0_8_3.c,278 :: 		}
0x0076	0xD002      	BRA         L_Events54
L_Events53:
;FIRMWARE_SYA_ver_0_8_3.c,282 :: 		sn_PosEdge_1 = 1;
0x0078	0x821A      	BSF         _sn_PosEdge_1, BitPos(_sn_PosEdge_1+0) 
;FIRMWARE_SYA_ver_0_8_3.c,283 :: 		sn_NegEdge_1 = 0;
0x007A	0x941A      	BCF         _sn_NegEdge_1, BitPos(_sn_NegEdge_1+0) 
;FIRMWARE_SYA_ver_0_8_3.c,284 :: 		}
L_Events54:
;FIRMWARE_SYA_ver_0_8_3.c,285 :: 		interruptC0 = 0; // Limpiamos la bandera de interrupcion en C0
0x007C	0x9419      	BCF         _interruptC0, BitPos(_interruptC0+0) 
;FIRMWARE_SYA_ver_0_8_3.c,286 :: 		}
0x007E	0xD00B      	BRA         L_Events55
L_Events52:
;FIRMWARE_SYA_ver_0_8_3.c,288 :: 		else if(interruptC1){
0x0080	0xA61A      	BTFSS       _interruptC1, BitPos(_interruptC1+0) 
0x0082	0xD009      	BRA         L_Events56
;FIRMWARE_SYA_ver_0_8_3.c,290 :: 		if(SWITCH2 == 1){
0x0084	0xA28F      	BTFSS       PORTC, 1 
0x0086	0xD003      	BRA         L_Events57
;FIRMWARE_SYA_ver_0_8_3.c,292 :: 		sn_PosEdge_2 = 0;
0x0088	0x9E19      	BCF         _sn_PosEdge_2, BitPos(_sn_PosEdge_2+0) 
;FIRMWARE_SYA_ver_0_8_3.c,293 :: 		sn_NegEdge_2 = 1;
0x008A	0x801A      	BSF         _sn_NegEdge_2, BitPos(_sn_NegEdge_2+0) 
;FIRMWARE_SYA_ver_0_8_3.c,294 :: 		}
0x008C	0xD002      	BRA         L_Events58
L_Events57:
;FIRMWARE_SYA_ver_0_8_3.c,298 :: 		sn_PosEdge_2 = 1;
0x008E	0x8E19      	BSF         _sn_PosEdge_2, BitPos(_sn_PosEdge_2+0) 
;FIRMWARE_SYA_ver_0_8_3.c,299 :: 		sn_NegEdge_2 = 0;
0x0090	0x901A      	BCF         _sn_NegEdge_2, BitPos(_sn_NegEdge_2+0) 
;FIRMWARE_SYA_ver_0_8_3.c,300 :: 		}
L_Events58:
;FIRMWARE_SYA_ver_0_8_3.c,301 :: 		interruptC1 = 0; // Limpiamos la bandera de interrupcion en C1
0x0092	0x961A      	BCF         _interruptC1, BitPos(_interruptC1+0) 
;FIRMWARE_SYA_ver_0_8_3.c,302 :: 		}
0x0094	0xD000      	BRA         L_Events59
L_Events56:
;FIRMWARE_SYA_ver_0_8_3.c,305 :: 		}
L_Events59:
L_Events55:
;FIRMWARE_SYA_ver_0_8_3.c,307 :: 		}
L_end_Events:
0x0096	0x0012      	RETURN      0
; end of _Events
_State:
;FIRMWARE_SYA_ver_0_8_3.c,111 :: 		void State(){
;FIRMWARE_SYA_ver_0_8_3.c,113 :: 		switch(state){
0x0098	0xD07D      	BRA         L_State9
;FIRMWARE_SYA_ver_0_8_3.c,114 :: 		case 0: // S0 - Todo apagado
L_State11:
;FIRMWARE_SYA_ver_0_8_3.c,115 :: 		M1 = 0;
0x009A	0x9A83      	BCF         LATA, 5 
;FIRMWARE_SYA_ver_0_8_3.c,116 :: 		M2 = 0;
0x009C	0x9087      	BCF         LATE, 0 
;FIRMWARE_SYA_ver_0_8_3.c,117 :: 		M3 = 0;
0x009E	0x9287      	BCF         LATE, 1 
;FIRMWARE_SYA_ver_0_8_3.c,118 :: 		sn_GoTo = 0;
0x00A0	0x9C19      	BCF         _sn_GoTo, BitPos(_sn_GoTo+0) 
;FIRMWARE_SYA_ver_0_8_3.c,124 :: 		if(sn_PosEdge_1){
0x00A2	0xA21A      	BTFSS       _sn_PosEdge_1, BitPos(_sn_PosEdge_1+0) 
0x00A4	0xD003      	BRA         L_State12
;FIRMWARE_SYA_ver_0_8_3.c,125 :: 		state = 7; // Si, pasamos a estado 7
0x00A6	0x0E07      	MOVLW       7
0x00A8	0x6E16      	MOVWF       _state 
;FIRMWARE_SYA_ver_0_8_3.c,126 :: 		}
0x00AA	0xD001      	BRA         L_State13
L_State12:
;FIRMWARE_SYA_ver_0_8_3.c,128 :: 		state = 0;
0x00AC	0x6A16      	CLRF        _state 
;FIRMWARE_SYA_ver_0_8_3.c,129 :: 		}
L_State13:
;FIRMWARE_SYA_ver_0_8_3.c,130 :: 		break;
0x00AE	0xD088      	BRA         L_State10
;FIRMWARE_SYA_ver_0_8_3.c,131 :: 		case 1: // S1 - Grupo de trabajo 1 110
L_State14:
;FIRMWARE_SYA_ver_0_8_3.c,132 :: 		M1 = 1;
0x00B0	0x8A83      	BSF         LATA, 5 
;FIRMWARE_SYA_ver_0_8_3.c,133 :: 		M2 = 1;
0x00B2	0x8087      	BSF         LATE, 0 
;FIRMWARE_SYA_ver_0_8_3.c,134 :: 		M3 = 0;
0x00B4	0x9287      	BCF         LATE, 1 
;FIRMWARE_SYA_ver_0_8_3.c,135 :: 		GT1 = 1;
0x00B6	0x8219      	BSF         _GT1, BitPos(_GT1+0) 
;FIRMWARE_SYA_ver_0_8_3.c,136 :: 		GT2 = 0; // Trouble
0x00B8	0x9019      	BCF         _GT2, BitPos(_GT2+0) 
;FIRMWARE_SYA_ver_0_8_3.c,137 :: 		GT3 = 0; //
0x00BA	0x9A19      	BCF         _GT3, BitPos(_GT3+0) 
;FIRMWARE_SYA_ver_0_8_3.c,139 :: 		if(sn_NegEdge_1){
0x00BC	0xA41A      	BTFSS       _sn_NegEdge_1, BitPos(_sn_NegEdge_1+0) 
0x00BE	0xD002      	BRA         L_State15
;FIRMWARE_SYA_ver_0_8_3.c,141 :: 		state = 0;
0x00C0	0x6A16      	CLRF        _state 
;FIRMWARE_SYA_ver_0_8_3.c,143 :: 		}
0x00C2	0xD007      	BRA         L_State16
L_State15:
;FIRMWARE_SYA_ver_0_8_3.c,145 :: 		else if(sn_PosEdge_2){
0x00C4	0xAE19      	BTFSS       _sn_PosEdge_2, BitPos(_sn_PosEdge_2+0) 
0x00C6	0xD003      	BRA         L_State17
;FIRMWARE_SYA_ver_0_8_3.c,147 :: 		state = 4;
0x00C8	0x0E04      	MOVLW       4
0x00CA	0x6E16      	MOVWF       _state 
;FIRMWARE_SYA_ver_0_8_3.c,148 :: 		}
0x00CC	0xD002      	BRA         L_State18
L_State17:
;FIRMWARE_SYA_ver_0_8_3.c,152 :: 		state = 1;
0x00CE	0x0E01      	MOVLW       1
0x00D0	0x6E16      	MOVWF       _state 
;FIRMWARE_SYA_ver_0_8_3.c,153 :: 		}
L_State18:
L_State16:
;FIRMWARE_SYA_ver_0_8_3.c,154 :: 		break;
0x00D2	0xD076      	BRA         L_State10
;FIRMWARE_SYA_ver_0_8_3.c,155 :: 		case 2: // S2 - Grupo de trabajo 2 011
L_State19:
;FIRMWARE_SYA_ver_0_8_3.c,156 :: 		M1 = 0;
0x00D4	0x9A83      	BCF         LATA, 5 
;FIRMWARE_SYA_ver_0_8_3.c,157 :: 		M2 = 1;
0x00D6	0x8087      	BSF         LATE, 0 
;FIRMWARE_SYA_ver_0_8_3.c,158 :: 		M3 = 1;
0x00D8	0x8287      	BSF         LATE, 1 
;FIRMWARE_SYA_ver_0_8_3.c,159 :: 		GT1 = 0; // Ponemos en 0 todos los
0x00DA	0x9219      	BCF         _GT1, BitPos(_GT1+0) 
;FIRMWARE_SYA_ver_0_8_3.c,160 :: 		GT2 = 1;
0x00DC	0x8019      	BSF         _GT2, BitPos(_GT2+0) 
;FIRMWARE_SYA_ver_0_8_3.c,161 :: 		GT3 = 0; // demas GT's para alternar en estado 7
0x00DE	0x9A19      	BCF         _GT3, BitPos(_GT3+0) 
;FIRMWARE_SYA_ver_0_8_3.c,163 :: 		if(sn_NegEdge_1){
0x00E0	0xA41A      	BTFSS       _sn_NegEdge_1, BitPos(_sn_NegEdge_1+0) 
0x00E2	0xD002      	BRA         L_State20
;FIRMWARE_SYA_ver_0_8_3.c,165 :: 		state = 0;
0x00E4	0x6A16      	CLRF        _state 
;FIRMWARE_SYA_ver_0_8_3.c,166 :: 		}
0x00E6	0xD007      	BRA         L_State21
L_State20:
;FIRMWARE_SYA_ver_0_8_3.c,168 :: 		else if(sn_PosEdge_2){
0x00E8	0xAE19      	BTFSS       _sn_PosEdge_2, BitPos(_sn_PosEdge_2+0) 
0x00EA	0xD003      	BRA         L_State22
;FIRMWARE_SYA_ver_0_8_3.c,170 :: 		state = 4;
0x00EC	0x0E04      	MOVLW       4
0x00EE	0x6E16      	MOVWF       _state 
;FIRMWARE_SYA_ver_0_8_3.c,171 :: 		}
0x00F0	0xD002      	BRA         L_State23
L_State22:
;FIRMWARE_SYA_ver_0_8_3.c,175 :: 		state = 2;
0x00F2	0x0E02      	MOVLW       2
0x00F4	0x6E16      	MOVWF       _state 
;FIRMWARE_SYA_ver_0_8_3.c,176 :: 		}
L_State23:
L_State21:
;FIRMWARE_SYA_ver_0_8_3.c,177 :: 		break;
0x00F6	0xD064      	BRA         L_State10
;FIRMWARE_SYA_ver_0_8_3.c,178 :: 		case 3: // S3 - Grupo de trabajo 3 101
L_State24:
;FIRMWARE_SYA_ver_0_8_3.c,179 :: 		M1 = 1;
0x00F8	0x8A83      	BSF         LATA, 5 
;FIRMWARE_SYA_ver_0_8_3.c,180 :: 		M2 = 0;
0x00FA	0x9087      	BCF         LATE, 0 
;FIRMWARE_SYA_ver_0_8_3.c,181 :: 		M3 = 1;
0x00FC	0x8287      	BSF         LATE, 1 
;FIRMWARE_SYA_ver_0_8_3.c,182 :: 		GT1 = 0; // Ponemos en 0 todos los demas GT's
0x00FE	0x9219      	BCF         _GT1, BitPos(_GT1+0) 
;FIRMWARE_SYA_ver_0_8_3.c,183 :: 		GT2 = 0; // para alternar en estado 7
0x0100	0x9019      	BCF         _GT2, BitPos(_GT2+0) 
;FIRMWARE_SYA_ver_0_8_3.c,184 :: 		GT3 = 1;
0x0102	0x8A19      	BSF         _GT3, BitPos(_GT3+0) 
;FIRMWARE_SYA_ver_0_8_3.c,186 :: 		if(sn_NegEdge_1){
0x0104	0xA41A      	BTFSS       _sn_NegEdge_1, BitPos(_sn_NegEdge_1+0) 
0x0106	0xD002      	BRA         L_State25
;FIRMWARE_SYA_ver_0_8_3.c,188 :: 		state = 0;
0x0108	0x6A16      	CLRF        _state 
;FIRMWARE_SYA_ver_0_8_3.c,189 :: 		}
0x010A	0xD007      	BRA         L_State26
L_State25:
;FIRMWARE_SYA_ver_0_8_3.c,191 :: 		else if(sn_PosEdge_2){
0x010C	0xAE19      	BTFSS       _sn_PosEdge_2, BitPos(_sn_PosEdge_2+0) 
0x010E	0xD003      	BRA         L_State27
;FIRMWARE_SYA_ver_0_8_3.c,193 :: 		state = 4;
0x0110	0x0E04      	MOVLW       4
0x0112	0x6E16      	MOVWF       _state 
;FIRMWARE_SYA_ver_0_8_3.c,194 :: 		}
0x0114	0xD002      	BRA         L_State28
L_State27:
;FIRMWARE_SYA_ver_0_8_3.c,198 :: 		state = 3;
0x0116	0x0E03      	MOVLW       3
0x0118	0x6E16      	MOVWF       _state 
;FIRMWARE_SYA_ver_0_8_3.c,199 :: 		}
L_State28:
L_State26:
;FIRMWARE_SYA_ver_0_8_3.c,200 :: 		break;
0x011A	0xD052      	BRA         L_State10
;FIRMWARE_SYA_ver_0_8_3.c,201 :: 		case 4: // S4 - Grupo de trabajo 4 111
L_State29:
;FIRMWARE_SYA_ver_0_8_3.c,202 :: 		M1 = 1;
0x011C	0x8A83      	BSF         LATA, 5 
;FIRMWARE_SYA_ver_0_8_3.c,203 :: 		M2 = 1;
0x011E	0x8087      	BSF         LATE, 0 
;FIRMWARE_SYA_ver_0_8_3.c,204 :: 		M3 = 1;
0x0120	0x8287      	BSF         LATE, 1 
;FIRMWARE_SYA_ver_0_8_3.c,206 :: 		if(sn_NegEdge_2){
0x0122	0xA01A      	BTFSS       _sn_NegEdge_2, BitPos(_sn_NegEdge_2+0) 
0x0124	0xD004      	BRA         L_State30
;FIRMWARE_SYA_ver_0_8_3.c,208 :: 		state = 6;
0x0126	0x0E06      	MOVLW       6
0x0128	0x6E16      	MOVWF       _state 
;FIRMWARE_SYA_ver_0_8_3.c,209 :: 		sn_GoTo = 1; // Ponemos en 1 la señal de transicion
0x012A	0x8C19      	BSF         _sn_GoTo, BitPos(_sn_GoTo+0) 
;FIRMWARE_SYA_ver_0_8_3.c,210 :: 		}
0x012C	0xD002      	BRA         L_State31
L_State30:
;FIRMWARE_SYA_ver_0_8_3.c,214 :: 		state = 4;
0x012E	0x0E04      	MOVLW       4
0x0130	0x6E16      	MOVWF       _state 
;FIRMWARE_SYA_ver_0_8_3.c,215 :: 		}
L_State31:
;FIRMWARE_SYA_ver_0_8_3.c,216 :: 		break;
0x0132	0xD046      	BRA         L_State10
;FIRMWARE_SYA_ver_0_8_3.c,217 :: 		case 6: // S6 - Estado de transicion para flanco negativo 2
L_State32:
;FIRMWARE_SYA_ver_0_8_3.c,219 :: 		if((sn_GoTo == 1) && (GT1 == 1)){
0x0134	0xAC19      	BTFSS       _sn_GoTo, BitPos(_sn_GoTo+0) 
0x0136	0xD005      	BRA         L_State35
0x0138	0xA219      	BTFSS       _GT1, BitPos(_GT1+0) 
0x013A	0xD003      	BRA         L_State35
L__State64:
;FIRMWARE_SYA_ver_0_8_3.c,220 :: 		state = 2;
0x013C	0x0E02      	MOVLW       2
0x013E	0x6E16      	MOVWF       _state 
;FIRMWARE_SYA_ver_0_8_3.c,221 :: 		}
0x0140	0xD010      	BRA         L_State36
L_State35:
;FIRMWARE_SYA_ver_0_8_3.c,222 :: 		else if((sn_GoTo == 1) && (GT2 == 1)){
0x0142	0xAC19      	BTFSS       _sn_GoTo, BitPos(_sn_GoTo+0) 
0x0144	0xD005      	BRA         L_State39
0x0146	0xA019      	BTFSS       _GT2, BitPos(_GT2+0) 
0x0148	0xD003      	BRA         L_State39
L__State63:
;FIRMWARE_SYA_ver_0_8_3.c,223 :: 		state = 3;
0x014A	0x0E03      	MOVLW       3
0x014C	0x6E16      	MOVWF       _state 
;FIRMWARE_SYA_ver_0_8_3.c,224 :: 		}
0x014E	0xD009      	BRA         L_State40
L_State39:
;FIRMWARE_SYA_ver_0_8_3.c,225 :: 		else if((sn_GoTo == 1) && (GT3 == 1)){
0x0150	0xAC19      	BTFSS       _sn_GoTo, BitPos(_sn_GoTo+0) 
0x0152	0xD005      	BRA         L_State43
0x0154	0xAA19      	BTFSS       _GT3, BitPos(_GT3+0) 
0x0156	0xD003      	BRA         L_State43
L__State62:
;FIRMWARE_SYA_ver_0_8_3.c,226 :: 		state = 1;
0x0158	0x0E01      	MOVLW       1
0x015A	0x6E16      	MOVWF       _state 
;FIRMWARE_SYA_ver_0_8_3.c,227 :: 		}
0x015C	0xD002      	BRA         L_State44
L_State43:
;FIRMWARE_SYA_ver_0_8_3.c,231 :: 		state = 4;
0x015E	0x0E04      	MOVLW       4
0x0160	0x6E16      	MOVWF       _state 
;FIRMWARE_SYA_ver_0_8_3.c,232 :: 		}
L_State44:
L_State40:
L_State36:
;FIRMWARE_SYA_ver_0_8_3.c,233 :: 		break;
0x0162	0xD02E      	BRA         L_State10
;FIRMWARE_SYA_ver_0_8_3.c,234 :: 		case 7: // S7 - Estado de transicion para flanco positivo
L_State45:
;FIRMWARE_SYA_ver_0_8_3.c,236 :: 		if(GT1){
0x0164	0xA219      	BTFSS       _GT1, BitPos(_GT1+0) 
0x0166	0xD005      	BRA         L_State46
;FIRMWARE_SYA_ver_0_8_3.c,238 :: 		state = 2;
0x0168	0x0E02      	MOVLW       2
0x016A	0x6E16      	MOVWF       _state 
;FIRMWARE_SYA_ver_0_8_3.c,239 :: 		GT2 = 0; // Apaga la señal de GT1 (pq lo puse?)
0x016C	0x9019      	BCF         _GT2, BitPos(_GT2+0) 
;FIRMWARE_SYA_ver_0_8_3.c,240 :: 		GT3 = 0;
0x016E	0x9A19      	BCF         _GT3, BitPos(_GT3+0) 
;FIRMWARE_SYA_ver_0_8_3.c,241 :: 		}
0x0170	0xD010      	BRA         L_State47
L_State46:
;FIRMWARE_SYA_ver_0_8_3.c,243 :: 		else if(GT2){
0x0172	0xA019      	BTFSS       _GT2, BitPos(_GT2+0) 
0x0174	0xD005      	BRA         L_State48
;FIRMWARE_SYA_ver_0_8_3.c,245 :: 		state = 3;
0x0176	0x0E03      	MOVLW       3
0x0178	0x6E16      	MOVWF       _state 
;FIRMWARE_SYA_ver_0_8_3.c,246 :: 		GT1 = 0;
0x017A	0x9219      	BCF         _GT1, BitPos(_GT1+0) 
;FIRMWARE_SYA_ver_0_8_3.c,247 :: 		GT3 = 0;
0x017C	0x9A19      	BCF         _GT3, BitPos(_GT3+0) 
;FIRMWARE_SYA_ver_0_8_3.c,248 :: 		}
0x017E	0xD009      	BRA         L_State49
L_State48:
;FIRMWARE_SYA_ver_0_8_3.c,250 :: 		else if(GT3){
0x0180	0xAA19      	BTFSS       _GT3, BitPos(_GT3+0) 
0x0182	0xD005      	BRA         L_State50
;FIRMWARE_SYA_ver_0_8_3.c,252 :: 		state = 1;
0x0184	0x0E01      	MOVLW       1
0x0186	0x6E16      	MOVWF       _state 
;FIRMWARE_SYA_ver_0_8_3.c,253 :: 		GT1 = 0;
0x0188	0x9219      	BCF         _GT1, BitPos(_GT1+0) 
;FIRMWARE_SYA_ver_0_8_3.c,254 :: 		GT2 = 0;
0x018A	0x9019      	BCF         _GT2, BitPos(_GT2+0) 
;FIRMWARE_SYA_ver_0_8_3.c,255 :: 		}
0x018C	0xD002      	BRA         L_State51
L_State50:
;FIRMWARE_SYA_ver_0_8_3.c,259 :: 		state = 7;
0x018E	0x0E07      	MOVLW       7
0x0190	0x6E16      	MOVWF       _state 
;FIRMWARE_SYA_ver_0_8_3.c,260 :: 		}
L_State51:
L_State49:
L_State47:
;FIRMWARE_SYA_ver_0_8_3.c,261 :: 		break;
0x0192	0xD016      	BRA         L_State10
;FIRMWARE_SYA_ver_0_8_3.c,262 :: 		}
L_State9:
0x0194	0x5016      	MOVF        _state, 0 
0x0196	0x0A00      	XORLW       0
0x0198	0xB4D8      	BTFSC       STATUS, 2 
0x019A	0xD77F      	BRA         L_State11
0x019C	0x5016      	MOVF        _state, 0 
0x019E	0x0A01      	XORLW       1
0x01A0	0xE087      	BZ          L_State14
0x01A2	0x5016      	MOVF        _state, 0 
0x01A4	0x0A02      	XORLW       2
0x01A6	0xE096      	BZ          L_State19
0x01A8	0x5016      	MOVF        _state, 0 
0x01AA	0x0A03      	XORLW       3
0x01AC	0xE0A5      	BZ          L_State24
0x01AE	0x5016      	MOVF        _state, 0 
0x01B0	0x0A04      	XORLW       4
0x01B2	0xE0B4      	BZ          L_State29
0x01B4	0x5016      	MOVF        _state, 0 
0x01B6	0x0A06      	XORLW       6
0x01B8	0xE0BD      	BZ          L_State32
0x01BA	0x5016      	MOVF        _state, 0 
0x01BC	0x0A07      	XORLW       7
0x01BE	0xE0D2      	BZ          L_State45
L_State10:
;FIRMWARE_SYA_ver_0_8_3.c,264 :: 		}
L_end_State:
0x01C0	0x0012      	RETURN      0
; end of _State
___CC2DW:
;__Lib_System_xxK40.c,22 :: 		
;__Lib_System_xxK40.c,24 :: 		
0x01C2	0x8E81      	BSF         NVMCON1, 7, 0
;__Lib_System_xxK40.c,25 :: 		
_CC2DL_Loop1:
;__Lib_System_xxK40.c,26 :: 		
0x01C4	0x0009      	TBLRD*+
;__Lib_System_xxK40.c,27 :: 		
0x01C6	0xFFE6CFF5  	MOVFF       TABLAT, POSTINC1
;__Lib_System_xxK40.c,28 :: 		
0x01CA	0x0600      	DECF        R0, 1, 0
;__Lib_System_xxK40.c,29 :: 		
0x01CC	0xE1FB      	BNZ         _CC2DL_Loop1
;__Lib_System_xxK40.c,30 :: 		
0x01CE	0x0601      	DECF        R1, 1, 0
;__Lib_System_xxK40.c,31 :: 		
0x01D0	0xE1F9      	BNZ         _CC2DL_Loop1
;__Lib_System_xxK40.c,33 :: 		
L_end___CC2DW:
0x01D2	0x0012      	RETURN      0
; end of ___CC2DW
_InitMCU:
;FIRMWARE_SYA_ver_0_8_3.c,333 :: 		void InitMCU(){
;FIRMWARE_SYA_ver_0_8_3.c,335 :: 		ADCON1 = 0x0F; // Desactivamos ADC
0x01D4	0x0E0F      	MOVLW       15
0x01D6	0x010F      	MOVLB       15
0x01D8	0x6F59      	MOVWF       ADCON1, 1
;FIRMWARE_SYA_ver_0_8_3.c,336 :: 		ANSELC = 0;    // Ponemos en modo digital al puerto C
0x01DA	0x6B21      	CLRF        ANSELC, 1
;FIRMWARE_SYA_ver_0_8_3.c,337 :: 		ANSELE = 0;    //                ''                 E
0x01DC	0x6B2E      	CLRF        ANSELE, 1
;FIRMWARE_SYA_ver_0_8_3.c,338 :: 		ANSELA = 0;    //                ''                 A
0x01DE	0x6B11      	CLRF        ANSELA, 1
;FIRMWARE_SYA_ver_0_8_3.c,340 :: 		TRISC = 0x03;  // Ponemos en modo de entrada a C0 y C1, los demas como salida
0x01E0	0x0E03      	MOVLW       3
0x01E2	0x6E8A      	MOVWF       TRISC 
;FIRMWARE_SYA_ver_0_8_3.c,341 :: 		TRISE = 0x00;  // Ponemos en modo salida al puerto E
0x01E4	0x6A8C      	CLRF        TRISE 
;FIRMWARE_SYA_ver_0_8_3.c,342 :: 		TRISA = 0x80;  //                ''                A
0x01E6	0x0E80      	MOVLW       128
0x01E8	0x6E88      	MOVWF       TRISA 
;FIRMWARE_SYA_ver_0_8_3.c,344 :: 		PORTC = 0x00;  // Ponemos en linea baja en puerto C
0x01EA	0x6A8F      	CLRF        PORTC 
;FIRMWARE_SYA_ver_0_8_3.c,345 :: 		PORTE = 0x00;  //                ''             E
0x01EC	0x6A91      	CLRF        PORTE 
;FIRMWARE_SYA_ver_0_8_3.c,346 :: 		PORTA = 0x10;  // Ponemos en linea alta en A4
0x01EE	0x0E10      	MOVLW       16
0x01F0	0x6E8D      	MOVWF       PORTA 
;FIRMWARE_SYA_ver_0_8_3.c,348 :: 		LATC = 0x00;   // Dejamos en cero el registro del puerto C
0x01F2	0x6A85      	CLRF        LATC 
;FIRMWARE_SYA_ver_0_8_3.c,349 :: 		LATE = 0x00;   //                ''                      E
0x01F4	0x6A87      	CLRF        LATE 
;FIRMWARE_SYA_ver_0_8_3.c,350 :: 		LATA = 0x10;   // Dejamos en 1 al pin A4
0x01F6	0x0E10      	MOVLW       16
0x01F8	0x6E83      	MOVWF       LATA 
;FIRMWARE_SYA_ver_0_8_3.c,352 :: 		WPUC = 0x03;   // Activamos el pull-up interno de C0 y C1
0x01FA	0x0E03      	MOVLW       3
0x01FC	0x6F20      	MOVWF       WPUC, 1
;FIRMWARE_SYA_ver_0_8_3.c,353 :: 		INLVLC = 0x03; // Desactivamos valores TTL para C0 y C1 asumiento valores CMOS
0x01FE	0x0E03      	MOVLW       3
0x0200	0x6F1D      	MOVWF       INLVLC, 1
;FIRMWARE_SYA_ver_0_8_3.c,354 :: 		CM1CON0 = 0x00; // Desactivamos el comparador 1
0x0202	0x6B39      	CLRF        CM1CON0, 1
;FIRMWARE_SYA_ver_0_8_3.c,355 :: 		CM2CON0 = 0x00; // Desactivamos el comparador 2
0x0204	0x6B35      	CLRF        CM2CON0, 1
;FIRMWARE_SYA_ver_0_8_3.c,357 :: 		once = TRUE;   // Seteo de la condicion para lazo
0x0206	0x8819      	BSF         _once, BitPos(_once+0) 
;FIRMWARE_SYA_ver_0_8_3.c,359 :: 		}
L_end_InitMCU:
0x0208	0x0012      	RETURN      0
; end of _InitMCU
_main:
0x020A	0x6A16      	CLRF        _state 
0x020C	0x6A17      	CLRF        _temp 
0x020E	0x6A18      	CLRF        24 
;FIRMWARE_SYA_ver_0_8_3.c,93 :: 		void main(){
;FIRMWARE_SYA_ver_0_8_3.c,95 :: 		InitMCU();       // Configuraciones iniciales del MCU
0x0210	0xDFE1      	RCALL       _InitMCU
;FIRMWARE_SYA_ver_0_8_3.c,96 :: 		InitInterrupt(); //       ''        de interrupciones del MCU
0x0212	0xDF1E      	RCALL       _InitInterrupt
;FIRMWARE_SYA_ver_0_8_3.c,97 :: 		once = TRUE;     // Seteo de la condicion del lazo
0x0214	0x8819      	BSF         _once, BitPos(_once+0) 
;FIRMWARE_SYA_ver_0_8_3.c,98 :: 		flag_init = 1;
0x0216	0x8619      	BSF         _flag_init, BitPos(_flag_init+0) 
;FIRMWARE_SYA_ver_0_8_3.c,101 :: 		do{
L_main6:
;FIRMWARE_SYA_ver_0_8_3.c,102 :: 		Events(); // Iniciamos las
0x0218	0xDF28      	RCALL       _Events
;FIRMWARE_SYA_ver_0_8_3.c,103 :: 		State();  // funciones
0x021A	0xDF3E      	RCALL       _State
;FIRMWARE_SYA_ver_0_8_3.c,104 :: 		}while(1);
0x021C	0xD7FD      	BRA         L_main6
;FIRMWARE_SYA_ver_0_8_3.c,105 :: 		}
L_end_main:
0x021E	0xD7FF      	BRA         $+0
; end of _main
Symbol List:
//** Routines locations **
//ADDRESS    SIZE    PROCEDURE
//----------------------------------------------
0x0008      [72]    _interrupt
0x0050      [26]    _InitInterrupt
0x006A      [46]    _Events
0x0098     [298]    _State
0x01C2      [18]    ___CC2DW
0x01D4      [54]    _InitMCU
0x020A      [22]    _main
//** Variables locations ** 
//ADDRESS    SIZE    VARIABLE
//----------------------------------------------
0x0000       [1]    R0
0x0001       [1]    ispunct_rslt_L0
0x0001       [1]    R1
0x0002       [1]    R2
0x0002       [2]    strlen_cp_L0
0x0002       [2]    memset_pp_L0
0x0002       [2]    memcpy_dd_L0
0x0002       [2]    memchr_s_L0
0x0003       [2]    memmove_tt_L0
0x0003       [1]    R3
0x0004       [1]    R4
0x0004       [2]    strcat_cp_L0
0x0004       [2]    memcpy_ss_L0
0x0004       [2]    strcpy_cp_L0
0x0004       [2]    strncat_cp_L0
0x0004       [2]    strncpy_cp_L0
0x0004       [2]    frexp_pom_L0
0x0005       [1]    R5
0x0005       [2]    memmove_ff_L0
0x0006       [1]    R6
0x0007       [1]    R7
0x0008       [1]    R8
0x0009       [1]    R9
0x000A       [1]    R10
0x000B       [1]    R11
0x000C       [1]    R12
0x000D       [1]    R13
0x000E       [1]    R14
0x000F       [1]    R15
0x0010       [1]    R16
0x0011       [1]    R17
0x0012       [1]    R18
0x0013       [1]    R19
0x0014       [1]    R20
0x0016       [1]    _state
0x0017       [2]    _temp
0x0019       [0]    _sn_PosEdge_2
0x0019       [0]    _flag_init
0x0019       [0]    _GT1
0x0019       [0]    _once
0x0019       [0]    _GT2
0x0019       [0]    _sn_GoTo
0x0019       [0]    _interruptC0
0x0019       [0]    _GT3
0x001A       [0]    _sn_NegEdge_1
0x001A       [0]    _sn_PosEdge_1
0x001A       [0]    _interruptC1
0x001A       [0]    _sn_NegEdge_2
0x0EC2       [0]    IOCIE_bit
0x0EC2       [1]    PIE0
0x0ECA       [1]    PIR0
0x0F11       [1]    ANSELA
0x0F1A       [1]    IOCCF
0x0F1B       [1]    IOCCN
0x0F1C       [1]    IOCCP
0x0F1D       [1]    INLVLC
0x0F20       [1]    WPUC
0x0F21       [1]    ANSELC
0x0F2E       [1]    ANSELE
0x0F35       [1]    CM2CON0
0x0F39       [1]    CM1CON0
0x0F59       [1]    ADCON1
0x0F81       [1]    NVMCON1
0x0F83       [1]    LATA
0x0F85       [1]    LATC
0x0F87       [1]    LATE
0x0F88       [1]    TRISA
0x0F8A       [1]    TRISC
0x0F8C       [1]    TRISE
0x0F8D       [1]    PORTA
0x0F8F       [1]    PORTC
0x0F91       [1]    PORTE
0x0FD8       [1]    STATUS
0x0FD9       [1]    FSR2L
0x0FDA       [1]    FSR2H
0x0FDE       [1]    POSTINC2
0x0FE0       [1]    BSR
0x0FE1       [1]    FSR1L
0x0FE2       [1]    FSR1H
0x0FE4       [1]    PREINC1
0x0FE6       [1]    POSTINC1
0x0FE7       [1]    INDF1
0x0FE8       [1]    WREG
0x0FE9       [1]    FSR0L
0x0FEA       [1]    FSR0H
0x0FEE       [1]    POSTINC0
0x0FF2       [1]    INTCON
0x0FF3       [1]    PRODL
0x0FF4       [1]    PRODH
0x0FF5       [1]    TABLAT
0x0FF6       [1]    TBLPTRL
0x0FF7       [1]    TBLPTRH
0x0FF8       [1]    TBLPTRU
