;  LST file generated by mikroListExporter - v.2.0 
; Date/Time: 3/12/2024 2:36:04 PM
;----------------------------------------------

;Address Opcode 	ASM
0x0000	0xF000EF82  	GOTO        260
_interrupt:
0x0008	0xF016C000  	MOVFF       R0, 22
0x000C	0xF015C001  	MOVFF       R1, 21
0x0010	0x010E      	MOVLB       14
0x0012	0xABCA      	BTFSS       PIR0, 5, 1
0x0014	0xD00F      	BRA         L_interrupt0
0x0016	0x0EB1      	MOVLW       177
0x0018	0x6ED4      	MOVWF       TMR0H 
0x001A	0x0EE0      	MOVLW       224
0x001C	0x6ED3      	MOVWF       TMR0L 
0x001E	0x9BCA      	BCF         PIR0, 5, 1
0x0020	0x0E01      	MOVLW       1
0x0022	0x2417      	ADDWF       _counter, 0 
0x0024	0x6E00      	MOVWF       R0 
0x0026	0x0E00      	MOVLW       0
0x0028	0x2018      	ADDWFC      _counter+1, 0 
0x002A	0x6E01      	MOVWF       R1 
0x002C	0xF017C000  	MOVFF       R0, _counter
0x0030	0xF018C001  	MOVFF       R1, _counter+1
L_interrupt0:
0x0034	0x010F      	MOVLB       15
0x0036	0xA11A      	BTFSS       IOCCF, 0, 1
0x0038	0xD006      	BRA         L_interrupt3
0x003A	0x010E      	MOVLB       14
0x003C	0xA9C2      	BTFSS       IOCIE_bit, BitPos(IOCIE_bit+0), 1
0x003E	0xD003      	BRA         L_interrupt3
L__interrupt68:
0x0040	0x010F      	MOVLB       15
0x0042	0x911A      	BCF         IOCCF, 0, 1
0x0044	0x8E19      	BSF         _interruptC0, BitPos(_interruptC0+0) 
L_interrupt3:
0x0046	0x010F      	MOVLB       15
0x0048	0xA31A      	BTFSS       IOCCF, 1, 1
0x004A	0xD006      	BRA         L_interrupt6
0x004C	0x010E      	MOVLB       14
0x004E	0xA9C2      	BTFSS       IOCIE_bit, BitPos(IOCIE_bit+0), 1
0x0050	0xD003      	BRA         L_interrupt6
L__interrupt67:
0x0052	0x010F      	MOVLB       15
0x0054	0x931A      	BCF         IOCCF, 1, 1
0x0056	0x8819      	BSF         _interruptC1, BitPos(_interruptC1+0) 
L_interrupt6:
L_end_interrupt:
L__interrupt70:
0x0058	0xF000C016  	MOVFF       22, R0
0x005C	0xF001C015  	MOVFF       21, R1
0x0060	0x0011      	RETFIE      1
; end of _interrupt
_InitInterrupt:
0x0062	0x0E30      	MOVLW       48
0x0064	0x010E      	MOVLB       14
0x0066	0x6FC2      	MOVWF       PIE0, 1
0x0068	0x6BCA      	CLRF        PIR0, 1
0x006A	0x0E90      	MOVLW       144
0x006C	0x6ED5      	MOVWF       T0CON0 
0x006E	0x0E40      	MOVLW       64
0x0070	0x6ED6      	MOVWF       T0CON1 
0x0072	0x0EB1      	MOVLW       177
0x0074	0x6ED4      	MOVWF       TMR0H 
0x0076	0x0EE0      	MOVLW       224
0x0078	0x6ED3      	MOVWF       TMR0L 
0x007A	0x0E03      	MOVLW       3
0x007C	0x010F      	MOVLB       15
0x007E	0x6F1B      	MOVWF       IOCCN, 1
0x0080	0x0E03      	MOVLW       3
0x0082	0x6F1C      	MOVWF       IOCCP, 1
0x0084	0x6B1A      	CLRF        IOCCF, 1
0x0086	0x010E      	MOVLB       14
0x0088	0x9BCA      	BCF         PIR0, 5, 1
0x008A	0x0EC0      	MOVLW       192
0x008C	0x6EF2      	MOVWF       INTCON 
L_end_InitInterrupt:
0x008E	0x0012      	RETURN      0
; end of _InitInterrupt
_Events:
0x0090	0xAE19      	BTFSS       _interruptC0, BitPos(_interruptC0+0) 
0x0092	0xD008      	BRA         L_Events59
0x0094	0xA08F      	BTFSS       PORTC, 0 
0x0096	0xD003      	BRA         L_Events60
0x0098	0x901B      	BCF         _sn_PosEdge_1, BitPos(_sn_PosEdge_1+0) 
0x009A	0x8C19      	BSF         _sn_NegEdge_1, BitPos(_sn_NegEdge_1+0) 
0x009C	0xD002      	BRA         L_Events61
L_Events60:
0x009E	0x801B      	BSF         _sn_PosEdge_1, BitPos(_sn_PosEdge_1+0) 
0x00A0	0x9C19      	BCF         _sn_NegEdge_1, BitPos(_sn_NegEdge_1+0) 
L_Events61:
0x00A2	0xD00C      	BRA         L_Events62
L_Events59:
0x00A4	0xA819      	BTFSS       _interruptC1, BitPos(_interruptC1+0) 
0x00A6	0xD008      	BRA         L_Events63
0x00A8	0xA28F      	BTFSS       PORTC, 1 
0x00AA	0xD003      	BRA         L_Events64
0x00AC	0x9A19      	BCF         _sn_PosEdge_2, BitPos(_sn_PosEdge_2+0) 
0x00AE	0x8219      	BSF         _sn_NegEdge_2, BitPos(_sn_NegEdge_2+0) 
0x00B0	0xD002      	BRA         L_Events65
L_Events64:
0x00B2	0x8A19      	BSF         _sn_PosEdge_2, BitPos(_sn_PosEdge_2+0) 
0x00B4	0x9219      	BCF         _sn_NegEdge_2, BitPos(_sn_NegEdge_2+0) 
L_Events65:
0x00B6	0xD002      	BRA         L_Events66
L_Events63:
0x00B8	0x9E19      	BCF         _interruptC0, BitPos(_interruptC0+0) 
0x00BA	0x9819      	BCF         _interruptC1, BitPos(_interruptC1+0) 
L_Events66:
L_Events62:
L_end_Events:
0x00BC	0x0012      	RETURN      0
; end of _Events
_InitMCU:
0x00BE	0x0E0F      	MOVLW       15
0x00C0	0x010F      	MOVLB       15
0x00C2	0x6F59      	MOVWF       ADCON1, 1
0x00C4	0x6B21      	CLRF        ANSELC, 1
0x00C6	0x6B2E      	CLRF        ANSELE, 1
0x00C8	0x6B11      	CLRF        ANSELA, 1
0x00CA	0x0E03      	MOVLW       3
0x00CC	0x6E8A      	MOVWF       TRISC 
0x00CE	0x6A8C      	CLRF        TRISE 
0x00D0	0x0E80      	MOVLW       128
0x00D2	0x6E88      	MOVWF       TRISA 
0x00D4	0x6A8F      	CLRF        PORTC 
0x00D6	0x6A91      	CLRF        PORTE 
0x00D8	0x0E10      	MOVLW       16
0x00DA	0x6E8D      	MOVWF       PORTA 
0x00DC	0x6A85      	CLRF        LATC 
0x00DE	0x6A87      	CLRF        LATE 
0x00E0	0x0E10      	MOVLW       16
0x00E2	0x6E83      	MOVWF       LATA 
0x00E4	0x0E03      	MOVLW       3
0x00E6	0x6F20      	MOVWF       WPUC, 1
0x00E8	0x0E03      	MOVLW       3
0x00EA	0x6F1D      	MOVWF       INLVLC, 1
0x00EC	0x6B39      	CLRF        CM1CON0, 1
0x00EE	0x6B35      	CLRF        CM2CON0, 1
L_end_InitMCU:
0x00F0	0x0012      	RETURN      0
; end of _InitMCU
___CC2DW:
0x00F2	0x8E81      	BSF         NVMCON1, 7, 0
_CC2DL_Loop1:
0x00F4	0x0009      	TBLRD*+
0x00F6	0xFFE6CFF5  	MOVFF       TABLAT, POSTINC1
0x00FA	0x0600      	DECF        R0, 1, 0
0x00FC	0xE1FB      	BNZ         _CC2DL_Loop1
0x00FE	0x0601      	DECF        R1, 1, 0
0x0100	0xE1F9      	BNZ         _CC2DL_Loop1
L_end___CC2DW:
0x0102	0x0012      	RETURN      0
; end of ___CC2DW
_main:
0x0104	0x6A17      	CLRF        _counter 
0x0106	0x6A18      	CLRF        24 
0x0108	0xDFDA      	RCALL       _InitMCU
0x010A	0xDFAB      	RCALL       _InitInterrupt
L_main7:
0x010C	0xDFC1      	RCALL       _Events
0x010E	0xF01DC01E  	MOVFF       main_next_state_L1, main_state_L1
0x0112	0xD067      	BRA         L_main9
L_main11:
0x0114	0xA01B      	BTFSS       _sn_PosEdge_1, BitPos(_sn_PosEdge_1+0) 
0x0116	0xD02B      	BRA         L_main12
0x0118	0xD020      	BRA         L_main13
L_main15:
0x011A	0x921B      	BCF         _INC1, BitPos(_INC1+0) 
0x011C	0x8619      	BSF         _INC2, BitPos(_INC2+0) 
0x011E	0x9019      	BCF         _INC3, BitPos(_INC3+0) 
0x0120	0x0E02      	MOVLW       2
0x0122	0x6E1A      	MOVWF       _INC 
0x0124	0x0E04      	MOVLW       4
0x0126	0x6E1E      	MOVWF       main_next_state_L1 
0x0128	0xD022      	BRA         L_main14
L_main16:
0x012A	0x921B      	BCF         _INC1, BitPos(_INC1+0) 
0x012C	0x9619      	BCF         _INC2, BitPos(_INC2+0) 
0x012E	0x8019      	BSF         _INC3, BitPos(_INC3+0) 
0x0130	0x0E03      	MOVLW       3
0x0132	0x6E1A      	MOVWF       _INC 
0x0134	0x0E04      	MOVLW       4
0x0136	0x6E1E      	MOVWF       main_next_state_L1 
0x0138	0xD01A      	BRA         L_main14
L_main17:
0x013A	0x821B      	BSF         _INC1, BitPos(_INC1+0) 
0x013C	0x9619      	BCF         _INC2, BitPos(_INC2+0) 
0x013E	0x9019      	BCF         _INC3, BitPos(_INC3+0) 
0x0140	0x0E01      	MOVLW       1
0x0142	0x6E1A      	MOVWF       _INC 
0x0144	0x0E04      	MOVLW       4
0x0146	0x6E1E      	MOVWF       main_next_state_L1 
0x0148	0xD012      	BRA         L_main14
L_main18:
0x014A	0x821B      	BSF         _INC1, BitPos(_INC1+0) 
0x014C	0x9619      	BCF         _INC2, BitPos(_INC2+0) 
0x014E	0x9019      	BCF         _INC3, BitPos(_INC3+0) 
0x0150	0x0E01      	MOVLW       1
0x0152	0x6E1A      	MOVWF       _INC 
0x0154	0x0E04      	MOVLW       4
0x0156	0x6E1E      	MOVWF       main_next_state_L1 
0x0158	0xD00A      	BRA         L_main14
L_main13:
0x015A	0x501C      	MOVF        _last_INC, 0 
0x015C	0x0A01      	XORLW       1
0x015E	0xE0DD      	BZ          L_main15
0x0160	0x501C      	MOVF        _last_INC, 0 
0x0162	0x0A02      	XORLW       2
0x0164	0xE0E2      	BZ          L_main16
0x0166	0x501C      	MOVF        _last_INC, 0 
0x0168	0x0A03      	XORLW       3
0x016A	0xE0E7      	BZ          L_main17
0x016C	0xD7EE      	BRA         L_main18
L_main14:
L_main12:
0x016E	0xD040      	BRA         L_main10
L_main19:
0x0170	0x8419      	BSF         _AND_signal, BitPos(_AND_signal+0) 
0x0172	0xD024      	BRA         L_main20
L_main22:
0x0174	0xA21B      	BTFSS       _INC1, BitPos(_INC1+0) 
0x0176	0xD009      	BRA         L_main23
0x0178	0x8A83      	BSF         LATA, 5 
0x017A	0x8087      	BSF         LATE, 0 
0x017C	0x9287      	BCF         LATE, 1 
0x017E	0x9619      	BCF         _INC2, BitPos(_INC2+0) 
0x0180	0x9019      	BCF         _INC3, BitPos(_INC3+0) 
0x0182	0x0E01      	MOVLW       1
0x0184	0x6E1C      	MOVWF       _last_INC 
0x0186	0xBC19      	BTFSC       _sn_NegEdge_1, BitPos(_sn_NegEdge_1+0) 
0x0188	0x6A1E      	CLRF        main_next_state_L1 
L_main24:
L_main23:
0x018A	0xD021      	BRA         L_main21
L_main25:
0x018C	0xA619      	BTFSS       _INC2, BitPos(_INC2+0) 
0x018E	0xD009      	BRA         L_main26
0x0190	0x9A83      	BCF         LATA, 5 
0x0192	0x8087      	BSF         LATE, 0 
0x0194	0x8287      	BSF         LATE, 1 
0x0196	0x921B      	BCF         _INC1, BitPos(_INC1+0) 
0x0198	0x9019      	BCF         _INC3, BitPos(_INC3+0) 
0x019A	0x0E02      	MOVLW       2
0x019C	0x6E1C      	MOVWF       _last_INC 
0x019E	0xBC19      	BTFSC       _sn_NegEdge_1, BitPos(_sn_NegEdge_1+0) 
0x01A0	0x6A1E      	CLRF        main_next_state_L1 
L_main27:
L_main26:
0x01A2	0xD015      	BRA         L_main21
L_main28:
0x01A4	0xA019      	BTFSS       _INC3, BitPos(_INC3+0) 
0x01A6	0xD009      	BRA         L_main29
0x01A8	0x8A83      	BSF         LATA, 5 
0x01AA	0x9087      	BCF         LATE, 0 
0x01AC	0x8287      	BSF         LATE, 1 
0x01AE	0x921B      	BCF         _INC1, BitPos(_INC1+0) 
0x01B0	0x9619      	BCF         _INC2, BitPos(_INC2+0) 
0x01B2	0x0E03      	MOVLW       3
0x01B4	0x6E1C      	MOVWF       _last_INC 
0x01B6	0xBC19      	BTFSC       _sn_NegEdge_1, BitPos(_sn_NegEdge_1+0) 
0x01B8	0x6A1E      	CLRF        main_next_state_L1 
L_main30:
L_main29:
0x01BA	0xD009      	BRA         L_main21
L_main20:
0x01BC	0x501A      	MOVF        _INC, 0 
0x01BE	0x0A01      	XORLW       1
0x01C0	0xE0D9      	BZ          L_main22
0x01C2	0x501A      	MOVF        _INC, 0 
0x01C4	0x0A02      	XORLW       2
0x01C6	0xE0E2      	BZ          L_main25
0x01C8	0x501A      	MOVF        _INC, 0 
0x01CA	0x0A03      	XORLW       3
0x01CC	0xE0EB      	BZ          L_main28
L_main21:
0x01CE	0xD010      	BRA         L_main10
L_main31:
0x01D0	0x6A1E      	CLRF        main_next_state_L1 
0x01D2	0x6A1D      	CLRF        main_state_L1 
0x01D4	0x921B      	BCF         _INC1, BitPos(_INC1+0) 
0x01D6	0x9619      	BCF         _INC2, BitPos(_INC2+0) 
0x01D8	0x9019      	BCF         _INC3, BitPos(_INC3+0) 
0x01DA	0x6A1A      	CLRF        _INC 
0x01DC	0x0E02      	MOVLW       2
0x01DE	0x6E1C      	MOVWF       _last_INC 
0x01E0	0xD007      	BRA         L_main10
L_main9:
0x01E2	0x501D      	MOVF        main_state_L1, 0 
0x01E4	0x0A00      	XORLW       0
0x01E6	0xE096      	BZ          L_main11
0x01E8	0x501D      	MOVF        main_state_L1, 0 
0x01EA	0x0A04      	XORLW       4
0x01EC	0xE0C1      	BZ          L_main19
0x01EE	0xD7F0      	BRA         L_main31
L_main10:
0x01F0	0xD78D      	BRA         L_main7
L_end_main:
0x01F2	0xD7FF      	BRA         $+0
; end of _main
Symbol List:
//** Routines locations **
//ADDRESS    SIZE    PROCEDURE
//----------------------------------------------
0x0008      [90]    _interrupt
0x0062      [46]    _InitInterrupt
0x0090      [46]    _Events
0x00BE      [52]    _InitMCU
0x00F2      [18]    ___CC2DW
0x0104     [240]    _main
//** Variables locations ** 
//ADDRESS    SIZE    VARIABLE
//----------------------------------------------
0x0000       [1]    R0
0x0001       [1]    R1
0x0001       [1]    ispunct_rslt_L0
0x0002       [2]    memset_pp_L0
0x0002       [2]    memchr_s_L0
0x0002       [1]    R2
0x0002       [2]    memcpy_dd_L0
0x0002       [2]    strlen_cp_L0
0x0003       [2]    memmove_tt_L0
0x0003       [1]    R3
0x0003       [1]    __Lib_Sprinti_?FLOC____Lib_Sprinti_Do_FillT29
0x0004       [2]    strcat_cp_L0
0x0004       [2]    memcpy_ss_L0
0x0004       [2]    strcpy_cp_L0
0x0004       [2]    frexp_pom_L0
0x0004       [2]    strncpy_cp_L0
0x0004       [2]    strncat_cp_L0
0x0004       [1]    R4
0x0004       [1]    __Lib_Sprinti_?FLOC____Lib_Sprinti_Do_FillT40
0x0005       [2]    memmove_ff_L0
0x0005       [1]    __Lib_Sprinti_?FLOC____Lib_Sprinti_Do_FillT54
0x0005       [1]    R5
0x0006       [1]    __Lib_Sprinti_?FLOC____Lib_Sprinti_Do_FillT69
0x0006       [1]    R6
0x0007       [1]    R7
0x0008       [1]    R8
0x0009       [1]    R9
0x000A       [1]    R10
0x000B       [1]    R11
0x000C       [1]    R12
0x000D       [1]    R13
0x000E       [1]    R14
0x000F       [1]    R15
0x0010       [1]    R16
0x0011       [1]    R17
0x0012       [1]    R18
0x0013       [1]    R19
0x0014       [1]    R20
0x0017       [2]    _counter
0x0019       [0]    _interruptC1
0x0019       [0]    _interruptC0
0x0019       [0]    _sn_PosEdge_2
0x0019       [0]    _sn_NegEdge_2
0x0019       [0]    _sn_NegEdge_1
0x0019       [0]    _INC3
0x0019       [0]    _AND_signal
0x0019       [0]    _INC2
0x001A       [1]    _INC
0x001B       [0]    _sn_PosEdge_1
0x001B       [0]    _INC1
0x001C       [1]    _last_INC
0x001D       [1]    main_state_L1
0x001E       [1]    main_next_state_L1
0x0EC2       [1]    PIE0
0x0EC2       [0]    IOCIE_bit
0x0ECA       [1]    PIR0
0x0F11       [1]    ANSELA
0x0F1A       [1]    IOCCF
0x0F1B       [1]    IOCCN
0x0F1C       [1]    IOCCP
0x0F1D       [1]    INLVLC
0x0F20       [1]    WPUC
0x0F21       [1]    ANSELC
0x0F2E       [1]    ANSELE
0x0F35       [1]    CM2CON0
0x0F39       [1]    CM1CON0
0x0F59       [1]    ADCON1
0x0F81       [1]    NVMCON1
0x0F83       [1]    LATA
0x0F85       [1]    LATC
0x0F87       [1]    LATE
0x0F88       [1]    TRISA
0x0F8A       [1]    TRISC
0x0F8C       [1]    TRISE
0x0F8D       [1]    PORTA
0x0F8F       [1]    PORTC
0x0F91       [1]    PORTE
0x0FD3       [1]    TMR0L
0x0FD4       [1]    TMR0H
0x0FD5       [1]    T0CON0
0x0FD6       [1]    T0CON1
0x0FD8       [1]    STATUS
0x0FD9       [1]    FSR2L
0x0FDA       [1]    FSR2H
0x0FDE       [1]    POSTINC2
0x0FE0       [1]    BSR
0x0FE1       [1]    FSR1L
0x0FE2       [1]    FSR1H
0x0FE4       [1]    PREINC1
0x0FE6       [1]    POSTINC1
0x0FE7       [1]    INDF1
0x0FE8       [1]    WREG
0x0FE9       [1]    FSR0L
0x0FEA       [1]    FSR0H
0x0FEE       [1]    POSTINC0
0x0FF2       [1]    INTCON
0x0FF3       [1]    PRODL
0x0FF4       [1]    PRODH
0x0FF5       [1]    TABLAT
0x0FF6       [1]    TBLPTRL
0x0FF7       [1]    TBLPTRH
0x0FF8       [1]    TBLPTRU
