;  LST file generated by mikroListExporter - v.2.0 
; Date/Time: 2/21/2024 1:37:05 PM
;----------------------------------------------

;Address Opcode 	ASM
0x0000	0xF001EF72  	GOTO        740
_interrupt:
;FIRMWARE_SYA_ver_0_8_4.c,68 :: 		void interrupt(){
0x0008	0xF015C000  	MOVFF       R0, 21
;FIRMWARE_SYA_ver_0_8_4.c,69 :: 		temp = PORTC;
0x000C	0xF018CF8F  	MOVFF       PORTC, _temp
0x0010	0x0E00      	MOVLW       0
0x0012	0x6E19      	MOVWF       _temp+1 
;FIRMWARE_SYA_ver_0_8_4.c,70 :: 		temp = temp << 6;
0x0014	0x0E06      	MOVLW       6
0x0016	0x6E00      	MOVWF       R0 
0x0018	0x5000      	MOVF        R0, 0 
L__interrupt110:
0x001A	0xE005      	BZ          L__interrupt111
0x001C	0x3618      	RLCF        _temp, 1 
0x001E	0x9018      	BCF         _temp, 0 
0x0020	0x3619      	RLCF        _temp+1, 1 
0x0022	0x0FFF      	ADDLW       255
0x0024	0xD7FA      	BRA         L__interrupt110
L__interrupt111:
;FIRMWARE_SYA_ver_0_8_4.c,71 :: 		if(PIR0.TMR0IF){
0x0026	0x010E      	MOVLB       14
0x0028	0xABCA      	BTFSS       PIR0, 5, 1
0x002A	0xD00F      	BRA         L_interrupt0
;FIRMWARE_SYA_ver_0_8_4.c,72 :: 		TMR0H = 0xE8;      // Timer para cada segundo y medio?
0x002C	0x0EE8      	MOVLW       232
0x002E	0x6ED4      	MOVWF       TMR0H 
;FIRMWARE_SYA_ver_0_8_4.c,73 :: 		TMR0L = 0x49;      //
0x0030	0x0E49      	MOVLW       73
0x0032	0x6ED3      	MOVWF       TMR0L 
;FIRMWARE_SYA_ver_0_8_4.c,74 :: 		PIR0.TMR0IF = 0;
0x0034	0x9BCA      	BCF         PIR0, 5, 1
;FIRMWARE_SYA_ver_0_8_4.c,75 :: 		counter++;
0x0036	0x501B      	MOVF        _counter, 0 
0x0038	0x0F01      	ADDLW       1
0x003A	0x6E00      	MOVWF       R0 
0x003C	0xF01BC000  	MOVFF       R0, _counter
;FIRMWARE_SYA_ver_0_8_4.c,76 :: 		if(counter >= 2){
0x0040	0x0E02      	MOVLW       2
0x0042	0x5C1B      	SUBWF       _counter, 0 
0x0044	0xE302      	BNC         L_interrupt1
;FIRMWARE_SYA_ver_0_8_4.c,77 :: 		clock0 = 1;
0x0046	0x841E      	BSF         _clock0, BitPos(_clock0+0) 
;FIRMWARE_SYA_ver_0_8_4.c,78 :: 		counter = 0;
0x0048	0x6A1B      	CLRF        _counter 
;FIRMWARE_SYA_ver_0_8_4.c,79 :: 		}
L_interrupt1:
;FIRMWARE_SYA_ver_0_8_4.c,80 :: 		}
L_interrupt0:
;FIRMWARE_SYA_ver_0_8_4.c,81 :: 		if(PIR4.TMR1IF){
0x004A	0xA1CE      	BTFSS       PIR4, 0, 1
0x004C	0xD00F      	BRA         L_interrupt2
;FIRMWARE_SYA_ver_0_8_4.c,82 :: 		TMR1H = 0x63;
0x004E	0x0E63      	MOVLW       99
0x0050	0x6ECE      	MOVWF       TMR1H 
;FIRMWARE_SYA_ver_0_8_4.c,83 :: 		TMR1L = 0xBF;
0x0052	0x0EBF      	MOVLW       191
0x0054	0x6ECD      	MOVWF       TMR1L 
;FIRMWARE_SYA_ver_0_8_4.c,84 :: 		PIR4.TMR1IF = 0;
0x0056	0x91CE      	BCF         PIR4, 0, 1
;FIRMWARE_SYA_ver_0_8_4.c,85 :: 		counter1++;
0x0058	0x501A      	MOVF        _counter1, 0 
0x005A	0x0F01      	ADDLW       1
0x005C	0x6E00      	MOVWF       R0 
0x005E	0xF01AC000  	MOVFF       R0, _counter1
;FIRMWARE_SYA_ver_0_8_4.c,86 :: 		if(counter1 >= 1){
0x0062	0x0E01      	MOVLW       1
0x0064	0x5C1A      	SUBWF       _counter1, 0 
0x0066	0xE302      	BNC         L_interrupt3
;FIRMWARE_SYA_ver_0_8_4.c,88 :: 		clock1 = 1;
0x0068	0x881E      	BSF         _clock1, BitPos(_clock1+0) 
;FIRMWARE_SYA_ver_0_8_4.c,89 :: 		counter1 = 0;
0x006A	0x6A1A      	CLRF        _counter1 
;FIRMWARE_SYA_ver_0_8_4.c,90 :: 		}
L_interrupt3:
;FIRMWARE_SYA_ver_0_8_4.c,91 :: 		}
L_interrupt2:
;FIRMWARE_SYA_ver_0_8_4.c,93 :: 		if((IOCCF.B0 == 1) && (IOCIE_bit == 1)){
0x006C	0x010F      	MOVLB       15
0x006E	0xA11A      	BTFSS       IOCCF, 0, 1
0x0070	0xD006      	BRA         L_interrupt6
0x0072	0x010E      	MOVLB       14
0x0074	0xA9C2      	BTFSS       IOCIE_bit, BitPos(IOCIE_bit+0), 1
0x0076	0xD003      	BRA         L_interrupt6
L__interrupt93:
;FIRMWARE_SYA_ver_0_8_4.c,94 :: 		IOCCF.B0 = 0; // Limpiamos la bandera de IOC
0x0078	0x010F      	MOVLB       15
0x007A	0x911A      	BCF         IOCCF, 0, 1
;FIRMWARE_SYA_ver_0_8_4.c,95 :: 		interruptC0 = 1; // Ponemos en 1 la bandera de interrupcion en C0
0x007C	0x861D      	BSF         _interruptC0, BitPos(_interruptC0+0) 
;FIRMWARE_SYA_ver_0_8_4.c,96 :: 		}
L_interrupt6:
0x007E	0x010F      	MOVLB       15
;FIRMWARE_SYA_ver_0_8_4.c,98 :: 		if((IOCCF.B1 == 1) && (IOCIE_bit == 1)){
0x0080	0xA31A      	BTFSS       IOCCF, 1, 1
0x0082	0xD006      	BRA         L_interrupt9
0x0084	0x010E      	MOVLB       14
0x0086	0xA9C2      	BTFSS       IOCIE_bit, BitPos(IOCIE_bit+0), 1
0x0088	0xD003      	BRA         L_interrupt9
L__interrupt92:
;FIRMWARE_SYA_ver_0_8_4.c,99 :: 		IOCCF.B1 = 0; // Limpiamos la bandera de IOC
0x008A	0x010F      	MOVLB       15
0x008C	0x931A      	BCF         IOCCF, 1, 1
;FIRMWARE_SYA_ver_0_8_4.c,100 :: 		interruptC1 = 1; // Ponemos en 1 la bandera de interrupcion en C0
0x008E	0x8C1D      	BSF         _interruptC1, BitPos(_interruptC1+0) 
;FIRMWARE_SYA_ver_0_8_4.c,101 :: 		}
L_interrupt9:
;FIRMWARE_SYA_ver_0_8_4.c,103 :: 		}
L_end_interrupt:
L__interrupt109:
0x0090	0xF000C015  	MOVFF       21, R0
0x0094	0x0011      	RETFIE      1
; end of _interrupt
_blink:
;FIRMWARE_SYA_ver_0_8_4.c,142 :: 		int blink(int *_next_state){
;FIRMWARE_SYA_ver_0_8_4.c,143 :: 		if(clock0){
0x0096	0xA41E      	BTFSS       _clock0, BitPos(_clock0+0) 
0x0098	0xD008      	BRA         L_blink14
;FIRMWARE_SYA_ver_0_8_4.c,144 :: 		if(state == next_state){
0x009A	0x5016      	MOVF        _state, 0 
0x009C	0x181C      	XORWF       _next_state, 0 
0x009E	0xE101      	BNZ         L_blink15
;FIRMWARE_SYA_ver_0_8_4.c,145 :: 		}
0x00A0	0xD002      	BRA         L_blink16
L_blink15:
;FIRMWARE_SYA_ver_0_8_4.c,147 :: 		state = next_state;
0x00A2	0xF016C01C  	MOVFF       _next_state, _state
;FIRMWARE_SYA_ver_0_8_4.c,148 :: 		}
L_blink16:
;FIRMWARE_SYA_ver_0_8_4.c,149 :: 		LED = 0;
0x00A6	0x9883      	BCF         LATA, 4 
;FIRMWARE_SYA_ver_0_8_4.c,150 :: 		clock0 = 0;
0x00A8	0x941E      	BCF         _clock0, BitPos(_clock0+0) 
;FIRMWARE_SYA_ver_0_8_4.c,151 :: 		}
L_blink14:
;FIRMWARE_SYA_ver_0_8_4.c,152 :: 		if(clock1){
0x00AA	0xA81E      	BTFSS       _clock1, BitPos(_clock1+0) 
0x00AC	0xD006      	BRA         L_blink17
;FIRMWARE_SYA_ver_0_8_4.c,153 :: 		wait++;
0x00AE	0x5017      	MOVF        _wait, 0 
0x00B0	0x0F01      	ADDLW       1
0x00B2	0x6E00      	MOVWF       R0 
0x00B4	0xF017C000  	MOVFF       R0, _wait
;FIRMWARE_SYA_ver_0_8_4.c,154 :: 		clock1 = 0;
0x00B8	0x981E      	BCF         _clock1, BitPos(_clock1+0) 
;FIRMWARE_SYA_ver_0_8_4.c,155 :: 		}
L_blink17:
;FIRMWARE_SYA_ver_0_8_4.c,156 :: 		return state;
0x00BA	0xF000C016  	MOVFF       _state, R0
0x00BE	0x0E00      	MOVLW       0
0x00C0	0x6E01      	MOVWF       R1 
;FIRMWARE_SYA_ver_0_8_4.c,157 :: 		}
L_end_blink:
0x00C2	0x0012      	RETURN      0
; end of _blink
_Events:
;FIRMWARE_SYA_ver_0_8_4.c,328 :: 		void Events(){
;FIRMWARE_SYA_ver_0_8_4.c,330 :: 		if(interruptC0){
0x00C4	0xA61D      	BTFSS       _interruptC0, BitPos(_interruptC0+0) 
0x00C6	0xD009      	BRA         L_Events85
;FIRMWARE_SYA_ver_0_8_4.c,332 :: 		if(SWITCH1 == 1){
0x00C8	0xA08F      	BTFSS       PORTC, 0 
0x00CA	0xD003      	BRA         L_Events86
;FIRMWARE_SYA_ver_0_8_4.c,334 :: 		sn_PosEdge_1 = 0;
0x00CC	0x941D      	BCF         _sn_PosEdge_1, BitPos(_sn_PosEdge_1+0) 
;FIRMWARE_SYA_ver_0_8_4.c,335 :: 		sn_NegEdge_1 = 1;
0x00CE	0x881D      	BSF         _sn_NegEdge_1, BitPos(_sn_NegEdge_1+0) 
;FIRMWARE_SYA_ver_0_8_4.c,336 :: 		}
0x00D0	0xD002      	BRA         L_Events87
L_Events86:
;FIRMWARE_SYA_ver_0_8_4.c,340 :: 		sn_PosEdge_1 = 1;
0x00D2	0x841D      	BSF         _sn_PosEdge_1, BitPos(_sn_PosEdge_1+0) 
;FIRMWARE_SYA_ver_0_8_4.c,341 :: 		sn_NegEdge_1 = 0;
0x00D4	0x981D      	BCF         _sn_NegEdge_1, BitPos(_sn_NegEdge_1+0) 
;FIRMWARE_SYA_ver_0_8_4.c,342 :: 		}
L_Events87:
;FIRMWARE_SYA_ver_0_8_4.c,343 :: 		interruptC0 = 0; // Limpiamos la bandera de interrupcion en C0
0x00D6	0x961D      	BCF         _interruptC0, BitPos(_interruptC0+0) 
;FIRMWARE_SYA_ver_0_8_4.c,344 :: 		}
0x00D8	0xD00A      	BRA         L_Events88
L_Events85:
;FIRMWARE_SYA_ver_0_8_4.c,346 :: 		else if(interruptC1){
0x00DA	0xAC1D      	BTFSS       _interruptC1, BitPos(_interruptC1+0) 
0x00DC	0xD008      	BRA         L_Events89
;FIRMWARE_SYA_ver_0_8_4.c,348 :: 		if(SWITCH2 == 1){
0x00DE	0xA28F      	BTFSS       PORTC, 1 
0x00E0	0xD003      	BRA         L_Events90
;FIRMWARE_SYA_ver_0_8_4.c,350 :: 		sn_PosEdge_2 = 0;
0x00E2	0x9A1D      	BCF         _sn_PosEdge_2, BitPos(_sn_PosEdge_2+0) 
;FIRMWARE_SYA_ver_0_8_4.c,351 :: 		sn_NegEdge_2 = 1;
0x00E4	0x801D      	BSF         _sn_NegEdge_2, BitPos(_sn_NegEdge_2+0) 
;FIRMWARE_SYA_ver_0_8_4.c,352 :: 		}
0x00E6	0xD002      	BRA         L_Events91
L_Events90:
;FIRMWARE_SYA_ver_0_8_4.c,356 :: 		sn_PosEdge_2 = 1;
0x00E8	0x8A1D      	BSF         _sn_PosEdge_2, BitPos(_sn_PosEdge_2+0) 
;FIRMWARE_SYA_ver_0_8_4.c,357 :: 		sn_NegEdge_2 = 0;
0x00EA	0x901D      	BCF         _sn_NegEdge_2, BitPos(_sn_NegEdge_2+0) 
;FIRMWARE_SYA_ver_0_8_4.c,358 :: 		}
L_Events91:
;FIRMWARE_SYA_ver_0_8_4.c,359 :: 		interruptC1 = 0; // Limpiamos la bandera de interrupcion en C1
0x00EC	0x9C1D      	BCF         _interruptC1, BitPos(_interruptC1+0) 
;FIRMWARE_SYA_ver_0_8_4.c,360 :: 		}
L_Events89:
L_Events88:
;FIRMWARE_SYA_ver_0_8_4.c,362 :: 		}
L_end_Events:
0x00EE	0x0012      	RETURN      0
; end of _Events
_State:
;FIRMWARE_SYA_ver_0_8_4.c,163 :: 		void State(){
;FIRMWARE_SYA_ver_0_8_4.c,165 :: 		blink(next_state);
0x00F0	0xF01FC01C  	MOVFF       _next_state, FARG_blink__next_state
0x00F4	0x0E00      	MOVLW       0
0x00F6	0x6E20      	MOVWF       FARG_blink__next_state+1 
0x00F8	0xDFCE      	RCALL       _blink
;FIRMWARE_SYA_ver_0_8_4.c,167 :: 		switch(state){
0x00FA	0xD095      	BRA         L_State18
;FIRMWARE_SYA_ver_0_8_4.c,168 :: 		case 0: // S0 - Todo apagado
L_State20:
;FIRMWARE_SYA_ver_0_8_4.c,169 :: 		M1 = 0;
0x00FC	0x9A83      	BCF         LATA, 5 
;FIRMWARE_SYA_ver_0_8_4.c,170 :: 		M2 = 0;
0x00FE	0x9087      	BCF         LATE, 0 
;FIRMWARE_SYA_ver_0_8_4.c,171 :: 		M3 = 0;
0x0100	0x9287      	BCF         LATE, 1 
;FIRMWARE_SYA_ver_0_8_4.c,172 :: 		M4 = 1;
0x0102	0x8487      	BSF         LATE, 2 
;FIRMWARE_SYA_ver_0_8_4.c,173 :: 		sn_GoTo = 0;
0x0104	0x921D      	BCF         _sn_GoTo, BitPos(_sn_GoTo+0) 
;FIRMWARE_SYA_ver_0_8_4.c,174 :: 		if(wait >= 5){
0x0106	0x0E05      	MOVLW       5
0x0108	0x5C17      	SUBWF       _wait, 0 
0x010A	0xE302      	BNC         L_State21
;FIRMWARE_SYA_ver_0_8_4.c,175 :: 		M1 = 1;
0x010C	0x8A83      	BSF         LATA, 5 
;FIRMWARE_SYA_ver_0_8_4.c,176 :: 		wait = 0;
0x010E	0x6A17      	CLRF        _wait 
;FIRMWARE_SYA_ver_0_8_4.c,177 :: 		}
L_State21:
;FIRMWARE_SYA_ver_0_8_4.c,179 :: 		if((sn_PosEdge_1 == 1) && (clock0 == 1)){
0x0110	0xA41D      	BTFSS       _sn_PosEdge_1, BitPos(_sn_PosEdge_1+0) 
0x0112	0xD005      	BRA         L_State24
0x0114	0xA41E      	BTFSS       _clock0, BitPos(_clock0+0) 
0x0116	0xD003      	BRA         L_State24
L__State107:
;FIRMWARE_SYA_ver_0_8_4.c,180 :: 		next_state = 6; // Si, pasamos a estado 6
0x0118	0x0E06      	MOVLW       6
0x011A	0x6E1C      	MOVWF       _next_state 
;FIRMWARE_SYA_ver_0_8_4.c,181 :: 		}
0x011C	0xD000      	BRA         L_State25
L_State24:
;FIRMWARE_SYA_ver_0_8_4.c,184 :: 		}
L_State25:
;FIRMWARE_SYA_ver_0_8_4.c,185 :: 		break;
0x011E	0xD09A      	BRA         L_State19
;FIRMWARE_SYA_ver_0_8_4.c,186 :: 		case 1: // S1 - Grupo de trabajo 1 110
L_State26:
;FIRMWARE_SYA_ver_0_8_4.c,187 :: 		M1 = 1;
0x0120	0x8A83      	BSF         LATA, 5 
;FIRMWARE_SYA_ver_0_8_4.c,188 :: 		M2 = 1;
0x0122	0x8087      	BSF         LATE, 0 
;FIRMWARE_SYA_ver_0_8_4.c,189 :: 		M3 = 0;
0x0124	0x9287      	BCF         LATE, 1 
;FIRMWARE_SYA_ver_0_8_4.c,190 :: 		GT1 = 1;
0x0126	0x821E      	BSF         _GT1, BitPos(_GT1+0) 
;FIRMWARE_SYA_ver_0_8_4.c,191 :: 		GT2 = 0; // Si comentarizo esto se rompe el codigo
0x0128	0x961E      	BCF         _GT2, BitPos(_GT2+0) 
;FIRMWARE_SYA_ver_0_8_4.c,192 :: 		GT3 = 0; // (why tho???)
0x012A	0x9A1E      	BCF         _GT3, BitPos(_GT3+0) 
;FIRMWARE_SYA_ver_0_8_4.c,194 :: 		if((sn_NegEdge_1 == 1) && (clock0 == 1)){
0x012C	0xA81D      	BTFSS       _sn_NegEdge_1, BitPos(_sn_NegEdge_1+0) 
0x012E	0xD004      	BRA         L_State29
0x0130	0xA41E      	BTFSS       _clock0, BitPos(_clock0+0) 
0x0132	0xD002      	BRA         L_State29
L__State106:
;FIRMWARE_SYA_ver_0_8_4.c,196 :: 		next_state = 0;
0x0134	0x6A1C      	CLRF        _next_state 
;FIRMWARE_SYA_ver_0_8_4.c,198 :: 		}
0x0136	0xD007      	BRA         L_State30
L_State29:
;FIRMWARE_SYA_ver_0_8_4.c,200 :: 		else if((sn_PosEdge_2 == 1) && (clock0 == 1)){
0x0138	0xAA1D      	BTFSS       _sn_PosEdge_2, BitPos(_sn_PosEdge_2+0) 
0x013A	0xD005      	BRA         L_State33
0x013C	0xA41E      	BTFSS       _clock0, BitPos(_clock0+0) 
0x013E	0xD003      	BRA         L_State33
L__State105:
;FIRMWARE_SYA_ver_0_8_4.c,202 :: 		next_state = 4;
0x0140	0x0E04      	MOVLW       4
0x0142	0x6E1C      	MOVWF       _next_state 
;FIRMWARE_SYA_ver_0_8_4.c,203 :: 		}
0x0144	0xD000      	BRA         L_State34
L_State33:
;FIRMWARE_SYA_ver_0_8_4.c,208 :: 		}
L_State34:
L_State30:
;FIRMWARE_SYA_ver_0_8_4.c,209 :: 		break;
0x0146	0xD086      	BRA         L_State19
;FIRMWARE_SYA_ver_0_8_4.c,210 :: 		case 2: // S2 - Grupo de trabajo 2 011
L_State35:
;FIRMWARE_SYA_ver_0_8_4.c,211 :: 		M1 = 0;
0x0148	0x9A83      	BCF         LATA, 5 
;FIRMWARE_SYA_ver_0_8_4.c,212 :: 		M2 = 1;
0x014A	0x8087      	BSF         LATE, 0 
;FIRMWARE_SYA_ver_0_8_4.c,213 :: 		M3 = 1;
0x014C	0x8287      	BSF         LATE, 1 
;FIRMWARE_SYA_ver_0_8_4.c,214 :: 		GT1 = 0; // Trouble
0x014E	0x921E      	BCF         _GT1, BitPos(_GT1+0) 
;FIRMWARE_SYA_ver_0_8_4.c,215 :: 		GT2 = 1;
0x0150	0x861E      	BSF         _GT2, BitPos(_GT2+0) 
;FIRMWARE_SYA_ver_0_8_4.c,216 :: 		GT3 = 0; // Here comes trouble
0x0152	0x9A1E      	BCF         _GT3, BitPos(_GT3+0) 
;FIRMWARE_SYA_ver_0_8_4.c,218 :: 		if((sn_NegEdge_1 == 1) && (clock0 == 1)){
0x0154	0xA81D      	BTFSS       _sn_NegEdge_1, BitPos(_sn_NegEdge_1+0) 
0x0156	0xD004      	BRA         L_State38
0x0158	0xA41E      	BTFSS       _clock0, BitPos(_clock0+0) 
0x015A	0xD002      	BRA         L_State38
L__State104:
;FIRMWARE_SYA_ver_0_8_4.c,220 :: 		next_state = 0;
0x015C	0x6A1C      	CLRF        _next_state 
;FIRMWARE_SYA_ver_0_8_4.c,221 :: 		}
0x015E	0xD007      	BRA         L_State39
L_State38:
;FIRMWARE_SYA_ver_0_8_4.c,223 :: 		else if((sn_PosEdge_2 == 1) && (clock0 == 1)){
0x0160	0xAA1D      	BTFSS       _sn_PosEdge_2, BitPos(_sn_PosEdge_2+0) 
0x0162	0xD005      	BRA         L_State42
0x0164	0xA41E      	BTFSS       _clock0, BitPos(_clock0+0) 
0x0166	0xD003      	BRA         L_State42
L__State103:
;FIRMWARE_SYA_ver_0_8_4.c,225 :: 		next_state = 4;
0x0168	0x0E04      	MOVLW       4
0x016A	0x6E1C      	MOVWF       _next_state 
;FIRMWARE_SYA_ver_0_8_4.c,226 :: 		}
0x016C	0xD000      	BRA         L_State43
L_State42:
;FIRMWARE_SYA_ver_0_8_4.c,231 :: 		}
L_State43:
L_State39:
;FIRMWARE_SYA_ver_0_8_4.c,232 :: 		break;
0x016E	0xD072      	BRA         L_State19
;FIRMWARE_SYA_ver_0_8_4.c,233 :: 		case 3: // S3 - Grupo de trabajo 3 101
L_State44:
;FIRMWARE_SYA_ver_0_8_4.c,234 :: 		M1 = 1;
0x0170	0x8A83      	BSF         LATA, 5 
;FIRMWARE_SYA_ver_0_8_4.c,235 :: 		M2 = 0;
0x0172	0x9087      	BCF         LATE, 0 
;FIRMWARE_SYA_ver_0_8_4.c,236 :: 		M3 = 1;
0x0174	0x8287      	BSF         LATE, 1 
;FIRMWARE_SYA_ver_0_8_4.c,237 :: 		GT1 = 0; // Way way more
0x0176	0x921E      	BCF         _GT1, BitPos(_GT1+0) 
;FIRMWARE_SYA_ver_0_8_4.c,238 :: 		GT2 = 0; // trouble
0x0178	0x961E      	BCF         _GT2, BitPos(_GT2+0) 
;FIRMWARE_SYA_ver_0_8_4.c,239 :: 		GT3 = 1;
0x017A	0x8A1E      	BSF         _GT3, BitPos(_GT3+0) 
;FIRMWARE_SYA_ver_0_8_4.c,241 :: 		if((sn_NegEdge_1 == 1) && (clock0 == 1)){
0x017C	0xA81D      	BTFSS       _sn_NegEdge_1, BitPos(_sn_NegEdge_1+0) 
0x017E	0xD004      	BRA         L_State47
0x0180	0xA41E      	BTFSS       _clock0, BitPos(_clock0+0) 
0x0182	0xD002      	BRA         L_State47
L__State102:
;FIRMWARE_SYA_ver_0_8_4.c,243 :: 		next_state = 0;
0x0184	0x6A1C      	CLRF        _next_state 
;FIRMWARE_SYA_ver_0_8_4.c,244 :: 		}
0x0186	0xD007      	BRA         L_State48
L_State47:
;FIRMWARE_SYA_ver_0_8_4.c,246 :: 		else if((sn_PosEdge_2 == 1) && (clock0 == 1)){
0x0188	0xAA1D      	BTFSS       _sn_PosEdge_2, BitPos(_sn_PosEdge_2+0) 
0x018A	0xD005      	BRA         L_State51
0x018C	0xA41E      	BTFSS       _clock0, BitPos(_clock0+0) 
0x018E	0xD003      	BRA         L_State51
L__State101:
;FIRMWARE_SYA_ver_0_8_4.c,248 :: 		next_state = 4;
0x0190	0x0E04      	MOVLW       4
0x0192	0x6E1C      	MOVWF       _next_state 
;FIRMWARE_SYA_ver_0_8_4.c,249 :: 		}
0x0194	0xD000      	BRA         L_State52
L_State51:
;FIRMWARE_SYA_ver_0_8_4.c,254 :: 		}
L_State52:
L_State48:
;FIRMWARE_SYA_ver_0_8_4.c,255 :: 		break;
0x0196	0xD05E      	BRA         L_State19
;FIRMWARE_SYA_ver_0_8_4.c,256 :: 		case 4: // S4 - Grupo de trabajo 4 111
L_State53:
;FIRMWARE_SYA_ver_0_8_4.c,257 :: 		M1 = 1;
0x0198	0x8A83      	BSF         LATA, 5 
;FIRMWARE_SYA_ver_0_8_4.c,258 :: 		M2 = 1;
0x019A	0x8087      	BSF         LATE, 0 
;FIRMWARE_SYA_ver_0_8_4.c,259 :: 		M3 = 1;
0x019C	0x8287      	BSF         LATE, 1 
;FIRMWARE_SYA_ver_0_8_4.c,261 :: 		if((sn_NegEdge_2 == 1) && (clock0 == 1)){
0x019E	0xA01D      	BTFSS       _sn_NegEdge_2, BitPos(_sn_NegEdge_2+0) 
0x01A0	0xD006      	BRA         L_State56
0x01A2	0xA41E      	BTFSS       _clock0, BitPos(_clock0+0) 
0x01A4	0xD004      	BRA         L_State56
L__State100:
;FIRMWARE_SYA_ver_0_8_4.c,263 :: 		next_state = 5;
0x01A6	0x0E05      	MOVLW       5
0x01A8	0x6E1C      	MOVWF       _next_state 
;FIRMWARE_SYA_ver_0_8_4.c,264 :: 		sn_GoTo = 1; // Ponemos en 1 la señal de transicion
0x01AA	0x821D      	BSF         _sn_GoTo, BitPos(_sn_GoTo+0) 
;FIRMWARE_SYA_ver_0_8_4.c,265 :: 		}
0x01AC	0xD000      	BRA         L_State57
L_State56:
;FIRMWARE_SYA_ver_0_8_4.c,270 :: 		}
L_State57:
;FIRMWARE_SYA_ver_0_8_4.c,271 :: 		break;
0x01AE	0xD052      	BRA         L_State19
;FIRMWARE_SYA_ver_0_8_4.c,272 :: 		case 5: // S5 - Estado de transicion para flanco negativo 2
L_State58:
;FIRMWARE_SYA_ver_0_8_4.c,274 :: 		if((sn_GoTo == 1) && (GT1 == 1) && (clock0 == 1)){
0x01B0	0xA21D      	BTFSS       _sn_GoTo, BitPos(_sn_GoTo+0) 
0x01B2	0xD007      	BRA         L_State61
0x01B4	0xA21E      	BTFSS       _GT1, BitPos(_GT1+0) 
0x01B6	0xD005      	BRA         L_State61
0x01B8	0xA41E      	BTFSS       _clock0, BitPos(_clock0+0) 
0x01BA	0xD003      	BRA         L_State61
L__State99:
;FIRMWARE_SYA_ver_0_8_4.c,275 :: 		next_state = 2;
0x01BC	0x0E02      	MOVLW       2
0x01BE	0x6E1C      	MOVWF       _next_state 
;FIRMWARE_SYA_ver_0_8_4.c,276 :: 		}
0x01C0	0xD012      	BRA         L_State62
L_State61:
;FIRMWARE_SYA_ver_0_8_4.c,277 :: 		else if((sn_GoTo == 1) && (GT2 == 1) && (clock0 == 1)){
0x01C2	0xA21D      	BTFSS       _sn_GoTo, BitPos(_sn_GoTo+0) 
0x01C4	0xD007      	BRA         L_State65
0x01C6	0xA61E      	BTFSS       _GT2, BitPos(_GT2+0) 
0x01C8	0xD005      	BRA         L_State65
0x01CA	0xA41E      	BTFSS       _clock0, BitPos(_clock0+0) 
0x01CC	0xD003      	BRA         L_State65
L__State98:
;FIRMWARE_SYA_ver_0_8_4.c,278 :: 		next_state = 3;
0x01CE	0x0E03      	MOVLW       3
0x01D0	0x6E1C      	MOVWF       _next_state 
;FIRMWARE_SYA_ver_0_8_4.c,279 :: 		}
0x01D2	0xD009      	BRA         L_State66
L_State65:
;FIRMWARE_SYA_ver_0_8_4.c,280 :: 		else if((sn_GoTo == 1) && (GT3 == 1) && (clock0 == 1)){
0x01D4	0xA21D      	BTFSS       _sn_GoTo, BitPos(_sn_GoTo+0) 
0x01D6	0xD007      	BRA         L_State69
0x01D8	0xAA1E      	BTFSS       _GT3, BitPos(_GT3+0) 
0x01DA	0xD005      	BRA         L_State69
0x01DC	0xA41E      	BTFSS       _clock0, BitPos(_clock0+0) 
0x01DE	0xD003      	BRA         L_State69
L__State97:
;FIRMWARE_SYA_ver_0_8_4.c,281 :: 		next_state = 1;
0x01E0	0x0E01      	MOVLW       1
0x01E2	0x6E1C      	MOVWF       _next_state 
;FIRMWARE_SYA_ver_0_8_4.c,282 :: 		}
0x01E4	0xD000      	BRA         L_State70
L_State69:
;FIRMWARE_SYA_ver_0_8_4.c,287 :: 		}
L_State70:
L_State66:
L_State62:
;FIRMWARE_SYA_ver_0_8_4.c,288 :: 		break;
0x01E6	0xD036      	BRA         L_State19
;FIRMWARE_SYA_ver_0_8_4.c,289 :: 		case 6: // S6 - Estado de transicion para flanco positivo
L_State71:
;FIRMWARE_SYA_ver_0_8_4.c,290 :: 		M4 = 0;
0x01E8	0x9487      	BCF         LATE, 2 
;FIRMWARE_SYA_ver_0_8_4.c,291 :: 		if(sn_PosEdge_1){
0x01EA	0xA41D      	BTFSS       _sn_PosEdge_1, BitPos(_sn_PosEdge_1+0) 
0x01EC	0xD01B      	BRA         L_State72
;FIRMWARE_SYA_ver_0_8_4.c,293 :: 		if((GT1 == 1) && (clock0 == 1)){
0x01EE	0xA21E      	BTFSS       _GT1, BitPos(_GT1+0) 
0x01F0	0xD007      	BRA         L_State75
0x01F2	0xA41E      	BTFSS       _clock0, BitPos(_clock0+0) 
0x01F4	0xD005      	BRA         L_State75
L__State96:
;FIRMWARE_SYA_ver_0_8_4.c,295 :: 		next_state = 2;
0x01F6	0x0E02      	MOVLW       2
0x01F8	0x6E1C      	MOVWF       _next_state 
;FIRMWARE_SYA_ver_0_8_4.c,296 :: 		GT2 = 0; // DO NOT
0x01FA	0x961E      	BCF         _GT2, BitPos(_GT2+0) 
;FIRMWARE_SYA_ver_0_8_4.c,297 :: 		GT3 = 0; // DELETE !!!!
0x01FC	0x9A1E      	BCF         _GT3, BitPos(_GT3+0) 
;FIRMWARE_SYA_ver_0_8_4.c,298 :: 		}
0x01FE	0xD012      	BRA         L_State76
L_State75:
;FIRMWARE_SYA_ver_0_8_4.c,300 :: 		else if((GT2 == 1) && (clock0 == 1)){
0x0200	0xA61E      	BTFSS       _GT2, BitPos(_GT2+0) 
0x0202	0xD007      	BRA         L_State79
0x0204	0xA41E      	BTFSS       _clock0, BitPos(_clock0+0) 
0x0206	0xD005      	BRA         L_State79
L__State95:
;FIRMWARE_SYA_ver_0_8_4.c,302 :: 		next_state = 3;
0x0208	0x0E03      	MOVLW       3
0x020A	0x6E1C      	MOVWF       _next_state 
;FIRMWARE_SYA_ver_0_8_4.c,303 :: 		GT1 = 0; // DO NOT
0x020C	0x921E      	BCF         _GT1, BitPos(_GT1+0) 
;FIRMWARE_SYA_ver_0_8_4.c,304 :: 		GT3 = 0; // DELETE !!!!
0x020E	0x9A1E      	BCF         _GT3, BitPos(_GT3+0) 
;FIRMWARE_SYA_ver_0_8_4.c,305 :: 		}
0x0210	0xD009      	BRA         L_State80
L_State79:
;FIRMWARE_SYA_ver_0_8_4.c,307 :: 		else if((GT3 == 1) && (clock0 == 1)){
0x0212	0xAA1E      	BTFSS       _GT3, BitPos(_GT3+0) 
0x0214	0xD007      	BRA         L_State83
0x0216	0xA41E      	BTFSS       _clock0, BitPos(_clock0+0) 
0x0218	0xD005      	BRA         L_State83
L__State94:
;FIRMWARE_SYA_ver_0_8_4.c,309 :: 		next_state = 1;
0x021A	0x0E01      	MOVLW       1
0x021C	0x6E1C      	MOVWF       _next_state 
;FIRMWARE_SYA_ver_0_8_4.c,310 :: 		GT1 = 0; // DO NOT
0x021E	0x921E      	BCF         _GT1, BitPos(_GT1+0) 
;FIRMWARE_SYA_ver_0_8_4.c,311 :: 		GT2 = 0; // DELETE !!!!
0x0220	0x961E      	BCF         _GT2, BitPos(_GT2+0) 
;FIRMWARE_SYA_ver_0_8_4.c,312 :: 		}
0x0222	0xD000      	BRA         L_State84
L_State83:
;FIRMWARE_SYA_ver_0_8_4.c,317 :: 		}
L_State84:
L_State80:
L_State76:
;FIRMWARE_SYA_ver_0_8_4.c,318 :: 		}
L_State72:
;FIRMWARE_SYA_ver_0_8_4.c,319 :: 		break;
0x0224	0xD017      	BRA         L_State19
;FIRMWARE_SYA_ver_0_8_4.c,320 :: 		}
L_State18:
0x0226	0x5016      	MOVF        _state, 0 
0x0228	0x0A00      	XORLW       0
0x022A	0xB4D8      	BTFSC       STATUS, 2 
0x022C	0xD767      	BRA         L_State20
0x022E	0x5016      	MOVF        _state, 0 
0x0230	0x0A01      	XORLW       1
0x0232	0xB4D8      	BTFSC       STATUS, 2 
0x0234	0xD775      	BRA         L_State26
0x0236	0x5016      	MOVF        _state, 0 
0x0238	0x0A02      	XORLW       2
0x023A	0xE086      	BZ          L_State35
0x023C	0x5016      	MOVF        _state, 0 
0x023E	0x0A03      	XORLW       3
0x0240	0xE097      	BZ          L_State44
0x0242	0x5016      	MOVF        _state, 0 
0x0244	0x0A04      	XORLW       4
0x0246	0xE0A8      	BZ          L_State53
0x0248	0x5016      	MOVF        _state, 0 
0x024A	0x0A05      	XORLW       5
0x024C	0xE0B1      	BZ          L_State58
0x024E	0x5016      	MOVF        _state, 0 
0x0250	0x0A06      	XORLW       6
0x0252	0xE0CA      	BZ          L_State71
L_State19:
;FIRMWARE_SYA_ver_0_8_4.c,322 :: 		}
L_end_State:
0x0254	0x0012      	RETURN      0
; end of _State
_InitInterrupt:
;FIRMWARE_SYA_ver_0_8_4.c,368 :: 		void InitInterrupt(){
;FIRMWARE_SYA_ver_0_8_4.c,370 :: 		PIE0 = 0x30;    // Enable bit de IOC (Interrupt on Change)
0x0256	0x0E30      	MOVLW       48
0x0258	0x010E      	MOVLB       14
0x025A	0x6FC2      	MOVWF       PIE0, 1
;FIRMWARE_SYA_ver_0_8_4.c,371 :: 		PIR0 = 0x00;    // Limpiamos la bandera de IOC
0x025C	0x6BCA      	CLRF        PIR0, 1
;FIRMWARE_SYA_ver_0_8_4.c,372 :: 		PIE4 = 0x01;
0x025E	0x0E01      	MOVLW       1
0x0260	0x6FC6      	MOVWF       PIE4, 1
;FIRMWARE_SYA_ver_0_8_4.c,373 :: 		PIR4 = 0x00;
0x0262	0x6BCE      	CLRF        PIR4, 1
;FIRMWARE_SYA_ver_0_8_4.c,374 :: 		T0CON0 = 0x90;
0x0264	0x0E90      	MOVLW       144
0x0266	0x6ED5      	MOVWF       T0CON0 
;FIRMWARE_SYA_ver_0_8_4.c,375 :: 		T0CON1 = 0x46;
0x0268	0x0E46      	MOVLW       70
0x026A	0x6ED6      	MOVWF       T0CON1 
;FIRMWARE_SYA_ver_0_8_4.c,376 :: 		TMR0H = 0xE8;
0x026C	0x0EE8      	MOVLW       232
0x026E	0x6ED4      	MOVWF       TMR0H 
;FIRMWARE_SYA_ver_0_8_4.c,377 :: 		TMR0L = 0x49;
0x0270	0x0E49      	MOVLW       73
0x0272	0x6ED3      	MOVWF       TMR0L 
;FIRMWARE_SYA_ver_0_8_4.c,378 :: 		T1CON = 0x23;
0x0274	0x0E23      	MOVLW       35
0x0276	0x6ECF      	MOVWF       T1CON 
;FIRMWARE_SYA_ver_0_8_4.c,379 :: 		TMR1CLK = 0x01;
0x0278	0x0E01      	MOVLW       1
0x027A	0x6ED2      	MOVWF       TMR1CLK 
;FIRMWARE_SYA_ver_0_8_4.c,380 :: 		TMR1H = 0x63;
0x027C	0x0E63      	MOVLW       99
0x027E	0x6ECE      	MOVWF       TMR1H 
;FIRMWARE_SYA_ver_0_8_4.c,381 :: 		TMR1L = 0xBF;
0x0280	0x0EBF      	MOVLW       191
0x0282	0x6ECD      	MOVWF       TMR1L 
;FIRMWARE_SYA_ver_0_8_4.c,382 :: 		IOCCN = 0x03;   // Activamos las banderas de IOC en Transicion negativa para C0 y C1
0x0284	0x0E03      	MOVLW       3
0x0286	0x010F      	MOVLB       15
0x0288	0x6F1B      	MOVWF       IOCCN, 1
;FIRMWARE_SYA_ver_0_8_4.c,383 :: 		IOCCP = 0x03;   // Activamos las banderas de IOC en Transicion positiva para C0 y C1
0x028A	0x0E03      	MOVLW       3
0x028C	0x6F1C      	MOVWF       IOCCP, 1
;FIRMWARE_SYA_ver_0_8_4.c,384 :: 		IOCCF = 0x00;   // Limpiamos la bandera de IOC
0x028E	0x6B1A      	CLRF        IOCCF, 1
;FIRMWARE_SYA_ver_0_8_4.c,385 :: 		PIR0.TMR0IF = 0;
0x0290	0x010E      	MOVLB       14
0x0292	0x9BCA      	BCF         PIR0, 5, 1
;FIRMWARE_SYA_ver_0_8_4.c,386 :: 		PIR4.TMR1IF = 0;
0x0294	0x91CE      	BCF         PIR4, 0, 1
;FIRMWARE_SYA_ver_0_8_4.c,387 :: 		INTCON = 0xC0;  // Activamos bits de interrupt globales (GIE) y por perifericos (PIE)
0x0296	0x0EC0      	MOVLW       192
0x0298	0x6EF2      	MOVWF       INTCON 
;FIRMWARE_SYA_ver_0_8_4.c,389 :: 		}
L_end_InitInterrupt:
0x029A	0x0012      	RETURN      0
; end of _InitInterrupt
___CC2DW:
;__Lib_System_xxK40.c,22 :: 		
;__Lib_System_xxK40.c,24 :: 		
0x029C	0x8E81      	BSF         NVMCON1, 7, 0
;__Lib_System_xxK40.c,25 :: 		
_CC2DL_Loop1:
;__Lib_System_xxK40.c,26 :: 		
0x029E	0x0009      	TBLRD*+
;__Lib_System_xxK40.c,27 :: 		
0x02A0	0xFFE6CFF5  	MOVFF       TABLAT, POSTINC1
;__Lib_System_xxK40.c,28 :: 		
0x02A4	0x0600      	DECF        R0, 1, 0
;__Lib_System_xxK40.c,29 :: 		
0x02A6	0xE1FB      	BNZ         _CC2DL_Loop1
;__Lib_System_xxK40.c,30 :: 		
0x02A8	0x0601      	DECF        R1, 1, 0
;__Lib_System_xxK40.c,31 :: 		
0x02AA	0xE1F9      	BNZ         _CC2DL_Loop1
;__Lib_System_xxK40.c,33 :: 		
L_end___CC2DW:
0x02AC	0x0012      	RETURN      0
; end of ___CC2DW
_InitMCU:
;FIRMWARE_SYA_ver_0_8_4.c,395 :: 		void InitMCU(){
;FIRMWARE_SYA_ver_0_8_4.c,397 :: 		ADCON1 = 0x0F; // Desactivamos ADC
0x02AE	0x0E0F      	MOVLW       15
0x02B0	0x010F      	MOVLB       15
0x02B2	0x6F59      	MOVWF       ADCON1, 1
;FIRMWARE_SYA_ver_0_8_4.c,398 :: 		ANSELC = 0;    // Ponemos en modo digital al puerto C
0x02B4	0x6B21      	CLRF        ANSELC, 1
;FIRMWARE_SYA_ver_0_8_4.c,399 :: 		ANSELE = 0;    //                ''                 E
0x02B6	0x6B2E      	CLRF        ANSELE, 1
;FIRMWARE_SYA_ver_0_8_4.c,400 :: 		ANSELA = 0;    //                ''                 A
0x02B8	0x6B11      	CLRF        ANSELA, 1
;FIRMWARE_SYA_ver_0_8_4.c,402 :: 		TRISC = 0x03;  // Ponemos en modo de entrada a C0 y C1, los demas como salida
0x02BA	0x0E03      	MOVLW       3
0x02BC	0x6E8A      	MOVWF       TRISC 
;FIRMWARE_SYA_ver_0_8_4.c,403 :: 		TRISE = 0x00;  // Ponemos en modo salida al puerto E
0x02BE	0x6A8C      	CLRF        TRISE 
;FIRMWARE_SYA_ver_0_8_4.c,404 :: 		TRISA = 0x80;  //                ''                A
0x02C0	0x0E80      	MOVLW       128
0x02C2	0x6E88      	MOVWF       TRISA 
;FIRMWARE_SYA_ver_0_8_4.c,406 :: 		PORTC = 0x00;  // Ponemos en linea baja en puerto C
0x02C4	0x6A8F      	CLRF        PORTC 
;FIRMWARE_SYA_ver_0_8_4.c,407 :: 		PORTE = 0x00;  //                ''             E
0x02C6	0x6A91      	CLRF        PORTE 
;FIRMWARE_SYA_ver_0_8_4.c,408 :: 		PORTA = 0x10;  // Ponemos en linea alta en A4
0x02C8	0x0E10      	MOVLW       16
0x02CA	0x6E8D      	MOVWF       PORTA 
;FIRMWARE_SYA_ver_0_8_4.c,410 :: 		LATC = 0x00;   // Dejamos en cero el registro del puerto C
0x02CC	0x6A85      	CLRF        LATC 
;FIRMWARE_SYA_ver_0_8_4.c,411 :: 		LATE = 0x00;   //                ''                      E
0x02CE	0x6A87      	CLRF        LATE 
;FIRMWARE_SYA_ver_0_8_4.c,412 :: 		LATA = 0x10;   // Dejamos en 1 al pin A4
0x02D0	0x0E10      	MOVLW       16
0x02D2	0x6E83      	MOVWF       LATA 
;FIRMWARE_SYA_ver_0_8_4.c,414 :: 		WPUC = 0x03;   // Activamos el pull-up interno de C0 y C1
0x02D4	0x0E03      	MOVLW       3
0x02D6	0x6F20      	MOVWF       WPUC, 1
;FIRMWARE_SYA_ver_0_8_4.c,415 :: 		INLVLC = 0x03; // Desactivamos valores TTL para C0 y C1 asumiento valores CMOS
0x02D8	0x0E03      	MOVLW       3
0x02DA	0x6F1D      	MOVWF       INLVLC, 1
;FIRMWARE_SYA_ver_0_8_4.c,416 :: 		CM1CON0 = 0x00; // Desactivamos el comparador 1
0x02DC	0x6B39      	CLRF        CM1CON0, 1
;FIRMWARE_SYA_ver_0_8_4.c,417 :: 		CM2CON0 = 0x00; // Desactivamos el comparador 2
0x02DE	0x6B35      	CLRF        CM2CON0, 1
;FIRMWARE_SYA_ver_0_8_4.c,419 :: 		once = TRUE;   // Seteo de la condicion para lazo
0x02E0	0x8E1D      	BSF         _once, BitPos(_once+0) 
;FIRMWARE_SYA_ver_0_8_4.c,421 :: 		}
L_end_InitMCU:
0x02E2	0x0012      	RETURN      0
; end of _InitMCU
_main:
0x02E4	0x6A16      	CLRF        _state 
0x02E6	0x6A17      	CLRF        _wait 
0x02E8	0x6A18      	CLRF        _temp 
0x02EA	0x6A19      	CLRF        25 
0x02EC	0x6A1A      	CLRF        _counter1 
0x02EE	0x6A1B      	CLRF        _counter 
;FIRMWARE_SYA_ver_0_8_4.c,109 :: 		void main(){
;FIRMWARE_SYA_ver_0_8_4.c,111 :: 		InitMCU();       // MCU pin/reg config
0x02F0	0xDFDE      	RCALL       _InitMCU
;FIRMWARE_SYA_ver_0_8_4.c,112 :: 		InitInterrupt(); // MCU interrupt config
0x02F2	0xDFB1      	RCALL       _InitInterrupt
;FIRMWARE_SYA_ver_0_8_4.c,123 :: 		if(flag_init){
0x02F4	0xA01E      	BTFSS       _flag_init, BitPos(_flag_init+0) 
0x02F6	0xD004      	BRA         L_main10
;FIRMWARE_SYA_ver_0_8_4.c,124 :: 		GT1 = 0;
0x02F8	0x921E      	BCF         _GT1, BitPos(_GT1+0) 
;FIRMWARE_SYA_ver_0_8_4.c,125 :: 		GT2 = 0;
0x02FA	0x961E      	BCF         _GT2, BitPos(_GT2+0) 
;FIRMWARE_SYA_ver_0_8_4.c,126 :: 		GT3 = 1;
0x02FC	0x8A1E      	BSF         _GT3, BitPos(_GT3+0) 
;FIRMWARE_SYA_ver_0_8_4.c,127 :: 		flag_init = 0;
0x02FE	0x901E      	BCF         _flag_init, BitPos(_flag_init+0) 
;FIRMWARE_SYA_ver_0_8_4.c,128 :: 		}
L_main10:
;FIRMWARE_SYA_ver_0_8_4.c,131 :: 		do{
L_main11:
;FIRMWARE_SYA_ver_0_8_4.c,132 :: 		Events(); // Initialize
0x0300	0xDEE1      	RCALL       _Events
;FIRMWARE_SYA_ver_0_8_4.c,133 :: 		State();  // functions
0x0302	0xDEF6      	RCALL       _State
;FIRMWARE_SYA_ver_0_8_4.c,134 :: 		}while(1);
0x0304	0xD7FD      	BRA         L_main11
;FIRMWARE_SYA_ver_0_8_4.c,136 :: 		}
L_end_main:
0x0306	0xD7FF      	BRA         $+0
; end of _main
Symbol List:
//** Routines locations **
//ADDRESS    SIZE    PROCEDURE
//----------------------------------------------
0x0008     [142]    _interrupt
0x0096      [46]    _blink
0x00C4      [44]    _Events
0x00F0     [358]    _State
0x0256      [70]    _InitInterrupt
0x029C      [18]    ___CC2DW
0x02AE      [54]    _InitMCU
0x02E4      [36]    _main
//** Variables locations ** 
//ADDRESS    SIZE    VARIABLE
//----------------------------------------------
0x0000       [1]    R0
0x0001       [1]    R1
0x0002       [1]    R2
0x0003       [1]    R3
0x0004       [1]    R4
0x0005       [1]    R5
0x0006       [1]    R6
0x0007       [1]    R7
0x0008       [1]    R8
0x0009       [1]    R9
0x000A       [1]    R10
0x000B       [1]    R11
0x000C       [1]    R12
0x000D       [1]    R13
0x000E       [1]    R14
0x000F       [1]    R15
0x0010       [1]    R16
0x0011       [1]    R17
0x0012       [1]    R18
0x0013       [1]    R19
0x0014       [1]    R20
0x0016       [1]    _state
0x0017       [1]    _wait
0x0018       [2]    _temp
0x001A       [1]    _counter1
0x001B       [1]    _counter
0x001C       [1]    _next_state
0x001D       [0]    _interruptC0
0x001D       [0]    _sn_NegEdge_1
0x001D       [0]    _sn_PosEdge_2
0x001D       [0]    _sn_NegEdge_2
0x001D       [0]    _once
0x001D       [0]    _sn_GoTo
0x001D       [0]    _interruptC1
0x001D       [0]    _sn_PosEdge_1
0x001E       [0]    _GT3
0x001E       [0]    _GT1
0x001E       [0]    _GT2
0x001E       [0]    _clock1
0x001E       [0]    _clock0
0x001E       [0]    _flag_init
0x001F       [2]    FARG_blink__next_state
0x0EC2       [0]    IOCIE_bit
0x0EC2       [1]    PIE0
0x0EC6       [1]    PIE4
0x0ECA       [1]    PIR0
0x0ECE       [1]    PIR4
0x0F11       [1]    ANSELA
0x0F1A       [1]    IOCCF
0x0F1B       [1]    IOCCN
0x0F1C       [1]    IOCCP
0x0F1D       [1]    INLVLC
0x0F20       [1]    WPUC
0x0F21       [1]    ANSELC
0x0F2E       [1]    ANSELE
0x0F35       [1]    CM2CON0
0x0F39       [1]    CM1CON0
0x0F59       [1]    ADCON1
0x0F81       [1]    NVMCON1
0x0F83       [1]    LATA
0x0F85       [1]    LATC
0x0F87       [1]    LATE
0x0F88       [1]    TRISA
0x0F8A       [1]    TRISC
0x0F8C       [1]    TRISE
0x0F8D       [1]    PORTA
0x0F8F       [1]    PORTC
0x0F91       [1]    PORTE
0x0FCD       [1]    TMR1L
0x0FCE       [1]    TMR1H
0x0FCF       [1]    T1CON
0x0FD2       [1]    TMR1CLK
0x0FD3       [1]    TMR0L
0x0FD4       [1]    TMR0H
0x0FD5       [1]    T0CON0
0x0FD6       [1]    T0CON1
0x0FD8       [1]    STATUS
0x0FD9       [1]    FSR2L
0x0FDA       [1]    FSR2H
0x0FDE       [1]    POSTINC2
0x0FE0       [1]    BSR
0x0FE1       [1]    FSR1L
0x0FE2       [1]    FSR1H
0x0FE4       [1]    PREINC1
0x0FE6       [1]    POSTINC1
0x0FE7       [1]    INDF1
0x0FE8       [1]    WREG
0x0FE9       [1]    FSR0L
0x0FEA       [1]    FSR0H
0x0FEE       [1]    POSTINC0
0x0FF2       [1]    INTCON
0x0FF3       [1]    PRODL
0x0FF4       [1]    PRODH
0x0FF5       [1]    TABLAT
0x0FF6       [1]    TBLPTRL
0x0FF7       [1]    TBLPTRH
0x0FF8       [1]    TBLPTRU
