;  LST file generated by mikroListExporter - v.2.0 
; Date/Time: 4/11/2024 3:30:34 PM
;----------------------------------------------

;Address Opcode 	ASM
0x0000	0xF000EFCB  	GOTO        406
_interrupt:
0x0008	0xF016C000  	MOVFF       R0, 22
0x000C	0xF015C001  	MOVFF       R1, 21
0x0010	0x010E      	MOVLB       14
0x0012	0xABCA      	BTFSS       PIR0, 5, 1
0x0014	0xD01B      	BRA         L_interrupt0
0x0016	0x0E3C      	MOVLW       60
0x0018	0x6ED4      	MOVWF       TMR0H 
0x001A	0x0EB0      	MOVLW       176
0x001C	0x6ED3      	MOVWF       TMR0L 
0x001E	0x9BCA      	BCF         PIR0, 5, 1
0x0020	0x0E01      	MOVLW       1
0x0022	0x2417      	ADDWF       _counter, 0 
0x0024	0x6E00      	MOVWF       R0 
0x0026	0x0E00      	MOVLW       0
0x0028	0x2018      	ADDWFC      _counter+1, 0 
0x002A	0x6E01      	MOVWF       R1 
0x002C	0xF017C000  	MOVFF       R0, _counter
0x0030	0xF018C001  	MOVFF       R1, _counter+1
0x0034	0x0E80      	MOVLW       128
0x0036	0x1818      	XORWF       _counter+1, 0 
0x0038	0x6E00      	MOVWF       R0 
0x003A	0x0E80      	MOVLW       128
0x003C	0x5C00      	SUBWF       R0, 0 
0x003E	0xE102      	BNZ         L__interrupt12
0x0040	0x0E05      	MOVLW       5
0x0042	0x5C17      	SUBWF       _counter, 0 
L__interrupt12:
0x0044	0xE303      	BNC         L_interrupt1
0x0046	0x8025      	BSF         _clock0, BitPos(_clock0+0) 
0x0048	0x6A17      	CLRF        _counter 
0x004A	0x6A18      	CLRF        _counter+1 
L_interrupt1:
L_interrupt0:
L_end_interrupt:
L__interrupt11:
0x004C	0xF000C016  	MOVFF       22, R0
0x0050	0xF001C015  	MOVFF       21, R1
0x0054	0x0011      	RETFIE      1
; end of _interrupt
_UART_Set_Active:
0x0056	0xF021C02A  	MOVFF       FARG_UART_Set_Active_read_ptr, _UART_Rd_Ptr
0x005A	0xF022C02B  	MOVFF       FARG_UART_Set_Active_read_ptr+1, _UART_Rd_Ptr+1
0x005E	0xF023C02C  	MOVFF       FARG_UART_Set_Active_read_ptr+2, _UART_Rd_Ptr+2
0x0062	0xF024C02D  	MOVFF       FARG_UART_Set_Active_read_ptr+3, _UART_Rd_Ptr+3
0x0066	0xF01DC02E  	MOVFF       FARG_UART_Set_Active_write_ptr, _UART_Wr_Ptr
0x006A	0xF01EC02F  	MOVFF       FARG_UART_Set_Active_write_ptr+1, _UART_Wr_Ptr+1
0x006E	0xF01FC030  	MOVFF       FARG_UART_Set_Active_write_ptr+2, _UART_Wr_Ptr+2
0x0072	0xF020C031  	MOVFF       FARG_UART_Set_Active_write_ptr+3, _UART_Wr_Ptr+3
0x0076	0xF019C032  	MOVFF       FARG_UART_Set_Active_ready_ptr, _UART_Rdy_Ptr
0x007A	0xF01AC033  	MOVFF       FARG_UART_Set_Active_ready_ptr+1, _UART_Rdy_Ptr+1
0x007E	0xF01BC034  	MOVFF       FARG_UART_Set_Active_ready_ptr+2, _UART_Rdy_Ptr+2
0x0082	0xF01CC035  	MOVFF       FARG_UART_Set_Active_ready_ptr+3, _UART_Rdy_Ptr+3
0x0086	0xF026C036  	MOVFF       FARG_UART_Set_Active_tx_idle_ptr, _UART_Tx_Idle_Ptr
0x008A	0xF027C037  	MOVFF       FARG_UART_Set_Active_tx_idle_ptr+1, _UART_Tx_Idle_Ptr+1
0x008E	0xF028C038  	MOVFF       FARG_UART_Set_Active_tx_idle_ptr+2, _UART_Tx_Idle_Ptr+2
0x0092	0xF029C039  	MOVFF       FARG_UART_Set_Active_tx_idle_ptr+3, _UART_Tx_Idle_Ptr+3
L_end_UART_Set_Active:
0x0096	0x0012      	RETURN      0
; end of _UART_Set_Active
__Lib_UART_Remappable_12_UART1_Init_Static:
0x0098	0x8A9E      	BSF         TXSTA1, 5 
0x009A	0x0E90      	MOVLW       144
0x009C	0x6E9D      	MOVWF       RCSTA1 
L___Lib_UART_Remappable_12_UART1_Init_Static0:
0x009E	0x010E      	MOVLB       14
0x00A0	0xABCD      	BTFSS       PIR3, 5, 1
0x00A2	0xD003      	BRA         L___Lib_UART_Remappable_12_UART1_Init_Static1
0x00A4	0xF000CF99  	MOVFF       RCREG1, R0
0x00A8	0xD7FA      	BRA         L___Lib_UART_Remappable_12_UART1_Init_Static0
L___Lib_UART_Remappable_12_UART1_Init_Static1:
L_end_UART1_Init_Static:
0x00AA	0x0012      	RETURN      0
; end of __Lib_UART_Remappable_12_UART1_Init_Static
_UART1_Remappable_Init:
0x00AC	0x0EFF      	MOVLW       _UART1_Remappable_Read
0x00AE	0x6E2A      	MOVWF       FARG_UART_Set_Active_read_ptr 
0x00B0	0x0EFF      	MOVLW       hi_addr(_UART1_Remappable_Read)
0x00B2	0x6E2B      	MOVWF       FARG_UART_Set_Active_read_ptr+1 
0x00B4	0x0E00      	MOVLW       0
0x00B6	0x6E2C      	MOVWF       FARG_UART_Set_Active_read_ptr+2 
0x00B8	0x0E00      	MOVLW       0
0x00BA	0x6E2D      	MOVWF       FARG_UART_Set_Active_read_ptr+3 
0x00BC	0x0EFF      	MOVLW       _UART1_Remappable_Write
0x00BE	0x6E2E      	MOVWF       FARG_UART_Set_Active_write_ptr 
0x00C0	0x0EFF      	MOVLW       hi_addr(_UART1_Remappable_Write)
0x00C2	0x6E2F      	MOVWF       FARG_UART_Set_Active_write_ptr+1 
0x00C4	0x0EFF      	MOVLW       FARG_UART1_Remappable_Write_data_
0x00C6	0x6E30      	MOVWF       FARG_UART_Set_Active_write_ptr+2 
0x00C8	0x0EFF      	MOVLW       hi_addr(FARG_UART1_Remappable_Write_data_)
0x00CA	0x6E31      	MOVWF       FARG_UART_Set_Active_write_ptr+3 
0x00CC	0x0EFF      	MOVLW       _UART1_Remappable_Data_Ready
0x00CE	0x6E32      	MOVWF       FARG_UART_Set_Active_ready_ptr 
0x00D0	0x0EFF      	MOVLW       hi_addr(_UART1_Remappable_Data_Ready)
0x00D2	0x6E33      	MOVWF       FARG_UART_Set_Active_ready_ptr+1 
0x00D4	0x0E00      	MOVLW       0
0x00D6	0x6E34      	MOVWF       FARG_UART_Set_Active_ready_ptr+2 
0x00D8	0x0E00      	MOVLW       0
0x00DA	0x6E35      	MOVWF       FARG_UART_Set_Active_ready_ptr+3 
0x00DC	0x0EFF      	MOVLW       _UART1_Remappable_Tx_Idle
0x00DE	0x6E36      	MOVWF       FARG_UART_Set_Active_tx_idle_ptr 
0x00E0	0x0EFF      	MOVLW       hi_addr(_UART1_Remappable_Tx_Idle)
0x00E2	0x6E37      	MOVWF       FARG_UART_Set_Active_tx_idle_ptr+1 
0x00E4	0x0E00      	MOVLW       0
0x00E6	0x6E38      	MOVWF       FARG_UART_Set_Active_tx_idle_ptr+2 
0x00E8	0x0E00      	MOVLW       0
0x00EA	0x6E39      	MOVWF       FARG_UART_Set_Active_tx_idle_ptr+3 
0x00EC	0xDFB4      	RCALL       _UART_Set_Active
0x00EE	0xDFD4      	RCALL       __Lib_UART_Remappable_12_UART1_Init_Static
L_end_UART1_Remappable_Init:
0x00F0	0x0012      	RETURN      0
; end of _UART1_Remappable_Init
_InitMCU:
0x00F2	0x0E0F      	MOVLW       15
0x00F4	0x010F      	MOVLB       15
0x00F6	0x6F59      	MOVWF       ADCON1, 1
0x00F8	0x6B21      	CLRF        ANSELC, 1
0x00FA	0x6B2E      	CLRF        ANSELE, 1
0x00FC	0x6B11      	CLRF        ANSELA, 1
0x00FE	0x6B19      	CLRF        ANSELB, 1
0x0100	0x0E03      	MOVLW       3
0x0102	0x6E8A      	MOVWF       TRISC 
0x0104	0x6A8C      	CLRF        TRISE 
0x0106	0x0E80      	MOVLW       128
0x0108	0x6E88      	MOVWF       TRISA 
0x010A	0x9089      	BCF         TRISB, 0 
0x010C	0x9289      	BCF         TRISB, 1 
0x010E	0x9489      	BCF         TRISB, 2 
0x0110	0x9A89      	BCF         TRISB, 5 
0x0112	0x8689      	BSF         TRISB, 3 
0x0114	0x9889      	BCF         TRISB, 4 
0x0116	0x6A8F      	CLRF        PORTC 
0x0118	0x6A91      	CLRF        PORTE 
0x011A	0x0E10      	MOVLW       16
0x011C	0x6E8D      	MOVWF       PORTA 
0x011E	0x6A85      	CLRF        LATC 
0x0120	0x6A87      	CLRF        LATE 
0x0122	0x0E10      	MOVLW       16
0x0124	0x6E83      	MOVWF       LATA 
0x0126	0x0E0B      	MOVLW       11
0x0128	0x010E      	MOVLB       14
0x012A	0x6FB5      	MOVWF       RX1PPS, 1
0x012C	0x0E09      	MOVLW       9
0x012E	0x6FF3      	MOVWF       RB4PPS, 1
0x0130	0x0E03      	MOVLW       3
0x0132	0x010F      	MOVLB       15
0x0134	0x6F20      	MOVWF       WPUC, 1
0x0136	0x0E03      	MOVLW       3
0x0138	0x6F1D      	MOVWF       INLVLC, 1
0x013A	0x6B39      	CLRF        CM1CON0, 1
0x013C	0x6B35      	CLRF        CM2CON0, 1
0x013E	0x869F      	BSF         BAUDCON, 3, 0
0x0140	0x0E08      	MOVLW       8
0x0142	0x6E9B      	MOVWF       SPBRG 
0x0144	0x0E02      	MOVLW       2
0x0146	0x6E9C      	MOVWF       SPBRG+1 
0x0148	0x849E      	BSF         TXSTA, 2, 0
0x014A	0xDFB0      	RCALL       _UART1_Remappable_Init
L_end_InitMCU:
0x014C	0x0012      	RETURN      0
; end of _InitMCU
___CC2DW:
0x014E	0x8E81      	BSF         NVMCON1, 7, 0
_CC2DL_Loop1:
0x0150	0x0009      	TBLRD*+
0x0152	0xFFE6CFF5  	MOVFF       TABLAT, POSTINC1
0x0156	0x0600      	DECF        R0, 1, 0
0x0158	0xE1FB      	BNZ         _CC2DL_Loop1
0x015A	0x0601      	DECF        R1, 1, 0
0x015C	0xE1F9      	BNZ         _CC2DL_Loop1
L_end___CC2DW:
0x015E	0x0012      	RETURN      0
; end of ___CC2DW
_InitInterrupt:
0x0160	0x0EC3      	MOVLW       195
0x0162	0x6EF2      	MOVWF       INTCON 
0x0164	0x010E      	MOVLB       14
0x0166	0x6BCA      	CLRF        PIR0, 1
0x0168	0x6BCE      	CLRF        PIR4, 1
0x016A	0x0E33      	MOVLW       51
0x016C	0x6FC2      	MOVWF       PIE0, 1
0x016E	0x0E30      	MOVLW       48
0x0170	0x6FC5      	MOVWF       PIE3, 1
0x0172	0x0E90      	MOVLW       144
0x0174	0x6ED5      	MOVWF       T0CON0 
0x0176	0x0E40      	MOVLW       64
0x0178	0x6ED6      	MOVWF       T0CON1 
0x017A	0x0E3C      	MOVLW       60
0x017C	0x6ED4      	MOVWF       TMR0H 
0x017E	0x0EB0      	MOVLW       176
0x0180	0x6ED3      	MOVWF       TMR0L 
0x0182	0x81C6      	BSF         TMR1IE_bit, BitPos(TMR1IE_bit+0), 1
0x0184	0x0E03      	MOVLW       3
0x0186	0x010F      	MOVLB       15
0x0188	0x6F1B      	MOVWF       IOCCN, 1
0x018A	0x0E03      	MOVLW       3
0x018C	0x6F1C      	MOVWF       IOCCP, 1
0x018E	0x6B1A      	CLRF        IOCCF, 1
0x0190	0x010E      	MOVLB       14
0x0192	0x9BCA      	BCF         PIR0, 5, 1
L_end_InitInterrupt:
0x0194	0x0012      	RETURN      0
; end of _InitInterrupt
_main:
0x0196	0x6A17      	CLRF        _counter 
0x0198	0x6A18      	CLRF        24 
0x019A	0xDFE2      	RCALL       _InitInterrupt
0x019C	0xDFAA      	RCALL       _InitMCU
L_main2:
0x019E	0x8883      	BSF         LATA, 4 
0x01A0	0x0E03      	MOVLW       3
0x01A2	0x6E0B      	MOVWF       R11, 0
0x01A4	0x0E8A      	MOVLW       138
0x01A6	0x6E0C      	MOVWF       R12, 0
0x01A8	0x0E55      	MOVLW       85
0x01AA	0x6E0D      	MOVWF       R13, 0
L_main4:
0x01AC	0x2E0D      	DECFSZ      R13, 1, 0
0x01AE	0xD7FE      	BRA         L_main4
0x01B0	0x2E0C      	DECFSZ      R12, 1, 0
0x01B2	0xD7FC      	BRA         L_main4
0x01B4	0x2E0B      	DECFSZ      R11, 1, 0
0x01B6	0xD7FA      	BRA         L_main4
0x01B8	0x0000      	NOP
0x01BA	0x0000      	NOP
0x01BC	0x9883      	BCF         LATA, 4 
0x01BE	0x0E03      	MOVLW       3
0x01C0	0x6E0B      	MOVWF       R11, 0
0x01C2	0x0E8A      	MOVLW       138
0x01C4	0x6E0C      	MOVWF       R12, 0
0x01C6	0x0E55      	MOVLW       85
0x01C8	0x6E0D      	MOVWF       R13, 0
L_main5:
0x01CA	0x2E0D      	DECFSZ      R13, 1, 0
0x01CC	0xD7FE      	BRA         L_main5
0x01CE	0x2E0C      	DECFSZ      R12, 1, 0
0x01D0	0xD7FC      	BRA         L_main5
0x01D2	0x2E0B      	DECFSZ      R11, 1, 0
0x01D4	0xD7FA      	BRA         L_main5
0x01D6	0x0000      	NOP
0x01D8	0x0000      	NOP
0x01DA	0xD7E1      	BRA         L_main2
L_end_main:
0x01DC	0xD7FF      	BRA         $+0
; end of _main
Symbol List:
//** Routines locations **
//ADDRESS    SIZE    PROCEDURE
//----------------------------------------------
0x0008      [78]    _interrupt
0x0056      [66]    _UART_Set_Active
0x0098      [20]    __Lib_UART_Remappable_12_UART1_Init_Static
0x00AC      [70]    _UART1_Remappable_Init
0x00F2      [92]    _InitMCU
0x014E      [18]    ___CC2DW
0x0160      [54]    _InitInterrupt
0x0196      [72]    _main
//** Variables locations ** 
//ADDRESS    SIZE    VARIABLE
//----------------------------------------------
0x0000       [1]    __Lib_UART_Remappable_12_UART2_Init_Static_tmp_L0
0x0000       [1]    R0
0x0000       [1]    __Lib_UART_Remappable_12_UART1_Init_Static_tmp_L0
0x0001       [1]    R1
0x0001       [1]    __Lib_UART_Remappable_12_UART1_Read_Static___tmp_UART_Read_L0
0x0001       [1]    __Lib_UART_Remappable_12_UART2_Read_Static___tmp_UART_Read_L0
0x0002       [1]    R2
0x0003       [1]    R3
0x0004       [1]    R4
0x0005       [1]    R5
0x0006       [1]    R6
0x0007       [1]    R7
0x0008       [1]    R8
0x0009       [1]    R9
0x000A       [1]    R10
0x000B       [1]    R11
0x000C       [1]    R12
0x000D       [1]    R13
0x000E       [1]    R14
0x000F       [1]    R15
0x0010       [1]    R16
0x0011       [1]    R17
0x0012       [1]    R18
0x0013       [1]    R19
0x0014       [1]    R20
0x0017       [2]    _counter
0x0019       [4]    _UART_Rdy_Ptr
0x001D       [4]    _UART_Wr_Ptr
0x0021       [4]    _UART_Rd_Ptr
0x0025       [0]    _clock0
0x0026       [4]    _UART_Tx_Idle_Ptr
0x002A       [4]    FARG_UART_Set_Active_read_ptr
0x002E       [4]    FARG_UART_Set_Active_write_ptr
0x0032       [4]    FARG_UART_Set_Active_ready_ptr
0x0036       [4]    FARG_UART_Set_Active_tx_idle_ptr
0x0EB5       [1]    RX1PPS
0x0EC2       [1]    PIE0
0x0EC5       [1]    PIE3
0x0EC6       [0]    TMR1IE_bit
0x0ECA       [1]    PIR0
0x0ECD       [1]    PIR3
0x0ECE       [1]    PIR4
0x0EF3       [1]    RB4PPS
0x0F11       [1]    ANSELA
0x0F19       [1]    ANSELB
0x0F1A       [1]    IOCCF
0x0F1B       [1]    IOCCN
0x0F1C       [1]    IOCCP
0x0F1D       [1]    INLVLC
0x0F20       [1]    WPUC
0x0F21       [1]    ANSELC
0x0F2E       [1]    ANSELE
0x0F35       [1]    CM2CON0
0x0F39       [1]    CM1CON0
0x0F59       [1]    ADCON1
0x0F81       [1]    NVMCON1
0x0F83       [1]    LATA
0x0F85       [1]    LATC
0x0F87       [1]    LATE
0x0F88       [1]    TRISA
0x0F89       [1]    TRISB
0x0F8A       [1]    TRISC
0x0F8C       [1]    TRISE
0x0F8D       [1]    PORTA
0x0F8F       [1]    PORTC
0x0F91       [1]    PORTE
0x0F99       [1]    RCREG1
0x0F9B       [2]    SPBRG
0x0F9C       [1]    SPBRGH
0x0F9D       [1]    RCSTA1
0x0F9E       [1]    TXSTA
0x0F9E       [1]    TXSTA1
0x0F9F       [1]    BAUDCON
0x0FD3       [1]    TMR0L
0x0FD4       [1]    TMR0H
0x0FD5       [1]    T0CON0
0x0FD6       [1]    T0CON1
0x0FD8       [1]    STATUS
0x0FD9       [1]    FSR2L
0x0FDA       [1]    FSR2H
0x0FDE       [1]    POSTINC2
0x0FE0       [1]    BSR
0x0FE1       [1]    FSR1L
0x0FE2       [1]    FSR1H
0x0FE4       [1]    PREINC1
0x0FE6       [1]    POSTINC1
0x0FE7       [1]    INDF1
0x0FE8       [1]    WREG
0x0FE9       [1]    FSR0L
0x0FEA       [1]    FSR0H
0x0FEE       [1]    POSTINC0
0x0FF2       [1]    INTCON
0x0FF3       [1]    PRODL
0x0FF4       [1]    PRODH
0x0FF5       [1]    TABLAT
0x0FF6       [1]    TBLPTRL
0x0FF7       [1]    TBLPTRH
0x0FF8       [1]    TBLPTRU
