;  LST file generated by mikroListExporter - v.2.0 
; Date/Time: 6/4/2024 04:35:03 PM
;----------------------------------------------

;Address Opcode 	ASM
0x0000	0xF001EF0D  	GOTO        538
_interrupt:
;FIRMWARE_MODBUS_ver_0_3_0.c,99 :: 		void interrupt(){
0x0008	0xF016C000  	MOVFF       R0, 22
0x000C	0xF015C001  	MOVFF       R1, 21
;FIRMWARE_MODBUS_ver_0_3_0.c,100 :: 		if(PIR0.TMR0IF){
0x0010	0x010E      	MOVLB       14
0x0012	0xABCA      	BTFSS       PIR0, 5, 1
0x0014	0xD005      	BRA         L_interrupt0
;FIRMWARE_MODBUS_ver_0_3_0.c,101 :: 		PIR0.TMR0IF = 0;
0x0016	0x9BCA      	BCF         PIR0, 5, 1
;FIRMWARE_MODBUS_ver_0_3_0.c,102 :: 		TMR0H = 0xB;
0x0018	0x0E0B      	MOVLW       11
0x001A	0x6ED4      	MOVWF       TMR0H 
;FIRMWARE_MODBUS_ver_0_3_0.c,103 :: 		TMR0L = 0xDC;
0x001C	0x0EDC      	MOVLW       220
0x001E	0x6ED3      	MOVWF       TMR0L 
;FIRMWARE_MODBUS_ver_0_3_0.c,104 :: 		}
L_interrupt0:
;FIRMWARE_MODBUS_ver_0_3_0.c,105 :: 		if(PIR3.RC1IF){
0x0020	0xABCD      	BTFSS       PIR3, 5, 1
0x0022	0xD006      	BRA         L_interrupt1
;FIRMWARE_MODBUS_ver_0_3_0.c,106 :: 		LED = ~LED;
0x0024	0x7883      	BTG         LATA, 4 
;FIRMWARE_MODBUS_ver_0_3_0.c,107 :: 		if(UART1_Data_Ready() == 1){
0x0026	0xD8F7      	RCALL       _UART1_Data_Ready
0x0028	0x5000      	MOVF        R0, 0 
0x002A	0x0A01      	XORLW       1
0x002C	0xE101      	BNZ         L_interrupt2
;FIRMWARE_MODBUS_ver_0_3_0.c,108 :: 		rxfunction();
0x002E	0xD8D0      	RCALL       _rxfunction
;FIRMWARE_MODBUS_ver_0_3_0.c,109 :: 		}
L_interrupt2:
;FIRMWARE_MODBUS_ver_0_3_0.c,110 :: 		}
L_interrupt1:
;FIRMWARE_MODBUS_ver_0_3_0.c,111 :: 		}
L_end_interrupt:
L__interrupt15:
0x0030	0xF000C016  	MOVFF       22, R0
0x0034	0xF001C015  	MOVFF       21, R1
0x0038	0x0011      	RETFIE      1
; end of _interrupt
__Lib_UART_Remappable_12_UART1_Init_Static:
;__Lib_UART_Remappable_12.c,49 :: 		
;__Lib_UART_Remappable_12.c,52 :: 		
0x003A	0x8A9E      	BSF         TXSTA1, 5 
;__Lib_UART_Remappable_12.c,53 :: 		
0x003C	0x0E90      	MOVLW       144
0x003E	0x6E9D      	MOVWF       RCSTA1 
;__Lib_UART_Remappable_12.c,55 :: 		
L___Lib_UART_Remappable_12_UART1_Init_Static0:
0x0040	0x010E      	MOVLB       14
0x0042	0xABCD      	BTFSS       PIR3, 5, 1
0x0044	0xD003      	BRA         L___Lib_UART_Remappable_12_UART1_Init_Static1
;__Lib_UART_Remappable_12.c,56 :: 		
0x0046	0xF000CF99  	MOVFF       RCREG1, R0
0x004A	0xD7FA      	BRA         L___Lib_UART_Remappable_12_UART1_Init_Static0
L___Lib_UART_Remappable_12_UART1_Init_Static1:
;__Lib_UART_Remappable_12.c,57 :: 		
L_end_UART1_Init_Static:
0x004C	0x0012      	RETURN      0
; end of __Lib_UART_Remappable_12_UART1_Init_Static
_UART_Set_Active:
;__Lib_UART_Remappable_12.c,269 :: 		
;__Lib_UART_Remappable_12.c,270 :: 		
0x004E	0xF017C045  	MOVFF       FARG_UART_Set_Active_read_ptr, _UART_Rd_Ptr
0x0052	0xF018C046  	MOVFF       FARG_UART_Set_Active_read_ptr+1, _UART_Rd_Ptr+1
0x0056	0xF019C047  	MOVFF       FARG_UART_Set_Active_read_ptr+2, _UART_Rd_Ptr+2
0x005A	0xF01AC048  	MOVFF       FARG_UART_Set_Active_read_ptr+3, _UART_Rd_Ptr+3
;__Lib_UART_Remappable_12.c,271 :: 		
0x005E	0xF039C049  	MOVFF       FARG_UART_Set_Active_write_ptr, _UART_Wr_Ptr
0x0062	0xF03AC04A  	MOVFF       FARG_UART_Set_Active_write_ptr+1, _UART_Wr_Ptr+1
0x0066	0xF03BC04B  	MOVFF       FARG_UART_Set_Active_write_ptr+2, _UART_Wr_Ptr+2
0x006A	0xF03CC04C  	MOVFF       FARG_UART_Set_Active_write_ptr+3, _UART_Wr_Ptr+3
;__Lib_UART_Remappable_12.c,272 :: 		
0x006E	0xF041C04D  	MOVFF       FARG_UART_Set_Active_ready_ptr, _UART_Rdy_Ptr
0x0072	0xF042C04E  	MOVFF       FARG_UART_Set_Active_ready_ptr+1, _UART_Rdy_Ptr+1
0x0076	0xF043C04F  	MOVFF       FARG_UART_Set_Active_ready_ptr+2, _UART_Rdy_Ptr+2
0x007A	0xF044C050  	MOVFF       FARG_UART_Set_Active_ready_ptr+3, _UART_Rdy_Ptr+3
;__Lib_UART_Remappable_12.c,273 :: 		
0x007E	0xF03DC051  	MOVFF       FARG_UART_Set_Active_tx_idle_ptr, _UART_Tx_Idle_Ptr
0x0082	0xF03EC052  	MOVFF       FARG_UART_Set_Active_tx_idle_ptr+1, _UART_Tx_Idle_Ptr+1
0x0086	0xF03FC053  	MOVFF       FARG_UART_Set_Active_tx_idle_ptr+2, _UART_Tx_Idle_Ptr+2
0x008A	0xF040C054  	MOVFF       FARG_UART_Set_Active_tx_idle_ptr+3, _UART_Tx_Idle_Ptr+3
;__Lib_UART_Remappable_12.c,274 :: 		
L_end_UART_Set_Active:
0x008E	0x0012      	RETURN      0
; end of _UART_Set_Active
__Lib_UART_Remappable_12_UART1_Read_Static:
;__Lib_UART_Remappable_12.c,88 :: 		
;__Lib_UART_Remappable_12.c,91 :: 		
0x0090	0xF001CF99  	MOVFF       RCREG1, R1
;__Lib_UART_Remappable_12.c,92 :: 		
0x0094	0xA29D      	BTFSS       RCSTA1, 1 
0x0096	0xD002      	BRA         L___Lib_UART_Remappable_12_UART1_Read_Static2
;__Lib_UART_Remappable_12.c,93 :: 		
0x0098	0x989D      	BCF         RCSTA1, 4 
;__Lib_UART_Remappable_12.c,94 :: 		
0x009A	0x889D      	BSF         RCSTA1, 4 
;__Lib_UART_Remappable_12.c,95 :: 		
L___Lib_UART_Remappable_12_UART1_Read_Static2:
;__Lib_UART_Remappable_12.c,96 :: 		
0x009C	0xF000C001  	MOVFF       R1, R0
;__Lib_UART_Remappable_12.c,97 :: 		
L_end_UART1_Read_Static:
0x00A0	0x0012      	RETURN      0
; end of __Lib_UART_Remappable_12_UART1_Read_Static
_UART1_Remappable_Init:
;__Lib_UART_Remappable_12.c,67 :: 		
;__Lib_UART_Remappable_12.c,68 :: 		
0x00A2	0x0E00      	MOVLW       _UART1_Remappable_Read
0x00A4	0x6E45      	MOVWF       FARG_UART_Set_Active_read_ptr 
0x00A6	0x0E01      	MOVLW       hi_addr(_UART1_Remappable_Read)
0x00A8	0x6E46      	MOVWF       FARG_UART_Set_Active_read_ptr+1 
0x00AA	0x0E00      	MOVLW       0
0x00AC	0x6E47      	MOVWF       FARG_UART_Set_Active_read_ptr+2 
0x00AE	0x0E00      	MOVLW       0
0x00B0	0x6E48      	MOVWF       FARG_UART_Set_Active_read_ptr+3 
0x00B2	0x0EFF      	MOVLW       _UART1_Remappable_Write
0x00B4	0x6E49      	MOVWF       FARG_UART_Set_Active_write_ptr 
0x00B6	0x0EFF      	MOVLW       hi_addr(_UART1_Remappable_Write)
0x00B8	0x6E4A      	MOVWF       FARG_UART_Set_Active_write_ptr+1 
0x00BA	0x0EFF      	MOVLW       FARG_UART1_Remappable_Write_data_
0x00BC	0x6E4B      	MOVWF       FARG_UART_Set_Active_write_ptr+2 
0x00BE	0x0EFF      	MOVLW       hi_addr(FARG_UART1_Remappable_Write_data_)
0x00C0	0x6E4C      	MOVWF       FARG_UART_Set_Active_write_ptr+3 
0x00C2	0x0EFF      	MOVLW       _UART1_Remappable_Data_Ready
0x00C4	0x6E4D      	MOVWF       FARG_UART_Set_Active_ready_ptr 
0x00C6	0x0EFF      	MOVLW       hi_addr(_UART1_Remappable_Data_Ready)
0x00C8	0x6E4E      	MOVWF       FARG_UART_Set_Active_ready_ptr+1 
0x00CA	0x0E00      	MOVLW       0
0x00CC	0x6E4F      	MOVWF       FARG_UART_Set_Active_ready_ptr+2 
0x00CE	0x0E00      	MOVLW       0
0x00D0	0x6E50      	MOVWF       FARG_UART_Set_Active_ready_ptr+3 
0x00D2	0x0EFF      	MOVLW       _UART1_Remappable_Tx_Idle
0x00D4	0x6E51      	MOVWF       FARG_UART_Set_Active_tx_idle_ptr 
0x00D6	0x0EFF      	MOVLW       hi_addr(_UART1_Remappable_Tx_Idle)
0x00D8	0x6E52      	MOVWF       FARG_UART_Set_Active_tx_idle_ptr+1 
0x00DA	0x0E00      	MOVLW       0
0x00DC	0x6E53      	MOVWF       FARG_UART_Set_Active_tx_idle_ptr+2 
0x00DE	0x0E00      	MOVLW       0
0x00E0	0x6E54      	MOVWF       FARG_UART_Set_Active_tx_idle_ptr+3 
0x00E2	0xDFB5      	RCALL       _UART_Set_Active
;__Lib_UART_Remappable_12.c,69 :: 		
0x00E4	0xDFAA      	RCALL       __Lib_UART_Remappable_12_UART1_Init_Static
;__Lib_UART_Remappable_12.c,70 :: 		
L_end_UART1_Remappable_Init:
0x00E6	0x0012      	RETURN      0
; end of _UART1_Remappable_Init
_ClockConfig:
;system.c,69 :: 		void ClockConfig(){
;system.c,70 :: 		OSCCON1 = 0x70;   // ~7, [#6, #5, #4] = EXTOSC, ![3, 2, 1, 0]
0x00E8	0x0E70      	MOVLW       112
0x00EA	0x010E      	MOVLB       14
0x00EC	0x6FD8      	MOVWF       OSCCON1, 1
;system.c,71 :: 		OSCEN = 0x80;     // #7(EXTOEN), !6, !5, !4, !3, !2, #1, #0
0x00EE	0x0E80      	MOVLW       128
0x00F0	0x6FDC      	MOVWF       OSCEN, 1
;system.c,72 :: 		}
L_end_ClockConfig:
0x00F2	0x0012      	RETURN      0
; end of _ClockConfig
__Lib_UART_Remappable_12_UART1_Data_Ready_Static:
;__Lib_UART_Remappable_12.c,73 :: 		
;__Lib_UART_Remappable_12.c,74 :: 		
0x00F4	0x0E00      	MOVLW       0
0x00F6	0x010E      	MOVLB       14
0x00F8	0xBBCD      	BTFSC       PIR3, 5, 1
0x00FA	0x0E01      	MOVLW       1
0x00FC	0x6E00      	MOVWF       R0 
;__Lib_UART_Remappable_12.c,75 :: 		
L_end_UART1_Data_Ready_Static:
0x00FE	0x0012      	RETURN      0
; end of __Lib_UART_Remappable_12_UART1_Data_Ready_Static
_UART1_Remappable_Read:
;__Lib_UART_Remappable_12.c,105 :: 		
;__Lib_UART_Remappable_12.c,106 :: 		
0x0100	0xDFC7      	RCALL       __Lib_UART_Remappable_12_UART1_Read_Static
;__Lib_UART_Remappable_12.c,107 :: 		
L_end_UART1_Remappable_Read:
0x0102	0x0012      	RETURN      0
; end of _UART1_Remappable_Read
_InterruptConfig:
;system.c,78 :: 		void InterruptConfig(){
;system.c,79 :: 		INTCON = 0xC0; // GIE = 1, PIE = 1
0x0104	0x0EC0      	MOVLW       192
0x0106	0x6EF2      	MOVWF       INTCON 
;system.c,81 :: 		T0CON0 = 0x90;
0x0108	0x0E90      	MOVLW       144
0x010A	0x6ED5      	MOVWF       T0CON0 
;system.c,82 :: 		T0CON1 = 0x43;
0x010C	0x0E43      	MOVLW       67
0x010E	0x6ED6      	MOVWF       T0CON1 
;system.c,83 :: 		TMR0H = 0xB;
0x0110	0x0E0B      	MOVLW       11
0x0112	0x6ED4      	MOVWF       TMR0H 
;system.c,84 :: 		TMR0L = 0xDC;
0x0114	0x0EDC      	MOVLW       220
0x0116	0x6ED3      	MOVWF       TMR0L 
;system.c,86 :: 		T2CLKCON = 0x01;
0x0118	0x0E01      	MOVLW       1
0x011A	0x6EBF      	MOVWF       T2CLKCON 
;system.c,87 :: 		T2HLT = 0x00;
0x011C	0x6ABE      	CLRF        T2HLT 
;system.c,88 :: 		T2RST = 0x00;
0x011E	0x6AC0      	CLRF        T2RST 
;system.c,89 :: 		T2PR = 0x4D;
0x0120	0x0E4D      	MOVLW       77
0x0122	0x6EBC      	MOVWF       T2PR 
;system.c,90 :: 		T2TMR = 0x00;
0x0124	0x6ABB      	CLRF        T2TMR 
;system.c,91 :: 		T2CON = 0xE0;
0x0126	0x0EE0      	MOVLW       224
0x0128	0x6EBD      	MOVWF       T2CON 
;system.c,93 :: 		PIR0 = 0x00;
0x012A	0x010E      	MOVLB       14
0x012C	0x6BCA      	CLRF        PIR0, 1
;system.c,94 :: 		PIE3 = 0x20; // RC1IE = 1 (EUSART 1 RX)
0x012E	0x0E20      	MOVLW       32
0x0130	0x6FC5      	MOVWF       PIE3, 1
;system.c,95 :: 		PIR3 = 0x00;
0x0132	0x6BCD      	CLRF        PIR3, 1
;system.c,96 :: 		PIR4 = 0x00;
0x0134	0x6BCE      	CLRF        PIR4, 1
;system.c,97 :: 		}
L_end_InterruptConfig:
0x0136	0x0012      	RETURN      0
; end of _InterruptConfig
_DeviceConfig:
;system.c,28 :: 		void DeviceConfig(){
;system.c,29 :: 		LATA = 0x10; // #7 (LED), !6, !5, !4, !3, !2, !1, !0
0x0138	0x0E10      	MOVLW       16
0x013A	0x6E83      	MOVWF       LATA 
;system.c,30 :: 		LATB = 0x00; // !7, !6, !5, !4, !3, !2, !1, !0
0x013C	0x6A84      	CLRF        LATB 
;system.c,31 :: 		LATC = 0x00; // !7, !6, !5, !4, !3, !2, !1, !0
0x013E	0x6A85      	CLRF        LATC 
;system.c,32 :: 		LATD = 0x00; // !7, !6, !5, !4, !3, !2, !1, !0
0x0140	0x6A86      	CLRF        LATD 
;system.c,33 :: 		LATE = 0x00; // !7, !6, !5, !4, !3, !2, !1, !0
0x0142	0x6A87      	CLRF        LATE 
;system.c,35 :: 		TRISA = 0xCF; // #7 (OSC1), #6 (OSC2), !5 (RELE 1), !4 (LED), #3 (ANA_INPUT 4), #2 (ANA_INPUT 3), #1 (ANA_INPUT 2), #0 (ANA_INPUT 1)
0x0144	0x0ECF      	MOVLW       207
0x0146	0x6E88      	MOVWF       TRISA 
;system.c,36 :: 		TRISB = 0xC8; // #7 (ICSPD), #6 (ICSPC), !5 (ANA_OUTPUT 4), !4 (TX), #3 (RX), !2 (ANA_OUTPUT 3), !1 (ANA_OUTPUT 2), !0 (ANA_OUTPUT 1)
0x0148	0x0EC8      	MOVLW       200
0x014A	0x6E89      	MOVWF       TRISB 
;system.c,37 :: 		TRISC = 0xFF; // DIG 1 - 16
0x014C	0x0EFF      	MOVLW       255
0x014E	0x6E8A      	MOVWF       TRISC 
;system.c,38 :: 		TRISD = 0xFF; // Input
0x0150	0x0EFF      	MOVLW       255
0x0152	0x6E8B      	MOVWF       TRISD 
;system.c,39 :: 		TRISE = 0x00; // ~[7,6,5,4,3], !2 (RELE 4), !1 (RELE 3), !0 (RELE 2)
0x0154	0x6A8C      	CLRF        TRISE 
;system.c,41 :: 		ANSELA = 0xCF; // #7 (OSC1), #6 (OSC2), !5 (RELE 1), !4 (LED), #3 (ANA_INPUT 4), #2 (ANA_INPUT 3), #1 (ANA_INPUT 2), #0 (ANA_INPUT 1)
0x0156	0x0ECF      	MOVLW       207
0x0158	0x010F      	MOVLB       15
0x015A	0x6F11      	MOVWF       ANSELA, 1
;system.c,42 :: 		ANSELB = 0xC0; // #7 (ICSPD), #6 (ICSPC), !5 (ANA_OUTPUT 4), !4 (TX), !3 (RX), !2 (ANA_OUTPUT 3), !1 (ANA_OUTPUT 2), !0 (ANA_OUTPUT 1)
0x015C	0x0EC0      	MOVLW       192
0x015E	0x6F19      	MOVWF       ANSELB, 1
;system.c,43 :: 		ANSELC = 0x00; // DIG 1 - 16
0x0160	0x6B21      	CLRF        ANSELC, 1
;system.c,44 :: 		ANSELD = 0x00; // Digital
0x0162	0x6B26      	CLRF        ANSELD, 1
;system.c,45 :: 		ANSELE = 0x00; // RELE 4 - 2
0x0164	0x6B2E      	CLRF        ANSELE, 1
;system.c,47 :: 		WPUA = 0x00; //
0x0166	0x6B10      	CLRF        WPUA, 1
;system.c,48 :: 		WPUB = 0x00; //
0x0168	0x6B18      	CLRF        WPUB, 1
;system.c,49 :: 		WPUC = 0x00; // Desactivamos los Weak-PullUps
0x016A	0x6B20      	CLRF        WPUC, 1
;system.c,50 :: 		WPUD = 0x00; //
0x016C	0x6B25      	CLRF        WPUD, 1
;system.c,51 :: 		WPUE = 0x00; //
0x016E	0x6B2D      	CLRF        WPUE, 1
;system.c,53 :: 		SLRCONA = 0xFF; //
0x0170	0x0EFF      	MOVLW       255
0x0172	0x6F0E      	MOVWF       SLRCONA, 1
;system.c,54 :: 		SLRCONB = 0xFF; //
0x0174	0x0EFF      	MOVLW       255
0x0176	0x6F16      	MOVWF       SLRCONB, 1
;system.c,55 :: 		SLRCONC = 0xFF; // Dejamos el limite de SlewRate
0x0178	0x0EFF      	MOVLW       255
0x017A	0x6F1E      	MOVWF       SLRCONC, 1
;system.c,56 :: 		SLRCOND = 0xFF; //
0x017C	0x0EFF      	MOVLW       255
0x017E	0x6F23      	MOVWF       SLRCOND, 1
;system.c,57 :: 		SLRCONE = 0x07; //
0x0180	0x0E07      	MOVLW       7
0x0182	0x6F2B      	MOVWF       SLRCONE, 1
;system.c,59 :: 		INLVLA = 0xFF; //
0x0184	0x0EFF      	MOVLW       255
0x0186	0x6F0D      	MOVWF       INLVLA, 1
;system.c,60 :: 		INLVLB = 0xFF; //
0x0188	0x0EFF      	MOVLW       255
0x018A	0x6F15      	MOVWF       INLVLB, 1
;system.c,61 :: 		INLVLC = 0xFF; // Dejamos los niveles TTL
0x018C	0x0EFF      	MOVLW       255
0x018E	0x6F1D      	MOVWF       INLVLC, 1
;system.c,62 :: 		INLVLD = 0xFF; //
0x0190	0x0EFF      	MOVLW       255
0x0192	0x6F22      	MOVWF       INLVLD, 1
;system.c,63 :: 		INLVLE = 0x07; //
0x0194	0x0E07      	MOVLW       7
0x0196	0x6F2A      	MOVWF       INLVLE, 1
;system.c,65 :: 		RB4PPS = 0x09; // TX1 --> RB4
0x0198	0x0E09      	MOVLW       9
0x019A	0x010E      	MOVLB       14
0x019C	0x6FF3      	MOVWF       RB4PPS, 1
;system.c,66 :: 		RX1PPS = 0x0B; // RX1 --> RB3
0x019E	0x0E0B      	MOVLW       11
0x01A0	0x6FB5      	MOVWF       RX1PPS, 1
;system.c,67 :: 		}
L_end_DeviceConfig:
0x01A2	0x0012      	RETURN      0
; end of _DeviceConfig
_InitEUSART:
;system.c,74 :: 		void InitEUSART(){
;system.c,75 :: 		UART1_Remappable_Init(19200); // EUSART 1 con 19200 baud
0x01A4	0x869F      	BSF         BAUDCON, 3, 0
0x01A6	0x0E03      	MOVLW       3
0x01A8	0x6E9B      	MOVWF       SPBRG 
0x01AA	0x0E01      	MOVLW       1
0x01AC	0x6E9C      	MOVWF       SPBRG+1 
0x01AE	0x849E      	BSF         TXSTA, 2, 0
0x01B0	0xDF78      	RCALL       _UART1_Remappable_Init
;system.c,76 :: 		}
L_end_InitEUSART:
0x01B2	0x0012      	RETURN      0
; end of _InitEUSART
_InitSystem:
;system.c,99 :: 		void InitSystem(){
;system.c,100 :: 		InterruptConfig();
0x01B4	0xDFA7      	RCALL       _InterruptConfig
;system.c,101 :: 		DeviceConfig();
0x01B6	0xDFC0      	RCALL       _DeviceConfig
;system.c,102 :: 		ClockConfig();
0x01B8	0xDF97      	RCALL       _ClockConfig
;system.c,103 :: 		InitEUSART();
0x01BA	0xDFF4      	RCALL       _InitEUSART
;system.c,104 :: 		}
L_end_InitSystem:
0x01BC	0x0012      	RETURN      0
; end of _InitSystem
___CC2DW:
;__Lib_System_xxK40.c,22 :: 		
;__Lib_System_xxK40.c,24 :: 		
0x01BE	0x8E81      	BSF         NVMCON1, 7, 0
;__Lib_System_xxK40.c,25 :: 		
_CC2DL_Loop1:
;__Lib_System_xxK40.c,26 :: 		
0x01C0	0x0009      	TBLRD*+
;__Lib_System_xxK40.c,27 :: 		
0x01C2	0xFFE6CFF5  	MOVFF       TABLAT, POSTINC1
;__Lib_System_xxK40.c,28 :: 		
0x01C6	0x0600      	DECF        R0, 1, 0
;__Lib_System_xxK40.c,29 :: 		
0x01C8	0xE1FB      	BNZ         _CC2DL_Loop1
;__Lib_System_xxK40.c,30 :: 		
0x01CA	0x0601      	DECF        R1, 1, 0
;__Lib_System_xxK40.c,31 :: 		
0x01CC	0xE1F9      	BNZ         _CC2DL_Loop1
;__Lib_System_xxK40.c,33 :: 		
L_end___CC2DW:
0x01CE	0x0012      	RETURN      0
; end of ___CC2DW
_rxfunction:
;FIRMWARE_MODBUS_ver_0_3_0.c,145 :: 		void rxfunction(){
;FIRMWARE_MODBUS_ver_0_3_0.c,146 :: 		in.in_string[in.rxIndex++] = UART1_Remappable_Read();
0x01D0	0x0E1B      	MOVLW       _in
0x01D2	0x6E55      	MOVWF       FLOC__rxfunction 
0x01D4	0x0E00      	MOVLW       hi_addr(_in)
0x01D6	0x6E56      	MOVWF       FLOC__rxfunction+1 
0x01D8	0x5034      	MOVF        _in+25, 0 
0x01DA	0x2655      	ADDWF       FLOC__rxfunction, 1 
0x01DC	0xB0D8      	BTFSC       STATUS, 0 
0x01DE	0x2A56      	INCF        FLOC__rxfunction+1, 1 
0x01E0	0xDF8F      	RCALL       _UART1_Remappable_Read
0x01E2	0xFFE1C055  	MOVFF       FLOC__rxfunction, FSR1L
0x01E6	0xFFE2C056  	MOVFF       FLOC__rxfunction+1, FSR1H
0x01EA	0xFFE6C000  	MOVFF       R0, POSTINC1
0x01EE	0x5034      	MOVF        _in+25, 0 
0x01F0	0x0F01      	ADDLW       1
0x01F2	0x6E00      	MOVWF       R0 
0x01F4	0xF034C000  	MOVFF       R0, _in+25
;FIRMWARE_MODBUS_ver_0_3_0.c,147 :: 		in.TimeOutEnable = 1;
0x01F8	0x0E01      	MOVLW       1
0x01FA	0x6E36      	MOVWF       _in+27 
;FIRMWARE_MODBUS_ver_0_3_0.c,149 :: 		if(in.rxIndex >= 24){
0x01FC	0x0E18      	MOVLW       24
0x01FE	0x5C34      	SUBWF       _in+25, 0 
0x0200	0xE306      	BNC         L_rxfunction9
;FIRMWARE_MODBUS_ver_0_3_0.c,150 :: 		in.rxIndex = 0;
0x0202	0x6A34      	CLRF        _in+25 
;FIRMWARE_MODBUS_ver_0_3_0.c,151 :: 		in.rxFlag = 1;
0x0204	0x0E01      	MOVLW       1
0x0206	0x6E35      	MOVWF       _in+26 
;FIRMWARE_MODBUS_ver_0_3_0.c,152 :: 		in.TimeOutEnable = 0;
0x0208	0x6A36      	CLRF        _in+27 
;FIRMWARE_MODBUS_ver_0_3_0.c,153 :: 		in.TimeOut = 0;
0x020A	0x6A37      	CLRF        _in+28 
0x020C	0x6A38      	CLRF        _in+29 
;FIRMWARE_MODBUS_ver_0_3_0.c,154 :: 		}
L_rxfunction9:
;FIRMWARE_MODBUS_ver_0_3_0.c,155 :: 		}
L_end_rxfunction:
0x020E	0x0012      	RETURN      0
; end of _rxfunction
_EnableTimer0:
;system.c,106 :: 		void EnableTimer0(){
;system.c,107 :: 		PIE0.TMR0IE = 1;
0x0210	0x010E      	MOVLB       14
0x0212	0x8BC2      	BSF         PIE0, 5, 1
;system.c,108 :: 		}
L_end_EnableTimer0:
0x0214	0x0012      	RETURN      0
; end of _EnableTimer0
_UART1_Data_Ready:
;__Lib_UART_Remappable_12.c,78 :: 		
;__Lib_UART_Remappable_12.c,79 :: 		
0x0216	0xDF6E      	RCALL       __Lib_UART_Remappable_12_UART1_Data_Ready_Static
;__Lib_UART_Remappable_12.c,80 :: 		
L_end_UART1_Data_Ready:
0x0218	0x0012      	RETURN      0
; end of _UART1_Data_Ready
_main:
;FIRMWARE_MODBUS_ver_0_3_0.c,117 :: 		void main(){
;FIRMWARE_MODBUS_ver_0_3_0.c,119 :: 		InitSystem();
0x021A	0xDFCC      	RCALL       _InitSystem
;FIRMWARE_MODBUS_ver_0_3_0.c,120 :: 		EnableTimer0();
0x021C	0xDFF9      	RCALL       _EnableTimer0
;FIRMWARE_MODBUS_ver_0_3_0.c,121 :: 		in.rxIndex = 0;
0x021E	0x6A34      	CLRF        _in+25 
;FIRMWARE_MODBUS_ver_0_3_0.c,123 :: 		while(1){
L_main3:
;FIRMWARE_MODBUS_ver_0_3_0.c,124 :: 		if(PIR4.TMR2IF){
0x0220	0xA3CE      	BTFSS       PIR4, 1, 1
0x0222	0xD019      	BRA         L_main5
;FIRMWARE_MODBUS_ver_0_3_0.c,125 :: 		T2TMR = 0;
0x0224	0x6ABB      	CLRF        T2TMR 
;FIRMWARE_MODBUS_ver_0_3_0.c,126 :: 		if(in.TimeOutEnable){
0x0226	0x5236      	MOVF        _in+27, 1 
0x0228	0xE016      	BZ          L_main6
;FIRMWARE_MODBUS_ver_0_3_0.c,127 :: 		in.TimeOut++;
0x022A	0x0E01      	MOVLW       1
0x022C	0x2437      	ADDWF       _in+28, 0 
0x022E	0x6E00      	MOVWF       R0 
0x0230	0x0E00      	MOVLW       0
0x0232	0x2038      	ADDWFC      _in+29, 0 
0x0234	0x6E01      	MOVWF       R1 
0x0236	0xF037C000  	MOVFF       R0, _in+28
0x023A	0xF038C001  	MOVFF       R1, _in+29
;FIRMWARE_MODBUS_ver_0_3_0.c,128 :: 		if(in.TimeOut >= 100){
0x023E	0x0E80      	MOVLW       128
0x0240	0x1838      	XORWF       _in+29, 0 
0x0242	0x6E00      	MOVWF       R0 
0x0244	0x0E80      	MOVLW       128
0x0246	0x5C00      	SUBWF       R0, 0 
0x0248	0xE102      	BNZ         L__main17
0x024A	0x0E64      	MOVLW       100
0x024C	0x5C37      	SUBWF       _in+28, 0 
L__main17:
0x024E	0xE303      	BNC         L_main7
;FIRMWARE_MODBUS_ver_0_3_0.c,129 :: 		in.TimeOut = 0;
0x0250	0x6A37      	CLRF        _in+28 
0x0252	0x6A38      	CLRF        _in+29 
;FIRMWARE_MODBUS_ver_0_3_0.c,130 :: 		in.rxIndex = 0;
0x0254	0x6A34      	CLRF        _in+25 
;FIRMWARE_MODBUS_ver_0_3_0.c,131 :: 		}
L_main7:
;FIRMWARE_MODBUS_ver_0_3_0.c,132 :: 		}
L_main6:
;FIRMWARE_MODBUS_ver_0_3_0.c,133 :: 		}
L_main5:
;FIRMWARE_MODBUS_ver_0_3_0.c,134 :: 		if(in.rxFlag){
0x0256	0x5235      	MOVF        _in+26, 1 
0x0258	0xA4D8      	BTFSS       STATUS, 2 
;FIRMWARE_MODBUS_ver_0_3_0.c,135 :: 		in.rxFlag = 0;
0x025A	0x6A35      	CLRF        _in+26 
;FIRMWARE_MODBUS_ver_0_3_0.c,136 :: 		}
L_main8:
;FIRMWARE_MODBUS_ver_0_3_0.c,137 :: 		}
0x025C	0xD7E1      	BRA         L_main3
;FIRMWARE_MODBUS_ver_0_3_0.c,139 :: 		}
L_end_main:
0x025E	0xD7FF      	BRA         $+0
; end of _main
Symbol List:
//** Routines locations **
//ADDRESS    SIZE    PROCEDURE
//----------------------------------------------
0x0008      [50]    _interrupt
0x003A      [20]    __Lib_UART_Remappable_12_UART1_Init_Static
0x004E      [66]    _UART_Set_Active
0x0090      [18]    __Lib_UART_Remappable_12_UART1_Read_Static
0x00A2      [70]    _UART1_Remappable_Init
0x00E8      [12]    _ClockConfig
0x00F4      [12]    __Lib_UART_Remappable_12_UART1_Data_Ready_Static
0x0100       [4]    _UART1_Remappable_Read
0x0104      [52]    _InterruptConfig
0x0138     [108]    _DeviceConfig
0x01A4      [16]    _InitEUSART
0x01B4      [10]    _InitSystem
0x01BE      [18]    ___CC2DW
0x01D0      [64]    _rxfunction
0x0210       [6]    _EnableTimer0
0x0216       [4]    _UART1_Data_Ready
0x021A      [70]    _main
//** Variables locations ** 
//ADDRESS    SIZE    VARIABLE
//----------------------------------------------
0x0000       [1]    __Lib_SPI_Remappable_12_SPI2_Write_Static_tmp_L0
0x0000       [1]    __Lib_SPI_Remappable_12_SPI1_Write_Static_tmp_L0
0x0000       [1]    __Lib_UART_Remappable_12_UART1_Init_Static_tmp_L0
0x0000       [1]    __Lib_SoftI2C_PutZerosToLATScl_temp_scl_L0
0x0000       [1]    __Lib_UART_Remappable_12_UART2_Init_Static_tmp_L0
0x0000       [1]    __Lib_SoftI2C_PutZerosToLATSda_temp_sda_L0
0x0000       [1]    R0
0x0001       [1]    __Lib_PS2_Wait_Falling_nsample_L0
0x0001       [1]    ispunct_rslt_L0
0x0001       [1]    __Lib_UART_Remappable_12_UART2_Read_Static___tmp_UART_Read_L0
0x0001       [1]    __Lib_Conversions_Adjust_Hex_tmp_L0
0x0001       [1]    R1
0x0001       [1]    __Lib_UART_Remappable_12_UART1_Read_Static___tmp_UART_Read_L0
0x0002       [2]    memcpy_dd_L0
0x0002       [1]    R2
0x0002       [2]    memchr_s_L0
0x0002       [2]    strlen_cp_L0
0x0002       [2]    memset_pp_L0
0x0003       [1]    __Lib_Sprinti_?FLOC____Lib_Sprinti_Do_FillT29
0x0003       [2]    Ltrim_original_L0
0x0003       [2]    __Lib_MmcFat16_f16_toInt_l_L0
0x0003       [2]    memmove_tt_L0
0x0003       [1]    R3
0x0004       [2]    frexp_pom_L0
0x0004       [2]    strcat_cp_L0
0x0004       [2]    strncpy_cp_L0
0x0004       [1]    __Lib_Sprinti_?FLOC____Lib_Sprinti_Do_FillT40
0x0004       [2]    strcpy_cp_L0
0x0004       [2]    strncat_cp_L0
0x0004       [2]    memcpy_ss_L0
0x0004       [1]    R4
0x0005       [2]    LongWordToHex_input_half_L0
0x0005       [1]    EEPROM_Read_saveReg_L0
0x0005       [2]    LongIntToHex_input_half_L0
0x0005       [1]    R5
0x0005       [1]    __Lib_Sprinti_?FLOC____Lib_Sprinti_Do_FillT54
0x0005       [2]    Ltrim_p_L0
0x0005       [2]    memmove_ff_L0
0x0006       [1]    R6
0x0006       [1]    __Lib_Sprinti_?FLOC____Lib_Sprinti_Do_FillT69
0x0007       [1]    R7
0x0008       [1]    R8
0x0009       [4]    __Lib_MmcFat16_f16_toLong_l_L0
0x0009       [1]    R9
0x000A       [1]    R10
0x000B       [1]    R11
0x000C       [1]    R12
0x000D       [1]    R13
0x000E       [1]    R14
0x000F       [1]    R15
0x0010       [1]    R16
0x0011       [1]    R17
0x0012       [1]    R18
0x0013       [1]    R19
0x0014       [1]    R20
0x0017       [4]    _UART_Rd_Ptr
0x001B      [30]    _in
0x0039       [4]    _UART_Wr_Ptr
0x003D       [4]    _UART_Tx_Idle_Ptr
0x0041       [4]    _UART_Rdy_Ptr
0x0045       [4]    FARG_UART_Set_Active_read_ptr
0x0049       [4]    FARG_UART_Set_Active_write_ptr
0x004D       [4]    FARG_UART_Set_Active_ready_ptr
0x0051       [4]    FARG_UART_Set_Active_tx_idle_ptr
0x0055       [2]    FLOC__rxfunction
0x0EB5       [1]    RX1PPS
0x0EC2       [1]    PIE0
0x0EC5       [1]    PIE3
0x0ECA       [1]    PIR0
0x0ECD       [1]    PIR3
0x0ECE       [1]    PIR4
0x0ED8       [1]    OSCCON1
0x0EDC       [1]    OSCEN
0x0EF3       [1]    RB4PPS
0x0F0D       [1]    INLVLA
0x0F0E       [1]    SLRCONA
0x0F10       [1]    WPUA
0x0F11       [1]    ANSELA
0x0F15       [1]    INLVLB
0x0F16       [1]    SLRCONB
0x0F18       [1]    WPUB
0x0F19       [1]    ANSELB
0x0F1D       [1]    INLVLC
0x0F1E       [1]    SLRCONC
0x0F20       [1]    WPUC
0x0F21       [1]    ANSELC
0x0F22       [1]    INLVLD
0x0F23       [1]    SLRCOND
0x0F25       [1]    WPUD
0x0F26       [1]    ANSELD
0x0F2A       [1]    INLVLE
0x0F2B       [1]    SLRCONE
0x0F2D       [1]    WPUE
0x0F2E       [1]    ANSELE
0x0F81       [1]    NVMCON1
0x0F83       [1]    LATA
0x0F84       [1]    LATB
0x0F85       [1]    LATC
0x0F86       [1]    LATD
0x0F87       [1]    LATE
0x0F88       [1]    TRISA
0x0F89       [1]    TRISB
0x0F8A       [1]    TRISC
0x0F8B       [1]    TRISD
0x0F8C       [1]    TRISE
0x0F99       [1]    RCREG1
0x0F9B       [2]    SPBRG
0x0F9C       [1]    SPBRGH
0x0F9D       [1]    RCSTA1
0x0F9E       [1]    TXSTA1
0x0F9E       [1]    TXSTA
0x0F9F       [1]    BAUDCON
0x0FBB       [1]    T2TMR
0x0FBC       [1]    T2PR
0x0FBD       [1]    T2CON
0x0FBE       [1]    T2HLT
0x0FBF       [1]    T2CLKCON
0x0FC0       [1]    T2RST
0x0FD3       [1]    TMR0L
0x0FD4       [1]    TMR0H
0x0FD5       [1]    T0CON0
0x0FD6       [1]    T0CON1
0x0FD8       [1]    STATUS
0x0FD9       [1]    FSR2L
0x0FDA       [1]    FSR2H
0x0FDE       [1]    POSTINC2
0x0FE0       [1]    BSR
0x0FE1       [1]    FSR1L
0x0FE2       [1]    FSR1H
0x0FE4       [1]    PREINC1
0x0FE6       [1]    POSTINC1
0x0FE7       [1]    INDF1
0x0FE8       [1]    WREG
0x0FE9       [1]    FSR0L
0x0FEA       [1]    FSR0H
0x0FEE       [1]    POSTINC0
0x0FF2       [1]    INTCON
0x0FF3       [1]    PRODL
0x0FF4       [1]    PRODH
0x0FF5       [1]    TABLAT
0x0FF6       [1]    TBLPTRL
0x0FF7       [1]    TBLPTRH
0x0FF8       [1]    TBLPTRU
